HG_20403 	Eand	Hman	Hmed	Hrob	Mvul	OG00
HG_55670 	Eand	Hman	Hmed	Hrob	OG00
HG_47951 	Eand	Hman	Hrob	Mvul	OG00
HG_42354 	Eand	Hman	Hmed	Mvul	OG00
HG_47987 	Eand	Hman	Hmed	Mvul	OG00
HG_37752 	Eand	Hmed	Hrob	Mvul	OG00
HG_55616 	Eand	Hman	Hmed	Hrob	Mvul	OG00
HG_14716 	Eand	Hman	Hrob	Mvul	OG00
HG_47969 	Eand	Hman	Hmed	Mvul	OG00
HG_42331 	Eand	Hman	Hmed	Hrob	Mvul	OG00
HG_68471 	Hman	Hmed	Hrob	Mvul	OG00
HG_55565 	Eand	Hman	Hrob	Mvul	OG00
HG_48726 	Hman	Hmed	Hrob	Mvul	OG00
HG_48042 	Eand	Hman	Hmed	Hrob	Mvul	OG00
HG_66844 	Eand	Hman	Hmed	Hrob	OG00
HG_55665 	Eand	Hman	Hmed	Hrob	Mvul	OG00
HG_37783 	Eand	Hman	Hmed	Hrob	Mvul	OG00
HG_55629 	Eand	Hman	Hmed	Mvul	OG00
HG_25191 	Hman	Hmed	Hrob	Mvul	OG00
HG_21327 	Eand	Hman	Hmed	Hrob	Mvul	OG00
HG_33981 	Eand	Hman	Hrob	Mvul	OG00
HG_66857 	Eand	Hman	Hmed	Mvul	OG00
HG_55678 	Eand	Hman	Hmed	Hrob	Mvul	OG00
HG_47990 	Eand	Hmed	Hrob	Mvul	OG00
HG_48019 	Eand	Hman	Hmed	Mvul	OG00
HG_56676 	Hman	Hmed	Hrob	Mvul	OG00
HG_48716 	Hman	Hmed	Hrob	Mvul	OG00
HG_28541 	Eand	Hman	Hrob	Mvul	OG00
HG_31001 	Eand	Hman	Hmed	Hrob	Mvul	OG00
HG_55655 	Eand	Hman	Hmed	Mvul	OG00
HG_22402 	Eand	Hman	Hrob	Mvul	OG00
HG_42352 	Eand	Hman	Hmed	Mvul	OG00
HG_42862 	Hman	Hmed	Hrob	Mvul	OG00
HG_55581 	Eand	Hman	Hmed	Hrob	Mvul	OG00
HG_48742 	Hman	Hmed	Hrob	Mvul	OG00
HG_47980 	Eand	Hmed	Hrob	Mvul	OG00
HG_12252 	Eand	Hman	Hmed	Hrob	Mvul	OG00
HG_66829 	Eand	Hman	Hmed	Hrob	OG00
HG_47962 	Eand	Hman	Hmed	Hrob	OG00
HG_55663 	Eand	Hman	Hmed	Hrob	Mvul	OG00
HG_42329 	Eand	Hmed	Hrob	Mvul	OG00
HG_66806 	Eand	Hman	Hmed	Hrob	OG00
HG_23631 	Eand	Hman	Hmed	Hrob	Mvul	OG00
HG_55609 	Eand	Hman	Hmed	Hrob	OG00
HG_47993 	Eand	Hman	Hmed	Hrob	Mvul	OG00
HG_68464 	Hman	Hmed	Hrob	Mvul	OG00
HG_48035 	Eand	Hman	Hmed	Hrob	Mvul	OG00
HG_56725 	Hman	Hmed	Hrob	Mvul	OG00
HG_55604 	Eand	Hman	Hmed	Hrob	Mvul	OG00
HG_47957 	Eand	Hman	Hrob	Mvul	OG00
HG_48017 	Eand	Hman	Hmed	Hrob	Mvul	OG00
HG_31004 	Eand	Hman	Hmed	Hrob	Mvul	OG00
HG_55658 	Eand	Hman	Hmed	Hrob	Mvul	OG00
HG_37776 	Eand	Hman	Hmed	Hrob	Mvul	OG00
HG_66714 	Eand	Hman	Hrob	Mvul	OG00
HG_48012 	Eand	Hman	Hmed	Hrob	Mvul	OG00
HG_42355 	Eand	Hman	Hmed	Hrob	Mvul	OG00
HG_66768 	Eand	Hman	Hmed	Mvul	OG00
HG_68423 	Hman	Hmed	Hrob	Mvul	OG00
HG_47988 	Eand	Hman	Hmed	Mvul	OG00
HG_42319 	Eand	Hman	Hmed	Hrob	Mvul	OG00
HG_42350 	Eand	Hman	Hmed	Hrob	Mvul	OG00
HG_25043 	Eand	Hman	Hmed	Hrob	Mvul	OG00
HG_37789 	Eand	Hman	Hmed	Hrob	Mvul	OG00
HG_42314 	Eand	Hman	Hmed	Hrob	Mvul	OG00
HG_47947 	Eand	Hman	Hmed	Hrob	Mvul	OG00
HG_55561 	Eand	Hman	Hrob	Mvul	OG00
HG_66827 	Eand	Hman	Hmed	Mvul	OG00
HG_47960 	Eand	Hman	Hmed	Hrob	Mvul	OG00
HG_48020 	Eand	Hman	Hrob	Mvul	OG00
HG_56710 	Hman	Hmed	Hrob	Mvul	OG00
HG_12573 	Eand	Hman	Hmed	Hrob	Mvul	OG00
HG_47978 	Eand	Hman	Hmed	Hrob	Mvul	OG00
HG_68480 	Hman	Hmed	Hrob	Mvul	OG00
HG_56695 	Hman	Hmed	Hrob	Mvul	OG00
HG_55607 	Eand	Hman	Hmed	Hrob	Mvul	OG00
HG_55574 	Eand	Hman	Hmed	Hrob	Mvul	OG00
HG_55620 	Eand	Hman	Hmed	Hrob	Mvul	OG00
HG_37779 	Eand	Hman	Hrob	Mvul	OG00
HG_55602 	Eand	Hman	Hmed	Hrob	Mvul	OG00
HG_48015 	Eand	Hman	Hrob	Mvul	OG00
HG_42358 	Eand	Hman	Hmed	Hrob	Mvul	OG00
HG_37792 	Eand	Hman	Hmed	Hrob	Mvul	OG00
HG_31002 	Eand	Hman	Hmed	Hrob	Mvul	OG00
HG_22403 	Eand	Hman	Hmed	Hrob	Mvul	OG00
HG_42353 	Eand	Hman	Hmed	Hrob	Mvul	OG00
HG_18753 	Eand	Hmed	Hrob	Mvul	OG00
HG_55587 	Eand	Hman	Hrob	Mvul	OG00
HG_55651 	Eand	Hman	Hmed	Hrob	Mvul	OG00
HG_47986 	Eand	Hman	Hmed	Hrob	Mvul	OG00
HG_33990 	Eand	Hmed	Hrob	Mvul	OG00
HG_55687 	Eand	Hman	Hmed	Hrob	Mvul	OG00
HG_47968 	Eand	Hman	Hmed	Hrob	Mvul	OG00
HG_68503 	Hman	Hmed	Hrob	Mvul	OG00
HG_37787 	Eand	Hman	Hmed	Hrob	Mvul	OG00
HG_55610 	Eand	Hman	Hmed	Hrob	Mvul	OG00
HG_23637 	Eand	Hman	Hmed	Hrob	Mvul	OG00
HG_56713 	Hman	Hmed	Hrob	Mvul	OG00
HG_16988 	Eand	Hman	Hmed	Hrob	Mvul	OG00
HG_55595 	Eand	Hman	Hrob	Mvul	OG00
HG_33985 	Eand	Hman	Hrob	Mvul	OG00
HG_55641 	Eand	Hman	Hmed	Hrob	OG00
HG_47994 	Eand	Hman	Hmed	Hrob	Mvul	OG00
HG_42325 	Eand	Hman	Hmed	Hrob	Mvul	OG00
HG_55559 	Eand	Hman	Hmed	Hrob	Mvul	OG00
HG_55677 	Eand	Hman	Hmed	Hrob	Mvul	OG00
HG_55605 	Eand	Hman	Hmed	Hrob	Mvul	OG00
HG_55572 	Eand	Hman	Hmed	Hrob	Mvul	OG00
HG_48018 	Eand	Hman	Hmed	Hrob	Mvul	OG00
HG_55554 	Eand	Hman	Hmed	Hrob	Mvul	OG00
HG_66851 	Eand	Hman	Hmed	Hrob	OG00
HG_55672 	Eand	Hman	Hmed	Hrob	Mvul	OG00
HG_55600 	Eand	Hman	Hrob	Mvul	OG00
HG_13482 	Eand	Hman	Hmed	Hrob	Mvul	OG00
HG_48013 	Eand	Hman	Hmed	Hrob	Mvul	OG00
HG_55654 	Eand	Hmed	Hrob	Mvul	OG00
HG_14449 	Eand	Hman	Hmed	Hrob	OG00
HG_20400 	Eand	Hman	Hmed	Hrob	Mvul	OG00
HG_42338 	Eand	Hman	Hmed	Hrob	Mvul	OG00
HG_30994 	Eand	Hman	Hmed	Mvul	OG00
HG_66782 	Eand	Hman	Hmed	Hrob	OG00
HG_66764 	Eand	Hman	Hrob	Mvul	OG00
HG_42333 	Eand	Hman	Hmed	Hrob	Mvul	OG00
HG_47984 	Eand	Hman	Hmed	Hrob	Mvul	OG00
HG_68437 	Hman	Hmed	Hrob	Mvul	OG00
HG_56716 	Hman	Hmed	Hrob	Mvul	OG00
HG_55667 	Eand	Hman	Hmed	Hrob	Mvul	OG00
HG_47948 	Eand	Hman	Hmed	Mvul	OG00
HG_55562 	Eand	Hman	Hmed	Hrob	Mvul	OG00
HG_37785 	Eand	Hman	Hmed	Hrob	Mvul	OG00
HG_66828 	Eand	Hman	Hrob	Mvul	OG00
HG_37780 	Eand	Hman	Hrob	Mvul	OG00
HG_42328 	Eand	Hman	Hmed	Hrob	Mvul	OG00
HG_37762 	Eand	Hman	Hmed	Hrob	Mvul	OG00
HG_13500 	Hman	Hmed	Hrob	Mvul	OG00
HG_55608 	Eand	Hman	Hmed	Hrob	OG00
HG_55575 	Eand	Hman	Hmed	Hrob	Mvul	OG00
HG_47992 	Eand	Hman	Hmed	Hrob	Mvul	OG00
HG_55621 	Eand	Hman	Hmed	Mvul	OG00
HG_48034 	Eand	Hman	Hmed	Hrob	Mvul	OG00
HG_42305 	Eand	Hman	Hmed	Hrob	Mvul	OG00
HG_66854 	Eand	Hman	Hmed	Mvul	OG00
HG_34007 	Eand	Hman	Hmed	Hrob	Mvul	OG00
HG_56691 	Hman	Hmed	Hrob	Mvul	OG00
HG_55603 	Eand	Hman	Hmed	Mvul	OG00
HG_48016 	Eand	Hman	Hmed	Hrob	Mvul	OG00
HG_42359 	Eand	Hman	Hmed	Hrob	Mvul	OG00
HG_66731 	Eand	Hman	Hrob	Mvul	OG00
HG_31003 	Eand	Hman	Hmed	Hrob	Mvul	OG00
HG_19534 	Eand	Hman	Hmed	Hrob	Mvul	OG00
HG_56706 	Hman	Hmed	Hrob	Mvul	OG00
