HG_20403	OG0020402: Eand_GWHPACBE012650 Eand_GWHPACBE012654 Hman_evm.model.Chr1.1392 Hman_evm.model.Chr10.61 Hman_evm.model.Chr10.62 Hman_evm.model.Chr10.780 Hman_evm.model.Chr10.79 Hman_evm.model.Chr10.794 Hman_evm.model.Chr10.824 Hman_evm.model.Chr10.825 Hman_evm.model.Chr10.827 Hman_evm.model.Chr10.843 Hman_evm.model.Chr10.845 Hman_evm.model.Chr12.771 Hmed_g12554.t1 Hrob_tr|T1EU67|T1EU67_HELRO Mvul_MV024003070
HG_55670	OG0055669: Eand_GWHPACBE024240 Hman_evm.model.Chr8.496 Hmed_g1808.t1 Hrob_tr|T1FB90|T1FB90_HELRO Hrob_tr|T1FUI5|T1FUI5_HELRO
HG_47951	OG0047950: Eand_GWHPACBE001053 Hman_evm.model.Chr11.745 Hrob_tr|T1FUJ3|T1FUJ3_HELRO Mvul_MV010000330 Mvul_MV010000340 Mvul_MV017000570
HG_42354	OG0042353: Eand_GWHPACBE021244 Eand_GWHPACBE029825 Hman_evm.model.Chr12.492 Hmed_g9946.t1 Mvul_MV022005670 Mvul_MV022005690 Mvul_MV027003150
HG_47987	OG0047986: Eand_GWHPACBE009688 Eand_GWHPACBE009690 Eand_GWHPACBE030363 Hman_evm.model.Chr7.262 Hmed_g4396.t1 Mvul_MV011001350
HG_37752	OG0037751: Eand_GWHPACBE002905 Eand_GWHPACBE005501 Eand_GWHPACBE018609 Hmed_g12389.t1 Hmed_g13226.t1 Hrob_tr|T1EI96|T1EI96_HELRO Mvul_MV001032330 Mvul_MV017001440
HG_55616	OG0055615: Eand_GWHPACBE011141 Hman_evm.model.Chr4.1117 Hmed_g1127.t1 Hrob_tr|T1FQD0|T1FQD0_HELRO Mvul_MV028004080
HG_14716	OG0014715: Eand_GWHPACBE005395 Eand_GWHPACBE028232 Eand_GWHPACBE030841 Hman_evm.model.Chr4.1257 Hman_evm.model.Chr4.1258 Hrob_tr|T1ERS3|T1ERS3_HELRO Hrob_tr|T1FYI4|T1FYI4_HELRO Mvul_MV001002330 Mvul_MV001002450 Mvul_MV001002480 Mvul_MV001002490 Mvul_MV001002500 Mvul_MV001002510 Mvul_MV001002520 Mvul_MV001002530 Mvul_MV001002540 Mvul_MV001002550 Mvul_MV001002560 Mvul_MV001002570 Mvul_MV001002580 Mvul_MV005012580 Mvul_MV005012590 Mvul_MV005012600 Mvul_MV010009780 Mvul_MV020001180 Mvul_MV020001190 Mvul_MV024007840 Mvul_MV036008050
HG_47969	OG0047968: Eand_GWHPACBE004830 Eand_GWHPACBE004833 Hman_evm.model.Chr5.258 Hmed_g4095.t1 Mvul_MV004007320 Mvul_MV013003020
HG_42331	OG0042330: Eand_GWHPACBE009798 Eand_GWHPACBE013276 Hman_evm.model.Chr12.520 Hmed_g9750.t1 Hrob_tr|T1ESI0|T1ESI0_HELRO Mvul_MV020008530 Mvul_MV024002700
HG_68471	OG0068470: Hman_evm.model.Chr2.120 Hmed_g10491.t1 Hrob_tr|T1EVZ6|T1EVZ6_HELRO Mvul_MV025010840
HG_55565	OG0055564: Eand_GWHPACBE001268 Hman_evm.model.Chr11.850 Hrob_tr|T1FJE7|T1FJE7_HELRO Mvul_MV008006120 Mvul_MV014002330
HG_48726	OG0048725: Hman_evm.model.Chr4.1191 Hmed_g12004.t1 Hmed_g9658.t1 Hmed_g9658.t2 Hrob_tr|T1ERN0|T1ERN0_HELRO Mvul_MV001005510
HG_48042	OG0048041: Eand_GWHPACBE027766 Hman_evm.model.Chr3.395 Hman_evm.model.Chr3.396 Hmed_g7191.t1 Hrob_tr|T1ES84|T1ES84_HELRO Mvul_MV025006120
HG_66844	OG0066843: Eand_GWHPACBE022930 Hman_evm.model.Chr1.1464 Hmed_g6303.t1 Hrob_tr|T1F281|T1F281_HELRO
HG_55665	OG0055664: Eand_GWHPACBE023376 Hman_evm.model.Chr9.178 Hmed_g12307.t1 Hrob_tr|T1FPX6|T1FPX6_HELRO Mvul_MV029002350
HG_37783	OG0037782: Eand_GWHPACBE022110 Hman_evm.model.Chr13.854 Hmed_g4813.t2 Hrob_tr|T1FG43|T1FG43_HELRO Mvul_MV023002800 Mvul_MV030004460 Mvul_MV030004470 Mvul_MV037004550
HG_55629	OG0055628: Eand_GWHPACBE014140 Hman_evm.model.Chr11.16 Hmed_g3280.t1 Mvul_MV020010020 Mvul_MV024001420
HG_25191	OG0025190: Hman_evm.model.Chr10.615 Hman_evm.model.Chr10.978 Hman_evm.model.Chr10.979 Hman_evm.model.Chr10.981 Hman_evm.model.Chr10.985 Hman_evm.model.Chr10.987 Hmed_g2908.t1 Hrob_tr|T1EU46|T1EU46_HELRO Hrob_tr|T1EU47|T1EU47_HELRO Hrob_tr|T1FQU4|T1FQU4_HELRO Hrob_tr|T1FQY9|T1FQY9_HELRO Mvul_MV031005740 Mvul_MV031005840
HG_21327	OG0021326: Eand_GWHPACBE009429 Eand_GWHPACBE009437 Eand_GWHPACBE027112 Hman_evm.model.Chr5.658 Hmed_g10061.t1 Hrob_tr|T1F1D7|T1F1D7_HELRO Hrob_tr|T1F1E0|T1F1E0_HELRO Hrob_tr|T1FS89|T1FS89_HELRO Mvul_MV002010830 Mvul_MV002010840 Mvul_MV002010860 Mvul_MV003006610 Mvul_MV003006620 Mvul_MV003006630 Mvul_MV151000070 Mvul_MV151000090
HG_33981	OG0033980: Eand_GWHPACBE004107 Eand_GWHPACBE027164 Hman_evm.model.Chr3.1374 Hman_evm.model.Chr3.1375 Hrob_tr|T1ESV2|T1ESV2_HELRO Hrob_tr|T1ESV3|T1ESV3_HELRO Mvul_MV021005200 Mvul_MV032001660 Mvul_MV032002420
HG_66857	OG0066856: Eand_GWHPACBE025356 Hman_evm.model.Chr7.748 Hmed_g4500.t1 Mvul_MV040000100
HG_55678	OG0055677: Eand_GWHPACBE025567 Hman_evm.model.Chr8.675 Hmed_g3453.t1 Hrob_tr|T1EYP1|T1EYP1_HELRO Mvul_MV003008910
HG_47990	OG0047989: Eand_GWHPACBE010448 Hmed_g4972.t1 Hrob_tr|T1F2Q4|T1F2Q4_HELRO Mvul_MV006005160 Mvul_MV011008060 Mvul_MV014001060
HG_48019	OG0048018: Eand_GWHPACBE019397 Hman_evm.model.Chr3.1006 Hmed_g14165.t1 Hmed_g14524.t1 Hmed_g893.t1 Mvul_MV002017440
HG_56676	OG0056675: Hman_evm.model.Chr8.524 Hmed_g1786.t1 Hrob_tr|T1EPI4|T1EPI4_HELRO Mvul_MV010004800 Mvul_MV017004690
HG_48716	OG0048715: Hman_evm.model.Chr8.94 Hman_evm.model.Chr8.95 Hmed_g9581.t1 Hmed_g9581.t2 Hrob_tr|T1FPS9|T1FPS9_HELRO Mvul_MV010003690
HG_28541	OG0028540: Eand_GWHPACBE002499 Eand_GWHPACBE007789 Hman_evm.model.Chr3.238 Hrob_tr|T1EY98|T1EY98_HELRO Mvul_MV001008930 Mvul_MV002003340 Mvul_MV002003350 Mvul_MV023007930 Mvul_MV030002110 Mvul_MV034007660 Mvul_MV034007670
HG_31001	OG0031000: Eand_GWHPACBE017250 Eand_GWHPACBE023804 Hman_evm.model.Chr5.997 Hmed_g2032.t1 Hrob_tr|T1EQG3|T1EQG3_HELRO Hrob_tr|T1FPG3|T1FPG3_HELRO Mvul_MV009003500 Mvul_MV015009090 Mvul_MV038005890 Mvul_MV040002720
HG_55655	OG0055654: Eand_GWHPACBE020206 Hman_evm.model.Chr7.109 Hmed_g3129.t1 Mvul_MV030000070 Mvul_MV037008900
HG_22402	OG0022401: Eand_GWHPACBE006309 Eand_GWHPACBE006310 Eand_GWHPACBE006311 Eand_GWHPACBE006312 Eand_GWHPACBE006313 Hman_evm.model.Chr1.1365 Hman_evm.model.Chr1.1366 Hman_evm.model.Chr3.1237 Hrob_tr|T1F2H3|T1F2H3_HELRO Hrob_tr|T1F2H4|T1F2H4_HELRO Hrob_tr|T1F2H6|T1F2H6_HELRO Mvul_MV011004830 Mvul_MV011004840 Mvul_MV011005720 Mvul_MV011007530
HG_42352	OG0042351: Eand_GWHPACBE017830 Eand_GWHPACBE017831 Hman_evm.model.Chr3.616 Hman_evm.model.Chr3.624 Hmed_g293.t1 Mvul_MV033003600 Mvul_MV035000510
HG_42862	OG0042861: Hman_evm.model.Chr1.119 Hmed_g10534.t1 Hmed_g13436.t1 Hmed_g13490.t1 Hrob_tr|T1F5D1|T1F5D1_HELRO Mvul_MV022001800 Mvul_MV022001810
HG_55581	OG0055580: Eand_GWHPACBE004402 Hman_evm.model.Chr4.1565 Hmed_g11627.t1 Hrob_tr|T1FYE6|T1FYE6_HELRO Mvul_MV009010590
HG_48742	OG0048741: Hman_evm.model.Chr11.30 Hmed_g2946.t1 Hmed_g2946.t2 Hrob_tr|T1F2V7|T1F2V7_HELRO Mvul_MV002018620 Mvul_MV003014620
HG_47980	OG0047979: Eand_GWHPACBE007003 Eand_GWHPACBE030519 Eand_GWHPACBE030741 Hmed_g10963.t1 Hrob_tr|T1FPW4|T1FPW4_HELRO Mvul_MV007006040
HG_12252	OG0012251: Eand_GWHPACBE020570 Eand_GWHPACBE023371 Eand_GWHPACBE023965 Eand_GWHPACBE025573 Eand_GWHPACBE026173 Eand_GWHPACBE026178 Eand_GWHPACBE026648 Eand_GWHPACBE026655 Eand_GWHPACBE026656 Eand_GWHPACBE026662 Eand_GWHPACBE026665 Eand_GWHPACBE026668 Eand_GWHPACBE026671 Eand_GWHPACBE026681 Hman_evm.model.Chr11.618 Hman_evm.model.Chr12.713 Hman_evm.model.Chr3.1467 Hman_evm.model.Chr3.1510 Hman_evm.model.Chr3.1658 Hman_evm.model.Chr7.352 Hmed_g8457.t1 Hrob_tr|T1FJK9|T1FJK9_HELRO Hrob_tr|T1FJL0|T1FJL0_HELRO Hrob_tr|T1FJL1|T1FJL1_HELRO Hrob_tr|T1FJL2|T1FJL2_HELRO Hrob_tr|T1FK51|T1FK51_HELRO Mvul_MV001002740 Mvul_MV001016060 Mvul_MV010009800 Mvul_MV010009810 Mvul_MV010009830 Mvul_MV010009850 Mvul_MV022007850 Mvul_MV029002270 Mvul_MV029002280 Mvul_MV032001930 Mvul_MV051000160 Mvul_MV065000060 Mvul_MV091000050 Mvul_MV162000070
HG_66829	OG0066828: Eand_GWHPACBE020815 Hman_evm.model.Chr1.1460 Hmed_g6301.t1 Hrob_tr|T1F280|T1F280_HELRO
HG_47962	OG0047961: Eand_GWHPACBE002737 Hman_evm.model.Chr4.1644 Hmed_g996.t1 Hrob_tr|T1ES41|T1ES41_HELRO Hrob_tr|T1ES42|T1ES42_HELRO Hrob_tr|T1FL15|T1FL15_HELRO
HG_55663	OG0055662: Eand_GWHPACBE022316 Hman_evm.model.Chr5.431 Hmed_g12476.t1 Hrob_tr|T1FW17|T1FW17_HELRO Mvul_MV023008510
HG_42329	OG0042328: Eand_GWHPACBE009392 Eand_GWHPACBE013197 Hmed_g3135.t1 Hrob_tr|T1FVU4|T1FVU4_HELRO Mvul_MV007010140 Mvul_MV019001820 Mvul_MV024005550
HG_66806	OG0066805: Eand_GWHPACBE015192 Hman_evm.model.Chr4.255 Hmed_g8753.t1 Hrob_tr|T1FTG9|T1FTG9_HELRO
HG_23631	OG0023630: Eand_GWHPACBE006340 Eand_GWHPACBE027446 Hman_evm.model.Chr1.38 Hman_evm.model.Chr1.39 Hmed_g10163.t1 Hrob_tr|T1F3F4|T1F3F4_HELRO Hrob_tr|T1F3F6|T1F3F6_HELRO Mvul_MV002000910 Mvul_MV002000920 Mvul_MV003000630 Mvul_MV003000640 Mvul_MV003000650 Mvul_MV006007940 Mvul_MV006007950
HG_55609	OG0055608: Eand_GWHPACBE009547 Hman_evm.model.Chr7.718 Hmed_g2073.t1 Hmed_g2073.t2 Hrob_tr|T1FIN1|T1FIN1_HELRO
HG_47993	OG0047992: Eand_GWHPACBE012262 Hman_evm.model.Chr4.1559 Hmed_g12794.t1 Hrob_tr|T1ER20|T1ER20_HELRO Hrob_tr|T1FQ25|T1FQ25_HELRO Mvul_MV001006440
HG_68464	OG0068463: Hman_evm.model.Chr5.519 Hmed_g126.t1 Hrob_tr|T1F0V9|T1F0V9_HELRO Mvul_MV019006010
HG_48035	OG0048034: Eand_GWHPACBE023859 Hman_evm.model.Chr5.740 Hmed_g964.t1 Hrob_tr|T1EN57|T1EN57_HELRO Hrob_tr|T1EN58|T1EN58_HELRO Mvul_MV015010290
HG_56725	OG0056724: Hman_evm.model.Chr11.974 Hman_evm.model.Unplaced229.1 Hmed_g8099.t1 Hrob_tr|T1FGT2|T1FGT2_HELRO Mvul_MV029008490
HG_55604	OG0055603: Eand_GWHPACBE008807 Hman_evm.model.Chr3.52 Hmed_g9635.t1 Hrob_tr|T1EYF6|T1EYF6_HELRO Mvul_MV001022990
HG_47957	OG0047956: Eand_GWHPACBE001880 Eand_GWHPACBE020858 Hman_evm.model.Chr11.1100 Hrob_tr|T1F494|T1F494_HELRO Mvul_MV027008980 Mvul_MV040007250
HG_48017	OG0048016: Eand_GWHPACBE017995 Hman_evm.model.Chr12.707 Hmed_g11927.t1 Hrob_tr|T1F8P9|T1F8P9_HELRO Mvul_MV033002800 Mvul_MV035001700
HG_31004	OG0031003: Eand_GWHPACBE024161 Eand_GWHPACBE027222 Hman_evm.model.Chr5.1117 Hman_evm.model.Chr8.546 Hmed_g8677.t1 Hrob_tr|T1ENW6|T1ENW6_HELRO Mvul_MV015007090 Mvul_MV025001540 Mvul_MV026006250 Mvul_MV031003980
HG_55658	OG0055657: Eand_GWHPACBE020322 Hman_evm.model.Chr5.498 Hmed_g143.t1 Hrob_tr|T1F0V4|T1F0V4_HELRO Mvul_MV010002320
HG_37776	OG0037775: Eand_GWHPACBE019141 Hman_evm.model.Chr4.257 Hmed_g11543.t1 Hmed_g11543.t2 Hrob_tr|T1F6Y2|T1F6Y2_HELRO Mvul_MV012002430 Mvul_MV012002440 Mvul_MV016003580
HG_66714	OG0066713: Eand_GWHPACBE000680 Hman_evm.model.Chr8.855 Hrob_tr|T1FW10|T1FW10_HELRO Mvul_MV017004540
HG_48012	OG0048011: Eand_GWHPACBE016482 Hman_evm.model.Chr11.108 Hmed_g7422.t1 Hrob_tr|T1F2M2|T1F2M2_HELRO Hrob_tr|T1F2M3|T1F2M3_HELRO Mvul_MV032009770
HG_42355	OG0042354: Eand_GWHPACBE023702 Eand_GWHPACBE025178 Hman_evm.model.Chr9.426 Hmed_g10254.t1 Hrob_tr|T1EQS1|T1EQS1_HELRO Mvul_MV009006110 Mvul_MV015008230
HG_66768	OG0066767: Eand_GWHPACBE009693 Hman_evm.model.Chr7.254 Hmed_g4062.t1 Mvul_MV011001370
HG_68423	OG0068422: Hman_evm.model.Chr6.765 Hmed_g4149.t1 Hrob_tr|T1EZQ3|T1EZQ3_HELRO Mvul_MV040001560
HG_47988	OG0047987: Eand_GWHPACBE009712 Eand_GWHPACBE016147 Hman_evm.model.Chr8.737 Hmed_g7612.t1 Mvul_MV006010370 Mvul_MV011002440
HG_42319	OG0042318: Eand_GWHPACBE006049 Eand_GWHPACBE018520 Hman_evm.model.Chr7.1074 Hmed_g5145.t1 Hrob_tr|T1FT23|T1FT23_HELRO Mvul_MV007008640 Mvul_MV019003140
HG_42350	OG0042349: Eand_GWHPACBE017290 Hman_evm.model.Chr12.851 Hman_evm.model.Chr12.852 Hmed_g9457.t1 Hrob_tr|T1F8P2|T1F8P2_HELRO Mvul_MV033008680 Mvul_MV033008690
HG_25043	OG0025042: Eand_GWHPACBE009511 Eand_GWHPACBE013352 Eand_GWHPACBE013353 Hman_evm.model.Chr3.1201 Hmed_g2624.t1 Hrob_tr|T1EQG9|T1EQG9_HELRO Hrob_tr|T1FWL7|T1FWL7_HELRO Mvul_MV020008750 Mvul_MV020008760 Mvul_MV020008780 Mvul_MV020008790 Mvul_MV024002430 Mvul_MV040001270
HG_37789	OG0037788: Eand_GWHPACBE027672 Eand_GWHPACBE027673 Hman_evm.model.Chr3.1637 Hman_evm.model.Chr3.1638 Hman_evm.model.Chr3.1639 Hmed_g12215.t1 Hrob_tr|T1FKP1|T1FKP1_HELRO Mvul_MV025007030
HG_42314	OG0042313: Eand_GWHPACBE004004 Eand_GWHPACBE004015 Hman_evm.model.Chr11.93 Hmed_g8755.t1 Hrob_tr|T1FEZ4|T1FEZ4_HELRO Mvul_MV008009180 Mvul_MV015000660
HG_47947	OG0047946: Eand_GWHPACBE000455 Hman_evm.model.Chr2.508 Hmed_g7068.t1 Hrob_tr|T1FRQ8|T1FRQ8_HELRO Mvul_MV010010250 Mvul_MV017011320
HG_55561	OG0055560: Eand_GWHPACBE000921 Hman_evm.model.Chr8.852 Hrob_tr|T1FB71|T1FB71_HELRO Mvul_MV010004170 Mvul_MV017004570
HG_66827	OG0066826: Eand_GWHPACBE020428 Hman_evm.model.Chr3.408 Hmed_g5068.t1 Mvul_MV003016120
HG_47960	OG0047959: Eand_GWHPACBE002348 Hman_evm.model.Chr1.1499 Hmed_g6294.t1 Hrob_tr|T1F278|T1F278_HELRO Mvul_MV030005380 Mvul_MV037002580
HG_48020	OG0048019: Eand_GWHPACBE019465 Eand_GWHPACBE022391 Hman_evm.model.Chr2.591 Hrob_tr|T1EZD8|T1EZD8_HELRO Mvul_MV002017910 Mvul_MV002017920
HG_56710	OG0056709: Hman_evm.model.Chr2.1480 Hmed_g10274.t1 Hmed_g10274.t2 Hrob_tr|T1F355|T1F355_HELRO Mvul_MV002018290
HG_12573	OG0012572: Eand_GWHPACBE012623 Eand_GWHPACBE022669 Eand_GWHPACBE022670 Eand_GWHPACBE022671 Eand_GWHPACBE022672 Eand_GWHPACBE022673 Eand_GWHPACBE022674 Eand_GWHPACBE022675 Eand_GWHPACBE022676 Eand_GWHPACBE022679 Eand_GWHPACBE022730 Eand_GWHPACBE022732 Eand_GWHPACBE023314 Eand_GWHPACBE028641 Eand_GWHPACBE028642 Eand_GWHPACBE028991 Hman_evm.model.Chr2.396 Hman_evm.model.Chr2.397 Hman_evm.model.Chr2.398 Hman_evm.model.Chr2.399 Hman_evm.model.Chr2.455 Hman_evm.model.Chr2.767 Hmed_g11093.t1 Hmed_g11094.t1 Hmed_g11095.t1 Hmed_g7948.t1 Hmed_g7950.t1 Hmed_g7951.t1 Hmed_g7952.t1 Hmed_g8270.t1 Hrob_tr|T1EZ04|T1EZ04_HELRO Hrob_tr|T1EZA1|T1EZA1_HELRO Hrob_tr|T1F3Y5|T1F3Y5_HELRO Mvul_MV006000060 Mvul_MV016011170 Mvul_MV016011180 Mvul_MV020007920 Mvul_MV026001160
HG_47978	OG0047977: Eand_GWHPACBE006702 Hman_evm.model.Chr5.1328 Hmed_g3762.t1 Hrob_tr|T1EP48|T1EP48_HELRO Mvul_MV007005270 Mvul_MV019006490
HG_68480	OG0068479: Hman_evm.model.Chr2.945 Hmed_g11932.t1 Hrob_tr|T1FRP0|T1FRP0_HELRO Mvul_MV007006410
HG_56695	OG0056694: Hman_evm.model.Chr4.1510 Hmed_g12341.t1 Hrob_tr|T1ER37|T1ER37_HELRO Hrob_tr|T1ER38|T1ER38_HELRO Mvul_MV005009430
HG_55607	OG0055606: Eand_GWHPACBE009207 Hman_evm.model.Chr2.1617 Hmed_g6181.t1 Hrob_tr|T1F9H6|T1F9H6_HELRO Mvul_MV001018190
HG_55574	OG0055573: Eand_GWHPACBE003630 Hman_evm.model.Chr2.1611 Hmed_g12080.t1 Hrob_tr|T1F2Z7|T1F2Z7_HELRO Mvul_MV041001910
HG_55620	OG0055619: Eand_GWHPACBE011646 Hman_evm.model.Chr4.1432 Hmed_g7704.t1 Hrob_tr|T1ERP4|T1ERP4_HELRO Mvul_MV028003180
HG_37779	OG0037778: Eand_GWHPACBE020423 Hman_evm.model.Chr11.1114 Hrob_tr|T1F459|T1F459_HELRO Mvul_MV001006050 Mvul_MV002020180 Mvul_MV009013160 Mvul_MV015009850 Mvul_MV032009640
HG_55602	OG0055601: Eand_GWHPACBE008381 Hman_evm.model.Chr2.267 Hmed_g2612.t1 Hrob_tr|T1EZG1|T1EZG1_HELRO Mvul_MV034008130
HG_48015	OG0048014: Eand_GWHPACBE017846 Eand_GWHPACBE025234 Eand_GWHPACBE025926 Hman_evm.model.Chr1.1527 Hrob_tr|T1FSF5|T1FSF5_HELRO Mvul_MV032005200
HG_42358	OG0042357: Eand_GWHPACBE028031 Hman_evm.model.Chr3.545 Hmed_g12946.t1 Hrob_tr|T1EYD5|T1EYD5_HELRO Mvul_MV001021500 Mvul_MV001021510 Mvul_MV025007990
HG_37792	OG0037791: Eand_GWHPACBE031401 Hman_evm.model.Chr5.1365 Hman_evm.model.Chr5.1366 Hman_evm.model.Chr5.1367 Hmed_g4645.t1 Hrob_tr|T1EP67|T1EP67_HELRO Hrob_tr|T1EP68|T1EP68_HELRO Mvul_MV015007200
HG_31002	OG0031001: Eand_GWHPACBE020871 Hman_evm.model.Chr1.292 Hman_evm.model.Chr8.391 Hmed_g4782.t1 Hrob_tr|T1F1M8|T1F1M8_HELRO Hrob_tr|T1FGQ8|T1FGQ8_HELRO Mvul_MV002015430 Mvul_MV003011410 Mvul_MV022001060 Mvul_MV027009100
HG_22403	OG0022402: Eand_GWHPACBE006343 Eand_GWHPACBE007596 Eand_GWHPACBE012562 Eand_GWHPACBE017878 Eand_GWHPACBE018585 Hman_evm.model.Chr6.265 Hman_evm.model.Chr7.93 Hmed_g10967.t1 Hrob_tr|T1F0R8|T1F0R8_HELRO Mvul_MV002000170 Mvul_MV006008030 Mvul_MV018001780 Mvul_MV023001930 Mvul_MV033004960 Mvul_MV035004590
HG_42353	OG0042352: Eand_GWHPACBE018706 Hman_evm.model.Chr4.438 Hman_evm.model.Chr4.439 Hmed_g11783.t1 Hrob_tr|T1FJF5|T1FJF5_HELRO Mvul_MV011010860 Mvul_MV016006080
HG_18753	OG0018752: Eand_GWHPACBE000578 Eand_GWHPACBE007869 Eand_GWHPACBE017696 Eand_GWHPACBE025054 Eand_GWHPACBE025055 Eand_GWHPACBE025056 Eand_GWHPACBE025057 Eand_GWHPACBE025058 Eand_GWHPACBE025060 Eand_GWHPACBE025061 Eand_GWHPACBE025062 Eand_GWHPACBE031603 Eand_GWHPACBE031604 Eand_GWHPACBE031605 Hmed_g2610.t1 Hrob_tr|T1FRM0|T1FRM0_HELRO Mvul_MV010008140 Mvul_MV017007310 Mvul_MV035006900
HG_55587	OG0055586: Eand_GWHPACBE005613 Hman_evm.model.Chr5.1208 Hrob_tr|T1FPK3|T1FPK3_HELRO Mvul_MV004008310 Mvul_MV007001720
HG_55651	OG0055650: Eand_GWHPACBE017788 Hman_evm.model.Chr13.633 Hmed_g4198.t1 Hrob_tr|T1FRJ4|T1FRJ4_HELRO Mvul_MV020006150
HG_47986	OG0047985: Eand_GWHPACBE009385 Hman_evm.model.Chr12.503 Hmed_g9631.t1 Hrob_tr|T1FVD5|T1FVD5_HELRO Mvul_MV019001900 Mvul_MV019001910
HG_33990	OG0033989: Eand_GWHPACBE014322 Eand_GWHPACBE014826 Hmed_g11487.t1 Hrob_tr|T1FAC9|T1FAC9_HELRO Mvul_MV001016640 Mvul_MV004007090 Mvul_MV005000210 Mvul_MV013003240 Mvul_MV024000470
HG_55687	OG0055686: Eand_GWHPACBE028308 Hman_evm.model.Chr3.1491 Hmed_g8922.t1 Hrob_tr|T1FW50|T1FW50_HELRO Mvul_MV025003960
HG_47968	OG0047967: Eand_GWHPACBE004214 Hman_evm.model.Chr8.296 Hmed_g9078.t1 Hrob_tr|T1FGG9|T1FGG9_HELRO Mvul_MV009014130 Mvul_MV015011270
HG_68503	OG0068502: Hman_evm.model.Chr12.863 Hmed_g5440.t1 Hrob_tr|T1FRA6|T1FRA6_HELRO Mvul_MV033000170
HG_37787	OG0037786: Eand_GWHPACBE026230 Eand_GWHPACBE026318 Hman_evm.model.Chr7.303 Hmed_g5191.t1 Hrob_tr|T1F5B9|T1F5B9_HELRO Hrob_tr|T1FT81|T1FT81_HELRO Hrob_tr|T1FV16|T1FV16_HELRO Mvul_MV032000490
HG_55610	OG0055609: Eand_GWHPACBE009810 Hman_evm.model.Chr12.435 Hmed_g9043.t1 Hrob_tr|T1FFQ7|T1FFQ7_HELRO Mvul_MV011003830
HG_23637	OG0023636: Eand_GWHPACBE016874 Hman_evm.model.Chr6.676 Hman_evm.model.Chr6.686 Hman_evm.model.Chr9.939 Hmed_g11803.t1 Hmed_g4860.t1 Hrob_tr|T1EV73|T1EV73_HELRO Hrob_tr|T1EV74|T1EV74_HELRO Hrob_tr|T1EZL8|T1EZL8_HELRO Hrob_tr|T1EZN2|T1EZN2_HELRO Hrob_tr|T1EZN3|T1EZN3_HELRO Hrob_tr|T1F0E5|T1F0E5_HELRO Hrob_tr|T1FV09|T1FV09_HELRO Mvul_MV013011440
HG_56713	OG0056712: Hman_evm.model.Chr9.409 Hman_evm.model.Chr9.412 Hmed_g7119.t1 Hrob_tr|T1FH48|T1FH48_HELRO Mvul_MV029007270
HG_16988	OG0016987: Eand_GWHPACBE005661 Eand_GWHPACBE007112 Eand_GWHPACBE016740 Eand_GWHPACBE019782 Hman_evm.model.Chr1.950 Hman_evm.model.Chr1.951 Hman_evm.model.Chr4.1433 Hman_evm.model.Chr5.1300 Hmed_g11965.t1 Hmed_g12067.t1 Hmed_g1885.t1 Hrob_tr|T1ERP5|T1ERP5_HELRO Hrob_tr|T1FIX5|T1FIX5_HELRO Mvul_MV001013000 Mvul_MV004008480 Mvul_MV004008490 Mvul_MV005002560 Mvul_MV007001810 Mvul_MV010001290 Mvul_MV013005980 Mvul_MV017002270 Mvul_MV019009660
HG_55595	OG0055594: Eand_GWHPACBE007725 Hman_evm.model.Chr3.9 Hrob_tr|T1G0L4|T1G0L4_HELRO Mvul_MV034002010 Mvul_MV034002020
HG_33985	OG0033984: Eand_GWHPACBE009189 Hman_evm.model.Chr5.216 Hrob_tr|T1EQA3|T1EQA3_HELRO Mvul_MV001007070 Mvul_MV002006300 Mvul_MV033004620 Mvul_MV034002490 Mvul_MV035005110 Mvul_MV035007200
HG_55641	OG0055640: Eand_GWHPACBE015722 Eand_GWHPACBE028725 Hman_evm.model.Chr7.299 Hmed_g6837.t1 Hrob_tr|T1FE33|T1FE33_HELRO
HG_47994	OG0047993: Eand_GWHPACBE012424 Eand_GWHPACBE017827 Hman_evm.model.Chr2.635 Hmed_g4803.t1 Hrob_tr|T1FRP3|T1FRP3_HELRO Mvul_MV033003620
HG_42325	OG0042324: Eand_GWHPACBE007504 Hman_evm.model.Chr6.337 Hmed_g11348.t1 Hrob_tr|T1FBL7|T1FBL7_HELRO Mvul_MV023000690 Mvul_MV023000700 Mvul_MV033006690
HG_55559	OG0055558: Eand_GWHPACBE000613 Hman_evm.model.Chr4.832 Hmed_g1736.t1 Hrob_tr|T1F6B2|T1F6B2_HELRO Mvul_MV010007900
HG_55677	OG0055676: Eand_GWHPACBE025416 Hman_evm.model.Chr9.73 Hmed_g10481.t1 Hrob_tr|T1FI85|T1FI85_HELRO Mvul_MV001016710
HG_55605	OG0055604: Eand_GWHPACBE009135 Hman_evm.model.Chr3.458 Hmed_g8591.t1 Hrob_tr|T1FIP4|T1FIP4_HELRO Mvul_MV014010270
HG_55572	OG0055571: Eand_GWHPACBE003275 Hman_evm.model.Chr2.1532 Hmed_g12391.t1 Hrob_tr|T1F398|T1F398_HELRO Mvul_MV041007420
HG_48018	OG0048017: Eand_GWHPACBE018295 Hman_evm.model.Chr7.447 Hmed_g4051.t1 Hrob_tr|T1FWP3|T1FWP3_HELRO Mvul_MV033002270 Mvul_MV035001310
HG_55554	OG0055553: Eand_GWHPACBE000189 Hman_evm.model.Chr10.324 Hmed_g2585.t1 Hrob_tr|T1G5W6|T1G5W6_HELRO Mvul_MV010009560
HG_66851	OG0066850: Eand_GWHPACBE024383 Hman_evm.model.Chr7.25 Hmed_g8517.t1 Hrob_tr|T1FFJ1|T1FFJ1_HELRO
HG_55672	OG0055671: Eand_GWHPACBE024491 Hman_evm.model.Chr4.1143 Hmed_g4169.t1 Hrob_tr|T1FQB1|T1FQB1_HELRO Mvul_MV029008870
HG_55600	OG0055599: Eand_GWHPACBE008110 Hman_evm.model.Chr3.1265 Hrob_tr|T1FQL1|T1FQL1_HELRO Mvul_MV018000310 Mvul_MV023000040
HG_13482	OG0013481: Eand_GWHPACBE022581 Eand_GWHPACBE022582 Eand_GWHPACBE022584 Eand_GWHPACBE022585 Eand_GWHPACBE022586 Eand_GWHPACBE022587 Eand_GWHPACBE022628 Eand_GWHPACBE022630 Eand_GWHPACBE022631 Eand_GWHPACBE022633 Eand_GWHPACBE022634 Eand_GWHPACBE022635 Eand_GWHPACBE022636 Eand_GWHPACBE022637 Eand_GWHPACBE022638 Eand_GWHPACBE022639 Eand_GWHPACBE022640 Eand_GWHPACBE022642 Eand_GWHPACBE022645 Hman_evm.model.Chr3.739 Hmed_g417.t1 Hrob_tr|T1ESE6|T1ESE6_HELRO Mvul_MV002009350 Mvul_MV012007360 Mvul_MV012007400 Mvul_MV012007410 Mvul_MV012007420 Mvul_MV012007430 Mvul_MV012007440 Mvul_MV012007450 Mvul_MV012007460 Mvul_MV012007470 Mvul_MV012008200
HG_48013	OG0048012: Eand_GWHPACBE016948 Hman_evm.model.Chr1.1354 Hmed_g5127.t1 Hrob_tr|T1FSF9|T1FSF9_HELRO Mvul_MV004003070 Mvul_MV013010130
HG_55654	OG0055653: Eand_GWHPACBE020179 Hmed_g826.t1 Hrob_tr|T1ESW8|T1ESW8_HELRO Mvul_MV030001460 Mvul_MV037006060
HG_14449	OG0014448: Eand_GWHPACBE024244 Hman_evm.model.Chr3.1074 Hman_evm.model.Chr3.1075 Hman_evm.model.Chr3.1601 Hman_evm.model.Chr3.1602 Hman_evm.model.Chr3.1603 Hman_evm.model.Chr3.1607 Hman_evm.model.Chr3.1608 Hman_evm.model.Chr3.1609 Hman_evm.model.Chr3.1610 Hman_evm.model.Chr3.1611 Hman_evm.model.Chr8.412 Hmed_g11991.t1 Hmed_g12628.t1 Hmed_g14364.t1 Hmed_g5894.t1 Hrob_tr|T1ESV4|T1ESV4_HELRO Hrob_tr|T1ESV5|T1ESV5_HELRO Hrob_tr|T1ESV6|T1ESV6_HELRO Hrob_tr|T1ESV8|T1ESV8_HELRO Hrob_tr|T1ETA4|T1ETA4_HELRO Hrob_tr|T1EVI9|T1EVI9_HELRO Hrob_tr|T1EVJ0|T1EVJ0_HELRO Hrob_tr|T1EVJ1|T1EVJ1_HELRO Hrob_tr|T1EVJ2|T1EVJ2_HELRO Hrob_tr|T1EVJ6|T1EVJ6_HELRO Hrob_tr|T1FH27|T1FH27_HELRO Hrob_tr|T1FH28|T1FH28_HELRO Hrob_tr|T1FR29|T1FR29_HELRO
HG_20400	OG0020399: Eand_GWHPACBE003789 Eand_GWHPACBE008748 Eand_GWHPACBE008749 Eand_GWHPACBE008750 Eand_GWHPACBE028557 Hman_evm.model.Chr2.1513 Hmed_g12232.t1 Hmed_g12381.t1 Hmed_g14285.t1 Hmed_g14472.t1 Hrob_tr|T1FMU9|T1FMU9_HELRO Hrob_tr|T1FSN1|T1FSN1_HELRO Mvul_MV001022120 Mvul_MV001031400 Mvul_MV006000660 Mvul_MV025008680 Mvul_MV041002170
HG_42338	OG0042337: Eand_GWHPACBE012788 Eand_GWHPACBE028429 Hman_evm.model.Chr2.965 Hmed_g10594.t1 Hrob_tr|T1EZ35|T1EZ35_HELRO Mvul_MV010010720 Mvul_MV017011660
HG_30994	OG0030993: Eand_GWHPACBE002958 Eand_GWHPACBE031546 Hman_evm.model.Chr2.602 Hmed_g10993.t1 Mvul_MV001030040 Mvul_MV010007130 Mvul_MV032003210 Mvul_MV032003280 Mvul_MV032003290 Mvul_MV032003500
HG_66782	OG0066781: Eand_GWHPACBE012272 Hman_evm.model.Chr4.1616 Hmed_g1019.t1 Hrob_tr|T1ES37|T1ES37_HELRO
HG_66764	OG0066763: Eand_GWHPACBE009254 Hman_evm.model.Chr13.570 Hrob_tr|T1F087|T1F087_HELRO Mvul_MV001018040
HG_42333	OG0042332: Eand_GWHPACBE009848 Hman_evm.model.Chr13.801 Hman_evm.model.Chr6.335 Hmed_g11346.t1 Hrob_tr|T1EY42|T1EY42_HELRO Mvul_MV002006930 Mvul_MV014009630
HG_47984	OG0047983: Eand_GWHPACBE008018 Hman_evm.model.Chr3.1141 Hmed_g10383.t1 Hrob_tr|T1FJ98|T1FJ98_HELRO Mvul_MV002007740 Mvul_MV034001470
HG_68437	OG0068436: Hman_evm.model.Chr3.237 Hmed_g4038.t1 Hrob_tr|T1FRL1|T1FRL1_HELRO Mvul_MV034001220
HG_56716	OG0056715: Hman_evm.model.Chr9.1009 Hmed_g7794.t1 Hrob_tr|T1FWM9|T1FWM9_HELRO Mvul_MV009012100 Mvul_MV015009170
HG_55667	OG0055666: Eand_GWHPACBE023839 Hman_evm.model.Chr5.1469 Hmed_g2920.t1 Hrob_tr|T1FPL4|T1FPL4_HELRO Mvul_MV009013220
HG_47948	OG0047947: Eand_GWHPACBE000769 Hman_evm.model.Chr8.110 Hman_evm.model.Chr8.115 Hmed_g9843.t1 Hmed_g9845.t1 Mvul_MV002013570
HG_55562	OG0055561: Eand_GWHPACBE000943 Hman_evm.model.Chr8.793 Hmed_g3180.t1 Hrob_tr|T1FVL7|T1FVL7_HELRO Mvul_MV010003820
HG_37785	OG0037784: Eand_GWHPACBE022971 Eand_GWHPACBE022972 Eand_GWHPACBE025140 Hman_evm.model.Chr9.208 Hmed_g10961.t1 Hrob_tr|T1EQC4|T1EQC4_HELRO Mvul_MV009009110 Mvul_MV019001630
HG_66828	OG0066827: Eand_GWHPACBE020776 Hman_evm.model.Chr13.291 Hrob_tr|T1F818|T1F818_HELRO Mvul_MV027008280
HG_37780	OG0037779: Eand_GWHPACBE020824 Hman_evm.model.Chr10.2 Hman_evm.model.Chr10.262 Hrob_tr|T1ETY2|T1ETY2_HELRO Mvul_MV022000810 Mvul_MV024010950 Mvul_MV027008410 Mvul_MV030008940
HG_42328	OG0042327: Eand_GWHPACBE008603 Hman_evm.model.Chr2.1563 Hmed_g914.t1 Hrob_tr|T1G2J6|T1G2J6_HELRO Mvul_MV001031530 Mvul_MV001031540 Mvul_MV025010930
HG_37762	OG0037761: Eand_GWHPACBE007682 Eand_GWHPACBE007684 Eand_GWHPACBE007685 Eand_GWHPACBE008443 Hman_evm.model.Chr6.506 Hmed_g5994.t1 Hrob_tr|T1FS18|T1FS18_HELRO Mvul_MV018000760
HG_13500	OG0013499: Hman_evm.model.Chr12.256 Hmed_g2960.t1 Hrob_tr|T1FTK9|T1FTK9_HELRO Mvul_MV015003600 Mvul_MV015003620 Mvul_MV015003640 Mvul_MV015003650 Mvul_MV018004020 Mvul_MV018004030 Mvul_MV018004050 Mvul_MV018004070 Mvul_MV019008090 Mvul_MV022007360 Mvul_MV022007390 Mvul_MV022007470 Mvul_MV022007480 Mvul_MV022007490 Mvul_MV022007520 Mvul_MV022007540 Mvul_MV022007560 Mvul_MV024008790 Mvul_MV032003600 Mvul_MV032003610 Mvul_MV032003620 Mvul_MV032003630 Mvul_MV032003650 Mvul_MV032003660 Mvul_MV033006050 Mvul_MV077000100 Mvul_MV088000050 Mvul_MV088000090 Mvul_MV088000100 Mvul_MV088000120
HG_55608	OG0055607: Eand_GWHPACBE009541 Hman_evm.model.Chr7.667 Hmed_g9249.t1 Hmed_g9250.t1 Hrob_tr|T1FWN8|T1FWN8_HELRO
HG_55575	OG0055574: Eand_GWHPACBE004001 Hman_evm.model.Chr8.1167 Hmed_g9590.t1 Hrob_tr|T1FV71|T1FV71_HELRO Mvul_MV009000710
HG_47992	OG0047991: Eand_GWHPACBE011460 Hman_evm.model.Chr4.1169 Hmed_g8444.t1 Hrob_tr|T1FQA4|T1FQA4_HELRO Mvul_MV028004910 Mvul_MV036004050
HG_55621	OG0055620: Eand_GWHPACBE011652 Hman_evm.model.Chr7.541 Hmed_g1972.t1 Mvul_MV013006000 Mvul_MV013006010
HG_48034	OG0048033: Eand_GWHPACBE023846 Hman_evm.model.Chr5.943 Hmed_g6993.t1 Hrob_tr|T1EP25|T1EP25_HELRO Hrob_tr|T1FPK0|T1FPK0_HELRO Mvul_MV015010180
HG_42305	OG0042304: Eand_GWHPACBE001748 Hman_evm.model.Chr1.771 Hman_evm.model.Chr6.573 Hmed_g3944.t1 Hrob_tr|T1F021|T1F021_HELRO Hrob_tr|T1FRY5|T1FRY5_HELRO Mvul_MV038001390
HG_66854	OG0066853: Eand_GWHPACBE024730 Hman_evm.model.Chr9.1073 Hmed_g6985.t1 Mvul_MV029007400
HG_34007	OG0034006: Eand_GWHPACBE030171 Hman_evm.model.Chr3.1379 Hman_evm.model.Chr3.500 Hmed_g6254.t1 Hmed_g8607.t1 Hrob_tr|T1F888|T1F888_HELRO Hrob_tr|T1FVT3|T1FVT3_HELRO Mvul_MV030003830 Mvul_MV037005170
HG_56691	OG0056690: Hman_evm.model.Chr4.779 Hmed_g8165.t1 Hrob_tr|T1FVB3|T1FVB3_HELRO Mvul_MV007004620 Mvul_MV019007590
HG_55603	OG0055602: Eand_GWHPACBE008751 Hman_evm.model.Chr2.16 Hman_evm.model.Chr2.8 Hmed_g13911.t1 Mvul_MV001022150
HG_48016	OG0048015: Eand_GWHPACBE017913 Eand_GWHPACBE024549 Hman_evm.model.Chr9.130 Hmed_g9934.t1 Hrob_tr|T1FPV5|T1FPV5_HELRO Mvul_MV033004640
HG_42359	OG0042358: Eand_GWHPACBE028087 Hman_evm.model.Chr5.536 Hman_evm.model.Chr5.537 Hmed_g2657.t2 Hrob_tr|T1FPH2|T1FPH2_HELRO Mvul_MV002011680 Mvul_MV003007630
HG_66731	OG0066730: Eand_GWHPACBE003190 Hman_evm.model.Chr2.128 Hrob_tr|T1EWH6|T1EWH6_HELRO Mvul_MV041004280
HG_31003	OG0031002: Eand_GWHPACBE021135 Hman_evm.model.Chr1.842 Hmed_g5429.t1 Hrob_tr|T1F1U0|T1F1U0_HELRO Hrob_tr|T1F1U1|T1F1U1_HELRO Hrob_tr|T1F1U2|T1F1U2_HELRO Mvul_MV022003530 Mvul_MV022003540 Mvul_MV022003550 Mvul_MV027005700
HG_19534	OG0019533: Eand_GWHPACBE000673 Eand_GWHPACBE002606 Eand_GWHPACBE005894 Eand_GWHPACBE014502 Eand_GWHPACBE024024 Hman_evm.model.Chr11.325 Hmed_g392.t1 Hrob_tr|T1EW09|T1EW09_HELRO Hrob_tr|T1FAE4|T1FAE4_HELRO Hrob_tr|T1FSZ5|T1FSZ5_HELRO Mvul_MV004006760 Mvul_MV006000140 Mvul_MV006002480 Mvul_MV008009540 Mvul_MV011008310 Mvul_MV014005890 Mvul_MV020011130 Mvul_MV089000090
HG_56706	OG0056705: Hman_evm.model.Chr2.895 Hmed_g10237.t1 Hrob_tr|T1EZ43|T1EZ43_HELRO Mvul_MV001008940 Mvul_MV005006240
