HG_117656	
Hexe_tr|A0A1W0XA41|A0A1W0XA41_HYPDU	
HG_117252	
Hexe_tr|A0A1W0WR11|A0A1W0WR11_HYPDU	
HG_117454	
Hexe_tr|A0A1W0X095|A0A1W0X095_HYPDU	
HG_84836	
Hexe_tr|A0A1W0WE30|A0A1W0WE30_HYPDU	
HG_84972	
Hexe_tr|A0A1W0WWF0|A0A1W0WWF0_HYPDU	Hexe_tr|A0A1W0WWH3|A0A1W0WWH3_HYPDU	
HG_116922	
Hexe_tr|A0A1W0WC62|A0A1W0WC62_HYPDU	
HG_84900	
Hexe_tr|A0A1W0WL50|A0A1W0WL50_HYPDU	
HG_85032	
Hexe_tr|A0A1W0X5E8|A0A1W0X5E8_HYPDU	
HG_67939	
Hexe_tr|A0A1W0WFB4|A0A1W0WFB4_HYPDU	Hexe_tr|A0A1W0WFB6|A0A1W0WFB6_HYPDU	Hexe_tr|A0A1W0WR97|A0A1W0WR97_HYPDU	
HG_117667	
Hexe_tr|A0A1W0XAI3|A0A1W0XAI3_HYPDU	
HG_117061	
Hexe_tr|A0A1W0WHY1|A0A1W0WHY1_HYPDU	
HG_117263	
Hexe_tr|A0A1W0WRK6|A0A1W0WRK6_HYPDU	
HG_117465	
Hexe_tr|A0A1W0X0N0|A0A1W0X0N0_HYPDU	
HG_117149	
Hexe_tr|A0A1W0WLG2|A0A1W0WLG2_HYPDU	
HG_116933	
Hexe_tr|A0A1W0WCV3|A0A1W0WCV3_HYPDU	
HG_116819	
Hexe_tr|A0A1W0WML6|A0A1W0WML6_HYPDU	
HG_68030	
Hexe_tr|A0A1W0X984|A0A1W0X984_HYPDU	Hexe_tr|A0A1W0X9D4|A0A1W0X9D4_HYPDU	Hexe_tr|A0A1W0X9M8|A0A1W0X9M8_HYPDU	
HG_56414	
Hexe_tr|A0A1W0X3J8|A0A1W0X3J8_HYPDU	
HG_56381	
Hexe_tr|A0A1W0WII0|A0A1W0WII0_HYPDU	Hexe_tr|A0A1W0X9D5|A0A1W0X9D5_HYPDU	
HG_117678	
Hexe_tr|A0A1W0XB64|A0A1W0XB64_HYPDU	
HG_117072	
Hexe_tr|A0A1W0WI95|A0A1W0WI95_HYPDU	
HG_117274	
Hexe_tr|A0A1W0WSG8|A0A1W0WSG8_HYPDU	
HG_117476	
Hexe_tr|A0A1W0X117|A0A1W0X117_HYPDU	
HG_84818	
Hexe_tr|A0A1W0WC11|A0A1W0WC11_HYPDU	Hexe_tr|A0A1W0WC18|A0A1W0WC18_HYPDU	
HG_116944	
Hexe_tr|A0A1W0WD09|A0A1W0WD09_HYPDU	
HG_48493	
Hexe_tr|A0A1W0WFS0|A0A1W0WFS0_HYPDU	
HG_84785	
Hexe_tr|A0A1W0W904|A0A1W0W904_HYPDU	
HG_85086	
Hexe_tr|A0A1W0XF40|A0A1W0XF40_HYPDU	Hexe_tr|A0A1W0XF55|A0A1W0XF55_HYPDU	
HG_117487	
Hexe_tr|A0A1W0X1I1|A0A1W0X1I1_HYPDU	
HG_117689	
Hexe_tr|A0A1W0XBY0|A0A1W0XBY0_HYPDU	
HG_67952	
Hexe_tr|A0A1W0WHD3|A0A1W0WHD3_HYPDU	
HG_117083	
Hexe_tr|A0A1W0WIP2|A0A1W0WIP2_HYPDU	
HG_117285	
Hexe_tr|A0A1W0WT54|A0A1W0WT54_HYPDU	
HG_26747	
Hexe_tr|A0A1W0X0F1|A0A1W0X0F1_HYPDU	
HG_116955	
Hexe_tr|A0A1W0WD92|A0A1W0WD92_HYPDU	
HG_68012	
Hexe_tr|A0A1W0X2C6|A0A1W0X2C6_HYPDU	
HG_56363	
Hexe_tr|A0A1W0WBU1|A0A1W0WBU1_HYPDU	Hexe_tr|A0A1W0WBU2|A0A1W0WBU2_HYPDU	Hexe_tr|A0A1W0WBY7|A0A1W0WBY7_HYPDU	
HG_117296	
Hexe_tr|A0A1W0WTE5|A0A1W0WTE5_HYPDU	
HG_117498	
Hexe_tr|A0A1W0X1Q9|A0A1W0X1Q9_HYPDU	
HG_117094	
Hexe_tr|A0A1W0WJ41|A0A1W0WJ41_HYPDU	
HG_48508	
Hexe_tr|A0A1W0X5M3|A0A1W0X5M3_HYPDU	Hexe_tr|A0A1W0X7Z1|A0A1W0X7Z1_HYPDU	Hexe_tr|A0A1W0X9H0|A0A1W0X9H0_HYPDU	
HG_84936	
Hexe_tr|A0A1W0WR42|A0A1W0WR42_HYPDU	
HG_116966	
Hexe_tr|A0A1W0WDP7|A0A1W0WDP7_HYPDU	
HG_48475	
Hexe_tr|A0A1W0WA03|A0A1W0WA03_HYPDU	Hexe_tr|A0A1W0WTL6|A0A1W0WTL6_HYPDU	Hexe_tr|A0A1W0WTM0|A0A1W0WTM0_HYPDU	Hexe_tr|A0A1W0WTR9|A0A1W0WTR9_HYPDU	
HG_84767	
Hexe_tr|A0A1W0X2A7|A0A1W0X2A7_HYPDU	Hexe_tr|A0A1W0X2E0|A0A1W0X2E0_HYPDU	
HG_117720	
Hexe_tr|A0A1W0XD70|A0A1W0XD70_HYPDU	
HG_117606	
Hexe_tr|A0A1W0X7D9|A0A1W0X7D9_HYPDU	
HG_117000	
Hexe_tr|A0A1W0WFG3|A0A1W0WFG3_HYPDU	
HG_84831	
Hexe_tr|A0A1W0WDK4|A0A1W0WDK4_HYPDU	Hexe_tr|A0A1W0WHC4|A0A1W0WHC4_HYPDU	
HG_67934	
Hexe_tr|A0A1W0WCL3|A0A1W0WCL3_HYPDU	Hexe_tr|A0A1W0WCM0|A0A1W0WCM0_HYPDU	Hexe_tr|A0A1W0WCP8|A0A1W0WCP8_HYPDU	
HG_116977	
Hexe_tr|A0A1W0WE44|A0A1W0WE44_HYPDU	
HG_117731	
Hexe_tr|A0A1W0XDJ8|A0A1W0XDJ8_HYPDU	
HG_117011	
Hexe_tr|A0A1W0WFR1|A0A1W0WFR1_HYPDU	
HG_117213	
Hexe_tr|A0A1W0WP86|A0A1W0WP86_HYPDU	
HG_117415	
Hexe_tr|A0A1W0WYK9|A0A1W0WYK9_HYPDU	
HG_31157	
Hexe_tr|A0A1W0X052|A0A1W0X052_HYPDU	Hexe_tr|A0A1W0X054|A0A1W0X054_HYPDU	Hexe_tr|A0A1W0X0A1|A0A1W0X0A1_HYPDU	Hexe_tr|A0A1W0X0K9|A0A1W0X0K9_HYPDU	Hexe_tr|A0A1W0X0L7|A0A1W0X0L7_HYPDU	Hexe_tr|A0A1W0X0M3|A0A1W0X0M3_HYPDU	
HG_116988	
Hexe_tr|A0A1W0WF28|A0A1W0WF28_HYPDU	
HG_84918	
Hexe_tr|A0A1W0WNS8|A0A1W0WNS8_HYPDU	Hexe_tr|A0A1W0WNY6|A0A1W0WNY6_HYPDU	
HG_117742	
Hexe_tr|A0A1W0XEA8|A0A1W0XEA8_HYPDU	
HG_117426	
Hexe_tr|A0A1W0WZ42|A0A1W0WZ42_HYPDU	
HG_117628	
Hexe_tr|A0A1W0X8K0|A0A1W0X8K0_HYPDU	
HG_117540	
Hexe_tr|A0A1W0X415|A0A1W0X415_HYPDU	
HG_84885	
Hexe_tr|A0A1W0WJA8|A0A1W0WJA8_HYPDU	Hexe_tr|A0A1W0WZE8|A0A1W0WZE8_HYPDU	
HG_117022	
Hexe_tr|A0A1W0WG02|A0A1W0WG02_HYPDU	
HG_117224	
Hexe_tr|A0A1W0WPD4|A0A1W0WPD4_HYPDU	
HG_85081	
Hexe_tr|A0A1W0XEL2|A0A1W0XEL2_HYPDU	
HG_67988	
Hexe_tr|A0A1W0WQN2|A0A1W0WQN2_HYPDU	
HG_116999	
Hexe_tr|A0A1W0WFG2|A0A1W0WFG2_HYPDU	
HG_117551	
Hexe_tr|A0A1W0X4X2|A0A1W0X4X2_HYPDU	
HG_117753	
Hexe_tr|A0A1W0XEW2|A0A1W0XEW2_HYPDU	
HG_117437	
Hexe_tr|A0A1W0WZS5|A0A1W0WZS5_HYPDU	
HG_117639	
Hexe_tr|A0A1W0X8X8|A0A1W0X8X8_HYPDU	
HG_117033	
Hexe_tr|A0A1W0WGC9|A0A1W0WGC9_HYPDU	
HG_117235	
Hexe_tr|A0A1W0WPU3|A0A1W0WPU3_HYPDU	
HG_34220	
Hexe_tr|A0A1W0WII7|A0A1W0WII7_HYPDU	Hexe_tr|A0A1W0WIJ1|A0A1W0WIJ1_HYPDU	Hexe_tr|A0A1W0WIJ7|A0A1W0WIJ7_HYPDU	Hexe_tr|A0A1W0WIK1|A0A1W0WIK1_HYPDU	Hexe_tr|A0A1W0WIN8|A0A1W0WIN8_HYPDU	Hexe_tr|A0A1W0WIP8|A0A1W0WIP8_HYPDU	Hexe_tr|A0A1W0WIT5|A0A1W0WIT5_HYPDU	Hexe_tr|A0A1W0WIU9|A0A1W0WIU9_HYPDU	
HG_25147	
Hexe_tr|A0A1W0WFF2|A0A1W0WFF2_HYPDU	Hexe_tr|A0A1W0X0C7|A0A1W0X0C7_HYPDU	
HG_117360	
Hexe_tr|A0A1W0WVK3|A0A1W0WVK3_HYPDU	
HG_117562	
Hexe_tr|A0A1W0X5G1|A0A1W0X5G1_HYPDU	
HG_117764	
Hexe_tr|A0A1W0XFA7|A0A1W0XFA7_HYPDU	
HG_117246	
Hexe_tr|A0A1W0WQN5|A0A1W0WQN5_HYPDU	
HG_117448	
Hexe_tr|A0A1W0X056|A0A1W0X056_HYPDU	
HG_117044	
Hexe_tr|A0A1W0WGZ5|A0A1W0WGZ5_HYPDU	
HG_48503	
Hexe_tr|A0A1W0WT03|A0A1W0WT03_HYPDU	
HG_84931	
Hexe_tr|A0A1W0WQA9|A0A1W0WQA9_HYPDU	Hexe_tr|A0A1W0X5K6|A0A1W0X5K6_HYPDU	
HG_84762	
Hexe_tr|A0A1W0WY30|A0A1W0WY30_HYPDU	
HG_85063	
Hexe_tr|A0A1W0XBC0|A0A1W0XBC0_HYPDU	Hexe_tr|A0A1W0XBN6|A0A1W0XBN6_HYPDU	
HG_117573	
Hexe_tr|A0A1W0X5U0|A0A1W0X5U0_HYPDU	
HG_117257	
Hexe_tr|A0A1W0WR36|A0A1W0WR36_HYPDU	
HG_117459	
Hexe_tr|A0A1W0X0F4|A0A1W0X0F4_HYPDU	
HG_117055	
Hexe_tr|A0A1W0WHJ5|A0A1W0WHJ5_HYPDU	
HG_116927	
Hexe_tr|A0A1W0WC96|A0A1W0WC96_HYPDU	
HG_23707	
Hexe_tr|A0A1W0W8G5|A0A1W0W8G5_HYPDU	Hexe_tr|A0A1W0W8H0|A0A1W0W8H0_HYPDU	Hexe_tr|A0A1W0W9C5|A0A1W0W9C5_HYPDU	Hexe_tr|A0A1W0WHA4|A0A1W0WHA4_HYPDU	Hexe_tr|A0A1W0WHB2|A0A1W0WHB2_HYPDU	Hexe_tr|A0A1W0WW72|A0A1W0WW72_HYPDU	Hexe_tr|A0A1W0WW79|A0A1W0WW79_HYPDU	Hexe_tr|A0A1W0XE12|A0A1W0XE12_HYPDU	Hexe_tr|A0A1W0XE13|A0A1W0XE13_HYPDU	Hexe_tr|A0A1W0XE15|A0A1W0XE15_HYPDU	Hexe_tr|A0A1W0XE69|A0A1W0XE69_HYPDU	Hexe_tr|A0A1W0XEB6|A0A1W0XEB6_HYPDU	
HG_117382	
Hexe_tr|A0A1W0WWY9|A0A1W0WWY9_HYPDU	
HG_117584	
Hexe_tr|A0A1W0X6C8|A0A1W0X6C8_HYPDU	
HG_117066	
Hexe_tr|A0A1W0WI13|A0A1W0WI13_HYPDU	
HG_84849	
Hexe_tr|A0A1W0WFC6|A0A1W0WFC6_HYPDU	
HG_84985	
Hexe_tr|A0A1W0WYF0|A0A1W0WYF0_HYPDU	
HG_116850	
Hexe_tr|A0A1W0W8K9|A0A1W0W8K9_HYPDU	
HG_116938	
Hexe_tr|A0A1W0WCX4|A0A1W0WCX4_HYPDU	
HG_85045	
Hexe_tr|A0A1W0X8D1|A0A1W0X8D1_HYPDU	
HG_38017	
Hexe_tr|A0A1W0WM00|A0A1W0WM00_HYPDU	Hexe_tr|A0A1W0XAY0|A0A1W0XAY0_HYPDU	Hexe_tr|A0A1W0XDY4|A0A1W0XDY4_HYPDU	Hexe_tr|A0A1W0XE43|A0A1W0XE43_HYPDU	
HG_28707	
Hexe_tr|A0A1W0WAD6|A0A1W0WAD6_HYPDU	Hexe_tr|A0A1W0WE06|A0A1W0WE06_HYPDU	Hexe_tr|A0A1W0WHS3|A0A1W0WHS3_HYPDU	Hexe_tr|A0A1W0WPR1|A0A1W0WPR1_HYPDU	Hexe_tr|A0A1W0WV79|A0A1W0WV79_HYPDU	Hexe_tr|A0A1W0WV88|A0A1W0WV88_HYPDU	
HG_117595	
Hexe_tr|A0A1W0X6X9|A0A1W0X6X9_HYPDU	
HG_67983	
Hexe_tr|A0A1W0WNZ5|A0A1W0WNZ5_HYPDU	Hexe_tr|A0A1W0WP28|A0A1W0WP28_HYPDU	Hexe_tr|A0A1W0WRQ2|A0A1W0WRQ2_HYPDU	
HG_117393	
Hexe_tr|A0A1W0WXJ9|A0A1W0WXJ9_HYPDU	
HG_117191	
Hexe_tr|A0A1W0WNA1|A0A1W0WNA1_HYPDU	
HG_117077	
Hexe_tr|A0A1W0WIE1|A0A1W0WIE1_HYPDU	
HG_117279	
Hexe_tr|A0A1W0WSQ6|A0A1W0WSQ6_HYPDU	
HG_67911	
Hexe_tr|A0A1W0XF42|A0A1W0XF42_HYPDU	
HG_116949	
Hexe_tr|A0A1W0WD61|A0A1W0WD61_HYPDU	
HG_117501	
Hexe_tr|A0A1W0X1X3|A0A1W0X1X3_HYPDU	
HG_117703	
Hexe_tr|A0A1W0XCK5|A0A1W0XCK5_HYPDU	
HG_56394	
Hexe_tr|A0A1W0WQ33|A0A1W0WQ33_HYPDU	Hexe_tr|A0A1W0WX02|A0A1W0WX02_HYPDU	
HG_117088	
Hexe_tr|A0A1W0WIZ1|A0A1W0WIZ1_HYPDU	
HG_116872	
Hexe_tr|A0A1W0W9J9|A0A1W0W9J9_HYPDU	
HG_117310	
Hexe_tr|A0A1W0WTR0|A0A1W0WTR0_HYPDU	
HG_117714	
Hexe_tr|A0A1W0XD15|A0A1W0XD15_HYPDU	
HG_67965	
Hexe_tr|A0A1W0WKW0|A0A1W0WKW0_HYPDU	
HG_117099	
Hexe_tr|A0A1W0WJ92|A0A1W0WJ92_HYPDU	
HG_38030	
Hexe_tr|A0A1W0WR34|A0A1W0WR34_HYPDU	Hexe_tr|A0A1W0WR70|A0A1W0WR70_HYPDU	Hexe_tr|A0A1W0X8U5|A0A1W0X8U5_HYPDU	
HG_117725	
Hexe_tr|A0A1W0XDE8|A0A1W0XDE8_HYPDU	
HG_117005	
Hexe_tr|A0A1W0WFJ8|A0A1W0WFJ8_HYPDU	
HG_117207	
Hexe_tr|A0A1W0WNX9|A0A1W0WNX9_HYPDU	
HG_117409	
Hexe_tr|A0A1W0WYG3|A0A1W0WYG3_HYPDU	
HG_68025	
Hexe_tr|A0A1W0X7X5|A0A1W0X7X5_HYPDU	Hexe_tr|A0A1W0XD67|A0A1W0XD67_HYPDU	
HG_56376	
Hexe_tr|A0A1W0WGJ0|A0A1W0WGJ0_HYPDU	
HG_84949	
Hexe_tr|A0A1W0WTP4|A0A1W0WTP4_HYPDU	Hexe_tr|A0A1W0X2S1|A0A1W0X2S1_HYPDU	
HG_116894	
Hexe_tr|A0A1W0WAF5|A0A1W0WAF5_HYPDU	
HG_117736	
Hexe_tr|A0A1W0XE19|A0A1W0XE19_HYPDU	
HG_117130	
Hexe_tr|A0A1W0WKF6|A0A1W0WKF6_HYPDU	
HG_117332	
Hexe_tr|A0A1W0WUN2|A0A1W0WUN2_HYPDU	
HG_117534	
Hexe_tr|A0A1W0X3R1|A0A1W0X3R1_HYPDU	
HG_117016	
Hexe_tr|A0A1W0WFW6|A0A1W0WFW6_HYPDU	
HG_84980	
Hexe_tr|A0A1W0WXW8|A0A1W0WXW8_HYPDU	Hexe_tr|A0A1W0X5F0|A0A1W0X5F0_HYPDU	
HG_85009	
Hexe_tr|A0A1W0X2D3|A0A1W0X2D3_HYPDU	Hexe_tr|A0A1W0X2U8|A0A1W0X2U8_HYPDU	
HG_117545	
Hexe_tr|A0A1W0X4E2|A0A1W0X4E2_HYPDU	
HG_117141	
Hexe_tr|A0A1W0WL22|A0A1W0WL22_HYPDU	
HG_117343	
Hexe_tr|A0A1W0WV06|A0A1W0WV06_HYPDU	
HG_117027	
Hexe_tr|A0A1W0WG31|A0A1W0WG31_HYPDU	
HG_117229	
Hexe_tr|A0A1W0WPK0|A0A1W0WPK0_HYPDU	
HG_116811	
Hexe_tr|A0A1W0WCW6|A0A1W0WCW6_HYPDU	
HG_68007	
Hexe_tr|A0A1W0WZ08|A0A1W0WZ08_HYPDU	
HG_117670	
Hexe_tr|A0A1W0XAM0|A0A1W0XAM0_HYPDU	
HG_117556	
Hexe_tr|A0A1W0X584|A0A1W0X584_HYPDU	
HG_117758	
Hexe_tr|A0A1W0XF04|A0A1W0XF04_HYPDU	
HG_84898	
Hexe_tr|A0A1W0WKS2|A0A1W0WKS2_HYPDU	
HG_117152	
Hexe_tr|A0A1W0WLH9|A0A1W0WLH9_HYPDU	
HG_117354	
Hexe_tr|A0A1W0WVE1|A0A1W0WVE1_HYPDU	
HG_117038	
Hexe_tr|A0A1W0WGP6|A0A1W0WGP6_HYPDU	
HG_84826	
Hexe_tr|A0A1W0WCY8|A0A1W0WCY8_HYPDU	
HG_84962	
Hexe_tr|A0A1W0WV41|A0A1W0WV41_HYPDU	
HG_84793	
Hexe_tr|A0A1W0W9J4|A0A1W0W9J4_HYPDU	
HG_85022	
Hexe_tr|A0A1W0X465|A0A1W0X465_HYPDU	
HG_67929	
Hexe_tr|A0A1W0WAR6|A0A1W0WAR6_HYPDU	Hexe_tr|A0A1W0WJM1|A0A1W0WJM1_HYPDU	Hexe_tr|A0A1W0WKS6|A0A1W0WKS6_HYPDU	
HG_117681	
Hexe_tr|A0A1W0XB97|A0A1W0XB97_HYPDU	
HG_117365	
Hexe_tr|A0A1W0WVR5|A0A1W0WVR5_HYPDU	
HG_117769	
Hexe_tr|A0A1W0XFI5|A0A1W0XFI5_HYPDU	
HG_67960	
Hexe_tr|A0A1W0WJB1|A0A1W0WJB1_HYPDU	Hexe_tr|A0A1W0WJF7|A0A1W0WJF7_HYPDU	
HG_117163	
Hexe_tr|A0A1W0WLX4|A0A1W0WLX4_HYPDU	
HG_117049	
Hexe_tr|A0A1W0WHE2|A0A1W0WHE2_HYPDU	
HG_116833	
Hexe_tr|A0A1W0XC98|A0A1W0XC98_HYPDU	
HG_68020	
Hexe_tr|A0A1W0X628|A0A1W0X628_HYPDU	
HG_21399	
Hexe_tr|A0A1W0XB47|A0A1W0XB47_HYPDU	Hexe_tr|A0A1W0XDK3|A0A1W0XDK3_HYPDU	
HG_56404	
Hexe_tr|A0A1W0WU15|A0A1W0WU15_HYPDU	Hexe_tr|A0A1W0WU17|A0A1W0WU17_HYPDU	Hexe_tr|A0A1W0WU71|A0A1W0WU71_HYPDU	Hexe_tr|A0A1W0XAY7|A0A1W0XAY7_HYPDU	
HG_117490	
Hexe_tr|A0A1W0X1K5|A0A1W0X1K5_HYPDU	
HG_117692	
Hexe_tr|A0A1W0XC25|A0A1W0XC25_HYPDU	
HG_117174	
Hexe_tr|A0A1W0WMM1|A0A1W0WMM1_HYPDU	
HG_117376	
Hexe_tr|A0A1W0WWM3|A0A1W0WWM3_HYPDU	
HG_84944	
Hexe_tr|A0A1W0WST7|A0A1W0WST7_HYPDU	
HG_116844	
Hexe_tr|A0A1W0W8E5|A0A1W0W8E5_HYPDU	
HG_15061	
Hexe_tr|A0A1W0W9V5|A0A1W0W9V5_HYPDU	Hexe_tr|A0A1W0WB39|A0A1W0WB39_HYPDU	Hexe_tr|A0A1W0WCC2|A0A1W0WCC2_HYPDU	Hexe_tr|A0A1W0WCD8|A0A1W0WCD8_HYPDU	Hexe_tr|A0A1W0WCD9|A0A1W0WCD9_HYPDU	Hexe_tr|A0A1W0WCF9|A0A1W0WCF9_HYPDU	Hexe_tr|A0A1W0WCG5|A0A1W0WCG5_HYPDU	Hexe_tr|A0A1W0WCK4|A0A1W0WCK4_HYPDU	Hexe_tr|A0A1W0WGG3|A0A1W0WGG3_HYPDU	Hexe_tr|A0A1W0WGG8|A0A1W0WGG8_HYPDU	Hexe_tr|A0A1W0WGH9|A0A1W0WGH9_HYPDU	Hexe_tr|A0A1W0WHP2|A0A1W0WHP2_HYPDU	Hexe_tr|A0A1W0WS65|A0A1W0WS65_HYPDU	Hexe_tr|A0A1W0WWD6|A0A1W0WWD6_HYPDU	Hexe_tr|A0A1W0WWE2|A0A1W0WWE2_HYPDU	Hexe_tr|A0A1W0WWG3|A0A1W0WWG3_HYPDU	Hexe_tr|A0A1W0WWY6|A0A1W0WWY6_HYPDU	Hexe_tr|A0A1W0WXM2|A0A1W0WXM2_HYPDU	Hexe_tr|A0A1W0WXS0|A0A1W0WXS0_HYPDU	Hexe_tr|A0A1W0WZ06|A0A1W0WZ06_HYPDU	Hexe_tr|A0A1W0X851|A0A1W0X851_HYPDU	Hexe_tr|A0A1W0XBX0|A0A1W0XBX0_HYPDU	Hexe_tr|A0A1W0XBX7|A0A1W0XBX7_HYPDU	Hexe_tr|A0A1W0XC74|A0A1W0XC74_HYPDU	
HG_85004	
Hexe_tr|A0A1W0X1L0|A0A1W0X1L0_HYPDU	
HG_117387	
Hexe_tr|A0A1W0WX98|A0A1W0WX98_HYPDU	
HG_117589	
Hexe_tr|A0A1W0X6K6|A0A1W0X6K6_HYPDU	
HG_67942	
Hexe_tr|A0A1W0WFQ9|A0A1W0WFQ9_HYPDU	Hexe_tr|A0A1W0WHL7|A0A1W0WHL7_HYPDU	
HG_116855	
Hexe_tr|A0A1W0W8W8|A0A1W0W8W8_HYPDU	
HG_68002	
Hexe_tr|A0A1W0WX91|A0A1W0WX91_HYPDU	Hexe_tr|A0A1W0WXD5|A0A1W0WXD5_HYPDU	Hexe_tr|A0A1W0XB27|A0A1W0XB27_HYPDU	
HG_14742	
Hexe_tr|A0A1W0WD14|A0A1W0WD14_HYPDU	Hexe_tr|A0A1W0WIB5|A0A1W0WIB5_HYPDU	Hexe_tr|A0A1W0WJ47|A0A1W0WJ47_HYPDU	Hexe_tr|A0A1W0WK49|A0A1W0WK49_HYPDU	Hexe_tr|A0A1W0WK59|A0A1W0WK59_HYPDU	Hexe_tr|A0A1W0WK61|A0A1W0WK61_HYPDU	Hexe_tr|A0A1W0WK71|A0A1W0WK71_HYPDU	Hexe_tr|A0A1W0WK93|A0A1W0WK93_HYPDU	Hexe_tr|A0A1W0WK97|A0A1W0WK97_HYPDU	Hexe_tr|A0A1W0WLR1|A0A1W0WLR1_HYPDU	Hexe_tr|A0A1W0WQ04|A0A1W0WQ04_HYPDU	Hexe_tr|A0A1W0WQ12|A0A1W0WQ12_HYPDU	Hexe_tr|A0A1W0WQ20|A0A1W0WQ20_HYPDU	Hexe_tr|A0A1W0WQ27|A0A1W0WQ27_HYPDU	Hexe_tr|A0A1W0WW91|A0A1W0WW91_HYPDU	Hexe_tr|A0A1W0X173|A0A1W0X173_HYPDU	Hexe_tr|A0A1W0X1S3|A0A1W0X1S3_HYPDU	Hexe_tr|A0A1W0XE58|A0A1W0XE58_HYPDU	
HG_20460	
Hexe_tr|A0A1W0WJT1|A0A1W0WJT1_HYPDU	Hexe_tr|A0A1W0WK14|A0A1W0WK14_HYPDU	Hexe_tr|A0A1W0WN14|A0A1W0WN14_HYPDU	Hexe_tr|A0A1W0WVS4|A0A1W0WVS4_HYPDU	Hexe_tr|A0A1W0WW83|A0A1W0WW83_HYPDU	Hexe_tr|A0A1W0WW95|A0A1W0WW95_HYPDU	Hexe_tr|A0A1W0WWA2|A0A1W0WWA2_HYPDU	Hexe_tr|A0A1W0WWB8|A0A1W0WWB8_HYPDU	Hexe_tr|A0A1W0X032|A0A1W0X032_HYPDU	Hexe_tr|A0A1W0X370|A0A1W0X370_HYPDU	Hexe_tr|A0A1W0X7K1|A0A1W0X7K1_HYPDU	Hexe_tr|A0A1W0X9C0|A0A1W0X9C0_HYPDU	Hexe_tr|A0A1W0XA38|A0A1W0XA38_HYPDU	Hexe_tr|A0A1W0XF58|A0A1W0XF58_HYPDU	
HG_116866	
Hexe_tr|A0A1W0W971|A0A1W0W971_HYPDU	
HG_117620	
Hexe_tr|A0A1W0X840|A0A1W0X840_HYPDU	
HG_117304	
Hexe_tr|A0A1W0WTL8|A0A1W0WTL8_HYPDU	
HG_117506	
Hexe_tr|A0A1W0X264|A0A1W0X264_HYPDU	
HG_117708	
Hexe_tr|A0A1W0XCQ2|A0A1W0XCQ2_HYPDU	
HG_84821	
Hexe_tr|A0A1W0WCE2|A0A1W0WCE2_HYPDU	
HG_85058	
Hexe_tr|A0A1W0XAD4|A0A1W0XAD4_HYPDU	
HG_67996	
Hexe_tr|A0A1W0WVH0|A0A1W0WVH0_HYPDU	Hexe_tr|A0A1W0WVH7|A0A1W0WVH7_HYPDU	Hexe_tr|A0A1W0WVI9|A0A1W0WVI9_HYPDU	
HG_116991	
Hexe_tr|A0A1W0WF76|A0A1W0WF76_HYPDU	
HG_116877	
Hexe_tr|A0A1W0W9Q1|A0A1W0W9Q1_HYPDU	
HG_117631	
Hexe_tr|A0A1W0X8N3|A0A1W0X8N3_HYPDU	
HG_117719	
Hexe_tr|A0A1W0XD65|A0A1W0XD65_HYPDU	
HG_117315	
Hexe_tr|A0A1W0WTW6|A0A1W0WTW6_HYPDU	
HG_117517	
Hexe_tr|A0A1W0X2Z5|A0A1W0X2Z5_HYPDU	
HG_117113	
Hexe_tr|A0A1W0WJR2|A0A1W0WJR2_HYPDU	
HG_84908	
Hexe_tr|A0A1W0WMD7|A0A1W0WMD7_HYPDU	
HG_116888	
Hexe_tr|A0A1W0WA41|A0A1W0WA41_HYPDU	
HG_117642	
Hexe_tr|A0A1W0X904|A0A1W0X904_HYPDU	
HG_117440	
Hexe_tr|A0A1W0WZZ4|A0A1W0WZZ4_HYPDU	
HG_117326	
Hexe_tr|A0A1W0WUB1|A0A1W0WUB1_HYPDU	
HG_84875	
Hexe_tr|A0A1W0WHM9|A0A1W0WHM9_HYPDU	
HG_117528	
Hexe_tr|A0A1W0X3K2|A0A1W0X3K2_HYPDU	
HG_117124	
Hexe_tr|A0A1W0WK86|A0A1W0WK86_HYPDU	
HG_42718	
Hexe_tr|A0A1W0X113|A0A1W0X113_HYPDU	Hexe_tr|A0A1W0X149|A0A1W0X149_HYPDU	
HG_84770	
Hexe_tr|A0A1W0X9L0|A0A1W0X9L0_HYPDU	Hexe_tr|A0A1W0X9Q8|A0A1W0X9Q8_HYPDU	
HG_85071	
Hexe_tr|A0A1W0XD21|A0A1W0XD21_HYPDU	
HG_67978	
Hexe_tr|A0A1W0WMZ4|A0A1W0WMZ4_HYPDU	Hexe_tr|A0A1W0WN30|A0A1W0WN30_HYPDU	Hexe_tr|A0A1W0XE51|A0A1W0XE51_HYPDU	
HG_116899	
Hexe_tr|A0A1W0WAP7|A0A1W0WAP7_HYPDU	
HG_117653	
Hexe_tr|A0A1W0X9X5|A0A1W0X9X5_HYPDU	
HG_117539	
Hexe_tr|A0A1W0X3Z9|A0A1W0X3Z9_HYPDU	
HG_117135	
Hexe_tr|A0A1W0WKV4|A0A1W0WKV4_HYPDU	
HG_117337	
Hexe_tr|A0A1W0WUT3|A0A1W0WUT3_HYPDU	
HG_117664	
Hexe_tr|A0A1W0XAG3|A0A1W0XAG3_HYPDU	
HG_117462	
Hexe_tr|A0A1W0X0J6|A0A1W0X0J6_HYPDU	
HG_117146	
Hexe_tr|A0A1W0WLA4|A0A1W0WLA4_HYPDU	
HG_84857	
Hexe_tr|A0A1W0WG29|A0A1W0WG29_HYPDU	Hexe_tr|A0A1W0WG36|A0A1W0WG36_HYPDU	
HG_117348	
Hexe_tr|A0A1W0WV73|A0A1W0WV73_HYPDU	
HG_116930	
Hexe_tr|A0A1W0WCH8|A0A1W0WCH8_HYPDU	
HG_84921	
Hexe_tr|A0A1W0WNW8|A0A1W0WNW8_HYPDU	
HG_116816	
Hexe_tr|A0A1W0WFG4|A0A1W0WFG4_HYPDU	
HG_85053	
Hexe_tr|A0A1W0X9A7|A0A1W0X9A7_HYPDU	
HG_38025	
Hexe_tr|A0A1W0WG27|A0A1W0WG27_HYPDU	Hexe_tr|A0A1W0WYZ3|A0A1W0WYZ3_HYPDU	Hexe_tr|A0A1W0WZ97|A0A1W0WZ97_HYPDU	Hexe_tr|A0A1W0XA04|A0A1W0XA04_HYPDU	Hexe_tr|A0A1W0XE70|A0A1W0XE70_HYPDU	
HG_28715	
Hexe_tr|A0A1W0X5W4|A0A1W0X5W4_HYPDU	Hexe_tr|A0A1W0X641|A0A1W0X641_HYPDU	Hexe_tr|A0A1W0X674|A0A1W0X674_HYPDU	Hexe_tr|A0A1W0X6N8|A0A1W0X6N8_HYPDU	Hexe_tr|A0A1W0XDN2|A0A1W0XDN2_HYPDU	Hexe_tr|A0A1W0XDV2|A0A1W0XDV2_HYPDU	Hexe_tr|A0A1W0XF89|A0A1W0XF89_HYPDU	Hexe_tr|A0A1W0XFK7|A0A1W0XFK7_HYPDU	
HG_67991	
Hexe_tr|A0A1W0WS86|A0A1W0WS86_HYPDU	
HG_117473	
Hexe_tr|A0A1W0X0Y2|A0A1W0X0Y2_HYPDU	
HG_117271	
Hexe_tr|A0A1W0WS80|A0A1W0WS80_HYPDU	
HG_117359	
Hexe_tr|A0A1W0WVJ7|A0A1W0WVJ7_HYPDU	
HG_117157	
Hexe_tr|A0A1W0WLN6|A0A1W0WLN6_HYPDU	
HG_116941	
Hexe_tr|A0A1W0WCZ3|A0A1W0WCZ3_HYPDU	
HG_116827	
Hexe_tr|A0A1W0X256|A0A1W0X256_HYPDU	
HG_22479	
Hexe_tr|A0A1W0WNQ4|A0A1W0WNQ4_HYPDU	
HG_117686	
Hexe_tr|A0A1W0XBJ2|A0A1W0XBJ2_HYPDU	
HG_117484	
Hexe_tr|A0A1W0X1D6|A0A1W0X1D6_HYPDU	
HG_117282	
Hexe_tr|A0A1W0WSU2|A0A1W0WSU2_HYPDU	
HG_117168	
Hexe_tr|A0A1W0WM09|A0A1W0WM09_HYPDU	
HG_84975	
Hexe_tr|A0A1W0WWR2|A0A1W0WWR2_HYPDU	Hexe_tr|A0A1W0WWU8|A0A1W0WWU8_HYPDU	
HG_116952	
Hexe_tr|A0A1W0WD71|A0A1W0WD71_HYPDU	
HG_116838	
Hexe_tr|A0A1W0W890|A0A1W0W890_HYPDU	
HG_84870	
Hexe_tr|A0A1W0WHH9|A0A1W0WHH9_HYPDU	
HG_42713	
Hexe_tr|A0A1W0WLW0|A0A1W0WLW0_HYPDU	Hexe_tr|A0A1W0WUM6|A0A1W0WUM6_HYPDU	
HG_85035	
Hexe_tr|A0A1W0X5L6|A0A1W0X5L6_HYPDU	Hexe_tr|A0A1W0X5Q8|A0A1W0X5Q8_HYPDU	
HG_117495	
Hexe_tr|A0A1W0X1P5|A0A1W0X1P5_HYPDU	
HG_117697	
Hexe_tr|A0A1W0XC62|A0A1W0XC62_HYPDU	
HG_117293	
Hexe_tr|A0A1W0WTC9|A0A1W0WTC9_HYPDU	
HG_117179	
Hexe_tr|A0A1W0WMU3|A0A1W0WMU3_HYPDU	
HG_117091	
Hexe_tr|A0A1W0WJ36|A0A1W0WJ36_HYPDU	
HG_67901	
Hexe_tr|A0A1W0WGD9|A0A1W0WGD9_HYPDU	Hexe_tr|A0A1W0WGF4|A0A1W0WGF4_HYPDU	Hexe_tr|A0A1W0WQV4|A0A1W0WQV4_HYPDU	
HG_116963	
Hexe_tr|A0A1W0WDM6|A0A1W0WDM6_HYPDU	
HG_116849	
Hexe_tr|A0A1W0W8K6|A0A1W0W8K6_HYPDU	
HG_117603	
Hexe_tr|A0A1W0X790|A0A1W0X790_HYPDU	
HG_23710	
Hexe_tr|A0A1W0WGY0|A0A1W0WGY0_HYPDU	
HG_56384	
Hexe_tr|A0A1W0WK36|A0A1W0WK36_HYPDU	Hexe_tr|A0A1W0WK56|A0A1W0WK56_HYPDU	Hexe_tr|A0A1W0WT81|A0A1W0WT81_HYPDU	
HG_116974	
Hexe_tr|A0A1W0WE20|A0A1W0WE20_HYPDU	
HG_48496	
Hexe_tr|A0A1W0WIC9|A0A1W0WIC9_HYPDU	
HG_84788	
Hexe_tr|A0A1W0W943|A0A1W0W943_HYPDU	
HG_117614	
Hexe_tr|A0A1W0X7R8|A0A1W0X7R8_HYPDU	
HG_117412	
Hexe_tr|A0A1W0WYK1|A0A1W0WYK1_HYPDU	
HG_117210	
Hexe_tr|A0A1W0WP10|A0A1W0WP10_HYPDU	
HG_85017	
Hexe_tr|A0A1W0X3R3|A0A1W0X3R3_HYPDU	
HG_38020	
Hexe_tr|A0A1W0W9I7|A0A1W0W9I7_HYPDU	Hexe_tr|A0A1W0W9M1|A0A1W0W9M1_HYPDU	Hexe_tr|A0A1W0WMW5|A0A1W0WMW5_HYPDU	
HG_116985	
Hexe_tr|A0A1W0WEP6|A0A1W0WEP6_HYPDU	
HG_28710	
Hexe_tr|A0A1W0WIG9|A0A1W0WIG9_HYPDU	
HG_117423	
Hexe_tr|A0A1W0WYW0|A0A1W0WYW0_HYPDU	
HG_117625	
Hexe_tr|A0A1W0X8B2|A0A1W0X8B2_HYPDU	
HG_117221	
Hexe_tr|A0A1W0WPC1|A0A1W0WPC1_HYPDU	
HG_117309	
Hexe_tr|A0A1W0WTQ1|A0A1W0WTQ1_HYPDU	
HG_68015	
Hexe_tr|A0A1W0X347|A0A1W0X347_HYPDU	Hexe_tr|A0A1W0X361|A0A1W0X361_HYPDU	Hexe_tr|A0A1W0XF18|A0A1W0XF18_HYPDU	
HG_84939	
Hexe_tr|A0A1W0WRD7|A0A1W0WRD7_HYPDU	Hexe_tr|A0A1W0XET8|A0A1W0XET8_HYPDU	
HG_116996	
Hexe_tr|A0A1W0WFD8|A0A1W0WFD8_HYPDU	
HG_12585	
Hexe_tr|A0A1W0WJZ4|A0A1W0WJZ4_HYPDU	Hexe_tr|A0A1W0WJZ8|A0A1W0WJZ8_HYPDU	Hexe_tr|A0A1W0WK32|A0A1W0WK32_HYPDU	Hexe_tr|A0A1W0WK47|A0A1W0WK47_HYPDU	Hexe_tr|A0A1W0WP26|A0A1W0WP26_HYPDU	Hexe_tr|A0A1W0WTM5|A0A1W0WTM5_HYPDU	Hexe_tr|A0A1W0WTV8|A0A1W0WTV8_HYPDU	Hexe_tr|A0A1W0WVP6|A0A1W0WVP6_HYPDU	Hexe_tr|A0A1W0X1A7|A0A1W0X1A7_HYPDU	Hexe_tr|A0A1W0X1B0|A0A1W0X1B0_HYPDU	Hexe_tr|A0A1W0X1E6|A0A1W0X1E6_HYPDU	Hexe_tr|A0A1W0X1G8|A0A1W0X1G8_HYPDU	Hexe_tr|A0A1W0X5G6|A0A1W0X5G6_HYPDU	Hexe_tr|A0A1W0X8I3|A0A1W0X8I3_HYPDU	Hexe_tr|A0A1W0XD54|A0A1W0XD54_HYPDU	Hexe_tr|A0A1W0XD58|A0A1W0XD58_HYPDU	Hexe_tr|A0A1W0XD62|A0A1W0XD62_HYPDU	Hexe_tr|A0A1W0XE37|A0A1W0XE37_HYPDU	
HG_48478	
Hexe_tr|A0A1W0WAN1|A0A1W0WAN1_HYPDU	Hexe_tr|A0A1W0X676|A0A1W0X676_HYPDU	
HG_117750	
Hexe_tr|A0A1W0XEN9|A0A1W0XEN9_HYPDU	
HG_117232	
Hexe_tr|A0A1W0WPN0|A0A1W0WPN0_HYPDU	
HG_117030	
Hexe_tr|A0A1W0WG97|A0A1W0WG97_HYPDU	
HG_117118	
Hexe_tr|A0A1W0WJZ6|A0A1W0WJZ6_HYPDU	
HG_84834	
Hexe_tr|A0A1W0WE13|A0A1W0WE13_HYPDU	
HG_84970	
Hexe_tr|A0A1W0WVZ9|A0A1W0WVZ9_HYPDU	
HG_116902	
Hexe_tr|A0A1W0WAT6|A0A1W0WAT6_HYPDU	
HG_85030	
Hexe_tr|A0A1W0X5A2|A0A1W0X5A2_HYPDU	
HG_67937	
Hexe_tr|A0A1W0WF00|A0A1W0WF00_HYPDU	Hexe_tr|A0A1W0WZP9|A0A1W0WZP9_HYPDU	Hexe_tr|A0A1W0WZQ4|A0A1W0WZQ4_HYPDU	
HG_117243	
Hexe_tr|A0A1W0WQH0|A0A1W0WQH0_HYPDU	
HG_117647	
Hexe_tr|A0A1W0X9A0|A0A1W0X9A0_HYPDU	
HG_117041	
Hexe_tr|A0A1W0WGU5|A0A1W0WGU5_HYPDU	
HG_56412	
Hexe_tr|A0A1W0X0S0|A0A1W0X0S0_HYPDU	Hexe_tr|A0A1W0XEJ8|A0A1W0XEJ8_HYPDU	
HG_117772	
Hexe_tr|A0A1W0XFP8|A0A1W0XFP8_HYPDU	
HG_117658	
Hexe_tr|A0A1W0XAA7|A0A1W0XAA7_HYPDU	
HG_117570	
Hexe_tr|A0A1W0X5P9|A0A1W0X5P9_HYPDU	
HG_84888	
Hexe_tr|A0A1W0WJV3|A0A1W0WJV3_HYPDU	Hexe_tr|A0A1W0X039|A0A1W0X039_HYPDU	
HG_117052	
Hexe_tr|A0A1W0WHH6|A0A1W0WHH6_HYPDU	
HG_117254	
Hexe_tr|A0A1W0WR20|A0A1W0WR20_HYPDU	
HG_117456	
Hexe_tr|A0A1W0X0A9|A0A1W0X0A9_HYPDU	
HG_84952	
Hexe_tr|A0A1W0WTT4|A0A1W0WTT4_HYPDU	
HG_48491	
Hexe_tr|A0A1W0WEH5|A0A1W0WEH5_HYPDU	
HG_84783	
Hexe_tr|A0A1W0W8T1|A0A1W0W8T1_HYPDU	
HG_85084	
Hexe_tr|A0A1W0XEV0|A0A1W0XEV0_HYPDU	Hexe_tr|A0A1W0XEX4|A0A1W0XEX4_HYPDU	
HG_85012	
Hexe_tr|A0A1W0X2R9|A0A1W0X2R9_HYPDU	
HG_67919	
Hexe_tr|A0A1W0W8U5|A0A1W0W8U5_HYPDU	
HG_117581	
Hexe_tr|A0A1W0X685|A0A1W0X685_HYPDU	
HG_117669	
Hexe_tr|A0A1W0XAK2|A0A1W0XAK2_HYPDU	
HG_117063	
Hexe_tr|A0A1W0WHY9|A0A1W0WHY9_HYPDU	
HG_117265	
Hexe_tr|A0A1W0WRP3|A0A1W0WRP3_HYPDU	
HG_117467	
Hexe_tr|A0A1W0X0N6|A0A1W0X0N6_HYPDU	
HG_26745	
Hexe_tr|A0A1W0WB45|A0A1W0WB45_HYPDU	Hexe_tr|A0A1W0WB87|A0A1W0WB87_HYPDU	Hexe_tr|A0A1W0WLX0|A0A1W0WLX0_HYPDU	Hexe_tr|A0A1W0WWB9|A0A1W0WWB9_HYPDU	Hexe_tr|A0A1W0WWE7|A0A1W0WWE7_HYPDU	Hexe_tr|A0A1W0WWF4|A0A1W0WWF4_HYPDU	Hexe_tr|A0A1W0WWG6|A0A1W0WWG6_HYPDU	Hexe_tr|A0A1W0X596|A0A1W0X596_HYPDU	Hexe_tr|A0A1W0X8C7|A0A1W0X8C7_HYPDU	
HG_116935	
Hexe_tr|A0A1W0WCW4|A0A1W0WCW4_HYPDU	
HG_68010	
Hexe_tr|A0A1W0X0K1|A0A1W0X0K1_HYPDU	Hexe_tr|A0A1W0X4Q1|A0A1W0X4Q1_HYPDU	
HG_117592	
Hexe_tr|A0A1W0X6N7|A0A1W0X6N7_HYPDU	
HG_117478	
Hexe_tr|A0A1W0X146|A0A1W0X146_HYPDU	
HG_117074	
Hexe_tr|A0A1W0WIA4|A0A1W0WIA4_HYPDU	
HG_117276	
Hexe_tr|A0A1W0WSJ6|A0A1W0WSJ6_HYPDU	
HG_48506	
Hexe_tr|A0A1W0X2H8|A0A1W0X2H8_HYPDU	Hexe_tr|A0A1W0X391|A0A1W0X391_HYPDU	Hexe_tr|A0A1W0X3A4|A0A1W0X3A4_HYPDU	Hexe_tr|A0A1W0X3A8|A0A1W0X3A8_HYPDU	
HG_84934	
Hexe_tr|A0A1W0WR04|A0A1W0WR04_HYPDU	
HG_116946	
Hexe_tr|A0A1W0WD15|A0A1W0WD15_HYPDU	
HG_84765	
Hexe_tr|A0A1W0X0J4|A0A1W0X0J4_HYPDU	
HG_117700	
Hexe_tr|A0A1W0XCG2|A0A1W0XCG2_HYPDU	
HG_85066	
Hexe_tr|A0A1W0XCD4|A0A1W0XCD4_HYPDU	
HG_117489	
Hexe_tr|A0A1W0X1J9|A0A1W0X1J9_HYPDU	
HG_117085	
Hexe_tr|A0A1W0WIS3|A0A1W0WIS3_HYPDU	
HG_116957	
Hexe_tr|A0A1W0WDB2|A0A1W0WDB2_HYPDU	
HG_117711	
Hexe_tr|A0A1W0XCS0|A0A1W0XCS0_HYPDU	
HG_31155	
Hexe_tr|A0A1W0WLC7|A0A1W0WLC7_HYPDU	Hexe_tr|A0A1W0WSY3|A0A1W0WSY3_HYPDU	Hexe_tr|A0A1W0WSY5|A0A1W0WSY5_HYPDU	Hexe_tr|A0A1W0WT07|A0A1W0WT07_HYPDU	Hexe_tr|A0A1W0WT63|A0A1W0WT63_HYPDU	Hexe_tr|A0A1W0WW71|A0A1W0WW71_HYPDU	Hexe_tr|A0A1W0X6K5|A0A1W0X6K5_HYPDU	Hexe_tr|A0A1W0X6L4|A0A1W0X6L4_HYPDU	Hexe_tr|A0A1W0XDB8|A0A1W0XDB8_HYPDU	
HG_18155	
Hexe_tr|A0A1W0WB98|A0A1W0WB98_HYPDU	Hexe_tr|A0A1W0WMC9|A0A1W0WMC9_HYPDU	Hexe_tr|A0A1W0WME7|A0A1W0WME7_HYPDU	Hexe_tr|A0A1W0WPB7|A0A1W0WPB7_HYPDU	Hexe_tr|A0A1W0WPE1|A0A1W0WPE1_HYPDU	Hexe_tr|A0A1W0WQB9|A0A1W0WQB9_HYPDU	Hexe_tr|A0A1W0WQV3|A0A1W0WQV3_HYPDU	Hexe_tr|A0A1W0WQV8|A0A1W0WQV8_HYPDU	Hexe_tr|A0A1W0WVW9|A0A1W0WVW9_HYPDU	Hexe_tr|A0A1W0X6G9|A0A1W0X6G9_HYPDU	Hexe_tr|A0A1W0X6V0|A0A1W0X6V0_HYPDU	Hexe_tr|A0A1W0X9I5|A0A1W0X9I5_HYPDU	Hexe_tr|A0A1W0X9J5|A0A1W0X9J5_HYPDU	Hexe_tr|A0A1W0X9W8|A0A1W0X9W8_HYPDU	Hexe_tr|A0A1W0XBU7|A0A1W0XBU7_HYPDU	Hexe_tr|A0A1W0XBV0|A0A1W0XBV0_HYPDU	Hexe_tr|A0A1W0XC00|A0A1W0XC00_HYPDU	Hexe_tr|A0A1W0XC18|A0A1W0XC18_HYPDU	Hexe_tr|A0A1W0XCJ5|A0A1W0XCJ5_HYPDU	
HG_117096	
Hexe_tr|A0A1W0WJ49|A0A1W0WJ49_HYPDU	
HG_84988	
Hexe_tr|A0A1W0WYU8|A0A1W0WYU8_HYPDU	
HG_84916	
Hexe_tr|A0A1W0WNL9|A0A1W0WNL9_HYPDU	
HG_116968	
Hexe_tr|A0A1W0WDU1|A0A1W0WDU1_HYPDU	
HG_117722	
Hexe_tr|A0A1W0XD83|A0A1W0XD83_HYPDU	
HG_117520	
Hexe_tr|A0A1W0X3B1|A0A1W0X3B1_HYPDU	
HG_117608	
Hexe_tr|A0A1W0X7I3|A0A1W0X7I3_HYPDU	
HG_117002	
Hexe_tr|A0A1W0WFH6|A0A1W0WFH6_HYPDU	
HG_117204	
Hexe_tr|A0A1W0WNV5|A0A1W0WNV5_HYPDU	
HG_117406	
Hexe_tr|A0A1W0WYE8|A0A1W0WYE8_HYPDU	
HG_84883	
Hexe_tr|A0A1W0WJ81|A0A1W0WJ81_HYPDU	Hexe_tr|A0A1W0X5C5|A0A1W0X5C5_HYPDU	
HG_85048	
Hexe_tr|A0A1W0X8H2|A0A1W0X8H2_HYPDU	
HG_67986	
Hexe_tr|A0A1W0WPT3|A0A1W0WPT3_HYPDU	
HG_116891	
Hexe_tr|A0A1W0WA76|A0A1W0WA76_HYPDU	
HG_117531	
Hexe_tr|A0A1W0X3N3|A0A1W0X3N3_HYPDU	
HG_117733	
Hexe_tr|A0A1W0XDZ2|A0A1W0XDZ2_HYPDU	
HG_117619	
Hexe_tr|A0A1W0X812|A0A1W0X812_HYPDU	
HG_117013	
Hexe_tr|A0A1W0WFS5|A0A1W0WFS5_HYPDU	
HG_117215	
Hexe_tr|A0A1W0WP88|A0A1W0WP88_HYPDU	
HG_56397	
Hexe_tr|A0A1W0WR12|A0A1W0WR12_HYPDU	Hexe_tr|A0A1W0WTW0|A0A1W0WTW0_HYPDU	
HG_17016	
Hexe_tr|A0A1W0WI29|A0A1W0WI29_HYPDU	Hexe_tr|A0A1W0WWT7|A0A1W0WWT7_HYPDU	
HG_117744	
Hexe_tr|A0A1W0XEC0|A0A1W0XEC0_HYPDU	
HG_117542	
Hexe_tr|A0A1W0X462|A0A1W0X462_HYPDU	
HG_117428	
Hexe_tr|A0A1W0WZ67|A0A1W0WZ67_HYPDU	
HG_48501	
Hexe_tr|A0A1W0WNY8|A0A1W0WNY8_HYPDU	Hexe_tr|A0A1W0WNZ6|A0A1W0WNZ6_HYPDU	Hexe_tr|A0A1W0WNZ7|A0A1W0WNZ7_HYPDU	Hexe_tr|A0A1W0WP57|A0A1W0WP57_HYPDU	
HG_117024	
Hexe_tr|A0A1W0WG16|A0A1W0WG16_HYPDU	
HG_117226	
Hexe_tr|A0A1W0WPF8|A0A1W0WPF8_HYPDU	
HG_85061	
Hexe_tr|A0A1W0XAV2|A0A1W0XAV2_HYPDU	Hexe_tr|A0A1W0XB37|A0A1W0XB37_HYPDU	
HG_117553	
Hexe_tr|A0A1W0X533|A0A1W0X533_HYPDU	
HG_117755	
Hexe_tr|A0A1W0XEY7|A0A1W0XEY7_HYPDU	
HG_117237	
Hexe_tr|A0A1W0WQ05|A0A1W0WQ05_HYPDU	
HG_117439	
Hexe_tr|A0A1W0WZV8|A0A1W0WZV8_HYPDU	
HG_117035	
Hexe_tr|A0A1W0WGG0|A0A1W0WGG0_HYPDU	
HG_117766	
Hexe_tr|A0A1W0XFC7|A0A1W0XFC7_HYPDU	
HG_117362	
Hexe_tr|A0A1W0WVK6|A0A1W0WVK6_HYPDU	
HG_117564	
Hexe_tr|A0A1W0X5I4|A0A1W0X5I4_HYPDU	
HG_117046	
Hexe_tr|A0A1W0WH78|A0A1W0WH78_HYPDU	
HG_84847	
Hexe_tr|A0A1W0WF67|A0A1W0WF67_HYPDU	
HG_84983	
Hexe_tr|A0A1W0WYB7|A0A1W0WYB7_HYPDU	Hexe_tr|A0A1W0WYC5|A0A1W0WYC5_HYPDU	
HG_116830	
Hexe_tr|A0A1W0X410|A0A1W0X410_HYPDU	
HG_116918	
Hexe_tr|A0A1W0WC38|A0A1W0WC38_HYPDU	
HG_84911	
Hexe_tr|A0A1W0WMQ6|A0A1W0WMQ6_HYPDU	Hexe_tr|A0A1W0WMR7|A0A1W0WMR7_HYPDU	
HG_85043	
Hexe_tr|A0A1W0X6U5|A0A1W0X6U5_HYPDU	Hexe_tr|A0A1W0X738|A0A1W0X738_HYPDU	
HG_67981	
Hexe_tr|A0A1W0WNP1|A0A1W0WNP1_HYPDU	Hexe_tr|A0A1W0WZD8|A0A1W0WZD8_HYPDU	
HG_117171	
Hexe_tr|A0A1W0WMI1|A0A1W0WMI1_HYPDU	
HG_117373	
Hexe_tr|A0A1W0WWI3|A0A1W0WWI3_HYPDU	
HG_117575	
Hexe_tr|A0A1W0X5W3|A0A1W0X5W3_HYPDU	
HG_117057	
Hexe_tr|A0A1W0WHM1|A0A1W0WHM1_HYPDU	
HG_116841	
Hexe_tr|A0A1W0W8C6|A0A1W0W8C6_HYPDU	
HG_56392	
Hexe_tr|A0A1W0WPU2|A0A1W0WPU2_HYPDU	
HG_117182	
Hexe_tr|A0A1W0WMZ9|A0A1W0WMZ9_HYPDU	
HG_117068	
Hexe_tr|A0A1W0WI56|A0A1W0WI56_HYPDU	
HG_84829	
Hexe_tr|A0A1W0WD60|A0A1W0WD60_HYPDU	
HG_84965	
Hexe_tr|A0A1W0WV93|A0A1W0WV93_HYPDU	
HG_84796	
Hexe_tr|A0A1W0W9X4|A0A1W0W9X4_HYPDU	Hexe_tr|A0A1W0WCY1|A0A1W0WCY1_HYPDU	
HG_84860	
Hexe_tr|A0A1W0WGL7|A0A1W0WGL7_HYPDU	
HG_42703	
Hexe_tr|A0A1W0WA96|A0A1W0WA96_HYPDU	
HG_67899	
Hexe_tr|A0A1W0WB21|A0A1W0WB21_HYPDU	
HG_117597	
Hexe_tr|A0A1W0X6Z7|A0A1W0X6Z7_HYPDU	
HG_67963	
Hexe_tr|A0A1W0WKI0|A0A1W0WKI0_HYPDU	Hexe_tr|A0A1W0X2C8|A0A1W0X2C8_HYPDU	Hexe_tr|A0A1W0X602|A0A1W0X602_HYPDU	
HG_117193	
Hexe_tr|A0A1W0WNF7|A0A1W0WNF7_HYPDU	
HG_117395	
Hexe_tr|A0A1W0WXM4|A0A1W0WXM4_HYPDU	
HG_117079	
Hexe_tr|A0A1W0WIG5|A0A1W0WIG5_HYPDU	
HG_116863	
Hexe_tr|A0A1W0W934|A0A1W0W934_HYPDU	
HG_117705	
Hexe_tr|A0A1W0XCP3|A0A1W0XCP3_HYPDU	
HG_117301	
Hexe_tr|A0A1W0WTJ1|A0A1W0WTJ1_HYPDU	
HG_117503	
Hexe_tr|A0A1W0X226|A0A1W0X226_HYPDU	
HG_15748	
Hexe_tr|A0A1W0WG98|A0A1W0WG98_HYPDU	Hexe_tr|A0A1W0X1W3|A0A1W0X1W3_HYPDU	
HG_84947	
Hexe_tr|A0A1W0WTI0|A0A1W0WTI0_HYPDU	Hexe_tr|A0A1W0WTM7|A0A1W0WTM7_HYPDU	
HG_116874	
Hexe_tr|A0A1W0W9M7|A0A1W0W9M7_HYPDU	
HG_48486	
Hexe_tr|A0A1W0WDE3|A0A1W0WDE3_HYPDU	Hexe_tr|A0A1W0WDG3|A0A1W0WDG3_HYPDU	
HG_84778	
Hexe_tr|A0A1W0W8L8|A0A1W0W8L8_HYPDU	
HG_117716	
Hexe_tr|A0A1W0XD24|A0A1W0XD24_HYPDU	
HG_117312	
Hexe_tr|A0A1W0WTU8|A0A1W0WTU8_HYPDU	
HG_84842	
Hexe_tr|A0A1W0WEW1|A0A1W0WEW1_HYPDU	
HG_85079	
Hexe_tr|A0A1W0XE00|A0A1W0XE00_HYPDU	
HG_85007	
Hexe_tr|A0A1W0X220|A0A1W0X220_HYPDU	Hexe_tr|A0A1W0X274|A0A1W0X274_HYPDU	
HG_67945	
Hexe_tr|A0A1W0WG47|A0A1W0WG47_HYPDU	
HG_116885	
Hexe_tr|A0A1W0WA28|A0A1W0WA28_HYPDU	
HG_117727	
Hexe_tr|A0A1W0XDF7|A0A1W0XDF7_HYPDU	
HG_117121	
Hexe_tr|A0A1W0WK66|A0A1W0WK66_HYPDU	
HG_117525	
Hexe_tr|A0A1W0X3I0|A0A1W0X3I0_HYPDU	
HG_117007	
Hexe_tr|A0A1W0WFL5|A0A1W0WFL5_HYPDU	
HG_117209	
Hexe_tr|A0A1W0WP03|A0A1W0WP03_HYPDU	
HG_68005	
Hexe_tr|A0A1W0WYT4|A0A1W0WYT4_HYPDU	
HG_84929	
Hexe_tr|A0A1W0WQ44|A0A1W0WQ44_HYPDU	
HG_48468	
Hexe_tr|A0A1W0WRX5|A0A1W0WRX5_HYPDU	Hexe_tr|A0A1W0WRY3|A0A1W0WRY3_HYPDU	Hexe_tr|A0A1W0WRY4|A0A1W0WRY4_HYPDU	Hexe_tr|A0A1W0WRY7|A0A1W0WRY7_HYPDU	Hexe_tr|A0A1W0WS29|A0A1W0WS29_HYPDU	
HG_14471	
Hexe_tr|A0A1W0WKR7|A0A1W0WKR7_HYPDU	
HG_117536	
Hexe_tr|A0A1W0X3T4|A0A1W0X3T4_HYPDU	
HG_117738	
Hexe_tr|A0A1W0XE41|A0A1W0XE41_HYPDU	
HG_117132	
Hexe_tr|A0A1W0WKJ2|A0A1W0WKJ2_HYPDU	
HG_117334	
Hexe_tr|A0A1W0WUP8|A0A1W0WUP8_HYPDU	
HG_84896	
Hexe_tr|A0A1W0WKR3|A0A1W0WKR3_HYPDU	
HG_117018	
Hexe_tr|A0A1W0WFY7|A0A1W0WFY7_HYPDU	
HG_84824	
Hexe_tr|A0A1W0WCP4|A0A1W0WCP4_HYPDU	
HG_84960	
Hexe_tr|A0A1W0WUZ3|A0A1W0WUZ3_HYPDU	Hexe_tr|A0A1W0WV27|A0A1W0WV27_HYPDU	
HG_67999	
Hexe_tr|A0A1W0WWA5|A0A1W0WWA5_HYPDU	Hexe_tr|A0A1W0X1J3|A0A1W0X1J3_HYPDU	Hexe_tr|A0A1W0X222|A0A1W0X222_HYPDU	
HG_85020	
Hexe_tr|A0A1W0X422|A0A1W0X422_HYPDU	Hexe_tr|A0A1W0X482|A0A1W0X482_HYPDU	
HG_67927	
Hexe_tr|A0A1W0WAK7|A0A1W0WAK7_HYPDU	
HG_117661	
Hexe_tr|A0A1W0XAE1|A0A1W0XAE1_HYPDU	
HG_117749	
Hexe_tr|A0A1W0XEN6|A0A1W0XEN6_HYPDU	
HG_117143	
Hexe_tr|A0A1W0WL54|A0A1W0WL54_HYPDU	
HG_117029	
Hexe_tr|A0A1W0WG37|A0A1W0WG37_HYPDU	
HG_116813	
Hexe_tr|A0A1W0WD91|A0A1W0WD91_HYPDU	
HG_21397	
Hexe_tr|A0A1W0WEU9|A0A1W0WEU9_HYPDU	Hexe_tr|A0A1W0WXD1|A0A1W0WXD1_HYPDU	Hexe_tr|A0A1W0WXG4|A0A1W0WXG4_HYPDU	Hexe_tr|A0A1W0WZX0|A0A1W0WZX0_HYPDU	Hexe_tr|A0A1W0WZY3|A0A1W0WZY3_HYPDU	Hexe_tr|A0A1W0WZY9|A0A1W0WZY9_HYPDU	Hexe_tr|A0A1W0X013|A0A1W0X013_HYPDU	Hexe_tr|A0A1W0X031|A0A1W0X031_HYPDU	Hexe_tr|A0A1W0X033|A0A1W0X033_HYPDU	Hexe_tr|A0A1W0X528|A0A1W0X528_HYPDU	Hexe_tr|A0A1W0X898|A0A1W0X898_HYPDU	Hexe_tr|A0A1W0X8G3|A0A1W0X8G3_HYPDU	Hexe_tr|A0A1W0X8L5|A0A1W0X8L5_HYPDU	
HG_56402	
Hexe_tr|A0A1W0WT90|A0A1W0WT90_HYPDU	Hexe_tr|A0A1W0X3N8|A0A1W0X3N8_HYPDU	Hexe_tr|A0A1W0XDX1|A0A1W0XDX1_HYPDU	
HG_117470	
Hexe_tr|A0A1W0X0R0|A0A1W0X0R0_HYPDU	
HG_117672	
Hexe_tr|A0A1W0XAU6|A0A1W0XAU6_HYPDU	
HG_117356	
Hexe_tr|A0A1W0WVF3|A0A1W0WVF3_HYPDU	
HG_117154	
Hexe_tr|A0A1W0WLI4|A0A1W0WLI4_HYPDU	
HG_84806	
Hexe_tr|A0A1W0WAQ3|A0A1W0WAQ3_HYPDU	Hexe_tr|A0A1W0XAA6|A0A1W0XAA6_HYPDU	
HG_48481	
Hexe_tr|A0A1W0WB31|A0A1W0WB31_HYPDU	Hexe_tr|A0A1W0WB36|A0A1W0WB36_HYPDU	Hexe_tr|A0A1W0WB58|A0A1W0WB58_HYPDU	Hexe_tr|A0A1W0X1I3|A0A1W0X1I3_HYPDU	Hexe_tr|A0A1W0X1N0|A0A1W0X1N0_HYPDU	
HG_85074	
Hexe_tr|A0A1W0XD92|A0A1W0XD92_HYPDU	Hexe_tr|A0A1W0XDK6|A0A1W0XDK6_HYPDU	
HG_85002	
Hexe_tr|A0A1W0X1H1|A0A1W0X1H1_HYPDU	
HG_67909	
Hexe_tr|A0A1W0XC22|A0A1W0XC22_HYPDU	Hexe_tr|A0A1W0XCE4|A0A1W0XCE4_HYPDU	
HG_117683	
Hexe_tr|A0A1W0XBC5|A0A1W0XBC5_HYPDU	
HG_117367	
Hexe_tr|A0A1W0WVV1|A0A1W0WVV1_HYPDU	
HG_117569	
Hexe_tr|A0A1W0X5P1|A0A1W0X5P1_HYPDU	
HG_116835	
Hexe_tr|A0A1W0XCY3|A0A1W0XCY3_HYPDU	
HG_68000	
Hexe_tr|A0A1W0WWW9|A0A1W0WWW9_HYPDU	Hexe_tr|A0A1W0WWX5|A0A1W0WWX5_HYPDU	Hexe_tr|A0A1W0WWY8|A0A1W0WWY8_HYPDU	
HG_117290	
Hexe_tr|A0A1W0WTA8|A0A1W0WTA8_HYPDU	
HG_117492	
Hexe_tr|A0A1W0X1M2|A0A1W0X1M2_HYPDU	
HG_117694	
Hexe_tr|A0A1W0XC39|A0A1W0XC39_HYPDU	
HG_117176	
Hexe_tr|A0A1W0WMM8|A0A1W0WMM8_HYPDU	
HG_117378	
Hexe_tr|A0A1W0WWR5|A0A1W0WWR5_HYPDU	
HG_84996	
Hexe_tr|A0A1W0X0H9|A0A1W0X0H9_HYPDU	Hexe_tr|A0A1W0X0M1|A0A1W0X0M1_HYPDU	
HG_116960	
Hexe_tr|A0A1W0WDJ9|A0A1W0WDJ9_HYPDU	
HG_116846	
Hexe_tr|A0A1W0W8I5|A0A1W0W8I5_HYPDU	
HG_84755	
Hexe_tr|A0A1W0WD25|A0A1W0WD25_HYPDU	
HG_84891	
Hexe_tr|A0A1W0WK73|A0A1W0WK73_HYPDU	Hexe_tr|A0A1W0WMH1|A0A1W0WMH1_HYPDU	
HG_85056	
Hexe_tr|A0A1W0XA09|A0A1W0XA09_HYPDU	Hexe_tr|A0A1W0XAD9|A0A1W0XAD9_HYPDU	
HG_38028	
Hexe_tr|A0A1W0WP13|A0A1W0WP13_HYPDU	Hexe_tr|A0A1W0WP36|A0A1W0WP36_HYPDU	Hexe_tr|A0A1W0X7L4|A0A1W0X7L4_HYPDU	Hexe_tr|A0A1W0XF81|A0A1W0XF81_HYPDU	
HG_117187	
Hexe_tr|A0A1W0WN44|A0A1W0WN44_HYPDU	
HG_67922	
Hexe_tr|A0A1W0WA64|A0A1W0WA64_HYPDU	Hexe_tr|A0A1W0WA72|A0A1W0WA72_HYPDU	
HG_116857	
Hexe_tr|A0A1W0W8X3|A0A1W0W8X3_HYPDU	
HG_117611	
Hexe_tr|A0A1W0X7J9|A0A1W0X7J9_HYPDU	
HG_31145	
Hexe_tr|A0A1W0WAC2|A0A1W0WAC2_HYPDU	Hexe_tr|A0A1W0WAC7|A0A1W0WAC7_HYPDU	Hexe_tr|A0A1W0WAD7|A0A1W0WAD7_HYPDU	Hexe_tr|A0A1W0WAF3|A0A1W0WAF3_HYPDU	Hexe_tr|A0A1W0WAH6|A0A1W0WAH6_HYPDU	Hexe_tr|A0A1W0WNH7|A0A1W0WNH7_HYPDU	Hexe_tr|A0A1W0WQ75|A0A1W0WQ75_HYPDU	Hexe_tr|A0A1W0WQ91|A0A1W0WQ91_HYPDU	
HG_117198	
Hexe_tr|A0A1W0WNN8|A0A1W0WNN8_HYPDU	
HG_84978	
Hexe_tr|A0A1W0WXK2|A0A1W0WXK2_HYPDU	Hexe_tr|A0A1W0WXL7|A0A1W0WXL7_HYPDU	
HG_116982	
Hexe_tr|A0A1W0WEF3|A0A1W0WEF3_HYPDU	
HG_117622	
Hexe_tr|A0A1W0X864|A0A1W0X864_HYPDU	
HG_117306	
Hexe_tr|A0A1W0WTN3|A0A1W0WTN3_HYPDU	
HG_117508	
Hexe_tr|A0A1W0X2I7|A0A1W0X2I7_HYPDU	
HG_117104	
Hexe_tr|A0A1W0WJA3|A0A1W0WJA3_HYPDU	
HG_84873	
Hexe_tr|A0A1W0WHL9|A0A1W0WHL9_HYPDU	Hexe_tr|A0A1W0WHP7|A0A1W0WHP7_HYPDU	
HG_84801	
Hexe_tr|A0A1W0WA77|A0A1W0WA77_HYPDU	Hexe_tr|A0A1W0WA84|A0A1W0WA84_HYPDU	
HG_42716	
Hexe_tr|A0A1W0WU96|A0A1W0WU96_HYPDU	Hexe_tr|A0A1W0WUC5|A0A1W0WUC5_HYPDU	Hexe_tr|A0A1W0X6U4|A0A1W0X6U4_HYPDU	Hexe_tr|A0A1W0XA68|A0A1W0XA68_HYPDU	Hexe_tr|A0A1W0XB16|A0A1W0XB16_HYPDU	Hexe_tr|A0A1W0XBB1|A0A1W0XBB1_HYPDU	
HG_85038	
Hexe_tr|A0A1W0X5Q9|A0A1W0X5Q9_HYPDU	Hexe_tr|A0A1W0XEM7|A0A1W0XEM7_HYPDU	
HG_117633	
Hexe_tr|A0A1W0X8R0|A0A1W0X8R0_HYPDU	
HG_117115	
Hexe_tr|A0A1W0WJW5|A0A1W0WJW5_HYPDU	
HG_117317	
Hexe_tr|A0A1W0WU06|A0A1W0WU06_HYPDU	
HG_117519	
Hexe_tr|A0A1W0X3A3|A0A1W0X3A3_HYPDU	
HG_68036	
Hexe_tr|A0A1W0XCL8|A0A1W0XCL8_HYPDU	
HG_56387	
Hexe_tr|A0A1W0WLG1|A0A1W0WLG1_HYPDU	Hexe_tr|A0A1W0WLJ3|A0A1W0WLJ3_HYPDU	
HG_117644	
Hexe_tr|A0A1W0X953|A0A1W0X953_HYPDU	
HG_117240	
Hexe_tr|A0A1W0WQA5|A0A1W0WQA5_HYPDU	
HG_117442	
Hexe_tr|A0A1W0X007|A0A1W0X007_HYPDU	
HG_117328	
Hexe_tr|A0A1W0WUE4|A0A1W0WUE4_HYPDU	
HG_117126	
Hexe_tr|A0A1W0WKB0|A0A1W0WKB0_HYPDU	
HG_85051	
Hexe_tr|A0A1W0X8X6|A0A1W0X8X6_HYPDU	
HG_67958	
Hexe_tr|A0A1W0WJ22|A0A1W0WJ22_HYPDU	Hexe_tr|A0A1W0WJ23|A0A1W0WJ23_HYPDU	
HG_117655	
Hexe_tr|A0A1W0XA37|A0A1W0XA37_HYPDU	
HG_117137	
Hexe_tr|A0A1W0WKV9|A0A1W0WKV9_HYPDU	
HG_117339	
Hexe_tr|A0A1W0WUX0|A0A1W0WUX0_HYPDU	
HG_116921	
Hexe_tr|A0A1W0WC61|A0A1W0WC61_HYPDU	
HG_68018	
Hexe_tr|A0A1W0X552|A0A1W0X552_HYPDU	Hexe_tr|A0A1W0X5A6|A0A1W0X5A6_HYPDU	Hexe_tr|A0A1W0X5T7|A0A1W0X5T7_HYPDU	
HG_22477	
Hexe_tr|A0A1W0WGY2|A0A1W0WGY2_HYPDU	Hexe_tr|A0A1W0X9F6|A0A1W0X9F6_HYPDU	
HG_117464	
Hexe_tr|A0A1W0X0M8|A0A1W0X0M8_HYPDU	
HG_117666	
Hexe_tr|A0A1W0XAG8|A0A1W0XAG8_HYPDU	
HG_117060	
Hexe_tr|A0A1W0WHX8|A0A1W0WHX8_HYPDU	
HG_117262	
Hexe_tr|A0A1W0WRI3|A0A1W0WRI3_HYPDU	
HG_84837	
Hexe_tr|A0A1W0WE32|A0A1W0WE32_HYPDU	Hexe_tr|A0A1W0WE46|A0A1W0WE46_HYPDU	
HG_117148	
Hexe_tr|A0A1W0WLF9|A0A1W0WLF9_HYPDU	
HG_84901	
Hexe_tr|A0A1W0WLC8|A0A1W0WLC8_HYPDU	
HG_116818	
Hexe_tr|A0A1W0WLI9|A0A1W0WLI9_HYPDU	
HG_85033	
Hexe_tr|A0A1W0X5F2|A0A1W0X5F2_HYPDU	
HG_67971	
Hexe_tr|A0A1W0WLD9|A0A1W0WLD9_HYPDU	Hexe_tr|A0A1W0WLE4|A0A1W0WLE4_HYPDU	Hexe_tr|A0A1W0WLE9|A0A1W0WLE9_HYPDU	
HG_117071	
Hexe_tr|A0A1W0WI79|A0A1W0WI79_HYPDU	
HG_117159	
Hexe_tr|A0A1W0WLQ8|A0A1W0WLQ8_HYPDU	
HG_116943	
Hexe_tr|A0A1W0WD01|A0A1W0WD01_HYPDU	
HG_116829	
Hexe_tr|A0A1W0X342|A0A1W0X342_HYPDU	
HG_68031	
Hexe_tr|A0A1W0X9P0|A0A1W0X9P0_HYPDU	
HG_56382	
Hexe_tr|A0A1W0WJ05|A0A1W0WJ05_HYPDU	Hexe_tr|A0A1W0X5G4|A0A1W0X5G4_HYPDU	Hexe_tr|A0A1W0X9N9|A0A1W0X9N9_HYPDU	
HG_117688	
Hexe_tr|A0A1W0XBK9|A0A1W0XBK9_HYPDU	
HG_117284	
Hexe_tr|A0A1W0WT44|A0A1W0WT44_HYPDU	
HG_117486	
Hexe_tr|A0A1W0X1F1|A0A1W0X1F1_HYPDU	
HG_117082	
Hexe_tr|A0A1W0WIN2|A0A1W0WIN2_HYPDU	
HG_84819	
Hexe_tr|A0A1W0WC36|A0A1W0WC36_HYPDU	
HG_116954	
Hexe_tr|A0A1W0WD83|A0A1W0WD83_HYPDU	
HG_48494	
Hexe_tr|A0A1W0WHY7|A0A1W0WHY7_HYPDU	Hexe_tr|A0A1W0WRR9|A0A1W0WRR9_HYPDU	Hexe_tr|A0A1W0XER7|A0A1W0XER7_HYPDU	
HG_84786	
Hexe_tr|A0A1W0W916|A0A1W0W916_HYPDU	Hexe_tr|A0A1W0XE96|A0A1W0XE96_HYPDU	
HG_84850	
Hexe_tr|A0A1W0WFC9|A0A1W0WFC9_HYPDU	
HG_85087	
Hexe_tr|A0A1W0XFL2|A0A1W0XFL2_HYPDU	
HG_117699	
Hexe_tr|A0A1W0XCA7|A0A1W0XCA7_HYPDU	
HG_117295	
Hexe_tr|A0A1W0WTE0|A0A1W0WTE0_HYPDU	
HG_117497	
Hexe_tr|A0A1W0X1Q6|A0A1W0X1Q6_HYPDU	
HG_67953	
Hexe_tr|A0A1W0WHN1|A0A1W0WHN1_HYPDU	
HG_117093	
Hexe_tr|A0A1W0WJ39|A0A1W0WJ39_HYPDU	
HG_116965	
Hexe_tr|A0A1W0WDN7|A0A1W0WDN7_HYPDU	
HG_117605	
Hexe_tr|A0A1W0X7A2|A0A1W0X7A2_HYPDU	
HG_117201	
Hexe_tr|A0A1W0WNR3|A0A1W0WNR3_HYPDU	
HG_117403	
Hexe_tr|A0A1W0WY92|A0A1W0WY92_HYPDU	
HG_68013	
Hexe_tr|A0A1W0X2J5|A0A1W0X2J5_HYPDU	
HG_56364	
Hexe_tr|A0A1W0WBY4|A0A1W0WBY4_HYPDU	Hexe_tr|A0A1W0X9R8|A0A1W0X9R8_HYPDU	
HG_48509	
Hexe_tr|A0A1W0X9R0|A0A1W0X9R0_HYPDU	Hexe_tr|A0A1W0X9S6|A0A1W0X9S6_HYPDU	
HG_116976	
Hexe_tr|A0A1W0WE38|A0A1W0WE38_HYPDU	
HG_48476	
Hexe_tr|A0A1W0WA69|A0A1W0WA69_HYPDU	Hexe_tr|A0A1W0WID5|A0A1W0WID5_HYPDU	
HG_84768	
Hexe_tr|A0A1W0X9C2|A0A1W0X9C2_HYPDU	
HG_117730	
Hexe_tr|A0A1W0XDJ5|A0A1W0XDJ5_HYPDU	
HG_117414	
Hexe_tr|A0A1W0WYK8|A0A1W0WYK8_HYPDU	
HG_117616	
Hexe_tr|A0A1W0X7X6|A0A1W0X7X6_HYPDU	
HG_117010	
Hexe_tr|A0A1W0WFQ2|A0A1W0WFQ2_HYPDU	
HG_117212	
Hexe_tr|A0A1W0WP81|A0A1W0WP81_HYPDU	
HG_67935	
Hexe_tr|A0A1W0WE88|A0A1W0WE88_HYPDU	Hexe_tr|A0A1W0WZU3|A0A1W0WZU3_HYPDU	Hexe_tr|A0A1W0X2B3|A0A1W0X2B3_HYPDU	
HG_116987	
Hexe_tr|A0A1W0WF14|A0A1W0WF14_HYPDU	
HG_117741	
Hexe_tr|A0A1W0XE83|A0A1W0XE83_HYPDU	
HG_117223	
Hexe_tr|A0A1W0WPD0|A0A1W0WPD0_HYPDU	
HG_117425	
Hexe_tr|A0A1W0WZ37|A0A1W0WZ37_HYPDU	
HG_117627	
Hexe_tr|A0A1W0X8I7|A0A1W0X8I7_HYPDU	
HG_117021	
Hexe_tr|A0A1W0WFZ6|A0A1W0WFZ6_HYPDU	
HG_84919	
Hexe_tr|A0A1W0WNT5|A0A1W0WNT5_HYPDU	Hexe_tr|A0A1W0WNX7|A0A1W0WNX7_HYPDU	
HG_116998	
Hexe_tr|A0A1W0WFF3|A0A1W0WFF3_HYPDU	
HG_117752	
Hexe_tr|A0A1W0XEU4|A0A1W0XEU4_HYPDU	
HG_117234	
Hexe_tr|A0A1W0WPP6|A0A1W0WPP6_HYPDU	
HG_117436	
Hexe_tr|A0A1W0WZR6|A0A1W0WZR6_HYPDU	
HG_84886	
Hexe_tr|A0A1W0WJB4|A0A1W0WJB4_HYPDU	
HG_117638	
Hexe_tr|A0A1W0X8X3|A0A1W0X8X3_HYPDU	
HG_117032	
Hexe_tr|A0A1W0WGB9|A0A1W0WGB9_HYPDU	
HG_84814	
Hexe_tr|A0A1W0WBT9|A0A1W0WBT9_HYPDU	
HG_84950	
Hexe_tr|A0A1W0WTQ3|A0A1W0WTQ3_HYPDU	Hexe_tr|A0A1W0WTW2|A0A1W0WTW2_HYPDU	
HG_116904	
Hexe_tr|A0A1W0WAV0|A0A1W0WAV0_HYPDU	
HG_84781	
Hexe_tr|A0A1W0W8N9|A0A1W0W8N9_HYPDU	
HG_85082	
Hexe_tr|A0A1W0XEL7|A0A1W0XEL7_HYPDU	
HG_67989	
Hexe_tr|A0A1W0WRR0|A0A1W0WRR0_HYPDU	Hexe_tr|A0A1W0WRW2|A0A1W0WRW2_HYPDU	
HG_85010	
Hexe_tr|A0A1W0X2G6|A0A1W0X2G6_HYPDU	Hexe_tr|A0A1W0X3G7|A0A1W0X3G7_HYPDU	
HG_117763	
Hexe_tr|A0A1W0XF80|A0A1W0XF80_HYPDU	
HG_117649	
Hexe_tr|A0A1W0X9G9|A0A1W0X9G9_HYPDU	
HG_117043	
Hexe_tr|A0A1W0WGV4|A0A1W0WGV4_HYPDU	
HG_117245	
Hexe_tr|A0A1W0WQM1|A0A1W0WQM1_HYPDU	
HG_116915	
Hexe_tr|A0A1W0WBW6|A0A1W0WBW6_HYPDU	
HG_25148	
Hexe_tr|A0A1W0WHB1|A0A1W0WHB1_HYPDU	Hexe_tr|A0A1W0WHH4|A0A1W0WHH4_HYPDU	Hexe_tr|A0A1W0WLK4|A0A1W0WLK4_HYPDU	Hexe_tr|A0A1W0WLL1|A0A1W0WLL1_HYPDU	Hexe_tr|A0A1W0WLL2|A0A1W0WLL2_HYPDU	Hexe_tr|A0A1W0WLQ6|A0A1W0WLQ6_HYPDU	Hexe_tr|A0A1W0X2C1|A0A1W0X2C1_HYPDU	Hexe_tr|A0A1W0X615|A0A1W0X615_HYPDU	Hexe_tr|A0A1W0X640|A0A1W0X640_HYPDU	Hexe_tr|A0A1W0X6B5|A0A1W0X6B5_HYPDU	Hexe_tr|A0A1W0X6J4|A0A1W0X6J4_HYPDU	
HG_117370	
Hexe_tr|A0A1W0WW46|A0A1W0WW46_HYPDU	
HG_117572	
Hexe_tr|A0A1W0X5S4|A0A1W0X5S4_HYPDU	
HG_117458	
Hexe_tr|A0A1W0X0E9|A0A1W0X0E9_HYPDU	
HG_117054	
Hexe_tr|A0A1W0WHH8|A0A1W0WHH8_HYPDU	
HG_117256	
Hexe_tr|A0A1W0WR28|A0A1W0WR28_HYPDU	
HG_84868	
Hexe_tr|A0A1W0WHB8|A0A1W0WHB8_HYPDU	
HG_48504	
Hexe_tr|A0A1W0WWH5|A0A1W0WWH5_HYPDU	
HG_84932	
Hexe_tr|A0A1W0WQJ9|A0A1W0WQJ9_HYPDU	
HG_116926	
Hexe_tr|A0A1W0WC91|A0A1W0WC91_HYPDU	
HG_48471	
Hexe_tr|A0A1W0W913|A0A1W0W913_HYPDU	Hexe_tr|A0A1W0WZJ8|A0A1W0WZJ8_HYPDU	Hexe_tr|A0A1W0WZP2|A0A1W0WZP2_HYPDU	Hexe_tr|A0A1W0WZP7|A0A1W0WZP7_HYPDU	
HG_85064	
Hexe_tr|A0A1W0XBF4|A0A1W0XBF4_HYPDU	
HG_117583	
Hexe_tr|A0A1W0X6C5|A0A1W0X6C5_HYPDU	
HG_117381	
Hexe_tr|A0A1W0WWX8|A0A1W0WWX8_HYPDU	
HG_117469	
Hexe_tr|A0A1W0X0Q6|A0A1W0X0Q6_HYPDU	
HG_117065	
Hexe_tr|A0A1W0WI12|A0A1W0WI12_HYPDU	
HG_117267	
Hexe_tr|A0A1W0WRU0|A0A1W0WRU0_HYPDU	
HG_67930	
Hexe_tr|A0A1W0WAT5|A0A1W0WAT5_HYPDU	
HG_116937	
Hexe_tr|A0A1W0WCX1|A0A1W0WCX1_HYPDU	
HG_23708	
Hexe_tr|A0A1W0W8L4|A0A1W0W8L4_HYPDU	Hexe_tr|A0A1W0W8P0|A0A1W0W8P0_HYPDU	Hexe_tr|A0A1W0W8Q4|A0A1W0W8Q4_HYPDU	Hexe_tr|A0A1W0W8S7|A0A1W0W8S7_HYPDU	Hexe_tr|A0A1W0W8T9|A0A1W0W8T9_HYPDU	Hexe_tr|A0A1W0W930|A0A1W0W930_HYPDU	Hexe_tr|A0A1W0WE70|A0A1W0WE70_HYPDU	Hexe_tr|A0A1W0WEA4|A0A1W0WEA4_HYPDU	Hexe_tr|A0A1W0WI47|A0A1W0WI47_HYPDU	Hexe_tr|A0A1W0WI69|A0A1W0WI69_HYPDU	Hexe_tr|A0A1W0WNX4|A0A1W0WNX4_HYPDU	Hexe_tr|A0A1W0X567|A0A1W0X567_HYPDU	
HG_31153	
Hexe_tr|A0A1W0WIU1|A0A1W0WIU1_HYPDU	Hexe_tr|A0A1W0WKB8|A0A1W0WKB8_HYPDU	Hexe_tr|A0A1W0X645|A0A1W0X645_HYPDU	
HG_117392	
Hexe_tr|A0A1W0WXH1|A0A1W0WXH1_HYPDU	
HG_117594	
Hexe_tr|A0A1W0X6V5|A0A1W0X6V5_HYPDU	
HG_117076	
Hexe_tr|A0A1W0WIB6|A0A1W0WIB6_HYPDU	
HG_116860	
Hexe_tr|A0A1W0W8Z5|A0A1W0W8Z5_HYPDU	
HG_84914	
Hexe_tr|A0A1W0WNB6|A0A1W0WNB6_HYPDU	
HG_116948	
Hexe_tr|A0A1W0WD32|A0A1W0WD32_HYPDU	
HG_117702	
Hexe_tr|A0A1W0XCG7|A0A1W0XCG7_HYPDU	
HG_117500	
Hexe_tr|A0A1W0X1T0|A0A1W0X1T0_HYPDU	
HG_84881	
Hexe_tr|A0A1W0WJ24|A0A1W0WJ24_HYPDU	
HG_85046	
Hexe_tr|A0A1W0X8E2|A0A1W0X8E2_HYPDU	Hexe_tr|A0A1W0X8J1|A0A1W0X8J1_HYPDU	
HG_28708	
Hexe_tr|A0A1W0WAK5|A0A1W0WAK5_HYPDU	Hexe_tr|A0A1W0WAM0|A0A1W0WAM0_HYPDU	Hexe_tr|A0A1W0WAM5|A0A1W0WAM5_HYPDU	Hexe_tr|A0A1W0WAP9|A0A1W0WAP9_HYPDU	Hexe_tr|A0A1W0WAS7|A0A1W0WAS7_HYPDU	Hexe_tr|A0A1W0WAT1|A0A1W0WAT1_HYPDU	Hexe_tr|A0A1W0X6S7|A0A1W0X6S7_HYPDU	
HG_117289	
Hexe_tr|A0A1W0WTA4|A0A1W0WTA4_HYPDU	
HG_117087	
Hexe_tr|A0A1W0WIX1|A0A1W0WIX1_HYPDU	
HG_67912	
Hexe_tr|A0A1W0W857|A0A1W0W857_HYPDU	Hexe_tr|A0A1W0W866|A0A1W0W866_HYPDU	Hexe_tr|A0A1W0W8A8|A0A1W0W8A8_HYPDU	
HG_116871	
Hexe_tr|A0A1W0W9I6|A0A1W0W9I6_HYPDU	
HG_116959	
Hexe_tr|A0A1W0WDF7|A0A1W0WDF7_HYPDU	
HG_117713	
Hexe_tr|A0A1W0XD14|A0A1W0XD14_HYPDU	
HG_117511	
Hexe_tr|A0A1W0X2P3|A0A1W0X2P3_HYPDU	
HG_17529	
Hexe_tr|A0A1W0W9S0|A0A1W0W9S0_HYPDU	Hexe_tr|A0A1W0W9X3|A0A1W0W9X3_HYPDU	Hexe_tr|A0A1W0W9Y3|A0A1W0W9Y3_HYPDU	Hexe_tr|A0A1W0WAE2|A0A1W0WAE2_HYPDU	Hexe_tr|A0A1W0WGI7|A0A1W0WGI7_HYPDU	Hexe_tr|A0A1W0WKW9|A0A1W0WKW9_HYPDU	Hexe_tr|A0A1W0WPS8|A0A1W0WPS8_HYPDU	Hexe_tr|A0A1W0WQH9|A0A1W0WQH9_HYPDU	Hexe_tr|A0A1W0WX74|A0A1W0WX74_HYPDU	Hexe_tr|A0A1W0X219|A0A1W0X219_HYPDU	Hexe_tr|A0A1W0X5J7|A0A1W0X5J7_HYPDU	Hexe_tr|A0A1W0X5W9|A0A1W0X5W9_HYPDU	Hexe_tr|A0A1W0X7H5|A0A1W0X7H5_HYPDU	Hexe_tr|A0A1W0XB43|A0A1W0XB43_HYPDU	Hexe_tr|A0A1W0XCX4|A0A1W0XCX4_HYPDU	
HG_56395	
Hexe_tr|A0A1W0WQE2|A0A1W0WQE2_HYPDU	Hexe_tr|A0A1W0WQE5|A0A1W0WQE5_HYPDU	Hexe_tr|A0A1W0WUW0|A0A1W0WUW0_HYPDU	Hexe_tr|A0A1W0WZF0|A0A1W0WZF0_HYPDU	
HG_117098	
Hexe_tr|A0A1W0WJ63|A0A1W0WJ63_HYPDU	
HG_84968	
Hexe_tr|A0A1W0WVL4|A0A1W0WVL4_HYPDU	
HG_116882	
Hexe_tr|A0A1W0W9Z2|A0A1W0W9Z2_HYPDU	
HG_84799	
Hexe_tr|A0A1W0WA27|A0A1W0WA27_HYPDU	
HG_117522	
Hexe_tr|A0A1W0X3B9|A0A1W0X3B9_HYPDU	
HG_117724	
Hexe_tr|A0A1W0XDE1|A0A1W0XDE1_HYPDU	
HG_117320	
Hexe_tr|A0A1W0WU32|A0A1W0WU32_HYPDU	
HG_117408	
Hexe_tr|A0A1W0WYF7|A0A1W0WYF7_HYPDU	
HG_117004	
Hexe_tr|A0A1W0WFI4|A0A1W0WFI4_HYPDU	
HG_84863	
Hexe_tr|A0A1W0WGZ9|A0A1W0WGZ9_HYPDU	Hexe_tr|A0A1W0WP68|A0A1W0WP68_HYPDU	
HG_42706	
Hexe_tr|A0A1W0WAX4|A0A1W0WAX4_HYPDU	Hexe_tr|A0A1W0WAY0|A0A1W0WAY0_HYPDU	Hexe_tr|A0A1W0WK29|A0A1W0WK29_HYPDU	Hexe_tr|A0A1W0WSM4|A0A1W0WSM4_HYPDU	Hexe_tr|A0A1W0WSR6|A0A1W0WSR6_HYPDU	Hexe_tr|A0A1W0X1P6|A0A1W0X1P6_HYPDU	
HG_85028	
Hexe_tr|A0A1W0X585|A0A1W0X585_HYPDU	
HG_67966	
Hexe_tr|A0A1W0WL28|A0A1W0WL28_HYPDU	Hexe_tr|A0A1W0X3Q9|A0A1W0X3Q9_HYPDU	
HG_38031	
Hexe_tr|A0A1W0X6A0|A0A1W0X6A0_HYPDU	Hexe_tr|A0A1W0X6M5|A0A1W0X6M5_HYPDU	Hexe_tr|A0A1W0X6Q5|A0A1W0X6Q5_HYPDU	
HG_117533	
Hexe_tr|A0A1W0X3R0|A0A1W0X3R0_HYPDU	
HG_117735	
Hexe_tr|A0A1W0XE18|A0A1W0XE18_HYPDU	
HG_117331	
Hexe_tr|A0A1W0WUJ9|A0A1W0WUJ9_HYPDU	
HG_117419	
Hexe_tr|A0A1W0WYR6|A0A1W0WYR6_HYPDU	
HG_117015	
Hexe_tr|A0A1W0WFT1|A0A1W0WFT1_HYPDU	
HG_117217	
Hexe_tr|A0A1W0WP95|A0A1W0WP95_HYPDU	
HG_68026	
Hexe_tr|A0A1W0X831|A0A1W0X831_HYPDU	Hexe_tr|A0A1W0X8H3|A0A1W0X8H3_HYPDU	
HG_117544	
Hexe_tr|A0A1W0X4C0|A0A1W0X4C0_HYPDU	
HG_117746	
Hexe_tr|A0A1W0XED4|A0A1W0XED4_HYPDU	
HG_117140	
Hexe_tr|A0A1W0WKX8|A0A1W0WKX8_HYPDU	
HG_117228	
Hexe_tr|A0A1W0WPJ3|A0A1W0WPJ3_HYPDU	
HG_117026	
Hexe_tr|A0A1W0WG20|A0A1W0WG20_HYPDU	
HG_84845	
Hexe_tr|A0A1W0WF39|A0A1W0WF39_HYPDU	
HG_84981	
Hexe_tr|A0A1W0WXY8|A0A1W0WXY8_HYPDU	
HG_85041	
Hexe_tr|A0A1W0X6D4|A0A1W0X6D4_HYPDU	
HG_117151	
Hexe_tr|A0A1W0WLH7|A0A1W0WLH7_HYPDU	
HG_117353	
Hexe_tr|A0A1W0WVD3|A0A1W0WVD3_HYPDU	
HG_117555	
Hexe_tr|A0A1W0X548|A0A1W0X548_HYPDU	
HG_117037	
Hexe_tr|A0A1W0WGM3|A0A1W0WGM3_HYPDU	
HG_117239	
Hexe_tr|A0A1W0WQ72|A0A1W0WQ72_HYPDU	
HG_116821	
Hexe_tr|A0A1W0WQS0|A0A1W0WQS0_HYPDU	
HG_116909	
Hexe_tr|A0A1W0WBF4|A0A1W0WBF4_HYPDU	
HG_56359	
Hexe_tr|A0A1W0WAQ1|A0A1W0WAQ1_HYPDU	
HG_56390	
Hexe_tr|A0A1W0WM95|A0A1W0WM95_HYPDU	
HG_117680	
Hexe_tr|A0A1W0XB94|A0A1W0XB94_HYPDU	
HG_117768	
Hexe_tr|A0A1W0XFI4|A0A1W0XFI4_HYPDU	
HG_117162	
Hexe_tr|A0A1W0WLU5|A0A1W0WLU5_HYPDU	
HG_117364	
Hexe_tr|A0A1W0WVR4|A0A1W0WVR4_HYPDU	
HG_117566	
Hexe_tr|A0A1W0X5K5|A0A1W0X5K5_HYPDU	
HG_84899	
Hexe_tr|A0A1W0WL36|A0A1W0WL36_HYPDU	Hexe_tr|A0A1W0WL78|A0A1W0WL78_HYPDU	
HG_117048	
Hexe_tr|A0A1W0WHD8|A0A1W0WHD8_HYPDU	
HG_84827	
Hexe_tr|A0A1W0WCZ4|A0A1W0WCZ4_HYPDU	Hexe_tr|A0A1W0WD03|A0A1W0WD03_HYPDU	
HG_84963	
Hexe_tr|A0A1W0WV81|A0A1W0WV81_HYPDU	
HG_116832	
Hexe_tr|A0A1W0XAU8|A0A1W0XAU8_HYPDU	
HG_85023	
Hexe_tr|A0A1W0X4E7|A0A1W0X4E7_HYPDU	Hexe_tr|A0A1W0X9T2|A0A1W0X9T2_HYPDU	
HG_67897	
Hexe_tr|A0A1W0W9K5|A0A1W0W9K5_HYPDU	Hexe_tr|A0A1W0W9P1|A0A1W0W9P1_HYPDU	Hexe_tr|A0A1W0W9P9|A0A1W0W9P9_HYPDU	
HG_117691	
Hexe_tr|A0A1W0XC13|A0A1W0XC13_HYPDU	
HG_117173	
Hexe_tr|A0A1W0WMK5|A0A1W0WMK5_HYPDU	
HG_117375	
Hexe_tr|A0A1W0WWL4|A0A1W0WWL4_HYPDU	
HG_117059	
Hexe_tr|A0A1W0WHW5|A0A1W0WHW5_HYPDU	
HG_116843	
Hexe_tr|A0A1W0W8D8|A0A1W0W8D8_HYPDU	
HG_22480	
Hexe_tr|A0A1W0WTP0|A0A1W0WTP0_HYPDU	Hexe_tr|A0A1W0XA40|A0A1W0XA40_HYPDU	
HG_56405	
Hexe_tr|A0A1W0WVS8|A0A1W0WVS8_HYPDU	Hexe_tr|A0A1W0WVU2|A0A1W0WVU2_HYPDU	
HG_117588	
Hexe_tr|A0A1W0X6J8|A0A1W0X6J8_HYPDU	
HG_117184	
Hexe_tr|A0A1W0WN06|A0A1W0WN06_HYPDU	
HG_117386	
Hexe_tr|A0A1W0WX95|A0A1W0WX95_HYPDU	
HG_84809	
Hexe_tr|A0A1W0WBA9|A0A1W0WBA9_HYPDU	
HG_116854	
Hexe_tr|A0A1W0W8U3|A0A1W0W8U3_HYPDU	
HG_48484	
Hexe_tr|A0A1W0WBF1|A0A1W0WBF1_HYPDU	
HG_84776	
Hexe_tr|A0A1W0W8I9|A0A1W0W8I9_HYPDU	
HG_85077	
Hexe_tr|A0A1W0XDV8|A0A1W0XDV8_HYPDU	
HG_85005	
Hexe_tr|A0A1W0X1N3|A0A1W0X1N3_HYPDU	
HG_117397	
Hexe_tr|A0A1W0WXX4|A0A1W0WXX4_HYPDU	
HG_117599	
Hexe_tr|A0A1W0X714|A0A1W0X714_HYPDU	
HG_67943	
Hexe_tr|A0A1W0WG17|A0A1W0WG17_HYPDU	Hexe_tr|A0A1W0WG23|A0A1W0WG23_HYPDU	Hexe_tr|A0A1W0XA24|A0A1W0XA24_HYPDU	
HG_34216	
Hexe_tr|A0A1W0WDA0|A0A1W0WDA0_HYPDU	Hexe_tr|A0A1W0WE41|A0A1W0WE41_HYPDU	Hexe_tr|A0A1W0WE60|A0A1W0WE60_HYPDU	Hexe_tr|A0A1W0WE76|A0A1W0WE76_HYPDU	Hexe_tr|A0A1W0WED5|A0A1W0WED5_HYPDU	Hexe_tr|A0A1W0X2H4|A0A1W0X2H4_HYPDU	Hexe_tr|A0A1W0X5Q3|A0A1W0X5Q3_HYPDU	Hexe_tr|A0A1W0X663|A0A1W0X663_HYPDU	
HG_116865	
Hexe_tr|A0A1W0W956|A0A1W0W956_HYPDU	
HG_117707	
Hexe_tr|A0A1W0XCP9|A0A1W0XCP9_HYPDU	
HG_117101	
Hexe_tr|A0A1W0WJ98|A0A1W0WJ98_HYPDU	
HG_117303	
Hexe_tr|A0A1W0WTL3|A0A1W0WTL3_HYPDU	
HG_117505	
Hexe_tr|A0A1W0X253|A0A1W0X253_HYPDU	
HG_68003	
Hexe_tr|A0A1W0WY64|A0A1W0WY64_HYPDU	Hexe_tr|A0A1W0WY66|A0A1W0WY66_HYPDU	Hexe_tr|A0A1W0WY70|A0A1W0WY70_HYPDU	
HG_14743	
Hexe_tr|A0A1W0WNS4|A0A1W0WNS4_HYPDU	
HG_84999	
Hexe_tr|A0A1W0X0X7|A0A1W0X0X7_HYPDU	
HG_116990	
Hexe_tr|A0A1W0WF70|A0A1W0WF70_HYPDU	
HG_84927	
Hexe_tr|A0A1W0WPP0|A0A1W0WPP0_HYPDU	Hexe_tr|A0A1W0WPV7|A0A1W0WPV7_HYPDU	
HG_116876	
Hexe_tr|A0A1W0W9P0|A0A1W0W9P0_HYPDU	
HG_84758	
Hexe_tr|A0A1W0WTQ2|A0A1W0WTQ2_HYPDU	
HG_117630	
Hexe_tr|A0A1W0X8N1|A0A1W0X8N1_HYPDU	
HG_117718	
Hexe_tr|A0A1W0XD45|A0A1W0XD45_HYPDU	
HG_84894	
Hexe_tr|A0A1W0WKE2|A0A1W0WKE2_HYPDU	
HG_117516	
Hexe_tr|A0A1W0X2X0|A0A1W0X2X0_HYPDU	
HG_117314	
Hexe_tr|A0A1W0WTV4|A0A1W0WTV4_HYPDU	
HG_84822	
Hexe_tr|A0A1W0WCF2|A0A1W0WCF2_HYPDU	
HG_67997	
Hexe_tr|A0A1W0WVQ8|A0A1W0WVQ8_HYPDU	
HG_67925	
Hexe_tr|A0A1W0WAE7|A0A1W0WAE7_HYPDU	
HG_116887	
Hexe_tr|A0A1W0WA40|A0A1W0WA40_HYPDU	
HG_117527	
Hexe_tr|A0A1W0X3J2|A0A1W0X3J2_HYPDU	
HG_117729	
Hexe_tr|A0A1W0XDG2|A0A1W0XDG2_HYPDU	
HG_117123	
Hexe_tr|A0A1W0WK82|A0A1W0WK82_HYPDU	
HG_117325	
Hexe_tr|A0A1W0WUA9|A0A1W0WUA9_HYPDU	
HG_117009	
Hexe_tr|A0A1W0WFN9|A0A1W0WFN9_HYPDU	
HG_21395	
Hexe_tr|A0A1W0WM52|A0A1W0WM52_HYPDU	Hexe_tr|A0A1W0WMK0|A0A1W0WMK0_HYPDU	Hexe_tr|A0A1W0WQT9|A0A1W0WQT9_HYPDU	Hexe_tr|A0A1W0WZP4|A0A1W0WZP4_HYPDU	Hexe_tr|A0A1W0WZV2|A0A1W0WZV2_HYPDU	Hexe_tr|A0A1W0X5I6|A0A1W0X5I6_HYPDU	Hexe_tr|A0A1W0X757|A0A1W0X757_HYPDU	Hexe_tr|A0A1W0XBS4|A0A1W0XBS4_HYPDU	Hexe_tr|A0A1W0XE10|A0A1W0XE10_HYPDU	
HG_56400	
Hexe_tr|A0A1W0WSG2|A0A1W0WSG2_HYPDU	Hexe_tr|A0A1W0XAZ8|A0A1W0XAZ8_HYPDU	
HG_12419	
Hexe_tr|A0A1W0W918|A0A1W0W918_HYPDU	Hexe_tr|A0A1W0WCK8|A0A1W0WCK8_HYPDU	Hexe_tr|A0A1W0WMQ1|A0A1W0WMQ1_HYPDU	Hexe_tr|A0A1W0WNC4|A0A1W0WNC4_HYPDU	Hexe_tr|A0A1W0WNE5|A0A1W0WNE5_HYPDU	Hexe_tr|A0A1W0WNE9|A0A1W0WNE9_HYPDU	Hexe_tr|A0A1W0WNG0|A0A1W0WNG0_HYPDU	Hexe_tr|A0A1W0WNG2|A0A1W0WNG2_HYPDU	Hexe_tr|A0A1W0WNH1|A0A1W0WNH1_HYPDU	Hexe_tr|A0A1W0WNI0|A0A1W0WNI0_HYPDU	Hexe_tr|A0A1W0WNJ8|A0A1W0WNJ8_HYPDU	Hexe_tr|A0A1W0WNK5|A0A1W0WNK5_HYPDU	Hexe_tr|A0A1W0X259|A0A1W0X259_HYPDU	Hexe_tr|A0A1W0X5P4|A0A1W0X5P4_HYPDU	Hexe_tr|A0A1W0X7S5|A0A1W0X7S5_HYPDU	Hexe_tr|A0A1W0XBZ0|A0A1W0XBZ0_HYPDU	Hexe_tr|A0A1W0XBZ7|A0A1W0XBZ7_HYPDU	Hexe_tr|A0A1W0XC02|A0A1W0XC02_HYPDU	Hexe_tr|A0A1W0XC21|A0A1W0XC21_HYPDU	Hexe_tr|A0A1W0XC82|A0A1W0XC82_HYPDU	Hexe_tr|A0A1W0XD26|A0A1W0XD26_HYPDU	Hexe_tr|A0A1W0XDY1|A0A1W0XDY1_HYPDU	Hexe_tr|A0A1W0XDZ1|A0A1W0XDZ1_HYPDU	Hexe_tr|A0A1W0XFI3|A0A1W0XFI3_HYPDU	Hexe_tr|A0A1W0XFL9|A0A1W0XFL9_HYPDU	Hexe_tr|A0A1W0XFP1|A0A1W0XFP1_HYPDU	
HG_116898	
Hexe_tr|A0A1W0WAP0|A0A1W0WAP0_HYPDU	
HG_117652	
Hexe_tr|A0A1W0X9P6|A0A1W0X9P6_HYPDU	
HG_117538	
Hexe_tr|A0A1W0X3W6|A0A1W0X3W6_HYPDU	
HG_48512	
Hexe_tr|A0A1W0XCR5|A0A1W0XCR5_HYPDU	
HG_85072	
Hexe_tr|A0A1W0XD55|A0A1W0XD55_HYPDU	
HG_67979	
Hexe_tr|A0A1W0WNI9|A0A1W0WNI9_HYPDU	
HG_85000	
Hexe_tr|A0A1W0X120|A0A1W0X120_HYPDU	
HG_67907	
Hexe_tr|A0A1W0XAS0|A0A1W0XAS0_HYPDU	
HG_117461	
Hexe_tr|A0A1W0X0H7|A0A1W0X0H7_HYPDU	
HG_117663	
Hexe_tr|A0A1W0XAF7|A0A1W0XAF7_HYPDU	
HG_117347	
Hexe_tr|A0A1W0WV36|A0A1W0WV36_HYPDU	
HG_117549	
Hexe_tr|A0A1W0X4R5|A0A1W0X4R5_HYPDU	
HG_117145	
Hexe_tr|A0A1W0WL93|A0A1W0WL93_HYPDU	
HG_68039	
Hexe_tr|A0A1W0XET5|A0A1W0XET5_HYPDU	
HG_117472	
Hexe_tr|A0A1W0X0U3|A0A1W0X0U3_HYPDU	
HG_117674	
Hexe_tr|A0A1W0XAY2|A0A1W0XAY2_HYPDU	
HG_117156	
Hexe_tr|A0A1W0WLL3|A0A1W0WLL3_HYPDU	
HG_117358	
Hexe_tr|A0A1W0WVJ3|A0A1W0WVJ3_HYPDU	
HG_84858	
Hexe_tr|A0A1W0WG90|A0A1W0WG90_HYPDU	
HG_116940	
Hexe_tr|A0A1W0WCX8|A0A1W0WCX8_HYPDU	
HG_84922	
Hexe_tr|A0A1W0WP06|A0A1W0WP06_HYPDU	
HG_116826	
Hexe_tr|A0A1W0X1C9|A0A1W0X1C9_HYPDU	
HG_85054	
Hexe_tr|A0A1W0X9N3|A0A1W0X9N3_HYPDU	Hexe_tr|A0A1W0X9P1|A0A1W0X9P1_HYPDU	
HG_67992	
Hexe_tr|A0A1W0WSC2|A0A1W0WSC2_HYPDU	
HG_117281	
Hexe_tr|A0A1W0WSU1|A0A1W0WSU1_HYPDU	
HG_117483	
Hexe_tr|A0A1W0X1C3|A0A1W0X1C3_HYPDU	
HG_117685	
Hexe_tr|A0A1W0XBG3|A0A1W0XBG3_HYPDU	
HG_117369	
Hexe_tr|A0A1W0WVX1|A0A1W0WVX1_HYPDU	
HG_116837	
Hexe_tr|A0A1W0W865|A0A1W0W865_HYPDU	
HG_116951	
Hexe_tr|A0A1W0WD69|A0A1W0WD69_HYPDU	
HG_117696	
Hexe_tr|A0A1W0XC58|A0A1W0XC58_HYPDU	
HG_117090	
Hexe_tr|A0A1W0WJ08|A0A1W0WJ08_HYPDU	
HG_117292	
Hexe_tr|A0A1W0WTC7|A0A1W0WTC7_HYPDU	
HG_117494	
Hexe_tr|A0A1W0X1P4|A0A1W0X1P4_HYPDU	
HG_116962	
Hexe_tr|A0A1W0WDL9|A0A1W0WDL9_HYPDU	
HG_84904	
Hexe_tr|A0A1W0WLU8|A0A1W0WLU8_HYPDU	Hexe_tr|A0A1W0X2Q0|A0A1W0X2Q0_HYPDU	
HG_116848	
Hexe_tr|A0A1W0W8K5|A0A1W0W8K5_HYPDU	
HG_117602	
Hexe_tr|A0A1W0X749|A0A1W0X749_HYPDU	
HG_117400	
Hexe_tr|A0A1W0WY15|A0A1W0WY15_HYPDU	
HG_85036	
Hexe_tr|A0A1W0X5M0|A0A1W0X5M0_HYPDU	
HG_67902	
Hexe_tr|A0A1W0WIB9|A0A1W0WIB9_HYPDU	Hexe_tr|A0A1W0WIE9|A0A1W0WIE9_HYPDU	
HG_116973	
Hexe_tr|A0A1W0WE15|A0A1W0WE15_HYPDU	
HG_116859	
Hexe_tr|A0A1W0W8Z2|A0A1W0W8Z2_HYPDU	
HG_117411	
Hexe_tr|A0A1W0WYI6|A0A1W0WYI6_HYPDU	
HG_68034	
Hexe_tr|A0A1W0XAS3|A0A1W0XAS3_HYPDU	
HG_23711	
Hexe_tr|A0A1W0WKN3|A0A1W0WKN3_HYPDU	Hexe_tr|A0A1W0WKR9|A0A1W0WKR9_HYPDU	Hexe_tr|A0A1W0WKT5|A0A1W0WKT5_HYPDU	Hexe_tr|A0A1W0WL05|A0A1W0WL05_HYPDU	Hexe_tr|A0A1W0WRU1|A0A1W0WRU1_HYPDU	Hexe_tr|A0A1W0WSU8|A0A1W0WSU8_HYPDU	Hexe_tr|A0A1W0WT56|A0A1W0WT56_HYPDU	Hexe_tr|A0A1W0WXJ5|A0A1W0WXJ5_HYPDU	Hexe_tr|A0A1W0X580|A0A1W0X580_HYPDU	
HG_56418	
Hexe_tr|A0A1W0XDT0|A0A1W0XDT0_HYPDU	
HG_84958	
Hexe_tr|A0A1W0WUN4|A0A1W0WUN4_HYPDU	Hexe_tr|A0A1W0WUT9|A0A1W0WUT9_HYPDU	
HG_48497	
Hexe_tr|A0A1W0WK21|A0A1W0WK21_HYPDU	Hexe_tr|A0A1W0WK31|A0A1W0WK31_HYPDU	Hexe_tr|A0A1W0X247|A0A1W0X247_HYPDU	
HG_117220	
Hexe_tr|A0A1W0WPB0|A0A1W0WPB0_HYPDU	
HG_117422	
Hexe_tr|A0A1W0WYV5|A0A1W0WYV5_HYPDU	
HG_117624	
Hexe_tr|A0A1W0X888|A0A1W0X888_HYPDU	
HG_117106	
Hexe_tr|A0A1W0WJD1|A0A1W0WJD1_HYPDU	
HG_84853	
Hexe_tr|A0A1W0WFR4|A0A1W0WFR4_HYPDU	
HG_85018	
Hexe_tr|A0A1W0X3R4|A0A1W0X3R4_HYPDU	Hexe_tr|A0A1W0X9U9|A0A1W0X9U9_HYPDU	
HG_38021	
Hexe_tr|A0A1W0W9K7|A0A1W0W9K7_HYPDU	Hexe_tr|A0A1W0W9K9|A0A1W0W9K9_HYPDU	Hexe_tr|A0A1W0WB97|A0A1W0WB97_HYPDU	Hexe_tr|A0A1W0XF05|A0A1W0XF05_HYPDU	
HG_116995	
Hexe_tr|A0A1W0WFD6|A0A1W0WFD6_HYPDU	
HG_117635	
Hexe_tr|A0A1W0X8W0|A0A1W0X8W0_HYPDU	
HG_117433	
Hexe_tr|A0A1W0WZK9|A0A1W0WZK9_HYPDU	
HG_117231	
Hexe_tr|A0A1W0WPM9|A0A1W0WPM9_HYPDU	
HG_117117	
Hexe_tr|A0A1W0WJY4|A0A1W0WJY4_HYPDU	
HG_117319	
Hexe_tr|A0A1W0WU12|A0A1W0WU12_HYPDU	
HG_116901	
Hexe_tr|A0A1W0WAS5|A0A1W0WAS5_HYPDU	
HG_68016	
Hexe_tr|A0A1W0X394|A0A1W0X394_HYPDU	Hexe_tr|A0A1W0X3G0|A0A1W0X3G0_HYPDU	
HG_56367	
Hexe_tr|A0A1W0WDY4|A0A1W0WDY4_HYPDU	Hexe_tr|A0A1W0WDZ2|A0A1W0WDZ2_HYPDU	Hexe_tr|A0A1W0WE69|A0A1W0WE69_HYPDU	
HG_117760	
Hexe_tr|A0A1W0XF57|A0A1W0XF57_HYPDU	
HG_117040	
Hexe_tr|A0A1W0WGS8|A0A1W0WGS8_HYPDU	
HG_117444	
Hexe_tr|A0A1W0X025|A0A1W0X025_HYPDU	
HG_117128	
Hexe_tr|A0A1W0WKD1|A0A1W0WKD1_HYPDU	
HG_84835	
Hexe_tr|A0A1W0WE16|A0A1W0WE16_HYPDU	
HG_84971	
Hexe_tr|A0A1W0WWE1|A0A1W0WWE1_HYPDU	
HG_85031	
Hexe_tr|A0A1W0X5D8|A0A1W0X5D8_HYPDU	Hexe_tr|A0A1W0XDL2|A0A1W0XDL2_HYPDU	
HG_117771	
Hexe_tr|A0A1W0XFL6|A0A1W0XFL6_HYPDU	
HG_117455	
Hexe_tr|A0A1W0X0A7|A0A1W0X0A7_HYPDU	
HG_117657	
Hexe_tr|A0A1W0XA86|A0A1W0XA86_HYPDU	
HG_117051	
Hexe_tr|A0A1W0WHF9|A0A1W0WHF9_HYPDU	
HG_117139	
Hexe_tr|A0A1W0WKX7|A0A1W0WKX7_HYPDU	
HG_116923	
Hexe_tr|A0A1W0WC71|A0A1W0WC71_HYPDU	
HG_56413	
Hexe_tr|A0A1W0X1R5|A0A1W0X1R5_HYPDU	Hexe_tr|A0A1W0X1T6|A0A1W0X1T6_HYPDU	Hexe_tr|A0A1W0X1U0|A0A1W0X1U0_HYPDU	Hexe_tr|A0A1W0X1U1|A0A1W0X1U1_HYPDU	
HG_117580	
Hexe_tr|A0A1W0X655|A0A1W0X655_HYPDU	
HG_56380	
Hexe_tr|A0A1W0WI27|A0A1W0WI27_HYPDU	Hexe_tr|A0A1W0WI35|A0A1W0WI35_HYPDU	Hexe_tr|A0A1W0WU26|A0A1W0WU26_HYPDU	
HG_117264	
Hexe_tr|A0A1W0WRM7|A0A1W0WRM7_HYPDU	
HG_117466	
Hexe_tr|A0A1W0X0N2|A0A1W0X0N2_HYPDU	
HG_117668	
Hexe_tr|A0A1W0XAJ4|A0A1W0XAJ4_HYPDU	
HG_84889	
Hexe_tr|A0A1W0WK46|A0A1W0WK46_HYPDU	Hexe_tr|A0A1W0X1T7|A0A1W0X1T7_HYPDU	
HG_84817	
Hexe_tr|A0A1W0WC02|A0A1W0WC02_HYPDU	
HG_84953	
Hexe_tr|A0A1W0WTY9|A0A1W0WTY9_HYPDU	Hexe_tr|A0A1W0WTZ9|A0A1W0WTZ9_HYPDU	
HG_116934	
Hexe_tr|A0A1W0WCW1|A0A1W0WCW1_HYPDU	
HG_42699	
Hexe_tr|A0A1W0WA66|A0A1W0WA66_HYPDU	Hexe_tr|A0A1W0WAA0|A0A1W0WAA0_HYPDU	Hexe_tr|A0A1W0WHR0|A0A1W0WHR0_HYPDU	Hexe_tr|A0A1W0WHR6|A0A1W0WHR6_HYPDU	Hexe_tr|A0A1W0WZM3|A0A1W0WZM3_HYPDU	Hexe_tr|A0A1W0X3C0|A0A1W0X3C0_HYPDU	
HG_85085	
Hexe_tr|A0A1W0XF10|A0A1W0XF10_HYPDU	Hexe_tr|A0A1W0XF59|A0A1W0XF59_HYPDU	
HG_117591	
Hexe_tr|A0A1W0X6L5|A0A1W0X6L5_HYPDU	
HG_117275	
Hexe_tr|A0A1W0WSI1|A0A1W0WSI1_HYPDU	
HG_117477	
Hexe_tr|A0A1W0X139|A0A1W0X139_HYPDU	
HG_117679	
Hexe_tr|A0A1W0XB68|A0A1W0XB68_HYPDU	
HG_67951	
Hexe_tr|A0A1W0WGP3|A0A1W0WGP3_HYPDU	Hexe_tr|A0A1W0WSV4|A0A1W0WSV4_HYPDU	Hexe_tr|A0A1W0X074|A0A1W0X074_HYPDU	
HG_116945	
Hexe_tr|A0A1W0WD12|A0A1W0WD12_HYPDU	
HG_68011	
Hexe_tr|A0A1W0X188|A0A1W0X188_HYPDU	
HG_56362	
Hexe_tr|A0A1W0WBI9|A0A1W0WBI9_HYPDU	Hexe_tr|A0A1W0XAC4|A0A1W0XAC4_HYPDU	Hexe_tr|A0A1W0XAD0|A0A1W0XAD0_HYPDU	
HG_117488	
Hexe_tr|A0A1W0X1I6|A0A1W0X1I6_HYPDU	
HG_48507	
Hexe_tr|A0A1W0X4H9|A0A1W0X4H9_HYPDU	
HG_84935	
Hexe_tr|A0A1W0WR30|A0A1W0WR30_HYPDU	Hexe_tr|A0A1W0WR35|A0A1W0WR35_HYPDU	
HG_116956	
Hexe_tr|A0A1W0WD97|A0A1W0WD97_HYPDU	
HG_84830	
Hexe_tr|A0A1W0WDI9|A0A1W0WDI9_HYPDU	Hexe_tr|A0A1W0X3V0|A0A1W0X3V0_HYPDU	
HG_85067	
Hexe_tr|A0A1W0XCF0|A0A1W0XCF0_HYPDU	
HG_117297	
Hexe_tr|A0A1W0WTG1|A0A1W0WTG1_HYPDU	
HG_117095	
Hexe_tr|A0A1W0WJ48|A0A1W0WJ48_HYPDU	
HG_116967	
Hexe_tr|A0A1W0WDT6|A0A1W0WDT6_HYPDU	
HG_117405	
Hexe_tr|A0A1W0WYC4|A0A1W0WYC4_HYPDU	
HG_117607	
Hexe_tr|A0A1W0X7E5|A0A1W0X7E5_HYPDU	
HG_117001	
Hexe_tr|A0A1W0WFH2|A0A1W0WFH2_HYPDU	
HG_117203	
Hexe_tr|A0A1W0WNU3|A0A1W0WNU3_HYPDU	
HG_31156	
Hexe_tr|A0A1W0WTA9|A0A1W0WTA9_HYPDU	Hexe_tr|A0A1W0X0H1|A0A1W0X0H1_HYPDU	
HG_18156	
Hexe_tr|A0A1W0WGL0|A0A1W0WGL0_HYPDU	
HG_84989	
Hexe_tr|A0A1W0WZ72|A0A1W0WZ72_HYPDU	Hexe_tr|A0A1W0WZB1|A0A1W0WZB1_HYPDU	
HG_116890	
Hexe_tr|A0A1W0WA58|A0A1W0WA58_HYPDU	
HG_84917	
Hexe_tr|A0A1W0WNS0|A0A1W0WNS0_HYPDU	Hexe_tr|A0A1W0WYE3|A0A1W0WYE3_HYPDU	
HG_116978	
Hexe_tr|A0A1W0WE56|A0A1W0WE56_HYPDU	
HG_117732	
Hexe_tr|A0A1W0XDQ4|A0A1W0XDQ4_HYPDU	
HG_117530	
Hexe_tr|A0A1W0X3M8|A0A1W0X3M8_HYPDU	
HG_84884	
Hexe_tr|A0A1W0WJA0|A0A1W0WJA0_HYPDU	Hexe_tr|A0A1W0WJE8|A0A1W0WJE8_HYPDU	
HG_117618	
Hexe_tr|A0A1W0X7Y8|A0A1W0X7Y8_HYPDU	
HG_117214	
Hexe_tr|A0A1W0WP87|A0A1W0WP87_HYPDU	
HG_117012	
Hexe_tr|A0A1W0WFR8|A0A1W0WFR8_HYPDU	
HG_84812	
Hexe_tr|A0A1W0WBJ6|A0A1W0WBJ6_HYPDU	Hexe_tr|A0A1W0WBP6|A0A1W0WBP6_HYPDU	
HG_85049	
Hexe_tr|A0A1W0X8I5|A0A1W0X8I5_HYPDU	Hexe_tr|A0A1W0X8T9|A0A1W0X8T9_HYPDU	
HG_85080	
Hexe_tr|A0A1W0XE46|A0A1W0XE46_HYPDU	Hexe_tr|A0A1W0XEA7|A0A1W0XEA7_HYPDU	
HG_67987	
Hexe_tr|A0A1W0WPT6|A0A1W0WPT6_HYPDU	
HG_67915	
Hexe_tr|A0A1W0W8G7|A0A1W0W8G7_HYPDU	Hexe_tr|A0A1W0W8H6|A0A1W0W8H6_HYPDU	Hexe_tr|A0A1W0W8I3|A0A1W0W8I3_HYPDU	
HG_116989	
Hexe_tr|A0A1W0WF48|A0A1W0WF48_HYPDU	
HG_117541	
Hexe_tr|A0A1W0X460|A0A1W0X460_HYPDU	
HG_117629	
Hexe_tr|A0A1W0X8M8|A0A1W0X8M8_HYPDU	
HG_117743	
Hexe_tr|A0A1W0XEB0|A0A1W0XEB0_HYPDU	
HG_117427	
Hexe_tr|A0A1W0WZ61|A0A1W0WZ61_HYPDU	
HG_117023	
Hexe_tr|A0A1W0WG13|A0A1W0WG13_HYPDU	
HG_56398	
Hexe_tr|A0A1W0WR41|A0A1W0WR41_HYPDU	
HG_117552	
Hexe_tr|A0A1W0X516|A0A1W0X516_HYPDU	
HG_117034	
Hexe_tr|A0A1W0WGE5|A0A1W0WGE5_HYPDU	
HG_117236	
Hexe_tr|A0A1W0WPW8|A0A1W0WPW8_HYPDU	
HG_84866	
Hexe_tr|A0A1W0WH46|A0A1W0WH46_HYPDU	
HG_48502	
Hexe_tr|A0A1W0WPD7|A0A1W0WPD7_HYPDU	Hexe_tr|A0A1W0WPF3|A0A1W0WPF3_HYPDU	Hexe_tr|A0A1W0WX16|A0A1W0WX16_HYPDU	Hexe_tr|A0A1W0WX51|A0A1W0WX51_HYPDU	Hexe_tr|A0A1W0X299|A0A1W0X299_HYPDU	
HG_116906	
Hexe_tr|A0A1W0WB26|A0A1W0WB26_HYPDU	
HG_84761	
Hexe_tr|A0A1W0WWU1|A0A1W0WWU1_HYPDU	
HG_85062	
Hexe_tr|A0A1W0XB83|A0A1W0XB83_HYPDU	Hexe_tr|A0A1W0XBR0|A0A1W0XBR0_HYPDU	
HG_67969	
Hexe_tr|A0A1W0WLB1|A0A1W0WLB1_HYPDU	Hexe_tr|A0A1W0WLE8|A0A1W0WLE8_HYPDU	Hexe_tr|A0A1W0XEG2|A0A1W0XEG2_HYPDU	
HG_117765	
Hexe_tr|A0A1W0XFB9|A0A1W0XFB9_HYPDU	
HG_117361	
Hexe_tr|A0A1W0WVK4|A0A1W0WVK4_HYPDU	
HG_117449	
Hexe_tr|A0A1W0X057|A0A1W0X057_HYPDU	
HG_117247	
Hexe_tr|A0A1W0WQR6|A0A1W0WQR6_HYPDU	
HG_68029	
Hexe_tr|A0A1W0X8S1|A0A1W0X8S1_HYPDU	
HG_13712	
Hexe_tr|A0A1W0WB19|A0A1W0WB19_HYPDU	Hexe_tr|A0A1W0WB88|A0A1W0WB88_HYPDU	Hexe_tr|A0A1W0WB93|A0A1W0WB93_HYPDU	Hexe_tr|A0A1W0WBH9|A0A1W0WBH9_HYPDU	Hexe_tr|A0A1W0WCG8|A0A1W0WCG8_HYPDU	Hexe_tr|A0A1W0WEH2|A0A1W0WEH2_HYPDU	Hexe_tr|A0A1W0WEK8|A0A1W0WEK8_HYPDU	Hexe_tr|A0A1W0WEQ9|A0A1W0WEQ9_HYPDU	Hexe_tr|A0A1W0WHC9|A0A1W0WHC9_HYPDU	Hexe_tr|A0A1W0WHE6|A0A1W0WHE6_HYPDU	Hexe_tr|A0A1W0WLT0|A0A1W0WLT0_HYPDU	Hexe_tr|A0A1W0WPN2|A0A1W0WPN2_HYPDU	Hexe_tr|A0A1W0WQ28|A0A1W0WQ28_HYPDU	Hexe_tr|A0A1W0WQA8|A0A1W0WQA8_HYPDU	Hexe_tr|A0A1W0WQG1|A0A1W0WQG1_HYPDU	Hexe_tr|A0A1W0WXS9|A0A1W0WXS9_HYPDU	Hexe_tr|A0A1W0X6R8|A0A1W0X6R8_HYPDU	Hexe_tr|A0A1W0X8F7|A0A1W0X8F7_HYPDU	Hexe_tr|A0A1W0X9B0|A0A1W0X9B0_HYPDU	Hexe_tr|A0A1W0X9K1|A0A1W0X9K1_HYPDU	Hexe_tr|A0A1W0X9U2|A0A1W0X9U2_HYPDU	Hexe_tr|A0A1W0X9V7|A0A1W0X9V7_HYPDU	Hexe_tr|A0A1W0XBA3|A0A1W0XBA3_HYPDU	Hexe_tr|A0A1W0XE67|A0A1W0XE67_HYPDU	Hexe_tr|A0A1W0XEQ6|A0A1W0XEQ6_HYPDU	
HG_117574	
Hexe_tr|A0A1W0X5V9|A0A1W0X5V9_HYPDU	
HG_117056	
Hexe_tr|A0A1W0WHL3|A0A1W0WHL3_HYPDU	
HG_84848	
Hexe_tr|A0A1W0WF90|A0A1W0WF90_HYPDU	Hexe_tr|A0A1W0WFB1|A0A1W0WFB1_HYPDU	
HG_117258	
Hexe_tr|A0A1W0WR86|A0A1W0WR86_HYPDU	
HG_84984	
Hexe_tr|A0A1W0WYC2|A0A1W0WYC2_HYPDU	
HG_116840	
Hexe_tr|A0A1W0W8C5|A0A1W0W8C5_HYPDU	
HG_84912	
Hexe_tr|A0A1W0WMW2|A0A1W0WMW2_HYPDU	
HG_85044	
Hexe_tr|A0A1W0X836|A0A1W0X836_HYPDU	
HG_28706	
Hexe_tr|A0A1W0W8T5|A0A1W0W8T5_HYPDU	Hexe_tr|A0A1W0WJZ9|A0A1W0WJZ9_HYPDU	Hexe_tr|A0A1W0WK10|A0A1W0WK10_HYPDU	Hexe_tr|A0A1W0WK19|A0A1W0WK19_HYPDU	Hexe_tr|A0A1W0WK20|A0A1W0WK20_HYPDU	Hexe_tr|A0A1W0WK45|A0A1W0WK45_HYPDU	Hexe_tr|A0A1W0WNG8|A0A1W0WNG8_HYPDU	Hexe_tr|A0A1W0WNI1|A0A1W0WNI1_HYPDU	Hexe_tr|A0A1W0WNM1|A0A1W0WNM1_HYPDU	Hexe_tr|A0A1W0WZ54|A0A1W0WZ54_HYPDU	
HG_117383	
Hexe_tr|A0A1W0WX37|A0A1W0WX37_HYPDU	
HG_117585	
Hexe_tr|A0A1W0X6D9|A0A1W0X6D9_HYPDU	
HG_117181	
Hexe_tr|A0A1W0WMZ6|A0A1W0WMZ6_HYPDU	
HG_116939	
Hexe_tr|A0A1W0WCX7|A0A1W0WCX7_HYPDU	
HG_56393	
Hexe_tr|A0A1W0WPV6|A0A1W0WPV6_HYPDU	Hexe_tr|A0A1W0X593|A0A1W0X593_HYPDU	Hexe_tr|A0A1W0XAM4|A0A1W0XAM4_HYPDU	
HG_117596	
Hexe_tr|A0A1W0X6Y3|A0A1W0X6Y3_HYPDU	
HG_117192	
Hexe_tr|A0A1W0WNF0|A0A1W0WNF0_HYPDU	
HG_117078	
Hexe_tr|A0A1W0WIF6|A0A1W0WIF6_HYPDU	
HG_84966	
Hexe_tr|A0A1W0WVC4|A0A1W0WVC4_HYPDU	
HG_84797	
Hexe_tr|A0A1W0W9X8|A0A1W0W9X8_HYPDU	Hexe_tr|A0A1W0WA25|A0A1W0WA25_HYPDU	
HG_117704	
Hexe_tr|A0A1W0XCN4|A0A1W0XCN4_HYPDU	
HG_117502	
Hexe_tr|A0A1W0X1Z4|A0A1W0X1Z4_HYPDU	
HG_85026	
Hexe_tr|A0A1W0X4P9|A0A1W0X4P9_HYPDU	Hexe_tr|A0A1W0X4Z4|A0A1W0X4Z4_HYPDU	
HG_67964	
Hexe_tr|A0A1W0WKJ4|A0A1W0WKJ4_HYPDU	Hexe_tr|A0A1W0WKN0|A0A1W0WKN0_HYPDU	
HG_117089	
Hexe_tr|A0A1W0WJ04|A0A1W0WJ04_HYPDU	
HG_116873	
Hexe_tr|A0A1W0W9L3|A0A1W0W9L3_HYPDU	
HG_117513	
Hexe_tr|A0A1W0X2T4|A0A1W0X2T4_HYPDU	
HG_117715	
Hexe_tr|A0A1W0XD16|A0A1W0XD16_HYPDU	
HG_117311	
Hexe_tr|A0A1W0WTS8|A0A1W0WTS8_HYPDU	
HG_68024	
Hexe_tr|A0A1W0X7M8|A0A1W0X7M8_HYPDU	
HG_116884	
Hexe_tr|A0A1W0WA02|A0A1W0WA02_HYPDU	
HG_84948	
Hexe_tr|A0A1W0WTM8|A0A1W0WTM8_HYPDU	
HG_48487	
Hexe_tr|A0A1W0WDH9|A0A1W0WDH9_HYPDU	
HG_117524	
Hexe_tr|A0A1W0X3F4|A0A1W0X3F4_HYPDU	
HG_117726	
Hexe_tr|A0A1W0XDF1|A0A1W0XDF1_HYPDU	
HG_117322	
Hexe_tr|A0A1W0WU42|A0A1W0WU42_HYPDU	
HG_117006	
Hexe_tr|A0A1W0WFL2|A0A1W0WFL2_HYPDU	
HG_85008	
Hexe_tr|A0A1W0X230|A0A1W0X230_HYPDU	
HG_67946	
Hexe_tr|A0A1W0WG55|A0A1W0WG55_HYPDU	Hexe_tr|A0A1W0XED6|A0A1W0XED6_HYPDU	Hexe_tr|A0A1W0XEK0|A0A1W0XEK0_HYPDU	
HG_34219	
Hexe_tr|A0A1W0WEA9|A0A1W0WEA9_HYPDU	Hexe_tr|A0A1W0WEC3|A0A1W0WEC3_HYPDU	Hexe_tr|A0A1W0WEI0|A0A1W0WEI0_HYPDU	Hexe_tr|A0A1W0WF60|A0A1W0WF60_HYPDU	Hexe_tr|A0A1W0X6M1|A0A1W0X6M1_HYPDU	Hexe_tr|A0A1W0X7J0|A0A1W0X7J0_HYPDU	Hexe_tr|A0A1W0XD30|A0A1W0XD30_HYPDU	Hexe_tr|A0A1W0XDD8|A0A1W0XDD8_HYPDU	
HG_117333	
Hexe_tr|A0A1W0WUP5|A0A1W0WUP5_HYPDU	
HG_117535	
Hexe_tr|A0A1W0X3T1|A0A1W0X3T1_HYPDU	
HG_117737	
Hexe_tr|A0A1W0XE30|A0A1W0XE30_HYPDU	
HG_117219	
Hexe_tr|A0A1W0WP98|A0A1W0WP98_HYPDU	
HG_117017	
Hexe_tr|A0A1W0WFX6|A0A1W0WFX6_HYPDU	
HG_117748	
Hexe_tr|A0A1W0XEH6|A0A1W0XEH6_HYPDU	
HG_117660	
Hexe_tr|A0A1W0XAD5|A0A1W0XAD5_HYPDU	
HG_117546	
Hexe_tr|A0A1W0X4E9|A0A1W0X4E9_HYPDU	
HG_117142	
Hexe_tr|A0A1W0WL46|A0A1W0WL46_HYPDU	
HG_117344	
Hexe_tr|A0A1W0WV15|A0A1W0WV15_HYPDU	
HG_117028	
Hexe_tr|A0A1W0WG33|A0A1W0WG33_HYPDU	
HG_84825	
Hexe_tr|A0A1W0WCP7|A0A1W0WCP7_HYPDU	Hexe_tr|A0A1W0WCU7|A0A1W0WCU7_HYPDU	
HG_84961	
Hexe_tr|A0A1W0WV26|A0A1W0WV26_HYPDU	Hexe_tr|A0A1W0X026|A0A1W0X026_HYPDU	
HG_116812	
Hexe_tr|A0A1W0WCX5|A0A1W0WCX5_HYPDU	
HG_84792	
Hexe_tr|A0A1W0W9H5|A0A1W0W9H5_HYPDU	
HG_85021	
Hexe_tr|A0A1W0X461|A0A1W0X461_HYPDU	
HG_67928	
Hexe_tr|A0A1W0WAN8|A0A1W0WAN8_HYPDU	Hexe_tr|A0A1W0WBX9|A0A1W0WBX9_HYPDU	
HG_9824	
Hexe_tr|A0A1W0W8C0|A0A1W0W8C0_HYPDU	Hexe_tr|A0A1W0W8D6|A0A1W0W8D6_HYPDU	Hexe_tr|A0A1W0W8E7|A0A1W0W8E7_HYPDU	Hexe_tr|A0A1W0W8H2|A0A1W0W8H2_HYPDU	Hexe_tr|A0A1W0WAH7|A0A1W0WAH7_HYPDU	Hexe_tr|A0A1W0WAI6|A0A1W0WAI6_HYPDU	Hexe_tr|A0A1W0WB27|A0A1W0WB27_HYPDU	Hexe_tr|A0A1W0WB54|A0A1W0WB54_HYPDU	Hexe_tr|A0A1W0WBC1|A0A1W0WBC1_HYPDU	Hexe_tr|A0A1W0WBW1|A0A1W0WBW1_HYPDU	Hexe_tr|A0A1W0WC14|A0A1W0WC14_HYPDU	Hexe_tr|A0A1W0WCZ6|A0A1W0WCZ6_HYPDU	Hexe_tr|A0A1W0WD17|A0A1W0WD17_HYPDU	Hexe_tr|A0A1W0WER2|A0A1W0WER2_HYPDU	Hexe_tr|A0A1W0WES1|A0A1W0WES1_HYPDU	Hexe_tr|A0A1W0WES5|A0A1W0WES5_HYPDU	Hexe_tr|A0A1W0WEY9|A0A1W0WEY9_HYPDU	Hexe_tr|A0A1W0WH18|A0A1W0WH18_HYPDU	Hexe_tr|A0A1W0WH29|A0A1W0WH29_HYPDU	Hexe_tr|A0A1W0WH33|A0A1W0WH33_HYPDU	Hexe_tr|A0A1W0WHQ5|A0A1W0WHQ5_HYPDU	Hexe_tr|A0A1W0WJA7|A0A1W0WJA7_HYPDU	Hexe_tr|A0A1W0WKP3|A0A1W0WKP3_HYPDU	Hexe_tr|A0A1W0WKS1|A0A1W0WKS1_HYPDU	Hexe_tr|A0A1W0WLM9|A0A1W0WLM9_HYPDU	Hexe_tr|A0A1W0WLP1|A0A1W0WLP1_HYPDU	Hexe_tr|A0A1W0WP29|A0A1W0WP29_HYPDU	Hexe_tr|A0A1W0WP52|A0A1W0WP52_HYPDU	Hexe_tr|A0A1W0WQ93|A0A1W0WQ93_HYPDU	Hexe_tr|A0A1W0WQF3|A0A1W0WQF3_HYPDU	Hexe_tr|A0A1W0WQY3|A0A1W0WQY3_HYPDU	Hexe_tr|A0A1W0WRD3|A0A1W0WRD3_HYPDU	Hexe_tr|A0A1W0WRT8|A0A1W0WRT8_HYPDU	Hexe_tr|A0A1W0WTB6|A0A1W0WTB6_HYPDU	Hexe_tr|A0A1W0WWB5|A0A1W0WWB5_HYPDU	Hexe_tr|A0A1W0WYN6|A0A1W0WYN6_HYPDU	Hexe_tr|A0A1W0WYR0|A0A1W0WYR0_HYPDU	Hexe_tr|A0A1W0X0B4|A0A1W0X0B4_HYPDU	Hexe_tr|A0A1W0X2J4|A0A1W0X2J4_HYPDU	Hexe_tr|A0A1W0X4Z1|A0A1W0X4Z1_HYPDU	Hexe_tr|A0A1W0X4Z9|A0A1W0X4Z9_HYPDU	Hexe_tr|A0A1W0X5D7|A0A1W0X5D7_HYPDU	Hexe_tr|A0A1W0X5E9|A0A1W0X5E9_HYPDU	Hexe_tr|A0A1W0X5P8|A0A1W0X5P8_HYPDU	Hexe_tr|A0A1W0X750|A0A1W0X750_HYPDU	Hexe_tr|A0A1W0X7H2|A0A1W0X7H2_HYPDU	Hexe_tr|A0A1W0XDB9|A0A1W0XDB9_HYPDU	Hexe_tr|A0A1W0XDF8|A0A1W0XDF8_HYPDU	Hexe_tr|A0A1W0XDN6|A0A1W0XDN6_HYPDU	Hexe_tr|A0A1W0XF43|A0A1W0XF43_HYPDU	Hexe_tr|A0A1W0XF72|A0A1W0XF72_HYPDU	
HG_117671	
Hexe_tr|A0A1W0XAN2|A0A1W0XAN2_HYPDU	
HG_117759	
Hexe_tr|A0A1W0XF37|A0A1W0XF37_HYPDU	
HG_117153	
Hexe_tr|A0A1W0WLI3|A0A1W0WLI3_HYPDU	
HG_117355	
Hexe_tr|A0A1W0WVF1|A0A1W0WVF1_HYPDU	
HG_117039	
Hexe_tr|A0A1W0WGQ6|A0A1W0WGQ6_HYPDU	
HG_21398	
Hexe_tr|A0A1W0WZA0|A0A1W0WZA0_HYPDU	
HG_117682	
Hexe_tr|A0A1W0XBB5|A0A1W0XBB5_HYPDU	
HG_56370	
Hexe_tr|A0A1W0WE79|A0A1W0WE79_HYPDU	Hexe_tr|A0A1W0WE87|A0A1W0WE87_HYPDU	Hexe_tr|A0A1W0XB42|A0A1W0XB42_HYPDU	
HG_117568	
Hexe_tr|A0A1W0X5M9|A0A1W0X5M9_HYPDU	
HG_117164	
Hexe_tr|A0A1W0WLX8|A0A1W0WLX8_HYPDU	
HG_117366	
Hexe_tr|A0A1W0WVT2|A0A1W0WVT2_HYPDU	
HG_84879	
Hexe_tr|A0A1W0WIJ8|A0A1W0WIJ8_HYPDU	
HG_84943	
Hexe_tr|A0A1W0WSK7|A0A1W0WSK7_HYPDU	
HG_48482	
Hexe_tr|A0A1W0WB32|A0A1W0WB32_HYPDU	Hexe_tr|A0A1W0WFK6|A0A1W0WFK6_HYPDU	Hexe_tr|A0A1W0WMW8|A0A1W0WMW8_HYPDU	Hexe_tr|A0A1W0X514|A0A1W0X514_HYPDU	Hexe_tr|A0A1W0X8E8|A0A1W0X8E8_HYPDU	
HG_84774	
Hexe_tr|A0A0D3QT68|A0A0D3QT68_HYPDU	Hexe_tr|A0A1W0WR38|A0A1W0WR38_HYPDU	
HG_85075	
Hexe_tr|A0A1W0XD96|A0A1W0XD96_HYPDU	Hexe_tr|A0A1W0XDE5|A0A1W0XDE5_HYPDU	
HG_117693	
Hexe_tr|A0A1W0XC31|A0A1W0XC31_HYPDU	
HG_117491	
Hexe_tr|A0A1W0X1M1|A0A1W0X1M1_HYPDU	
HG_117377	
Hexe_tr|A0A1W0WWN8|A0A1W0WWN8_HYPDU	
HG_117579	
Hexe_tr|A0A1W0X650|A0A1W0X650_HYPDU	
HG_117175	
Hexe_tr|A0A1W0WMM5|A0A1W0WMM5_HYPDU	
HG_67941	
Hexe_tr|A0A1W0WFJ6|A0A1W0WFJ6_HYPDU	
HG_116845	
Hexe_tr|A0A1W0W8H8|A0A1W0W8H8_HYPDU	
HG_68001	
Hexe_tr|A0A1W0WWZ8|A0A1W0WWZ8_HYPDU	
HG_117388	
Hexe_tr|A0A1W0WX99|A0A1W0WX99_HYPDU	
HG_117186	
Hexe_tr|A0A1W0WN27|A0A1W0WN27_HYPDU	
HG_84997	
Hexe_tr|A0A1W0X0L8|A0A1W0X0L8_HYPDU	
HG_116856	
Hexe_tr|A0A1W0W8X1|A0A1W0W8X1_HYPDU	
HG_84756	
Hexe_tr|A0A1W0WDP6|A0A1W0WDP6_HYPDU	Hexe_tr|A0A1W0WDU0|A0A1W0WDU0_HYPDU	
HG_117610	
Hexe_tr|A0A1W0X7J6|A0A1W0X7J6_HYPDU	
HG_84892	
Hexe_tr|A0A1W0WK88|A0A1W0WK88_HYPDU	Hexe_tr|A0A1W0WKD2|A0A1W0WKD2_HYPDU	
HG_84820	
Hexe_tr|A0A1W0WC60|A0A1W0WC60_HYPDU	
HG_67995	
Hexe_tr|A0A1W0WVD6|A0A1W0WVD6_HYPDU	Hexe_tr|A0A1W0WVD8|A0A1W0WVD8_HYPDU	Hexe_tr|A0A1W0WVJ1|A0A1W0WVJ1_HYPDU	
HG_117399	
Hexe_tr|A0A1W0WY05|A0A1W0WY05_HYPDU	
HG_67923	
Hexe_tr|A0A1W0WA68|A0A1W0WA68_HYPDU	Hexe_tr|A0A1W0X9J4|A0A1W0X9J4_HYPDU	
HG_116981	
Hexe_tr|A0A1W0WEE7|A0A1W0WEE7_HYPDU	
HG_116867	
Hexe_tr|A0A1W0W996|A0A1W0W996_HYPDU	
HG_117621	
Hexe_tr|A0A1W0X861|A0A1W0X861_HYPDU	
HG_117709	
Hexe_tr|A0A1W0XCQ5|A0A1W0XCQ5_HYPDU	
HG_117507	
Hexe_tr|A0A1W0X2E4|A0A1W0X2E4_HYPDU	
HG_117103	
Hexe_tr|A0A1W0WJA2|A0A1W0WJA2_HYPDU	
HG_117305	
Hexe_tr|A0A1W0WTM4|A0A1W0WTM4_HYPDU	
HG_21393	
Hexe_tr|A0A1W0WCE1|A0A1W0WCE1_HYPDU	Hexe_tr|A0A1W0WCF4|A0A1W0WCF4_HYPDU	Hexe_tr|A0A1W0WCF8|A0A1W0WCF8_HYPDU	Hexe_tr|A0A1W0WCH6|A0A1W0WCH6_HYPDU	Hexe_tr|A0A1W0WCH9|A0A1W0WCH9_HYPDU	Hexe_tr|A0A1W0WCJ5|A0A1W0WCJ5_HYPDU	Hexe_tr|A0A1W0WCJ7|A0A1W0WCJ7_HYPDU	Hexe_tr|A0A1W0WCK0|A0A1W0WCK0_HYPDU	Hexe_tr|A0A1W0WCK3|A0A1W0WCK3_HYPDU	Hexe_tr|A0A1W0WCM2|A0A1W0WCM2_HYPDU	Hexe_tr|A0A1W0WEH3|A0A1W0WEH3_HYPDU	Hexe_tr|A0A1W0WQY9|A0A1W0WQY9_HYPDU	Hexe_tr|A0A1W0WQZ4|A0A1W0WQZ4_HYPDU	Hexe_tr|A0A1W0WZR8|A0A1W0WZR8_HYPDU	Hexe_tr|A0A1W0X678|A0A1W0X678_HYPDU	
HG_84979	
Hexe_tr|A0A1W0WXP7|A0A1W0WXP7_HYPDU	Hexe_tr|A0A1W0X331|A0A1W0X331_HYPDU	
HG_116992	
Hexe_tr|A0A1W0WFA6|A0A1W0WFA6_HYPDU	
HG_84907	
Hexe_tr|A0A1W0WM65|A0A1W0WM65_HYPDU	
HG_116878	
Hexe_tr|A0A1W0W9R7|A0A1W0W9R7_HYPDU	
HG_117632	
Hexe_tr|A0A1W0X8Q0|A0A1W0X8Q0_HYPDU	
HG_117518	
Hexe_tr|A0A1W0X384|A0A1W0X384_HYPDU	
HG_117430	
Hexe_tr|A0A1W0WZA9|A0A1W0WZA9_HYPDU	
HG_117316	
Hexe_tr|A0A1W0WTY7|A0A1W0WTY7_HYPDU	
HG_84874	
Hexe_tr|A0A1W0WHM6|A0A1W0WHM6_HYPDU	Hexe_tr|A0A1W0WHP0|A0A1W0WHP0_HYPDU	
HG_117114	
Hexe_tr|A0A1W0WJR3|A0A1W0WJR3_HYPDU	
HG_85039	
Hexe_tr|A0A1W0X5X8|A0A1W0X5X8_HYPDU	Hexe_tr|A0A1W0X6C7|A0A1W0X6C7_HYPDU	
HG_67977	
Hexe_tr|A0A1W0WMF0|A0A1W0WMF0_HYPDU	Hexe_tr|A0A1W0WSN6|A0A1W0WSN6_HYPDU	
HG_67905	
Hexe_tr|A0A1W0X1A5|A0A1W0X1A5_HYPDU	
HG_117441	
Hexe_tr|A0A1W0WZZ9|A0A1W0WZZ9_HYPDU	
HG_117643	
Hexe_tr|A0A1W0X924|A0A1W0X924_HYPDU	
HG_117327	
Hexe_tr|A0A1W0WUD1|A0A1W0WUD1_HYPDU	
HG_117125	
Hexe_tr|A0A1W0WKA8|A0A1W0WKA8_HYPDU	
HG_56388	
Hexe_tr|A0A1W0WLI2|A0A1W0WLI2_HYPDU	
HG_117452	
Hexe_tr|A0A1W0X070|A0A1W0X070_HYPDU	
HG_117654	
Hexe_tr|A0A1W0XA34|A0A1W0XA34_HYPDU	
HG_117250	
Hexe_tr|A0A1W0WQZ7|A0A1W0WQZ7_HYPDU	
HG_117338	
Hexe_tr|A0A1W0WUT4|A0A1W0WUT4_HYPDU	
HG_84856	
Hexe_tr|A0A1W0WFY0|A0A1W0WFY0_HYPDU	Hexe_tr|A0A1W0WFZ2|A0A1W0WFZ2_HYPDU	
HG_84992	
Hexe_tr|A0A1W0WZI7|A0A1W0WZI7_HYPDU	Hexe_tr|A0A1W0WZK1|A0A1W0WZK1_HYPDU	
HG_116920	
Hexe_tr|A0A1W0WC57|A0A1W0WC57_HYPDU	
HG_84920	
Hexe_tr|A0A1W0WNU9|A0A1W0WNU9_HYPDU	Hexe_tr|A0A1W0WNZ2|A0A1W0WNZ2_HYPDU	
HG_85052	
Hexe_tr|A0A1W0X8Z9|A0A1W0X8Z9_HYPDU	Hexe_tr|A0A1W0X9D2|A0A1W0X9D2_HYPDU	
HG_67959	
Hexe_tr|A0A1W0WJ45|A0A1W0WJ45_HYPDU	Hexe_tr|A0A1W0WJ77|A0A1W0WJ77_HYPDU	
HG_38024	
Hexe_tr|A0A1W0WFW3|A0A1W0WFW3_HYPDU	Hexe_tr|A0A1W0WFX8|A0A1W0WFX8_HYPDU	Hexe_tr|A0A1W0WFY1|A0A1W0WFY1_HYPDU	Hexe_tr|A0A1W0WFZ1|A0A1W0WFZ1_HYPDU	Hexe_tr|A0A1W0WFZ3|A0A1W0WFZ3_HYPDU	Hexe_tr|A0A1W0WFZ4|A0A1W0WFZ4_HYPDU	Hexe_tr|A0A1W0WG03|A0A1W0WG03_HYPDU	
HG_117261	
Hexe_tr|A0A1W0WRG3|A0A1W0WRG3_HYPDU	
HG_117463	
Hexe_tr|A0A1W0X0J9|A0A1W0X0J9_HYPDU	
HG_117665	
Hexe_tr|A0A1W0XAG6|A0A1W0XAG6_HYPDU	
HG_117147	
Hexe_tr|A0A1W0WLE0|A0A1W0WLE0_HYPDU	
HG_68019	
Hexe_tr|A0A1W0X606|A0A1W0X606_HYPDU	Hexe_tr|A0A1W0X6L8|A0A1W0X6L8_HYPDU	
HG_116817	
Hexe_tr|A0A1W0WFS4|A0A1W0WFS4_HYPDU	
HG_22478	
Hexe_tr|A0A1W0WHU1|A0A1W0WHU1_HYPDU	
HG_117676	
Hexe_tr|A0A1W0XB40|A0A1W0XB40_HYPDU	
HG_117272	
Hexe_tr|A0A1W0WS92|A0A1W0WS92_HYPDU	
HG_117158	
Hexe_tr|A0A1W0WLP5|A0A1W0WLP5_HYPDU	
HG_116942	
Hexe_tr|A0A1W0WCZ8|A0A1W0WCZ8_HYPDU	
HG_84974	
Hexe_tr|A0A1W0WWQ3|A0A1W0WWQ3_HYPDU	
HG_116828	
Hexe_tr|A0A1W0X2L1|A0A1W0X2L1_HYPDU	
HG_84902	
Hexe_tr|A0A1W0WLF4|A0A1W0WLF4_HYPDU	Hexe_tr|A0A1W0WWJ7|A0A1W0WWJ7_HYPDU	
HG_42712	
Hexe_tr|A0A1W0WKQ4|A0A1W0WKQ4_HYPDU	Hexe_tr|A0A1W0WKV0|A0A1W0WKV0_HYPDU	Hexe_tr|A0A1W0WVK7|A0A1W0WVK7_HYPDU	Hexe_tr|A0A1W0WVK9|A0A1W0WVK9_HYPDU	Hexe_tr|A0A1W0WVP7|A0A1W0WVP7_HYPDU	Hexe_tr|A0A1W0WVQ2|A0A1W0WVQ2_HYPDU	
HG_85034	
Hexe_tr|A0A1W0X5L0|A0A1W0X5L0_HYPDU	
HG_117687	
Hexe_tr|A0A1W0XBK7|A0A1W0XBK7_HYPDU	
HG_67972	
Hexe_tr|A0A1W0WLE3|A0A1W0WLE3_HYPDU	
HG_117283	
Hexe_tr|A0A1W0WSW5|A0A1W0WSW5_HYPDU	
HG_117485	
Hexe_tr|A0A1W0X1F0|A0A1W0X1F0_HYPDU	
HG_117169	
Hexe_tr|A0A1W0WM59|A0A1W0WM59_HYPDU	
HG_67900	
Hexe_tr|A0A1W0WCZ0|A0A1W0WCZ0_HYPDU	Hexe_tr|A0A1W0WFV6|A0A1W0WFV6_HYPDU	
HG_116953	
Hexe_tr|A0A1W0WD72|A0A1W0WD72_HYPDU	
HG_116839	
Hexe_tr|A0A1W0W8A5|A0A1W0W8A5_HYPDU	
HG_68032	
Hexe_tr|A0A1W0XAA5|A0A1W0XAA5_HYPDU	Hexe_tr|A0A1W0XAN7|A0A1W0XAN7_HYPDU	Hexe_tr|A0A1W0XAY1|A0A1W0XAY1_HYPDU	
HG_56416	
Hexe_tr|A0A1W0X906|A0A1W0X906_HYPDU	Hexe_tr|A0A1W0X954|A0A1W0X954_HYPDU	
HG_117496	
Hexe_tr|A0A1W0X1Q5|A0A1W0X1Q5_HYPDU	
HG_117092	
Hexe_tr|A0A1W0WJ38|A0A1W0WJ38_HYPDU	
HG_117294	
Hexe_tr|A0A1W0WTD1|A0A1W0WTD1_HYPDU	
HG_116964	
Hexe_tr|A0A1W0WDM8|A0A1W0WDM8_HYPDU	
HG_48495	
Hexe_tr|A0A1W0WI99|A0A1W0WI99_HYPDU	Hexe_tr|A0A1W0WN94|A0A1W0WN94_HYPDU	Hexe_tr|A0A1W0WPE9|A0A1W0WPE9_HYPDU	Hexe_tr|A0A1W0XAF8|A0A1W0XAF8_HYPDU	
HG_84787	
Hexe_tr|A0A1W0W929|A0A1W0W929_HYPDU	Hexe_tr|A0A1W0XC73|A0A1W0XC73_HYPDU	
HG_117402	
Hexe_tr|A0A1W0WY89|A0A1W0WY89_HYPDU	
HG_117200	
Hexe_tr|A0A1W0WNQ9|A0A1W0WNQ9_HYPDU	
HG_117604	
Hexe_tr|A0A1W0X7A0|A0A1W0X7A0_HYPDU	
HG_84851	
Hexe_tr|A0A1W0WFL1|A0A1W0WFL1_HYPDU	
HG_85016	
Hexe_tr|A0A1W0X378|A0A1W0X378_HYPDU	Hexe_tr|A0A1W0X399|A0A1W0X399_HYPDU	
HG_67954	
Hexe_tr|A0A1W0WI90|A0A1W0WI90_HYPDU	Hexe_tr|A0A1W0WIC4|A0A1W0WIC4_HYPDU	Hexe_tr|A0A1W0WIC6|A0A1W0WIC6_HYPDU	
HG_26749	
Hexe_tr|A0A1W0XEA1|A0A1W0XEA1_HYPDU	
HG_116975	
Hexe_tr|A0A1W0WE34|A0A1W0WE34_HYPDU	
HG_117211	
Hexe_tr|A0A1W0WP14|A0A1W0WP14_HYPDU	
HG_117413	
Hexe_tr|A0A1W0WYK3|A0A1W0WYK3_HYPDU	
HG_68014	
Hexe_tr|A0A1W0X2Q3|A0A1W0X2Q3_HYPDU	
HG_84938	
Hexe_tr|A0A1W0WR66|A0A1W0WR66_HYPDU	Hexe_tr|A0A1W0WRB4|A0A1W0WRB4_HYPDU	
HG_116986	
Hexe_tr|A0A1W0WEX4|A0A1W0WEX4_HYPDU	
HG_117740	
Hexe_tr|A0A1W0XE66|A0A1W0XE66_HYPDU	
HG_117020	
Hexe_tr|A0A1W0WFZ0|A0A1W0WFZ0_HYPDU	
HG_117222	
Hexe_tr|A0A1W0WPC3|A0A1W0WPC3_HYPDU	
HG_117424	
Hexe_tr|A0A1W0WYY6|A0A1W0WYY6_HYPDU	
HG_117108	
Hexe_tr|A0A1W0WJF9|A0A1W0WJF9_HYPDU	
HG_84833	
Hexe_tr|A0A1W0WDY3|A0A1W0WDY3_HYPDU	Hexe_tr|A0A1W0WDZ7|A0A1W0WDZ7_HYPDU	
HG_116997	
Hexe_tr|A0A1W0WFE1|A0A1W0WFE1_HYPDU	
HG_117751	
Hexe_tr|A0A1W0XEQ1|A0A1W0XEQ1_HYPDU	
HG_117637	
Hexe_tr|A0A1W0X8W6|A0A1W0X8W6_HYPDU	
HG_117031	
Hexe_tr|A0A1W0WGA1|A0A1W0WGA1_HYPDU	
HG_117435	
Hexe_tr|A0A1W0WZN7|A0A1W0WZN7_HYPDU	
HG_117762	
Hexe_tr|A0A1W0XF79|A0A1W0XF79_HYPDU	
HG_117560	
Hexe_tr|A0A1W0X5F3|A0A1W0X5F3_HYPDU	
HG_117446	
Hexe_tr|A0A1W0X046|A0A1W0X046_HYPDU	
HG_84887	
Hexe_tr|A0A1W0WJE3|A0A1W0WJE3_HYPDU	Hexe_tr|A0A1W0WJJ8|A0A1W0WJJ8_HYPDU	
HG_117042	
Hexe_tr|A0A1W0WGV3|A0A1W0WGV3_HYPDU	
HG_84815	
Hexe_tr|A0A1W0WBX0|A0A1W0WBX0_HYPDU	
HG_84951	
Hexe_tr|A0A1W0WTQ8|A0A1W0WTQ8_HYPDU	
HG_84782	
Hexe_tr|A0A1W0W8R1|A0A1W0W8R1_HYPDU	
HG_85083	
Hexe_tr|A0A1W0XEM4|A0A1W0XEM4_HYPDU	
HG_67918	
Hexe_tr|A0A1W0W8R2|A0A1W0W8R2_HYPDU	Hexe_tr|A0A1W0X9K8|A0A1W0X9K8_HYPDU	Hexe_tr|A0A1W0XEY5|A0A1W0XEY5_HYPDU	
HG_117571	
Hexe_tr|A0A1W0X5R7|A0A1W0X5R7_HYPDU	
HG_117255	
Hexe_tr|A0A1W0WR21|A0A1W0WR21_HYPDU	
HG_117457	
Hexe_tr|A0A1W0X0B2|A0A1W0X0B2_HYPDU	
HG_117659	
Hexe_tr|A0A1W0XAA8|A0A1W0XAA8_HYPDU	
HG_117053	
Hexe_tr|A0A1W0WHH7|A0A1W0WHH7_HYPDU	
HG_34222	
Hexe_tr|A0A1W0X2Z3|A0A1W0X2Z3_HYPDU	
HG_116925	
Hexe_tr|A0A1W0WC76|A0A1W0WC76_HYPDU	
HG_25149	
Hexe_tr|A0A1W0WK44|A0A1W0WK44_HYPDU	Hexe_tr|A0A1W0WK50|A0A1W0WK50_HYPDU	Hexe_tr|A0A1W0WK96|A0A1W0WK96_HYPDU	Hexe_tr|A0A1W0WTA5|A0A1W0WTA5_HYPDU	Hexe_tr|A0A1W0X224|A0A1W0X224_HYPDU	Hexe_tr|A0A1W0X234|A0A1W0X234_HYPDU	Hexe_tr|A0A1W0X248|A0A1W0X248_HYPDU	Hexe_tr|A0A1W0X2E6|A0A1W0X2E6_HYPDU	Hexe_tr|A0A1W0X2I1|A0A1W0X2I1_HYPDU	Hexe_tr|A0A1W0X2T1|A0A1W0X2T1_HYPDU	Hexe_tr|A0A1W0X742|A0A1W0X742_HYPDU	
HG_117582	
Hexe_tr|A0A1W0X6B0|A0A1W0X6B0_HYPDU	
HG_56360	
Hexe_tr|A0A1W0WB67|A0A1W0WB67_HYPDU	Hexe_tr|A0A1W0WLM7|A0A1W0WLM7_HYPDU	Hexe_tr|A0A1W0X5N3|A0A1W0X5N3_HYPDU	Hexe_tr|A0A1W0X5Z3|A0A1W0X5Z3_HYPDU	
HG_117266	
Hexe_tr|A0A1W0WRR7|A0A1W0WRR7_HYPDU	
HG_117468	
Hexe_tr|A0A1W0X0Q2|A0A1W0X0Q2_HYPDU	
HG_117064	
Hexe_tr|A0A1W0WI11|A0A1W0WI11_HYPDU	
HG_84869	
Hexe_tr|A0A1W0WHG0|A0A1W0WHG0_HYPDU	
HG_84933	
Hexe_tr|A0A1W0WQU4|A0A1W0WQU4_HYPDU	Hexe_tr|A0A1W0WQX4|A0A1W0WQX4_HYPDU	
HG_116936	
Hexe_tr|A0A1W0WCW7|A0A1W0WCW7_HYPDU	
HG_85065	
Hexe_tr|A0A1W0XBL2|A0A1W0XBL2_HYPDU	
HG_117593	
Hexe_tr|A0A1W0X6R2|A0A1W0X6R2_HYPDU	
HG_117075	
Hexe_tr|A0A1W0WIA7|A0A1W0WIA7_HYPDU	
HG_117277	
Hexe_tr|A0A1W0WSL3|A0A1W0WSL3_HYPDU	
HG_67931	
Hexe_tr|A0A1W0WAU8|A0A1W0WAU8_HYPDU	
HG_117701	
Hexe_tr|A0A1W0XCG6|A0A1W0XCG6_HYPDU	
HG_31154	
Hexe_tr|A0A1W0WIX7|A0A1W0WIX7_HYPDU	Hexe_tr|A0A1W0WNI6|A0A1W0WNI6_HYPDU	Hexe_tr|A0A1W0X832|A0A1W0X832_HYPDU	Hexe_tr|A0A1W0XEW6|A0A1W0XEW6_HYPDU	Hexe_tr|A0A1W0XEX5|A0A1W0XEX5_HYPDU	Hexe_tr|A0A1W0XEZ1|A0A1W0XEZ1_HYPDU	Hexe_tr|A0A1W0XF24|A0A1W0XF24_HYPDU	Hexe_tr|A0A1W0XF52|A0A1W0XF52_HYPDU	
HG_117086	
Hexe_tr|A0A1W0WIT7|A0A1W0WIT7_HYPDU	
HG_117288	
Hexe_tr|A0A1W0WT95|A0A1W0WT95_HYPDU	
HG_84987	
Hexe_tr|A0A1W0WYM9|A0A1W0WYM9_HYPDU	
HG_84915	
Hexe_tr|A0A1W0WNH2|A0A1W0WNH2_HYPDU	Hexe_tr|A0A1W0WRC5|A0A1W0WRC5_HYPDU	
HG_116958	
Hexe_tr|A0A1W0WDD0|A0A1W0WDD0_HYPDU	
HG_117510	
Hexe_tr|A0A1W0X2L4|A0A1W0X2L4_HYPDU	
HG_117712	
Hexe_tr|A0A1W0XCV9|A0A1W0XCV9_HYPDU	
HG_84882	
Hexe_tr|A0A1W0WJ59|A0A1W0WJ59_HYPDU	
HG_84810	
Hexe_tr|A0A1W0WBC7|A0A1W0WBC7_HYPDU	Hexe_tr|A0A1W0XFT8|A0A1W0XFT8_HYPDU	
HG_85047	
Hexe_tr|A0A1W0X8F2|A0A1W0X8F2_HYPDU	Hexe_tr|A0A1W0X8K1|A0A1W0X8K1_HYPDU	
HG_38019	
Hexe_tr|A0A1W0W898|A0A1W0W898_HYPDU	Hexe_tr|A0A1W0WED2|A0A1W0WED2_HYPDU	Hexe_tr|A0A1W0WXC5|A0A1W0WXC5_HYPDU	Hexe_tr|A0A1W0WZM8|A0A1W0WZM8_HYPDU	Hexe_tr|A0A1W0X744|A0A1W0X744_HYPDU	
HG_28709	
Hexe_tr|A0A1W0WDS1|A0A1W0WDS1_HYPDU	Hexe_tr|A0A1W0WEL1|A0A1W0WEL1_HYPDU	Hexe_tr|A0A1W0WIW7|A0A1W0WIW7_HYPDU	Hexe_tr|A0A1W0WJH0|A0A1W0WJH0_HYPDU	Hexe_tr|A0A1W0WJY8|A0A1W0WJY8_HYPDU	Hexe_tr|A0A1W0WTI9|A0A1W0WTI9_HYPDU	Hexe_tr|A0A1W0WXP5|A0A1W0WXP5_HYPDU	Hexe_tr|A0A1W0XB08|A0A1W0XB08_HYPDU	Hexe_tr|A0A1W0XC87|A0A1W0XC87_HYPDU	Hexe_tr|A0A1W0XDI1|A0A1W0XDI1_HYPDU	
HG_67985	
Hexe_tr|A0A1W0WPK3|A0A1W0WPK3_HYPDU	Hexe_tr|A0A1W0WXF5|A0A1W0WXF5_HYPDU	
HG_117299	
Hexe_tr|A0A1W0WTG7|A0A1W0WTG7_HYPDU	
HG_67913	
Hexe_tr|A0A1W0W894|A0A1W0W894_HYPDU	
HG_117097	
Hexe_tr|A0A1W0WJ57|A0A1W0WJ57_HYPDU	
HG_116881	
Hexe_tr|A0A1W0W9X0|A0A1W0W9X0_HYPDU	
HG_116969	
Hexe_tr|A0A1W0WDU7|A0A1W0WDU7_HYPDU	
HG_117521	
Hexe_tr|A0A1W0X3B6|A0A1W0X3B6_HYPDU	
HG_117723	
Hexe_tr|A0A1W0XDB7|A0A1W0XDB7_HYPDU	
HG_117205	
Hexe_tr|A0A1W0WNV9|A0A1W0WNV9_HYPDU	
HG_117407	
Hexe_tr|A0A1W0WYF4|A0A1W0WYF4_HYPDU	
HG_117003	
Hexe_tr|A0A1W0WFI2|A0A1W0WFI2_HYPDU	
HG_56396	
Hexe_tr|A0A1W0WQV5|A0A1W0WQV5_HYPDU	Hexe_tr|A0A1W0WQX5|A0A1W0WQX5_HYPDU	
HG_17015	
Hexe_tr|A0A1W0W907|A0A1W0W907_HYPDU	Hexe_tr|A0A1W0W909|A0A1W0W909_HYPDU	Hexe_tr|A0A1W0WBL4|A0A1W0WBL4_HYPDU	Hexe_tr|A0A1W0WBL5|A0A1W0WBL5_HYPDU	Hexe_tr|A0A1W0WBP3|A0A1W0WBP3_HYPDU	Hexe_tr|A0A1W0WBP7|A0A1W0WBP7_HYPDU	Hexe_tr|A0A1W0WBR3|A0A1W0WBR3_HYPDU	Hexe_tr|A0A1W0WBR4|A0A1W0WBR4_HYPDU	Hexe_tr|A0A1W0WBZ1|A0A1W0WBZ1_HYPDU	Hexe_tr|A0A1W0WBZ2|A0A1W0WBZ2_HYPDU	Hexe_tr|A0A1W0WG41|A0A1W0WG41_HYPDU	Hexe_tr|A0A1W0WH94|A0A1W0WH94_HYPDU	Hexe_tr|A0A1W0WHC6|A0A1W0WHC6_HYPDU	Hexe_tr|A0A1W0WPF1|A0A1W0WPF1_HYPDU	Hexe_tr|A0A1W0WS00|A0A1W0WS00_HYPDU	Hexe_tr|A0A1W0X0L1|A0A1W0X0L1_HYPDU	Hexe_tr|A0A1W0X349|A0A1W0X349_HYPDU	Hexe_tr|A0A1W0X3A0|A0A1W0X3A0_HYPDU	Hexe_tr|A0A1W0X3B7|A0A1W0X3B7_HYPDU	Hexe_tr|A0A1W0X8E1|A0A1W0X8E1_HYPDU	Hexe_tr|A0A1W0X9X0|A0A1W0X9X0_HYPDU	
HG_84969	
Hexe_tr|A0A1W0WVP8|A0A1W0WVP8_HYPDU	
HG_117330	
Hexe_tr|A0A1W0WUJ2|A0A1W0WUJ2_HYPDU	
HG_117532	
Hexe_tr|A0A1W0X3Q6|A0A1W0X3Q6_HYPDU	
HG_117216	
Hexe_tr|A0A1W0WP94|A0A1W0WP94_HYPDU	
HG_117418	
Hexe_tr|A0A1W0WYN8|A0A1W0WYN8_HYPDU	
HG_84864	
Hexe_tr|A0A1W0WH03|A0A1W0WH03_HYPDU	
HG_117014	
Hexe_tr|A0A1W0WFS6|A0A1W0WFS6_HYPDU	
HG_42707	
Hexe_tr|A0A1W0WBR6|A0A1W0WBR6_HYPDU	Hexe_tr|A0A1W0WBT5|A0A1W0WBT5_HYPDU	Hexe_tr|A0A1W0WBY5|A0A1W0WBY5_HYPDU	Hexe_tr|A0A1W0WDI0|A0A1W0WDI0_HYPDU	Hexe_tr|A0A1W0WDI1|A0A1W0WDI1_HYPDU	
HG_85060	
Hexe_tr|A0A1W0XAK6|A0A1W0XAK6_HYPDU	
HG_117745	
Hexe_tr|A0A1W0XEC4|A0A1W0XEC4_HYPDU	
HG_117341	
Hexe_tr|A0A1W0WUY4|A0A1W0WUY4_HYPDU	
HG_117543	
Hexe_tr|A0A1W0X493|A0A1W0X493_HYPDU	
HG_117025	
Hexe_tr|A0A1W0WG19|A0A1W0WG19_HYPDU	
HG_117227	
Hexe_tr|A0A1W0WPH6|A0A1W0WPH6_HYPDU	
HG_117429	
Hexe_tr|A0A1W0WZ80|A0A1W0WZ80_HYPDU	
HG_68027	
Hexe_tr|A0A1W0X8E9|A0A1W0X8E9_HYPDU	
HG_117554	
Hexe_tr|A0A1W0X545|A0A1W0X545_HYPDU	
HG_117756	
Hexe_tr|A0A1W0XEZ6|A0A1W0XEZ6_HYPDU	
HG_117352	
Hexe_tr|A0A1W0WVD2|A0A1W0WVD2_HYPDU	
HG_117036	
Hexe_tr|A0A1W0WGH0|A0A1W0WGH0_HYPDU	
HG_84846	
Hexe_tr|A0A1W0WF42|A0A1W0WF42_HYPDU	
HG_117238	
Hexe_tr|A0A1W0WQ10|A0A1W0WQ10_HYPDU	
HG_84982	
Hexe_tr|A0A1W0WY24|A0A1W0WY24_HYPDU	
HG_116820	
Hexe_tr|A0A1W0WQR8|A0A1W0WQR8_HYPDU	
HG_116908	
Hexe_tr|A0A1W0WB80|A0A1W0WB80_HYPDU	
HG_42720	
Hexe_tr|A0A1W0X5R9|A0A1W0X5R9_HYPDU	
HG_85042	
Hexe_tr|A0A1W0X6K8|A0A1W0X6K8_HYPDU	Hexe_tr|A0A1W0X6W6|A0A1W0X6W6_HYPDU	
HG_67949	
Hexe_tr|A0A1W0WGG5|A0A1W0WGG5_HYPDU	Hexe_tr|A0A1W0WGI0|A0A1W0WGI0_HYPDU	Hexe_tr|A0A1W0WGP2|A0A1W0WGP2_HYPDU	
HG_117565	
Hexe_tr|A0A1W0X5I7|A0A1W0X5I7_HYPDU	
HG_117767	
Hexe_tr|A0A1W0XFE5|A0A1W0XFE5_HYPDU	
HG_117363	
Hexe_tr|A0A1W0WVL9|A0A1W0WVL9_HYPDU	
HG_117047	
Hexe_tr|A0A1W0WH87|A0A1W0WH87_HYPDU	
HG_117249	
Hexe_tr|A0A1W0WQZ2|A0A1W0WQZ2_HYPDU	
HG_116831	
Hexe_tr|A0A1W0X446|A0A1W0X446_HYPDU	
HG_68009	
Hexe_tr|A0A1W0X050|A0A1W0X050_HYPDU	
HG_68040	
Hexe_tr|A0A1W0XEW7|A0A1W0XEW7_HYPDU	Hexe_tr|A0A1W0XEX9|A0A1W0XEX9_HYPDU	
HG_56391	
Hexe_tr|A0A1W0WNT0|A0A1W0WNT0_HYPDU	
HG_117374	
Hexe_tr|A0A1W0WWJ6|A0A1W0WWJ6_HYPDU	
HG_117576	
Hexe_tr|A0A1W0X5Y4|A0A1W0X5Y4_HYPDU	
HG_117172	
Hexe_tr|A0A1W0WMI7|A0A1W0WMI7_HYPDU	
HG_84828	
Hexe_tr|A0A1W0WD36|A0A1W0WD36_HYPDU	Hexe_tr|A0A1W0WT83|A0A1W0WT83_HYPDU	
HG_117058	
Hexe_tr|A0A1W0WHT1|A0A1W0WHT1_HYPDU	
HG_84964	
Hexe_tr|A0A1W0WV91|A0A1W0WV91_HYPDU	Hexe_tr|A0A1W0WV92|A0A1W0WV92_HYPDU	
HG_116842	
Hexe_tr|A0A1W0W8D2|A0A1W0W8D2_HYPDU	
HG_84795	
Hexe_tr|A0A1W0W9U9|A0A1W0W9U9_HYPDU	Hexe_tr|A0A1W0XD57|A0A1W0XD57_HYPDU	
HG_67898	
Hexe_tr|A0A1W0W9S1|A0A1W0W9S1_HYPDU	
HG_68022	
Hexe_tr|A0A1W0X711|A0A1W0X711_HYPDU	
HG_117194	
Hexe_tr|A0A1W0WNI2|A0A1W0WNI2_HYPDU	
HG_117598	
Hexe_tr|A0A1W0X702|A0A1W0X702_HYPDU	
HG_84946	
Hexe_tr|A0A1W0WT32|A0A1W0WT32_HYPDU	
HG_116864	
Hexe_tr|A0A1W0W948|A0A1W0W948_HYPDU	
HG_84777	
Hexe_tr|A0A1W0W8J0|A0A1W0W8J0_HYPDU	
HG_117504	
Hexe_tr|A0A1W0X243|A0A1W0X243_HYPDU	
HG_117706	
Hexe_tr|A0A1W0XCP7|A0A1W0XCP7_HYPDU	
HG_117302	
Hexe_tr|A0A1W0WTK9|A0A1W0WTK9_HYPDU	
HG_84841	
Hexe_tr|A0A1W0WER5|A0A1W0WER5_HYPDU	Hexe_tr|A0A1W0XC48|A0A1W0XC48_HYPDU	
HG_85006	
Hexe_tr|A0A1W0X1W7|A0A1W0X1W7_HYPDU	
HG_34217	
Hexe_tr|A0A1W0WDB7|A0A1W0WDB7_HYPDU	Hexe_tr|A0A1W0X8F9|A0A1W0X8F9_HYPDU	Hexe_tr|A0A1W0XB49|A0A1W0XB49_HYPDU	
HG_116875	
Hexe_tr|A0A1W0W9N8|A0A1W0W9N8_HYPDU	
HG_117313	
Hexe_tr|A0A1W0WTV0|A0A1W0WTV0_HYPDU	
HG_117515	
Hexe_tr|A0A1W0X2W2|A0A1W0X2W2_HYPDU	
HG_117717	
Hexe_tr|A0A1W0XD42|A0A1W0XD42_HYPDU	
HG_117111	
Hexe_tr|A0A1W0WJJ9|A0A1W0WJJ9_HYPDU	
HG_56355	
Hexe_tr|A0A1W0W8K4|A0A1W0W8K4_HYPDU	Hexe_tr|A0A1W0XB04|A0A1W0XB04_HYPDU	
HG_84928	
Hexe_tr|A0A1W0WPZ1|A0A1W0WPZ1_HYPDU	Hexe_tr|A0A1W0X0I5|A0A1W0X0I5_HYPDU	
HG_116886	
Hexe_tr|A0A1W0WA31|A0A1W0WA31_HYPDU	
HG_48467	
Hexe_tr|A0A1W0WMX7|A0A1W0WMX7_HYPDU	Hexe_tr|A0A1W0WN67|A0A1W0WN67_HYPDU	
HG_84759	
Hexe_tr|A0A1W0WUJ5|A0A1W0WUJ5_HYPDU	Hexe_tr|A0A1W0WUJ7|A0A1W0WUJ7_HYPDU	
HG_117640	
Hexe_tr|A0A1W0X8Y5|A0A1W0X8Y5_HYPDU	
HG_117324	
Hexe_tr|A0A1W0WUA2|A0A1W0WUA2_HYPDU	
HG_117526	
Hexe_tr|A0A1W0X3J1|A0A1W0X3J1_HYPDU	
HG_84895	
Hexe_tr|A0A1W0WKH2|A0A1W0WKH2_HYPDU	
HG_117728	
Hexe_tr|A0A1W0XDG1|A0A1W0XDG1_HYPDU	
HG_84823	
Hexe_tr|A0A1W0WCM1|A0A1W0WCM1_HYPDU	Hexe_tr|A0A1W0WCN4|A0A1W0WCN4_HYPDU	
HG_67926	
Hexe_tr|A0A1W0WAI8|A0A1W0WAI8_HYPDU	Hexe_tr|A0A1W0WAL0|A0A1W0WAL0_HYPDU	Hexe_tr|A0A1W0WAM1|A0A1W0WAM1_HYPDU	
HG_116897	
Hexe_tr|A0A1W0WAN9|A0A1W0WAN9_HYPDU	
HG_117651	
Hexe_tr|A0A1W0X9N4|A0A1W0X9N4_HYPDU	
HG_117739	
Hexe_tr|A0A1W0XE56|A0A1W0XE56_HYPDU	
HG_117133	
Hexe_tr|A0A1W0WKJ7|A0A1W0WKJ7_HYPDU	
HG_117335	
Hexe_tr|A0A1W0WUR0|A0A1W0WUR0_HYPDU	
HG_117537	
Hexe_tr|A0A1W0X3V3|A0A1W0X3V3_HYPDU	
HG_117019	
Hexe_tr|A0A1W0WFY9|A0A1W0WFY9_HYPDU	
HG_21396	
Hexe_tr|A0A1W0W8M2|A0A1W0W8M2_HYPDU	Hexe_tr|A0A1W0WFB0|A0A1W0WFB0_HYPDU	Hexe_tr|A0A1W0WJE1|A0A1W0WJE1_HYPDU	Hexe_tr|A0A1W0WM19|A0A1W0WM19_HYPDU	Hexe_tr|A0A1W0WN72|A0A1W0WN72_HYPDU	Hexe_tr|A0A1W0WW86|A0A1W0WW86_HYPDU	Hexe_tr|A0A1W0X0D6|A0A1W0X0D6_HYPDU	Hexe_tr|A0A1W0X2R3|A0A1W0X2R3_HYPDU	Hexe_tr|A0A1W0X3A2|A0A1W0X3A2_HYPDU	Hexe_tr|A0A1W0X3E8|A0A1W0X3E8_HYPDU	Hexe_tr|A0A1W0X649|A0A1W0X649_HYPDU	Hexe_tr|A0A1W0X6V4|A0A1W0X6V4_HYPDU	Hexe_tr|A0A1W0X7D1|A0A1W0X7D1_HYPDU	Hexe_tr|A0A1W0X975|A0A1W0X975_HYPDU	Hexe_tr|A0A1W0XDM4|A0A1W0XDM4_HYPDU	
HG_56401	
Hexe_tr|A0A1W0WSV3|A0A1W0WSV3_HYPDU	Hexe_tr|A0A1W0WSW0|A0A1W0WSW0_HYPDU	Hexe_tr|A0A1W0WSX6|A0A1W0WSX6_HYPDU	Hexe_tr|A0A1W0WSY4|A0A1W0WSY4_HYPDU	
HG_117460	
Hexe_tr|A0A1W0X0G3|A0A1W0X0G3_HYPDU	
HG_117662	
Hexe_tr|A0A1W0XAE4|A0A1W0XAE4_HYPDU	
HG_48513	
Hexe_tr|A0A1W0XD47|A0A1W0XD47_HYPDU	
HG_117548	
Hexe_tr|A0A1W0X4L2|A0A1W0X4L2_HYPDU	
HG_117144	
Hexe_tr|A0A1W0WL68|A0A1W0WL68_HYPDU	
HG_117346	
Hexe_tr|A0A1W0WV25|A0A1W0WV25_HYPDU	
HG_84805	
Hexe_tr|A0A1W0WAJ1|A0A1W0WAJ1_HYPDU	
HG_84941	
Hexe_tr|A0A1W0WRW5|A0A1W0WRW5_HYPDU	Hexe_tr|A0A1W0WRY2|A0A1W0WRY2_HYPDU	
HG_48480	
Hexe_tr|A0A1W0WB01|A0A1W0WB01_HYPDU	Hexe_tr|A0A1W0WQY6|A0A1W0WQY6_HYPDU	Hexe_tr|A0A1W0XCQ3|A0A1W0XCQ3_HYPDU	
HG_116814	
Hexe_tr|A0A1W0WDB4|A0A1W0WDB4_HYPDU	
HG_84772	
Hexe_tr|A0A1W0XD79|A0A1W0XD79_HYPDU	
HG_85073	
Hexe_tr|A0A1W0XD69|A0A1W0XD69_HYPDU	
HG_85001	
Hexe_tr|A0A1W0X1F8|A0A1W0X1F8_HYPDU	Hexe_tr|A0A1W0X1J6|A0A1W0X1J6_HYPDU	
HG_67908	
Hexe_tr|A0A1W0X1L8|A0A1W0X1L8_HYPDU	Hexe_tr|A0A1W0XBN4|A0A1W0XBN4_HYPDU	
HG_117673	
Hexe_tr|A0A1W0XAX5|A0A1W0XAX5_HYPDU	
HG_117471	
Hexe_tr|A0A1W0X0T2|A0A1W0X0T2_HYPDU	
HG_117559	
Hexe_tr|A0A1W0X5E6|A0A1W0X5E6_HYPDU	
HG_117155	
Hexe_tr|A0A1W0WLK0|A0A1W0WLK0_HYPDU	
HG_116825	
Hexe_tr|A0A1W0WUW4|A0A1W0WUW4_HYPDU	
HG_117482	
Hexe_tr|A0A1W0X1C2|A0A1W0X1C2_HYPDU	
HG_117684	
Hexe_tr|A0A1W0XBD0|A0A1W0XBD0_HYPDU	
HG_117368	
Hexe_tr|A0A1W0WVW4|A0A1W0WVW4_HYPDU	
HG_117166	
Hexe_tr|A0A1W0WLZ8|A0A1W0WLZ8_HYPDU	
HG_84995	
Hexe_tr|A0A1W0X061|A0A1W0X061_HYPDU	
HG_116950	
Hexe_tr|A0A1W0WD65|A0A1W0WD65_HYPDU	
HG_84923	
Hexe_tr|A0A1W0WP54|A0A1W0WP54_HYPDU	
HG_116836	
Hexe_tr|A0A1W0XDH0|A0A1W0XDH0_HYPDU	
HG_84754	
Hexe_tr|A0A1W0W8W6|A0A1W0W8W6_HYPDU	
HG_10094	
Hexe_tr|A0A1W0W9A8|A0A1W0W9A8_HYPDU	Hexe_tr|A0A1W0WB82|A0A1W0WB82_HYPDU	Hexe_tr|A0A1W0WBA3|A0A1W0WBA3_HYPDU	Hexe_tr|A0A1W0WCE4|A0A1W0WCE4_HYPDU	Hexe_tr|A0A1W0WLM2|A0A1W0WLM2_HYPDU	Hexe_tr|A0A1W0WM58|A0A1W0WM58_HYPDU	Hexe_tr|A0A1W0WME3|A0A1W0WME3_HYPDU	Hexe_tr|A0A1W0WPB8|A0A1W0WPB8_HYPDU	Hexe_tr|A0A1W0WQM3|A0A1W0WQM3_HYPDU	Hexe_tr|A0A1W0WR25|A0A1W0WR25_HYPDU	Hexe_tr|A0A1W0WRB8|A0A1W0WRB8_HYPDU	Hexe_tr|A0A1W0WVP9|A0A1W0WVP9_HYPDU	Hexe_tr|A0A1W0WW78|A0A1W0WW78_HYPDU	Hexe_tr|A0A1W0WXS6|A0A1W0WXS6_HYPDU	Hexe_tr|A0A1W0WXT6|A0A1W0WXT6_HYPDU	Hexe_tr|A0A1W0X4W8|A0A1W0X4W8_HYPDU	Hexe_tr|A0A1W0X5F4|A0A1W0X5F4_HYPDU	Hexe_tr|A0A1W0X5H4|A0A1W0X5H4_HYPDU	Hexe_tr|A0A1W0X5Y0|A0A1W0X5Y0_HYPDU	Hexe_tr|A0A1W0X5Z1|A0A1W0X5Z1_HYPDU	Hexe_tr|A0A1W0X620|A0A1W0X620_HYPDU	Hexe_tr|A0A1W0X631|A0A1W0X631_HYPDU	Hexe_tr|A0A1W0X658|A0A1W0X658_HYPDU	Hexe_tr|A0A1W0X661|A0A1W0X661_HYPDU	Hexe_tr|A0A1W0X666|A0A1W0X666_HYPDU	Hexe_tr|A0A1W0X691|A0A1W0X691_HYPDU	Hexe_tr|A0A1W0X695|A0A1W0X695_HYPDU	Hexe_tr|A0A1W0X6D6|A0A1W0X6D6_HYPDU	Hexe_tr|A0A1W0X6H3|A0A1W0X6H3_HYPDU	Hexe_tr|A0A1W0X6I5|A0A1W0X6I5_HYPDU	Hexe_tr|A0A1W0X6J7|A0A1W0X6J7_HYPDU	Hexe_tr|A0A1W0X6Q7|A0A1W0X6Q7_HYPDU	Hexe_tr|A0A1W0X6R3|A0A1W0X6R3_HYPDU	Hexe_tr|A0A1W0X6S0|A0A1W0X6S0_HYPDU	Hexe_tr|A0A1W0X6Y2|A0A1W0X6Y2_HYPDU	Hexe_tr|A0A1W0X766|A0A1W0X766_HYPDU	Hexe_tr|A0A1W0X7Z0|A0A1W0X7Z0_HYPDU	Hexe_tr|A0A1W0X813|A0A1W0X813_HYPDU	Hexe_tr|A0A1W0X8B3|A0A1W0X8B3_HYPDU	Hexe_tr|A0A1W0X8D0|A0A1W0X8D0_HYPDU	Hexe_tr|A0A1W0X8N4|A0A1W0X8N4_HYPDU	Hexe_tr|A0A1W0X8P2|A0A1W0X8P2_HYPDU	Hexe_tr|A0A1W0X8Q3|A0A1W0X8Q3_HYPDU	Hexe_tr|A0A1W0X9J3|A0A1W0X9J3_HYPDU	Hexe_tr|A0A1W0XBB0|A0A1W0XBB0_HYPDU	Hexe_tr|A0A1W0XBX9|A0A1W0XBX9_HYPDU	Hexe_tr|A0A1W0XCV2|A0A1W0XCV2_HYPDU	Hexe_tr|A0A1W0XD94|A0A1W0XD94_HYPDU	Hexe_tr|A0A1W0XDD1|A0A1W0XDD1_HYPDU	Hexe_tr|A0A1W0XDP8|A0A1W0XDP8_HYPDU	Hexe_tr|A0A1W0XFB6|A0A1W0XFB6_HYPDU	
HG_85055	
Hexe_tr|A0A1W0X9S8|A0A1W0X9S8_HYPDU	
HG_38027	
Hexe_tr|A0A1W0WNF4|A0A1W0WNF4_HYPDU	Hexe_tr|A0A1W0X563|A0A1W0X563_HYPDU	Hexe_tr|A0A1W0X5H6|A0A1W0X5H6_HYPDU	Hexe_tr|A0A1W0XAW5|A0A1W0XAW5_HYPDU	
HG_117493	
Hexe_tr|A0A1W0X1M4|A0A1W0X1M4_HYPDU	
HG_117291	
Hexe_tr|A0A1W0WTC4|A0A1W0WTC4_HYPDU	
HG_117379	
Hexe_tr|A0A1W0WWT5|A0A1W0WWT5_HYPDU	
HG_117177	
Hexe_tr|A0A1W0WMN2|A0A1W0WMN2_HYPDU	
HG_116961	
Hexe_tr|A0A1W0WDL2|A0A1W0WDL2_HYPDU	
HG_116847	
Hexe_tr|A0A1W0W8J3|A0A1W0W8J3_HYPDU	
HG_117601	
Hexe_tr|A0A1W0X728|A0A1W0X728_HYPDU	
HG_84977	
Hexe_tr|A0A1W0WXG9|A0A1W0WXG9_HYPDU	Hexe_tr|A0A1W0WXH3|A0A1W0WXH3_HYPDU	
HG_116972	
Hexe_tr|A0A1W0WDX9|A0A1W0WDX9_HYPDU	
HG_84905	
Hexe_tr|A0A1W0WLX1|A0A1W0WLX1_HYPDU	
HG_117612	
Hexe_tr|A0A1W0X7L7|A0A1W0X7L7_HYPDU	
HG_117410	
Hexe_tr|A0A1W0WYH1|A0A1W0WYH1_HYPDU	
HG_84800	
Hexe_tr|A0A1W0WA44|A0A1W0WA44_HYPDU	Hexe_tr|A0A1W0WUE3|A0A1W0WUE3_HYPDU	
HG_42715	
Hexe_tr|A0A1W0WSZ8|A0A1W0WSZ8_HYPDU	
HG_117199	
Hexe_tr|A0A1W0WNQ5|A0A1W0WNQ5_HYPDU	
HG_117623	
Hexe_tr|A0A1W0X867|A0A1W0X867_HYPDU	
HG_117421	
Hexe_tr|A0A1W0WYU3|A0A1W0WYU3_HYPDU	
HG_117105	
Hexe_tr|A0A1W0WJA9|A0A1W0WJA9_HYPDU	
HG_117307	
Hexe_tr|A0A1W0WTN9|A0A1W0WTN9_HYPDU	
HG_68035	
Hexe_tr|A0A1W0XBV7|A0A1W0XBV7_HYPDU	Hexe_tr|A0A1W0XC53|A0A1W0XC53_HYPDU	Hexe_tr|A0A1W0XCC9|A0A1W0XCC9_HYPDU	
HG_56419	
Hexe_tr|A0A1W0XF44|A0A1W0XF44_HYPDU	Hexe_tr|A0A1W0XF97|A0A1W0XF97_HYPDU	Hexe_tr|A0A1W0XFC3|A0A1W0XFC3_HYPDU	
HG_116994	
Hexe_tr|A0A1W0WFD3|A0A1W0WFD3_HYPDU	
HG_84959	
Hexe_tr|A0A1W0WUU8|A0A1W0WUU8_HYPDU	Hexe_tr|A0A1W0WUW6|A0A1W0WUW6_HYPDU	
HG_117634	
Hexe_tr|A0A1W0X8S9|A0A1W0X8S9_HYPDU	
HG_117318	
Hexe_tr|A0A1W0WU10|A0A1W0WU10_HYPDU	
HG_117230	
Hexe_tr|A0A1W0WPL0|A0A1W0WPL0_HYPDU	
HG_117116	
Hexe_tr|A0A1W0WJY1|A0A1W0WJY1_HYPDU	
HG_84854	
Hexe_tr|A0A1W0WFT2|A0A1W0WFT2_HYPDU	
HG_84990	
Hexe_tr|A0A1W0WZ93|A0A1W0WZ93_HYPDU	
HG_116900	
Hexe_tr|A0A1W0WAQ5|A0A1W0WAQ5_HYPDU	
HG_85050	
Hexe_tr|A0A1W0X8L1|A0A1W0X8L1_HYPDU	Hexe_tr|A0A1W0X8W7|A0A1W0X8W7_HYPDU	
HG_28712	
Hexe_tr|A0A1W0WQ26|A0A1W0WQ26_HYPDU	Hexe_tr|A0A1W0WQ82|A0A1W0WQ82_HYPDU	Hexe_tr|A0A1W0XDZ5|A0A1W0XDZ5_HYPDU	
HG_117443	
Hexe_tr|A0A1W0X020|A0A1W0X020_HYPDU	
HG_117645	
Hexe_tr|A0A1W0X969|A0A1W0X969_HYPDU	
HG_117329	
Hexe_tr|A0A1W0WUG4|A0A1W0WUG4_HYPDU	
HG_116911	
Hexe_tr|A0A1W0WBL9|A0A1W0WBL9_HYPDU	
HG_22476	
Hexe_tr|A0A1W0WFW2|A0A1W0WFW2_HYPDU	Hexe_tr|A0A1W0WH97|A0A1W0WH97_HYPDU	Hexe_tr|A0A1W0WHA9|A0A1W0WHA9_HYPDU	Hexe_tr|A0A1W0WHB0|A0A1W0WHB0_HYPDU	Hexe_tr|A0A1W0WMA4|A0A1W0WMA4_HYPDU	Hexe_tr|A0A1W0WMA8|A0A1W0WMA8_HYPDU	Hexe_tr|A0A1W0WMB2|A0A1W0WMB2_HYPDU	Hexe_tr|A0A1W0WME1|A0A1W0WME1_HYPDU	Hexe_tr|A0A1W0WMF1|A0A1W0WMF1_HYPDU	Hexe_tr|A0A1W0WMJ3|A0A1W0WMJ3_HYPDU	Hexe_tr|A0A1W0WN05|A0A1W0WN05_HYPDU	Hexe_tr|A0A1W0WWZ4|A0A1W0WWZ4_HYPDU	Hexe_tr|A0A1W0WX03|A0A1W0WX03_HYPDU	Hexe_tr|A0A1W0WX24|A0A1W0WX24_HYPDU	
HG_56368	
Hexe_tr|A0A1W0WDZ1|A0A1W0WDZ1_HYPDU	Hexe_tr|A0A1W0WZP6|A0A1W0WZP6_HYPDU	
