HG_160888	
Anas_tr|A0A5N5STW9|A0A5N5STW9_9CRUS	
HG_160484	
Anas_tr|A0A5N5T988|A0A5N5T988_9CRUS	
HG_160686	
Anas_tr|A0A5N5TLD8|A0A5N5TLD8_9CRUS	
HG_160080	
Anas_tr|A0A5N5SHD1|A0A5N5SHD1_9CRUS	
HG_160282	
Anas_tr|A0A5N5SVS9|A0A5N5SVS9_9CRUS	
HG_51655	
Anas_tr|A0A5N5SJW4|A0A5N5SJW4_9CRUS	Anas_tr|A0A5N5T6X7|A0A5N5T6X7_9CRUS	Anas_tr|A0A5N5T9A6|A0A5N5T9A6_9CRUS	Anas_tr|A0A5N5TBH7|A0A5N5TBH7_9CRUS	Anas_tr|A0A5N5TBY5|A0A5N5TBY5_9CRUS	
HG_160168	
Anas_tr|A0A5N5T8T8|A0A5N5T8T8_9CRUS	
HG_159895	
Anas_tr|A0A5N5SV67|A0A5N5SV67_9CRUS	
HG_74947	
Anas_tr|A0A5N5SJ98|A0A5N5SJ98_9CRUS	Anas_tr|A0A5N5SN25|A0A5N5SN25_9CRUS	Anas_tr|A0A5N5T3H9|A0A5N5T3H9_9CRUS	
HG_160899	
Anas_tr|A0A5N5SJF4|A0A5N5SJF4_9CRUS	
HG_160293	
Anas_tr|A0A5N5TFJ4|A0A5N5TFJ4_9CRUS	
HG_160495	
Anas_tr|A0A5N5T855|A0A5N5T855_9CRUS	
HG_160697	
Anas_tr|A0A5N5TJU8|A0A5N5TJU8_9CRUS	
HG_160091	
Anas_tr|A0A5N5T3M6|A0A5N5T3M6_9CRUS	
HG_160179	
Anas_tr|A0A5N5T2P4|A0A5N5T2P4_9CRUS	
HG_160603	
Anas_tr|A0A5N5T3T2|A0A5N5T3T2_9CRUS	
HG_160805	
Anas_tr|A0A5N5T9F7|A0A5N5T9F7_9CRUS	
HG_160401	
Anas_tr|A0A5N5T9Y1|A0A5N5T9Y1_9CRUS	
HG_98676	
Anas_tr|A0A5N5TBG8|A0A5N5TBG8_9CRUS	Anas_tr|A0A5N5TH21|A0A5N5TH21_9CRUS	
HG_98571	
Anas_tr|A0A5N5TIN7|A0A5N5TIN7_9CRUS	Anas_tr|A0A5N5TLL7|A0A5N5TLL7_9CRUS	
HG_51701	
Anas_tr|A0A5N5T4Q3|A0A5N5T4Q3_9CRUS	Anas_tr|A0A5N5T5X5|A0A5N5T5X5_9CRUS	Anas_tr|A0A5N5TGP3|A0A5N5TGP3_9CRUS	Anas_tr|A0A5N5TGY1|A0A5N5TGY1_9CRUS	Anas_tr|A0A5N5TIW6|A0A5N5TIW6_9CRUS	
HG_160930	
Anas_tr|A0A5N5ST59|A0A5N5ST59_9CRUS	
HG_160614	
Anas_tr|A0A5N5SJ31|A0A5N5SJ31_9CRUS	
HG_160816	
Anas_tr|A0A5N5T4X6|A0A5N5T4X6_9CRUS	
HG_160210	
Anas_tr|A0A5N5T7U1|A0A5N5T7U1_9CRUS	
HG_160412	
Anas_tr|A0A5N5TMY1|A0A5N5TMY1_9CRUS	
HG_74929	
Anas_tr|A0A5N5SWN1|A0A5N5SWN1_9CRUS	Anas_tr|A0A5N5SWN8|A0A5N5SWN8_9CRUS	Anas_tr|A0A5N5SX74|A0A5N5SX74_9CRUS	
HG_160941	
Anas_tr|A0A5N5SMS1|A0A5N5SMS1_9CRUS	
HG_160423	
Anas_tr|A0A5N5TGJ7|A0A5N5TGJ7_9CRUS	
HG_160625	
Anas_tr|A0A5N5TC62|A0A5N5TC62_9CRUS	
HG_160827	
Anas_tr|A0A5N5SUN2|A0A5N5SUN2_9CRUS	
HG_160221	
Anas_tr|A0A5N5TH30|A0A5N5TH30_9CRUS	
HG_160309	
Anas_tr|A0A5N5TAH8|A0A5N5TAH8_9CRUS	
HG_160107	
Anas_tr|A0A5N5TBC4|A0A5N5TBC4_9CRUS	
HG_98658	
Anas_tr|A0A5N5SWT0|A0A5N5SWT0_9CRUS	Anas_tr|A0A5N5TJJ9|A0A5N5TJJ9_9CRUS	
HG_98553	
Anas_tr|A0A5N5SUY2|A0A5N5SUY2_9CRUS	Anas_tr|A0A5N5T4U3|A0A5N5T4U3_9CRUS	
HG_160952	
Anas_tr|A0A5N5TD28|A0A5N5TD28_9CRUS	
HG_44916	
Anas_tr|A0A5N5SZD3|A0A5N5SZD3_9CRUS	Anas_tr|A0A5N5T120|A0A5N5T120_9CRUS	Anas_tr|A0A5N5T2K5|A0A5N5T2K5_9CRUS	Anas_tr|A0A5N5T3N7|A0A5N5T3N7_9CRUS	Anas_tr|A0A5N5T5U6|A0A5N5T5U6_9CRUS	Anas_tr|A0A5N5TI93|A0A5N5TI93_9CRUS	
HG_160838	
Anas_tr|A0A5N5TG03|A0A5N5TG03_9CRUS	
HG_160750	
Anas_tr|A0A5N5STI6|A0A5N5STI6_9CRUS	
HG_160636	
Anas_tr|A0A5N5THB3|A0A5N5THB3_9CRUS	
HG_160232	
Anas_tr|A0A5N5T6I4|A0A5N5T6I4_9CRUS	
HG_160434	
Anas_tr|A0A5N5SMN7|A0A5N5SMN7_9CRUS	
HG_160030	
Anas_tr|A0A5N5TDJ3|A0A5N5TDJ3_9CRUS	
HG_160118	
Anas_tr|A0A5N5SWX7|A0A5N5SWX7_9CRUS	
HG_159845	
Anas_tr|A0A5N5TAK2|A0A5N5TAK2_9CRUS	
HG_74942	
Anas_tr|A0A5N5T732|A0A5N5T732_9CRUS	Anas_tr|A0A5N5TCS3|A0A5N5TCS3_9CRUS	Anas_tr|A0A5N5THG5|A0A5N5THG5_9CRUS	
HG_160963	
Anas_tr|A0A5N5SN13|A0A5N5SN13_9CRUS	
HG_160761	
Anas_tr|A0A5N5TAN1|A0A5N5TAN1_9CRUS	
HG_160849	
Anas_tr|A0A5N5SV47|A0A5N5SV47_9CRUS	
HG_160243	
Anas_tr|A0A5N5SU02|A0A5N5SU02_9CRUS	
HG_160445	
Anas_tr|A0A5N5SLW2|A0A5N5SLW2_9CRUS	
HG_160647	
Anas_tr|A0A5N5TBH6|A0A5N5TBH6_9CRUS	
HG_160129	
Anas_tr|A0A5N5TA81|A0A5N5TA81_9CRUS	
HG_160041	
Anas_tr|A0A5N5TMT8|A0A5N5TMT8_9CRUS	
HG_159970	
Anas_tr|A0A5N5SJN3|A0A5N5SJN3_9CRUS	
HG_98671	
Anas_tr|A0A5N5T776|A0A5N5T776_9CRUS	Anas_tr|A0A5N5TLF2|A0A5N5TLF2_9CRUS	
HG_159856	
Anas_tr|A0A5N5SS10|A0A5N5SS10_9CRUS	
HG_160772	
Anas_tr|A0A5N5TM06|A0A5N5TM06_9CRUS	
HG_160974	
Anas_tr|A0A5N5TDG9|A0A5N5TDG9_9CRUS	
HG_160570	
Anas_tr|A0A5N5SUR0|A0A5N5SUR0_9CRUS	
HG_160658	
Anas_tr|A0A5N5TCH8|A0A5N5TCH8_9CRUS	
HG_160052	
Anas_tr|A0A5N5SW49|A0A5N5SW49_9CRUS	
HG_160254	
Anas_tr|A0A5N5SWX3|A0A5N5SWX3_9CRUS	
HG_160456	
Anas_tr|A0A5N5SRG0|A0A5N5SRG0_9CRUS	
HG_159981	
Anas_tr|A0A5N5TCN2|A0A5N5TCN2_9CRUS	
HG_159867	
Anas_tr|A0A5N5TC44|A0A5N5TC44_9CRUS	
HG_160783	
Anas_tr|A0A5N5SNU3|A0A5N5SNU3_9CRUS	
HG_160581	
Anas_tr|A0A5N5SYL9|A0A5N5SYL9_9CRUS	
HG_160467	
Anas_tr|A0A5N5TGY0|A0A5N5TGY0_9CRUS	
HG_160669	
Anas_tr|A0A5N5TBI0|A0A5N5TBI0_9CRUS	
HG_160063	
Anas_tr|A0A5N5SRE0|A0A5N5SRE0_9CRUS	
HG_160265	
Anas_tr|A0A5N5T815|A0A5N5T815_9CRUS	
HG_60969	
Anas_tr|A0A5N5SL94|A0A5N5SL94_9CRUS	Anas_tr|A0A5N5SM08|A0A5N5SM08_9CRUS	Anas_tr|A0A5N5SNK5|A0A5N5SNK5_9CRUS	Anas_tr|A0A5N5TJ25|A0A5N5TJ25_9CRUS	
HG_98589	
Anas_tr|A0A5N5SKN5|A0A5N5SKN5_9CRUS	Anas_tr|A0A5N5SRH3|A0A5N5SRH3_9CRUS	
HG_159992	
Anas_tr|A0A5N5SXX9|A0A5N5SXX9_9CRUS	
HG_98653	
Anas_tr|A0A5N5SZT3|A0A5N5SZT3_9CRUS	Anas_tr|A0A5N5TCN6|A0A5N5TCN6_9CRUS	
HG_159878	
Anas_tr|A0A5N5T6K2|A0A5N5T6K2_9CRUS	
HG_160592	
Anas_tr|A0A5N5TJX4|A0A5N5TJX4_9CRUS	
HG_160794	
Anas_tr|A0A5N5SJZ2|A0A5N5SJZ2_9CRUS	
HG_160390	
Anas_tr|A0A5N5T445|A0A5N5T445_9CRUS	
HG_160478	
Anas_tr|A0A5N5SNW7|A0A5N5SNW7_9CRUS	
HG_160074	
Anas_tr|A0A5N5TBY7|A0A5N5TBY7_9CRUS	
HG_160276	
Anas_tr|A0A5N5SRC6|A0A5N5SRC6_9CRUS	
HG_160902	
Anas_tr|A0A5N5T3A3|A0A5N5T3A3_9CRUS	
HG_160700	
Anas_tr|A0A5N5SJI0|A0A5N5SJI0_9CRUS	
HG_159889	
Anas_tr|A0A5N5T2I6|A0A5N5T2I6_9CRUS	
HG_160489	
Anas_tr|A0A5N5SR82|A0A5N5SR82_9CRUS	
HG_160287	
Anas_tr|A0A5N5TJ40|A0A5N5TJ40_9CRUS	
HG_160085	
Anas_tr|A0A5N5TCZ7|A0A5N5TCZ7_9CRUS	
HG_160711	
Anas_tr|A0A5N5SXZ6|A0A5N5SXZ6_9CRUS	
HG_160913	
Anas_tr|A0A5N5TKB0|A0A5N5TKB0_9CRUS	
HG_98635	
Anas_tr|A0A5N5T6L8|A0A5N5T6L8_9CRUS	Anas_tr|A0A5N5TJ34|A0A5N5TJ34_9CRUS	
HG_159920	
Anas_tr|A0A5N5TDB5|A0A5N5TDB5_9CRUS	
HG_160298	
Anas_tr|A0A5N5TBA3|A0A5N5TBA3_9CRUS	
HG_160096	
Anas_tr|A0A5N5SN50|A0A5N5SN50_9CRUS	
HG_160722	
Anas_tr|A0A5N5T1D2|A0A5N5T1D2_9CRUS	
HG_160924	
Anas_tr|A0A5N5SK91|A0A5N5SK91_9CRUS	
HG_160608	
Anas_tr|A0A5N5T390|A0A5N5T390_9CRUS	
HG_160520	
Anas_tr|A0A5N5TL15|A0A5N5TL15_9CRUS	
HG_160204	
Anas_tr|A0A5N5TNE9|A0A5N5TNE9_9CRUS	
HG_160002	
Anas_tr|A0A5N5SZK3|A0A5N5SZK3_9CRUS	
HG_160406	
Anas_tr|A0A5N5T2S9|A0A5N5T2S9_9CRUS	
HG_159931	
Anas_tr|A0A5N5T513|A0A5N5T513_9CRUS	
HG_160531	
Anas_tr|A0A5N5TAW1|A0A5N5TAW1_9CRUS	
HG_160733	
Anas_tr|A0A5N5SYD3|A0A5N5SYD3_9CRUS	
HG_160935	
Anas_tr|A0A5N5T8W8|A0A5N5T8W8_9CRUS	
HG_160417	
Anas_tr|A0A5N5SUA6|A0A5N5SUA6_9CRUS	
HG_160619	
Anas_tr|A0A5N5TCF7|A0A5N5TCF7_9CRUS	
HG_160215	
Anas_tr|A0A5N5SQ09|A0A5N5SQ09_9CRUS	
HG_160013	
Anas_tr|A0A5N5T4G9|A0A5N5T4G9_9CRUS	
HG_98617	
Anas_tr|A0A5N5T0N1|A0A5N5T0N1_9CRUS	Anas_tr|A0A5N5T3T8|A0A5N5T3T8_9CRUS	
HG_60964	
Anas_tr|A0A5N5SHR9|A0A5N5SHR9_9CRUS	Anas_tr|A0A5N5T2V6|A0A5N5T2V6_9CRUS	Anas_tr|A0A5N5T3K1|A0A5N5T3K1_9CRUS	Anas_tr|A0A5N5TBV5|A0A5N5TBV5_9CRUS	
HG_98584	
Anas_tr|A0A5N5T4W7|A0A5N5T4W7_9CRUS	Anas_tr|A0A5N5TD96|A0A5N5TD96_9CRUS	
HG_159942	
Anas_tr|A0A5N5SMA2|A0A5N5SMA2_9CRUS	
HG_160542	
Anas_tr|A0A5N5TPM6|A0A5N5TPM6_9CRUS	
HG_160744	
Anas_tr|A0A5N5SUM9|A0A5N5SUM9_9CRUS	
HG_160946	
Anas_tr|A0A5N5TGW0|A0A5N5TGW0_9CRUS	
HG_160340	
Anas_tr|A0A5N5SM24|A0A5N5SM24_9CRUS	
HG_160428	
Anas_tr|A0A5N5SU42|A0A5N5SU42_9CRUS	
HG_160024	
Anas_tr|A0A5N5SV18|A0A5N5SV18_9CRUS	
HG_160226	
Anas_tr|A0A5N5SWL3|A0A5N5SWL3_9CRUS	
HG_159953	
Anas_tr|A0A5N5SWH7|A0A5N5SWH7_9CRUS	
HG_160957	
Anas_tr|A0A5N5SZ48|A0A5N5SZ48_9CRUS	
HG_160351	
Anas_tr|A0A5N5TF52|A0A5N5TF52_9CRUS	
HG_160553	
Anas_tr|A0A5N5SRJ1|A0A5N5SRJ1_9CRUS	
HG_160755	
Anas_tr|A0A5N5TBR8|A0A5N5TBR8_9CRUS	
HG_160237	
Anas_tr|A0A5N5SIK8|A0A5N5SIK8_9CRUS	
HG_160439	
Anas_tr|A0A5N5TCC3|A0A5N5TCC3_9CRUS	
HG_160035	
Anas_tr|A0A5N5SXZ5|A0A5N5SXZ5_9CRUS	
HG_98566	
Anas_tr|A0A5N5SQI0|A0A5N5SQI0_9CRUS	Anas_tr|A0A5N5T9W2|A0A5N5T9W2_9CRUS	
HG_159964	
Anas_tr|A0A5N5T2C5|A0A5N5T2C5_9CRUS	
HG_98630	
Anas_tr|A0A5N5ST05|A0A5N5ST05_9CRUS	Anas_tr|A0A5N5T969|A0A5N5T969_9CRUS	
HG_160880	
Anas_tr|A0A5N5SYE0|A0A5N5SYE0_9CRUS	
HG_160968	
Anas_tr|A0A5N5TFF7|A0A5N5TFF7_9CRUS	
HG_160766	
Anas_tr|A0A5N5SMT9|A0A5N5SMT9_9CRUS	
HG_160362	
Anas_tr|A0A5N5T7B3|A0A5N5T7B3_9CRUS	
HG_160564	
Anas_tr|A0A5N5T580|A0A5N5T580_9CRUS	
HG_160160	
Anas_tr|A0A5N5THZ2|A0A5N5THZ2_9CRUS	
HG_160046	
Anas_tr|A0A5N5T4X1|A0A5N5T4X1_9CRUS	
HG_160248	
Anas_tr|A0A5N5TFX2|A0A5N5TFX2_9CRUS	
HG_159975	
Anas_tr|A0A5N5TE33|A0A5N5TE33_9CRUS	
HG_160891	
Anas_tr|A0A5N5T4Q7|A0A5N5T4Q7_9CRUS	
HG_160777	
Anas_tr|A0A5N5T8M6|A0A5N5T8M6_9CRUS	
HG_160575	
Anas_tr|A0A5N5TF77|A0A5N5TF77_9CRUS	
HG_160171	
Anas_tr|A0A5N5TMG2|A0A5N5TMG2_9CRUS	
HG_160373	
Anas_tr|A0A5N5SWN4|A0A5N5SWN4_9CRUS	
HG_160259	
Anas_tr|A0A5N5SSI1|A0A5N5SSI1_9CRUS	
HG_160057	
Anas_tr|A0A5N5SPD9|A0A5N5SPD9_9CRUS	
HG_98548	
Anas_tr|A0A5N5SSD4|A0A5N5SSD4_9CRUS	Anas_tr|A0A5N5TJ04|A0A5N5TJ04_9CRUS	
HG_159986	
Anas_tr|A0A5N5T7I8|A0A5N5T7I8_9CRUS	
HG_98684	
Anas_tr|A0A5N5T9U8|A0A5N5T9U8_9CRUS	Anas_tr|A0A5N5TB77|A0A5N5TB77_9CRUS	
HG_98612	
Anas_tr|A0A5N5SLZ5|A0A5N5SLZ5_9CRUS	Anas_tr|A0A5N5SSY0|A0A5N5SSY0_9CRUS	
HG_160586	
Anas_tr|A0A5N5SS48|A0A5N5SS48_9CRUS	
HG_160788	
Anas_tr|A0A5N5SKR1|A0A5N5SKR1_9CRUS	
HG_160182	
Anas_tr|A0A5N5TE28|A0A5N5TE28_9CRUS	
HG_160384	
Anas_tr|A0A5N5TPN3|A0A5N5TPN3_9CRUS	
HG_160068	
Anas_tr|A0A5N5SLQ3|A0A5N5SLQ3_9CRUS	
HG_39766	
Anas_tr|A0A5N5SL77|A0A5N5SL77_9CRUS	Anas_tr|A0A5N5T2Q1|A0A5N5T2Q1_9CRUS	Anas_tr|A0A5N5TAP8|A0A5N5TAP8_9CRUS	Anas_tr|A0A5N5TCR3|A0A5N5TCR3_9CRUS	Anas_tr|A0A5N5TF46|A0A5N5TF46_9CRUS	Anas_tr|A0A5N5TF85|A0A5N5TF85_9CRUS	Anas_tr|A0A5N5TIU3|A0A5N5TIU3_9CRUS	
HG_159997	
Anas_tr|A0A5N5SJR4|A0A5N5SJR4_9CRUS	
HG_159903	
Anas_tr|A0A5N5TNZ2|A0A5N5TNZ2_9CRUS	
HG_160597	
Anas_tr|A0A5N5T794|A0A5N5T794_9CRUS	
HG_160799	
Anas_tr|A0A5N5TNB1|A0A5N5TNB1_9CRUS	
HG_160193	
Anas_tr|A0A5N5SQ70|A0A5N5SQ70_9CRUS	
HG_160395	
Anas_tr|A0A5N5SQB9|A0A5N5SQB9_9CRUS	
HG_160079	
Anas_tr|A0A5N5TM19|A0A5N5TM19_9CRUS	
HG_160907	
Anas_tr|A0A5N5TJE9|A0A5N5TJE9_9CRUS	
HG_160301	
Anas_tr|A0A5N5SPY5|A0A5N5SPY5_9CRUS	
HG_160503	
Anas_tr|A0A5N5SZI1|A0A5N5SZI1_9CRUS	
HG_160705	
Anas_tr|A0A5N5SV41|A0A5N5SV41_9CRUS	
HG_98561	
Anas_tr|A0A5N5SIJ3|A0A5N5SIJ3_9CRUS	Anas_tr|A0A5N5SJG1|A0A5N5SJG1_9CRUS	
HG_159914	
Anas_tr|A0A5N5SPG7|A0A5N5SPG7_9CRUS	
HG_160830	
Anas_tr|A0A5N5TNY0|A0A5N5TNY0_9CRUS	
HG_160716	
Anas_tr|A0A5N5TIF0|A0A5N5TIF0_9CRUS	
HG_160918	
Anas_tr|A0A5N5T3X7|A0A5N5T3X7_9CRUS	
HG_160110	
Anas_tr|A0A5N5SPE1|A0A5N5SPE1_9CRUS	
HG_160312	
Anas_tr|A0A5N5TFU4|A0A5N5TFU4_9CRUS	
HG_160514	
Anas_tr|A0A5N5SK17|A0A5N5SK17_9CRUS	
HG_39748	
Anas_tr|A0A5N5TEZ7|A0A5N5TEZ7_9CRUS	Anas_tr|A0A5N5TF33|A0A5N5TF33_9CRUS	Anas_tr|A0A5N5TFB8|A0A5N5TFB8_9CRUS	Anas_tr|A0A5N5TFH1|A0A5N5TFH1_9CRUS	Anas_tr|A0A5N5TG74|A0A5N5TG74_9CRUS	Anas_tr|A0A5N5TGC5|A0A5N5TGC5_9CRUS	Anas_tr|A0A5N5TGM0|A0A5N5TGM0_9CRUS	
HG_159925	
Anas_tr|A0A5N5SPQ1|A0A5N5SPQ1_9CRUS	
HG_160841	
Anas_tr|A0A5N5T7A8|A0A5N5T7A8_9CRUS	
HG_27584	
Anas_tr|A0A5N5SI65|A0A5N5SI65_9CRUS	Anas_tr|A0A5N5ST10|A0A5N5ST10_9CRUS	Anas_tr|A0A5N5SWJ5|A0A5N5SWJ5_9CRUS	Anas_tr|A0A5N5SY01|A0A5N5SY01_9CRUS	Anas_tr|A0A5N5T116|A0A5N5T116_9CRUS	Anas_tr|A0A5N5T368|A0A5N5T368_9CRUS	Anas_tr|A0A5N5T3N6|A0A5N5T3N6_9CRUS	Anas_tr|A0A5N5T5S3|A0A5N5T5S3_9CRUS	Anas_tr|A0A5N5T6J7|A0A5N5T6J7_9CRUS	Anas_tr|A0A5N5T8F0|A0A5N5T8F0_9CRUS	Anas_tr|A0A5N5TG21|A0A5N5TG21_9CRUS	
HG_160727	
Anas_tr|A0A5N5TJ89|A0A5N5TJ89_9CRUS	
HG_160929	
Anas_tr|A0A5N5SSP4|A0A5N5SSP4_9CRUS	
HG_160121	
Anas_tr|A0A5N5T9K1|A0A5N5T9K1_9CRUS	
HG_160323	
Anas_tr|A0A5N5TP15|A0A5N5TP15_9CRUS	
HG_160525	
Anas_tr|A0A5N5TK36|A0A5N5TK36_9CRUS	
HG_160007	
Anas_tr|A0A5N5TFU7|A0A5N5TFU7_9CRUS	
HG_160209	
Anas_tr|A0A5N5T3R5|A0A5N5T3R5_9CRUS	
HG_98543	
Anas_tr|A0A5N5SK18|A0A5N5SK18_9CRUS	Anas_tr|A0A5N5SRX4|A0A5N5SRX4_9CRUS	
HG_159936	
Anas_tr|A0A5N5T5B2|A0A5N5T5B2_9CRUS	
HG_160650	
Anas_tr|A0A5N5TGU5|A0A5N5TGU5_9CRUS	
HG_160852	
Anas_tr|A0A5N5T472|A0A5N5T472_9CRUS	
HG_160738	
Anas_tr|A0A5N5T655|A0A5N5T655_9CRUS	
HG_160536	
Anas_tr|A0A5N5SVL5|A0A5N5SVL5_9CRUS	
HG_160132	
Anas_tr|A0A5N5SQI8|A0A5N5SQI8_9CRUS	
HG_160334	
Anas_tr|A0A5N5T2G6|A0A5N5T2G6_9CRUS	
HG_160018	
Anas_tr|A0A5N5TAP0|A0A5N5TAP0_9CRUS	
HG_159947	
Anas_tr|A0A5N5T709|A0A5N5T709_9CRUS	
HG_74932	
Anas_tr|A0A5N5SRJ2|A0A5N5SRJ2_9CRUS	Anas_tr|A0A5N5SVJ5|A0A5N5SVJ5_9CRUS	Anas_tr|A0A5N5SZ38|A0A5N5SZ38_9CRUS	
HG_160661	
Anas_tr|A0A5N5TIF3|A0A5N5TIF3_9CRUS	
HG_160863	
Anas_tr|A0A5N5SS43|A0A5N5SS43_9CRUS	
HG_160345	
Anas_tr|A0A5N5SV64|A0A5N5SV64_9CRUS	
HG_160547	
Anas_tr|A0A5N5TA78|A0A5N5TA78_9CRUS	
HG_160749	
Anas_tr|A0A5N5ST71|A0A5N5ST71_9CRUS	
HG_160143	
Anas_tr|A0A5N5T1T3|A0A5N5T1T3_9CRUS	
HG_160029	
Anas_tr|A0A5N5TCZ0|A0A5N5TCZ0_9CRUS	
HG_22958	
Anas_tr|A0A5N5SKA7|A0A5N5SKA7_9CRUS	Anas_tr|A0A5N5SKM0|A0A5N5SKM0_9CRUS	Anas_tr|A0A5N5SKZ8|A0A5N5SKZ8_9CRUS	Anas_tr|A0A5N5T313|A0A5N5T313_9CRUS	Anas_tr|A0A5N5T443|A0A5N5T443_9CRUS	Anas_tr|A0A5N5T614|A0A5N5T614_9CRUS	Anas_tr|A0A5N5T6V8|A0A5N5T6V8_9CRUS	Anas_tr|A0A5N5TDE7|A0A5N5TDE7_9CRUS	Anas_tr|A0A5N5TG41|A0A5N5TG41_9CRUS	Anas_tr|A0A5N5TN61|A0A5N5TN61_9CRUS	Anas_tr|A0A5N5TN76|A0A5N5TN76_9CRUS	Anas_tr|A0A5N5TN89|A0A5N5TN89_9CRUS	Anas_tr|A0A5N5TN91|A0A5N5TN91_9CRUS	Anas_tr|A0A5N5TNE4|A0A5N5TNE4_9CRUS	
HG_98597	
Anas_tr|A0A5N5STZ5|A0A5N5STZ5_9CRUS	Anas_tr|A0A5N5TDG1|A0A5N5TDG1_9CRUS	
HG_159870	
Anas_tr|A0A5N5TNN4|A0A5N5TNN4_9CRUS	
HG_159958	
Anas_tr|A0A5N5TC97|A0A5N5TC97_9CRUS	
HG_160470	
Anas_tr|A0A5N5SX80|A0A5N5SX80_9CRUS	
HG_160672	
Anas_tr|A0A5N5SHN1|A0A5N5SHN1_9CRUS	
HG_160874	
Anas_tr|A0A5N5T033|A0A5N5T033_9CRUS	
HG_160356	
Anas_tr|A0A5N5T4D9|A0A5N5T4D9_9CRUS	
HG_160558	
Anas_tr|A0A5N5TC86|A0A5N5TC86_9CRUS	
HG_160154	
Anas_tr|A0A5N5T731|A0A5N5T731_9CRUS	
HG_159881	
Anas_tr|A0A5N5TGD6|A0A5N5TGD6_9CRUS	
HG_159969	
Anas_tr|A0A5N5TP76|A0A5N5TP76_9CRUS	
HG_74914	
Anas_tr|A0A5N5SY54|A0A5N5SY54_9CRUS	Anas_tr|A0A5N5T178|A0A5N5T178_9CRUS	Anas_tr|A0A5N5T2V2|A0A5N5T2V2_9CRUS	
HG_35677	
Anas_tr|A0A5N5SH38|A0A5N5SH38_9CRUS	Anas_tr|A0A5N5SNY8|A0A5N5SNY8_9CRUS	Anas_tr|A0A5N5STD1|A0A5N5STD1_9CRUS	Anas_tr|A0A5N5T1E8|A0A5N5T1E8_9CRUS	Anas_tr|A0A5N5T1S8|A0A5N5T1S8_9CRUS	Anas_tr|A0A5N5T5F2|A0A5N5T5F2_9CRUS	Anas_tr|A0A5N5T972|A0A5N5T972_9CRUS	Anas_tr|A0A5N5TM85|A0A5N5TM85_9CRUS	
HG_160885	
Anas_tr|A0A5N5SKA9|A0A5N5SKA9_9CRUS	
HG_160481	
Anas_tr|A0A5N5TEM1|A0A5N5TEM1_9CRUS	
HG_160683	
Anas_tr|A0A5N5SSV5|A0A5N5SSV5_9CRUS	
HG_160165	
Anas_tr|A0A5N5STV6|A0A5N5STV6_9CRUS	
HG_160367	
Anas_tr|A0A5N5STE6|A0A5N5STE6_9CRUS	
HG_160569	
Anas_tr|A0A5N5SRR9|A0A5N5SRR9_9CRUS	
HG_98579	
Anas_tr|A0A5N5SN60|A0A5N5SN60_9CRUS	Anas_tr|A0A5N5T0R0|A0A5N5T0R0_9CRUS	
HG_159892	
Anas_tr|A0A5N5TNZ7|A0A5N5TNZ7_9CRUS	
HG_60990	
Anas_tr|A0A5N5T4B0|A0A5N5T4B0_9CRUS	Anas_tr|A0A5N5T4S1|A0A5N5T4S1_9CRUS	Anas_tr|A0A5N5TAW3|A0A5N5TAW3_9CRUS	Anas_tr|A0A5N5TL20|A0A5N5TL20_9CRUS	
HG_160896	
Anas_tr|A0A5N5T7I9|A0A5N5T7I9_9CRUS	
HG_160290	
Anas_tr|A0A5N5SS40|A0A5N5SS40_9CRUS	
HG_160492	
Anas_tr|A0A5N5TH50|A0A5N5TH50_9CRUS	
HG_160694	
Anas_tr|A0A5N5T1D8|A0A5N5T1D8_9CRUS	
HG_160176	
Anas_tr|A0A5N5SY94|A0A5N5SY94_9CRUS	
HG_160378	
Anas_tr|A0A5N5SZX3|A0A5N5SZX3_9CRUS	
HG_160600	
Anas_tr|A0A5N5SR61|A0A5N5SR61_9CRUS	
HG_160802	
Anas_tr|A0A5N5SW45|A0A5N5SW45_9CRUS	
HG_160389	
Anas_tr|A0A5N5SV66|A0A5N5SV66_9CRUS	
HG_160187	
Anas_tr|A0A5N5SRC9|A0A5N5SRC9_9CRUS	
HG_160611	
Anas_tr|A0A5N5TEE8|A0A5N5TEE8_9CRUS	
HG_160813	
Anas_tr|A0A5N5SVQ4|A0A5N5SVQ4_9CRUS	
HG_98697	
Anas_tr|A0A5N5T6F7|A0A5N5T6F7_9CRUS	Anas_tr|A0A5N5TAQ6|A0A5N5TAQ6_9CRUS	
HG_98592	
Anas_tr|A0A5N5T531|A0A5N5T531_9CRUS	Anas_tr|A0A5N5TFK0|A0A5N5TFK0_9CRUS	
HG_159908	
Anas_tr|A0A5N5SRX5|A0A5N5SRX5_9CRUS	
HG_160198	
Anas_tr|A0A5N5T0I5|A0A5N5T0I5_9CRUS	
HG_51658	
Anas_tr|A0A5N5SIB9|A0A5N5SIB9_9CRUS	Anas_tr|A0A5N5SQX9|A0A5N5SQX9_9CRUS	Anas_tr|A0A5N5SRY8|A0A5N5SRY8_9CRUS	Anas_tr|A0A5N5THE2|A0A5N5THE2_9CRUS	Anas_tr|A0A5N5THT2|A0A5N5THT2_9CRUS	
HG_160824	
Anas_tr|A0A5N5SS46|A0A5N5SS46_9CRUS	
HG_160420	
Anas_tr|A0A5N5T248|A0A5N5T248_9CRUS	
HG_160622	
Anas_tr|A0A5N5SQU9|A0A5N5SQU9_9CRUS	
HG_160508	
Anas_tr|A0A5N5TFN1|A0A5N5TFN1_9CRUS	
HG_160104	
Anas_tr|A0A5N5TPH1|A0A5N5TPH1_9CRUS	
HG_160306	
Anas_tr|A0A5N5T308|A0A5N5T308_9CRUS	
HG_159919	
Anas_tr|A0A5N5TD91|A0A5N5TD91_9CRUS	
HG_35672	
Anas_tr|A0A5N5SK58|A0A5N5SK58_9CRUS	Anas_tr|A0A5N5SVL2|A0A5N5SVL2_9CRUS	Anas_tr|A0A5N5T491|A0A5N5T491_9CRUS	Anas_tr|A0A5N5T4I0|A0A5N5T4I0_9CRUS	Anas_tr|A0A5N5TBM3|A0A5N5TBM3_9CRUS	Anas_tr|A0A5N5TD92|A0A5N5TD92_9CRUS	Anas_tr|A0A5N5TK31|A0A5N5TK31_9CRUS	Anas_tr|A0A5N5TK38|A0A5N5TK38_9CRUS	
HG_160835	
Anas_tr|A0A5N5TBK7|A0A5N5TBK7_9CRUS	
HG_160431	
Anas_tr|A0A5N5T1A2|A0A5N5T1A2_9CRUS	
HG_160633	
Anas_tr|A0A5N5SLD4|A0A5N5SLD4_9CRUS	
HG_160115	
Anas_tr|A0A5N5TAJ1|A0A5N5TAJ1_9CRUS	
HG_160317	
Anas_tr|A0A5N5T041|A0A5N5T041_9CRUS	
HG_160519	
Anas_tr|A0A5N5THY1|A0A5N5THY1_9CRUS	
HG_98679	
Anas_tr|A0A5N5SMA9|A0A5N5SMA9_9CRUS	Anas_tr|A0A5N5T7J6|A0A5N5T7J6_9CRUS	
HG_159842	
Anas_tr|A0A5N5T392|A0A5N5T392_9CRUS	
HG_160960	
Anas_tr|A0A5N5TCE9|A0A5N5TCE9_9CRUS	
HG_160644	
Anas_tr|A0A5N5SSF6|A0A5N5SSF6_9CRUS	
HG_160846	
Anas_tr|A0A5N5TJV5|A0A5N5TJV5_9CRUS	
HG_160240	
Anas_tr|A0A5N5SJS6|A0A5N5SJS6_9CRUS	
HG_160442	
Anas_tr|A0A5N5TK28|A0A5N5TK28_9CRUS	
HG_160126	
Anas_tr|A0A5N5SQN0|A0A5N5SQN0_9CRUS	
HG_160328	
Anas_tr|A0A5N5TM61|A0A5N5TM61_9CRUS	
HG_159853	
Anas_tr|A0A5N5TPA4|A0A5N5TPA4_9CRUS	
HG_74963	
Anas_tr|A0A5N5SKB5|A0A5N5SKB5_9CRUS	Anas_tr|A0A5N5T1K0|A0A5N5T1K0_9CRUS	Anas_tr|A0A5N5TJ70|A0A5N5TJ70_9CRUS	
HG_160971	
Anas_tr|A0A5N5TN46|A0A5N5TN46_9CRUS	
HG_160655	
Anas_tr|A0A5N5SMR1|A0A5N5SMR1_9CRUS	
HG_160857	
Anas_tr|A0A5N5TJW3|A0A5N5TJW3_9CRUS	
HG_160251	
Anas_tr|A0A5N5SMM6|A0A5N5SMM6_9CRUS	
HG_160453	
Anas_tr|A0A5N5TFE9|A0A5N5TFE9_9CRUS	
HG_160137	
Anas_tr|A0A5N5TF35|A0A5N5TF35_9CRUS	
HG_160339	
Anas_tr|A0A5N5TNY4|A0A5N5TNY4_9CRUS	
HG_98556	
Anas_tr|A0A5N5T8P2|A0A5N5T8P2_9CRUS	Anas_tr|A0A5N5TEX8|A0A5N5TEX8_9CRUS	
HG_159864	
Anas_tr|A0A5N5TPP6|A0A5N5TPP6_9CRUS	
HG_98620	
Anas_tr|A0A5N5SU71|A0A5N5SU71_9CRUS	Anas_tr|A0A5N5TGQ1|A0A5N5TGQ1_9CRUS	
HG_160780	
Anas_tr|A0A5N5TF39|A0A5N5TF39_9CRUS	
HG_160868	
Anas_tr|A0A5N5TFX3|A0A5N5TFX3_9CRUS	
HG_160464	
Anas_tr|A0A5N5SWP7|A0A5N5SWP7_9CRUS	
HG_160666	
Anas_tr|A0A5N5SQS4|A0A5N5SQS4_9CRUS	
HG_51653	
Anas_tr|A0A5N5SJ68|A0A5N5SJ68_9CRUS	Anas_tr|A0A5N5SPF1|A0A5N5SPF1_9CRUS	Anas_tr|A0A5N5T9I4|A0A5N5T9I4_9CRUS	Anas_tr|A0A5N5TAX3|A0A5N5TAX3_9CRUS	Anas_tr|A0A5N5TPP7|A0A5N5TPP7_9CRUS	
HG_160060	
Anas_tr|A0A5N5TJQ1|A0A5N5TJQ1_9CRUS	
HG_160262	
Anas_tr|A0A5N5SY95|A0A5N5SY95_9CRUS	
HG_160148	
Anas_tr|A0A5N5TPK3|A0A5N5TPK3_9CRUS	
HG_159875	
Anas_tr|A0A5N5SXM8|A0A5N5SXM8_9CRUS	
HG_160791	
Anas_tr|A0A5N5T1X3|A0A5N5T1X3_9CRUS	
HG_160879	
Anas_tr|A0A5N5SN89|A0A5N5SN89_9CRUS	
HG_160475	
Anas_tr|A0A5N5T7D7|A0A5N5T7D7_9CRUS	
HG_160677	
Anas_tr|A0A5N5T181|A0A5N5T181_9CRUS	
HG_160273	
Anas_tr|A0A5N5T5Q4|A0A5N5T5Q4_9CRUS	
HG_160159	
Anas_tr|A0A5N5T1U1|A0A5N5T1U1_9CRUS	
HG_160071	
Anas_tr|A0A5N5T7Z8|A0A5N5T7Z8_9CRUS	
HG_98538	
Anas_tr|A0A5N5SYM9|A0A5N5SYM9_9CRUS	Anas_tr|A0A5N5T4W3|A0A5N5T4W3_9CRUS	
HG_159886	
Anas_tr|A0A5N5SNK7|A0A5N5SNK7_9CRUS	
HG_98674	
Anas_tr|A0A5N5SRG2|A0A5N5SRG2_9CRUS	Anas_tr|A0A5N5SV25|A0A5N5SV25_9CRUS	
HG_98602	
Anas_tr|A0A5N5T2Y4|A0A5N5T2Y4_9CRUS	Anas_tr|A0A5N5T700|A0A5N5T700_9CRUS	
HG_160284	
Anas_tr|A0A5N5TDV4|A0A5N5TDV4_9CRUS	
HG_160486	
Anas_tr|A0A5N5SLZ7|A0A5N5SLZ7_9CRUS	
HG_160688	
Anas_tr|A0A5N5TEY3|A0A5N5TEY3_9CRUS	
HG_160082	
Anas_tr|A0A5N5SYQ0|A0A5N5SYQ0_9CRUS	
HG_51635	
Anas_tr|A0A5N5SKF2|A0A5N5SKF2_9CRUS	Anas_tr|A0A5N5SW83|A0A5N5SW83_9CRUS	Anas_tr|A0A5N5T789|A0A5N5T789_9CRUS	Anas_tr|A0A5N5T9P5|A0A5N5T9P5_9CRUS	Anas_tr|A0A5N5TBA1|A0A5N5TBA1_9CRUS	
HG_44932	
Anas_tr|A0A5N5SS62|A0A5N5SS62_9CRUS	Anas_tr|A0A5N5SSM6|A0A5N5SSM6_9CRUS	Anas_tr|A0A5N5SWF4|A0A5N5SWF4_9CRUS	Anas_tr|A0A5N5T3U8|A0A5N5T3U8_9CRUS	Anas_tr|A0A5N5T459|A0A5N5T459_9CRUS	Anas_tr|A0A5N5T4E5|A0A5N5T4E5_9CRUS	
HG_160910	
Anas_tr|A0A5N5T7J7|A0A5N5T7J7_9CRUS	
HG_159897	
Anas_tr|A0A5N5T7I6|A0A5N5T7I6_9CRUS	
HG_160699	
Anas_tr|A0A5N5TM25|A0A5N5TM25_9CRUS	
HG_160093	
Anas_tr|A0A5N5TMP4|A0A5N5TMP4_9CRUS	
HG_160497	
Anas_tr|A0A5N5TBG5|A0A5N5TBG5_9CRUS	
HG_160295	
Anas_tr|A0A5N5STR0|A0A5N5STR0_9CRUS	
HG_160921	
Anas_tr|A0A5N5SGZ4|A0A5N5SGZ4_9CRUS	
HG_160403	
Anas_tr|A0A5N5TJG7|A0A5N5TJG7_9CRUS	
HG_160605	
Anas_tr|A0A5N5TJY3|A0A5N5TJY3_9CRUS	
HG_160807	
Anas_tr|A0A5N5TPH5|A0A5N5TPH5_9CRUS	
HG_160201	
Anas_tr|A0A5N5TKS8|A0A5N5TKS8_9CRUS	
HG_98656	
Anas_tr|A0A5N5T5X3|A0A5N5T5X3_9CRUS	Anas_tr|A0A5N5TL95|A0A5N5TL95_9CRUS	
HG_98551	
Anas_tr|A0A5N5SU27|A0A5N5SU27_9CRUS	Anas_tr|A0A5N5TBD5|A0A5N5TBD5_9CRUS	
HG_160730	
Anas_tr|A0A5N5SJK9|A0A5N5SJK9_9CRUS	
HG_160932	
Anas_tr|A0A5N5T203|A0A5N5T203_9CRUS	
HG_160414	
Anas_tr|A0A5N5SNZ3|A0A5N5SNZ3_9CRUS	
HG_160616	
Anas_tr|A0A5N5SSI6|A0A5N5SSI6_9CRUS	
HG_160818	
Anas_tr|A0A5N5T9A5|A0A5N5T9A5_9CRUS	
HG_160010	
Anas_tr|A0A5N5SSL9|A0A5N5SSL9_9CRUS	
HG_160212	
Anas_tr|A0A5N5TLA3|A0A5N5TLA3_9CRUS	
HG_39738	
Anas_tr|A0A5N5SMJ1|A0A5N5SMJ1_9CRUS	Anas_tr|A0A5N5SP85|A0A5N5SP85_9CRUS	Anas_tr|A0A5N5SPI8|A0A5N5SPI8_9CRUS	Anas_tr|A0A5N5SPM1|A0A5N5SPM1_9CRUS	Anas_tr|A0A5N5SQ39|A0A5N5SQ39_9CRUS	Anas_tr|A0A5N5T687|A0A5N5T687_9CRUS	Anas_tr|A0A5N5TAY9|A0A5N5TAY9_9CRUS	
HG_160943	
Anas_tr|A0A5N5SQV4|A0A5N5SQV4_9CRUS	
HG_160741	
Anas_tr|A0A5N5TMP1|A0A5N5TMP1_9CRUS	
HG_160829	
Anas_tr|A0A5N5TIA4|A0A5N5TIA4_9CRUS	
HG_160223	
Anas_tr|A0A5N5TKU3|A0A5N5TKU3_9CRUS	
HG_160425	
Anas_tr|A0A5N5TP80|A0A5N5TP80_9CRUS	
HG_160627	
Anas_tr|A0A5N5SHF2|A0A5N5SHF2_9CRUS	
HG_160021	
Anas_tr|A0A5N5TNV3|A0A5N5TNV3_9CRUS	
HG_160109	
Anas_tr|A0A5N5TMX0|A0A5N5TMX0_9CRUS	
HG_98638	
Anas_tr|A0A5N5SW80|A0A5N5SW80_9CRUS	Anas_tr|A0A5N5SWR8|A0A5N5SWR8_9CRUS	
HG_159950	
Anas_tr|A0A5N5TPL5|A0A5N5TPL5_9CRUS	
HG_160954	
Anas_tr|A0A5N5TGA5|A0A5N5TGA5_9CRUS	
HG_160550	
Anas_tr|A0A5N5SJQ0|A0A5N5SJQ0_9CRUS	
HG_160752	
Anas_tr|A0A5N5T137|A0A5N5T137_9CRUS	
HG_160638	
Anas_tr|A0A5N5STD6|A0A5N5STD6_9CRUS	
HG_160436	
Anas_tr|A0A5N5SX52|A0A5N5SX52_9CRUS	
HG_160234	
Anas_tr|A0A5N5TMS8|A0A5N5TMS8_9CRUS	
HG_160032	
Anas_tr|A0A5N5TKQ8|A0A5N5TKQ8_9CRUS	
HG_159961	
Anas_tr|A0A5N5TPS7|A0A5N5TPS7_9CRUS	
HG_159847	
Anas_tr|A0A5N5TMB6|A0A5N5TMB6_9CRUS	
HG_74922	
Anas_tr|A0A5N5SX55|A0A5N5SX55_9CRUS	Anas_tr|A0A5N5T694|A0A5N5T694_9CRUS	Anas_tr|A0A5N5T6P6|A0A5N5T6P6_9CRUS	
HG_160763	
Anas_tr|A0A5N5TPM5|A0A5N5TPM5_9CRUS	
HG_160965	
Anas_tr|A0A5N5STB2|A0A5N5STB2_9CRUS	
HG_160561	
Anas_tr|A0A5N5SPT5|A0A5N5SPT5_9CRUS	
HG_160649	
Anas_tr|A0A5N5TP45|A0A5N5TP45_9CRUS	
HG_160245	
Anas_tr|A0A5N5T553|A0A5N5T553_9CRUS	
HG_160447	
Anas_tr|A0A5N5STW4|A0A5N5STW4_9CRUS	
HG_160043	
Anas_tr|A0A5N5SRU0|A0A5N5SRU0_9CRUS	
HG_60967	
Anas_tr|A0A5N5SU85|A0A5N5SU85_9CRUS	Anas_tr|A0A5N5T1N0|A0A5N5T1N0_9CRUS	Anas_tr|A0A5N5TB82|A0A5N5TB82_9CRUS	Anas_tr|A0A5N5TJT1|A0A5N5TJT1_9CRUS	
HG_98587	
Anas_tr|A0A5N5SR28|A0A5N5SR28_9CRUS	Anas_tr|A0A5N5SXC7|A0A5N5SXC7_9CRUS	
HG_159972	
Anas_tr|A0A5N5STP2|A0A5N5STP2_9CRUS	
HG_159858	
Anas_tr|A0A5N5SY20|A0A5N5SY20_9CRUS	
HG_98651	
Anas_tr|A0A5N5T518|A0A5N5T518_9CRUS	Anas_tr|A0A5N5T6M9|A0A5N5T6M9_9CRUS	
HG_160572	
Anas_tr|A0A5N5SY77|A0A5N5SY77_9CRUS	
HG_160774	
Anas_tr|A0A5N5SSE5|A0A5N5SSE5_9CRUS	
HG_160976	
Anas_tr|A0A5N5TMD3|A0A5N5TMD3_9CRUS	
HG_160370	
Anas_tr|A0A5N5SMC0|A0A5N5SMC0_9CRUS	
HG_160458	
Anas_tr|A0A5N5STF4|A0A5N5STF4_9CRUS	
HG_51684	
Anas_tr|A0A5N5T2A4|A0A5N5T2A4_9CRUS	Anas_tr|A0A5N5T2C7|A0A5N5T2C7_9CRUS	Anas_tr|A0A5N5T2T3|A0A5N5T2T3_9CRUS	Anas_tr|A0A5N5T3A0|A0A5N5T3A0_9CRUS	Anas_tr|A0A5N5T6K8|A0A5N5T6K8_9CRUS	
HG_160054	
Anas_tr|A0A5N5SKQ8|A0A5N5SKQ8_9CRUS	
HG_160256	
Anas_tr|A0A5N5TI12|A0A5N5TI12_9CRUS	
HG_159983	
Anas_tr|A0A5N5SHX2|A0A5N5SHX2_9CRUS	
HG_159869	
Anas_tr|A0A5N5TJ21|A0A5N5TJ21_9CRUS	
HG_74976	
Anas_tr|A0A5N5T1R7|A0A5N5T1R7_9CRUS	Anas_tr|A0A5N5T586|A0A5N5T586_9CRUS	Anas_tr|A0A5N5TIY3|A0A5N5TIY3_9CRUS	
HG_160583	
Anas_tr|A0A5N5TBU5|A0A5N5TBU5_9CRUS	
HG_160785	
Anas_tr|A0A5N5SXP9|A0A5N5SXP9_9CRUS	
HG_160381	
Anas_tr|A0A5N5TFL0|A0A5N5TFL0_9CRUS	
HG_160469	
Anas_tr|A0A5N5SRI0|A0A5N5SRI0_9CRUS	
HG_160065	
Anas_tr|A0A5N5TAK5|A0A5N5TAK5_9CRUS	
HG_160267	
Anas_tr|A0A5N5TCU9|A0A5N5TCU9_9CRUS	
HG_98569	
Anas_tr|A0A5N5SIS4|A0A5N5SIS4_9CRUS	Anas_tr|A0A5N5TD98|A0A5N5TD98_9CRUS	
HG_159994	
Anas_tr|A0A5N5T5P9|A0A5N5T5P9_9CRUS	
HG_98633	
Anas_tr|A0A5N5T1P2|A0A5N5T1P2_9CRUS	Anas_tr|A0A5N5TEA5|A0A5N5TEA5_9CRUS	
HG_60980	
Anas_tr|A0A5N5SN85|A0A5N5SN85_9CRUS	Anas_tr|A0A5N5SPJ8|A0A5N5SPJ8_9CRUS	Anas_tr|A0A5N5SSC4|A0A5N5SSC4_9CRUS	Anas_tr|A0A5N5T5R4|A0A5N5T5R4_9CRUS	
HG_159900	
Anas_tr|A0A5N5THA6|A0A5N5THA6_9CRUS	
HG_160392	
Anas_tr|A0A5N5T9P8|A0A5N5T9P8_9CRUS	
HG_160594	
Anas_tr|A0A5N5TBU3|A0A5N5TBU3_9CRUS	
HG_160796	
Anas_tr|A0A5N5TGI5|A0A5N5TGI5_9CRUS	
HG_160190	
Anas_tr|A0A5N5SJ26|A0A5N5SJ26_9CRUS	
HG_160278	
Anas_tr|A0A5N5SUV2|A0A5N5SUV2_9CRUS	
HG_160076	
Anas_tr|A0A5N5SJ50|A0A5N5SJ50_9CRUS	
HG_160702	
Anas_tr|A0A5N5SM16|A0A5N5SM16_9CRUS	
HG_160904	
Anas_tr|A0A5N5T9L7|A0A5N5T9L7_9CRUS	
HG_160500	
Anas_tr|A0A5N5TP74|A0A5N5TP74_9CRUS	
HG_74958	
Anas_tr|A0A5N5SV68|A0A5N5SV68_9CRUS	Anas_tr|A0A5N5T9L6|A0A5N5T9L6_9CRUS	Anas_tr|A0A5N5TL62|A0A5N5TL62_9CRUS	
HG_159911	
Anas_tr|A0A5N5TMI4|A0A5N5TMI4_9CRUS	
HG_160289	
Anas_tr|A0A5N5SLL3|A0A5N5SLL3_9CRUS	
HG_160087	
Anas_tr|A0A5N5SRQ6|A0A5N5SRQ6_9CRUS	
HG_160713	
Anas_tr|A0A5N5T905|A0A5N5T905_9CRUS	
HG_160915	
Anas_tr|A0A5N5TPR0|A0A5N5TPR0_9CRUS	
HG_160511	
Anas_tr|A0A5N5TK75|A0A5N5TK75_9CRUS	
HG_98615	
Anas_tr|A0A5N5TEV5|A0A5N5TEV5_9CRUS	Anas_tr|A0A5N5TKG2|A0A5N5TKG2_9CRUS	
HG_60962	
Anas_tr|A0A5N5SLS0|A0A5N5SLS0_9CRUS	Anas_tr|A0A5N5SWQ8|A0A5N5SWQ8_9CRUS	Anas_tr|A0A5N5T0A4|A0A5N5T0A4_9CRUS	Anas_tr|A0A5N5TGR8|A0A5N5TGR8_9CRUS	
HG_98582	
Anas_tr|A0A5N5SW96|A0A5N5SW96_9CRUS	Anas_tr|A0A5N5THF8|A0A5N5THF8_9CRUS	
HG_159922	
Anas_tr|A0A5N5TM11|A0A5N5TM11_9CRUS	
HG_160098	
Anas_tr|A0A5N5STR7|A0A5N5STR7_9CRUS	
HG_160724	
Anas_tr|A0A5N5TBX5|A0A5N5TBX5_9CRUS	
HG_160926	
Anas_tr|A0A5N5T4B7|A0A5N5T4B7_9CRUS	
HG_160522	
Anas_tr|A0A5N5T720|A0A5N5T720_9CRUS	
HG_160320	
Anas_tr|A0A5N5T6W0|A0A5N5T6W0_9CRUS	
HG_160408	
Anas_tr|A0A5N5SSM0|A0A5N5SSM0_9CRUS	
HG_160004	
Anas_tr|A0A5N5T208|A0A5N5T208_9CRUS	
HG_160206	
Anas_tr|A0A5N5SNH9|A0A5N5SNH9_9CRUS	
HG_159933	
Anas_tr|A0A5N5TNI3|A0A5N5TNI3_9CRUS	
HG_160937	
Anas_tr|A0A5N5TKR4|A0A5N5TKR4_9CRUS	
HG_160533	
Anas_tr|A0A5N5SPE7|A0A5N5SPE7_9CRUS	
HG_160735	
Anas_tr|A0A5N5T0U2|A0A5N5T0U2_9CRUS	
HG_160331	
Anas_tr|A0A5N5STE4|A0A5N5STE4_9CRUS	
HG_160217	
Anas_tr|A0A5N5T0U9|A0A5N5T0U9_9CRUS	
HG_160419	
Anas_tr|A0A5N5T0Z6|A0A5N5T0Z6_9CRUS	
HG_160015	
Anas_tr|A0A5N5T4Q8|A0A5N5T4Q8_9CRUS	
HG_98669	
Anas_tr|A0A5N5T118|A0A5N5T118_9CRUS	Anas_tr|A0A5N5T1F1|A0A5N5T1F1_9CRUS	
HG_98564	
Anas_tr|A0A5N5SKK9|A0A5N5SKK9_9CRUS	Anas_tr|A0A5N5SW16|A0A5N5SW16_9CRUS	
HG_159944	
Anas_tr|A0A5N5SUP9|A0A5N5SUP9_9CRUS	
HG_14353	
Anas_tr|A0A5N5SVF1|A0A5N5SVF1_9CRUS	Anas_tr|A0A5N5SWE0|A0A5N5SWE0_9CRUS	Anas_tr|A0A5N5SXQ5|A0A5N5SXQ5_9CRUS	Anas_tr|A0A5N5T076|A0A5N5T076_9CRUS	Anas_tr|A0A5N5T0Z7|A0A5N5T0Z7_9CRUS	Anas_tr|A0A5N5T1M9|A0A5N5T1M9_9CRUS	Anas_tr|A0A5N5T284|A0A5N5T284_9CRUS	Anas_tr|A0A5N5T396|A0A5N5T396_9CRUS	Anas_tr|A0A5N5T3I8|A0A5N5T3I8_9CRUS	Anas_tr|A0A5N5T4L4|A0A5N5T4L4_9CRUS	Anas_tr|A0A5N5T599|A0A5N5T599_9CRUS	Anas_tr|A0A5N5T5P5|A0A5N5T5P5_9CRUS	Anas_tr|A0A5N5T7D4|A0A5N5T7D4_9CRUS	Anas_tr|A0A5N5T8F5|A0A5N5T8F5_9CRUS	Anas_tr|A0A5N5T9U2|A0A5N5T9U2_9CRUS	Anas_tr|A0A5N5TB65|A0A5N5TB65_9CRUS	Anas_tr|A0A5N5TB92|A0A5N5TB92_9CRUS	Anas_tr|A0A5N5TCZ1|A0A5N5TCZ1_9CRUS	Anas_tr|A0A5N5TE42|A0A5N5TE42_9CRUS	Anas_tr|A0A5N5TEP2|A0A5N5TEP2_9CRUS	Anas_tr|A0A5N5TEU4|A0A5N5TEU4_9CRUS	Anas_tr|A0A5N5TFZ6|A0A5N5TFZ6_9CRUS	Anas_tr|A0A5N5TG08|A0A5N5TG08_9CRUS	Anas_tr|A0A5N5TGF3|A0A5N5TGF3_9CRUS	Anas_tr|A0A5N5TGK4|A0A5N5TGK4_9CRUS	Anas_tr|A0A5N5TI36|A0A5N5TI36_9CRUS	Anas_tr|A0A5N5TJC2|A0A5N5TJC2_9CRUS	Anas_tr|A0A5N5TJJ0|A0A5N5TJJ0_9CRUS	Anas_tr|A0A5N5TN96|A0A5N5TN96_9CRUS	
HG_160860	
Anas_tr|A0A5N5SLH0|A0A5N5SLH0_9CRUS	
HG_160948	
Anas_tr|A0A5N5SKJ1|A0A5N5SKJ1_9CRUS	
HG_160342	
Anas_tr|A0A5N5T0X1|A0A5N5T0X1_9CRUS	
HG_160544	
Anas_tr|A0A5N5SZ71|A0A5N5SZ71_9CRUS	
HG_160746	
Anas_tr|A0A5N5TCH1|A0A5N5TCH1_9CRUS	
HG_160140	
Anas_tr|A0A5N5SS21|A0A5N5SS21_9CRUS	
HG_160228	
Anas_tr|A0A5N5TJS5|A0A5N5TJS5_9CRUS	
HG_160026	
Anas_tr|A0A5N5SZH1|A0A5N5SZH1_9CRUS	
HG_159955	
Anas_tr|A0A5N5SZA1|A0A5N5SZA1_9CRUS	
HG_74953	
Anas_tr|A0A5N5SKT4|A0A5N5SKT4_9CRUS	Anas_tr|A0A5N5T0C4|A0A5N5T0C4_9CRUS	Anas_tr|A0A5N5T2V9|A0A5N5T2V9_9CRUS	
HG_160871	
Anas_tr|A0A5N5TNL2|A0A5N5TNL2_9CRUS	
HG_160757	
Anas_tr|A0A5N5TPH6|A0A5N5TPH6_9CRUS	
HG_160959	
Anas_tr|A0A5N5T6H9|A0A5N5T6H9_9CRUS	
HG_160151	
Anas_tr|A0A5N5SQQ0|A0A5N5SQQ0_9CRUS	
HG_160353	
Anas_tr|A0A5N5SK65|A0A5N5SK65_9CRUS	
HG_160555	
Anas_tr|A0A5N5SWS9|A0A5N5SWS9_9CRUS	
HG_160037	
Anas_tr|A0A5N5TEE9|A0A5N5TEE9_9CRUS	
HG_160239	
Anas_tr|A0A5N5SJF7|A0A5N5SJF7_9CRUS	
HG_98546	
Anas_tr|A0A5N5SPM5|A0A5N5SPM5_9CRUS	Anas_tr|A0A5N5TJF8|A0A5N5TJF8_9CRUS	
HG_24296	
Anas_tr|A0A5N5SII2|A0A5N5SII2_9CRUS	Anas_tr|A0A5N5SQW1|A0A5N5SQW1_9CRUS	Anas_tr|A0A5N5ST27|A0A5N5ST27_9CRUS	Anas_tr|A0A5N5SVK8|A0A5N5SVK8_9CRUS	Anas_tr|A0A5N5SXF5|A0A5N5SXF5_9CRUS	Anas_tr|A0A5N5SY41|A0A5N5SY41_9CRUS	Anas_tr|A0A5N5T4V0|A0A5N5T4V0_9CRUS	Anas_tr|A0A5N5T544|A0A5N5T544_9CRUS	Anas_tr|A0A5N5T5G7|A0A5N5T5G7_9CRUS	Anas_tr|A0A5N5T6Z3|A0A5N5T6Z3_9CRUS	Anas_tr|A0A5N5T7H1|A0A5N5T7H1_9CRUS	Anas_tr|A0A5N5TEG9|A0A5N5TEG9_9CRUS	Anas_tr|A0A5N5TEI6|A0A5N5TEI6_9CRUS	
HG_159966	
Anas_tr|A0A5N5T4T5|A0A5N5T4T5_9CRUS	
HG_98610	
Anas_tr|A0A5N5SLD0|A0A5N5SLD0_9CRUS	Anas_tr|A0A5N5T6W8|A0A5N5T6W8_9CRUS	
HG_44909	
Anas_tr|A0A5N5SWL7|A0A5N5SWL7_9CRUS	Anas_tr|A0A5N5T0E5|A0A5N5T0E5_9CRUS	Anas_tr|A0A5N5T6Q3|A0A5N5T6Q3_9CRUS	Anas_tr|A0A5N5T8X8|A0A5N5T8X8_9CRUS	Anas_tr|A0A5N5TD17|A0A5N5TD17_9CRUS	Anas_tr|A0A5N5TFP3|A0A5N5TFP3_9CRUS	
HG_160882	
Anas_tr|A0A5N5SZ64|A0A5N5SZ64_9CRUS	
HG_160680	
Anas_tr|A0A5N5TDD6|A0A5N5TDD6_9CRUS	
HG_160768	
Anas_tr|A0A5N5T2I3|A0A5N5T2I3_9CRUS	
HG_160162	
Anas_tr|A0A5N5TMN0|A0A5N5TMN0_9CRUS	
HG_160364	
Anas_tr|A0A5N5TGX7|A0A5N5TGX7_9CRUS	
HG_160566	
Anas_tr|A0A5N5TGV6|A0A5N5TGV6_9CRUS	
HG_51643	
Anas_tr|A0A5N5SP77|A0A5N5SP77_9CRUS	Anas_tr|A0A5N5SPB0|A0A5N5SPB0_9CRUS	Anas_tr|A0A5N5SPD6|A0A5N5SPD6_9CRUS	Anas_tr|A0A5N5SPT4|A0A5N5SPT4_9CRUS	Anas_tr|A0A5N5SQH5|A0A5N5SQH5_9CRUS	
HG_160048	
Anas_tr|A0A5N5TC54|A0A5N5TC54_9CRUS	
HG_159977	
Anas_tr|A0A5N5SUG3|A0A5N5SUG3_9CRUS	
HG_74935	
Anas_tr|A0A5N5SPI1|A0A5N5SPI1_9CRUS	Anas_tr|A0A5N5T9D2|A0A5N5T9D2_9CRUS	Anas_tr|A0A5N5TG56|A0A5N5TG56_9CRUS	
HG_160691	
Anas_tr|A0A5N5SQM0|A0A5N5SQM0_9CRUS	
HG_160893	
Anas_tr|A0A5N5SKK0|A0A5N5SKK0_9CRUS	
HG_160577	
Anas_tr|A0A5N5TNH0|A0A5N5TNH0_9CRUS	
HG_160779	
Anas_tr|A0A5N5TCS8|A0A5N5TCS8_9CRUS	
HG_160375	
Anas_tr|A0A5N5TI08|A0A5N5TI08_9CRUS	
HG_160173	
Anas_tr|A0A5N5TB85|A0A5N5TB85_9CRUS	
HG_160059	
Anas_tr|A0A5N5T028|A0A5N5T028_9CRUS	
HG_159988	
Anas_tr|A0A5N5TIP0|A0A5N5TIP0_9CRUS	
HG_160386	
Anas_tr|A0A5N5SPC7|A0A5N5SPC7_9CRUS	
HG_160588	
Anas_tr|A0A5N5T3M9|A0A5N5T3M9_9CRUS	
HG_160184	
Anas_tr|A0A5N5TG66|A0A5N5TG66_9CRUS	
HG_160810	
Anas_tr|A0A5N5SND5|A0A5N5SND5_9CRUS	
HG_159999	
Anas_tr|A0A5N5SMS4|A0A5N5SMS4_9CRUS	
HG_159905	
Anas_tr|A0A5N5SLZ2|A0A5N5SLZ2_9CRUS	
HG_160397	
Anas_tr|A0A5N5SXG0|A0A5N5SXG0_9CRUS	
HG_160599	
Anas_tr|A0A5N5SHM8|A0A5N5SHM8_9CRUS	
HG_160195	
Anas_tr|A0A5N5SUT2|A0A5N5SUT2_9CRUS	
HG_160821	
Anas_tr|A0A5N5SKR6|A0A5N5SKR6_9CRUS	
HG_160707	
Anas_tr|A0A5N5T583|A0A5N5T583_9CRUS	
HG_160909	
Anas_tr|A0A5N5T084|A0A5N5T084_9CRUS	
HG_160101	
Anas_tr|A0A5N5T1V6|A0A5N5T1V6_9CRUS	
HG_160303	
Anas_tr|A0A5N5SZY7|A0A5N5SZY7_9CRUS	
HG_160505	
Anas_tr|A0A5N5T6G0|A0A5N5T6G0_9CRUS	
HG_98646	
Anas_tr|A0A5N5TBS5|A0A5N5TBS5_9CRUS	Anas_tr|A0A5N5TFW7|A0A5N5TFW7_9CRUS	
HG_98541	
Anas_tr|A0A5N5TED4|A0A5N5TED4_9CRUS	Anas_tr|A0A5N5TPE0|A0A5N5TPE0_9CRUS	
HG_159916	
Anas_tr|A0A5N5T1F4|A0A5N5T1F4_9CRUS	
HG_160832	
Anas_tr|A0A5N5SX96|A0A5N5SX96_9CRUS	
HG_160630	
Anas_tr|A0A5N5T5M7|A0A5N5T5M7_9CRUS	
HG_160516	
Anas_tr|A0A5N5TAY5|A0A5N5TAY5_9CRUS	
HG_160718	
Anas_tr|A0A5N5TLK1|A0A5N5TLK1_9CRUS	
HG_160112	
Anas_tr|A0A5N5T4W9|A0A5N5T4W9_9CRUS	
HG_160314	
Anas_tr|A0A5N5TNH5|A0A5N5TNH5_9CRUS	
HG_159927	
Anas_tr|A0A5N5STG3|A0A5N5STG3_9CRUS	
HG_74930	
Anas_tr|A0A5N5T0W1|A0A5N5T0W1_9CRUS	Anas_tr|A0A5N5T343|A0A5N5T343_9CRUS	Anas_tr|A0A5N5T6Q2|A0A5N5T6Q2_9CRUS	
HG_160641	
Anas_tr|A0A5N5TL37|A0A5N5TL37_9CRUS	
HG_160843	
Anas_tr|A0A5N5T9G2|A0A5N5T9G2_9CRUS	
HG_160527	
Anas_tr|A0A5N5SP84|A0A5N5SP84_9CRUS	
HG_160729	
Anas_tr|A0A5N5TMT9|A0A5N5TMT9_9CRUS	
HG_160123	
Anas_tr|A0A5N5TG57|A0A5N5TG57_9CRUS	
HG_160325	
Anas_tr|A0A5N5SM01|A0A5N5SM01_9CRUS	
HG_160009	
Anas_tr|A0A5N5SPI0|A0A5N5SPI0_9CRUS	
HG_32330	
Anas_tr|A0A5N5SKM2|A0A5N5SKM2_9CRUS	Anas_tr|A0A5N5SKM8|A0A5N5SKM8_9CRUS	Anas_tr|A0A5N5SKN2|A0A5N5SKN2_9CRUS	Anas_tr|A0A5N5SKR4|A0A5N5SKR4_9CRUS	Anas_tr|A0A5N5SLS3|A0A5N5SLS3_9CRUS	Anas_tr|A0A5N5SQG5|A0A5N5SQG5_9CRUS	Anas_tr|A0A5N5SQY8|A0A5N5SQY8_9CRUS	Anas_tr|A0A5N5TBN4|A0A5N5TBN4_9CRUS	Anas_tr|A0A5N5TC67|A0A5N5TC67_9CRUS	
HG_98628	
Anas_tr|A0A5N5SPD8|A0A5N5SPD8_9CRUS	Anas_tr|A0A5N5T1Z3|A0A5N5T1Z3_9CRUS	
HG_159850	
Anas_tr|A0A5N5TGN3|A0A5N5TGN3_9CRUS	
HG_159938	
Anas_tr|A0A5N5TBF2|A0A5N5TBF2_9CRUS	
HG_160854	
Anas_tr|A0A5N5TBH9|A0A5N5TBH9_9CRUS	
HG_160450	
Anas_tr|A0A5N5T173|A0A5N5T173_9CRUS	
HG_160652	
Anas_tr|A0A5N5TKW1|A0A5N5TKW1_9CRUS	
HG_160336	
Anas_tr|A0A5N5TED0|A0A5N5TED0_9CRUS	
HG_160538	
Anas_tr|A0A5N5T2Z5|A0A5N5T2Z5_9CRUS	
HG_160134	
Anas_tr|A0A5N5SXW8|A0A5N5SXW8_9CRUS	
HG_159861	
Anas_tr|A0A5N5TAP3|A0A5N5TAP3_9CRUS	
HG_159949	
Anas_tr|A0A5N5TIC3|A0A5N5TIC3_9CRUS	
HG_74912	
Anas_tr|A0A5N5SWL2|A0A5N5SWL2_9CRUS	Anas_tr|A0A5N5TIP3|A0A5N5TIP3_9CRUS	Anas_tr|A0A5N5TJC0|A0A5N5TJC0_9CRUS	
HG_160461	
Anas_tr|A0A5N5TP46|A0A5N5TP46_9CRUS	
HG_160663	
Anas_tr|A0A5N5TNW8|A0A5N5TNW8_9CRUS	
HG_160865	
Anas_tr|A0A5N5SYB2|A0A5N5SYB2_9CRUS	
HG_160347	
Anas_tr|A0A5N5T1I8|A0A5N5T1I8_9CRUS	
HG_160549	
Anas_tr|A0A5N5TMG9|A0A5N5TMG9_9CRUS	
HG_160145	
Anas_tr|A0A5N5T950|A0A5N5T950_9CRUS	
HG_159872	
Anas_tr|A0A5N5SR75|A0A5N5SR75_9CRUS	
HG_98641	
Anas_tr|A0A5N5T336|A0A5N5T336_9CRUS	Anas_tr|A0A5N5T5J7|A0A5N5T5J7_9CRUS	
HG_160876	
Anas_tr|A0A5N5THC6|A0A5N5THC6_9CRUS	
HG_160270	
Anas_tr|A0A5N5SL68|A0A5N5SL68_9CRUS	
HG_160472	
Anas_tr|A0A5N5SZ10|A0A5N5SZ10_9CRUS	
HG_160674	
Anas_tr|A0A5N5SVY7|A0A5N5SVY7_9CRUS	
HG_160358	
Anas_tr|A0A5N5TD70|A0A5N5TD70_9CRUS	
HG_160156	
Anas_tr|A0A5N5TNK1|A0A5N5TNK1_9CRUS	
HG_159883	
Anas_tr|A0A5N5SJG8|A0A5N5SJG8_9CRUS	
HG_74966	
Anas_tr|A0A5N5T444|A0A5N5T444_9CRUS	Anas_tr|A0A5N5T8G6|A0A5N5T8G6_9CRUS	Anas_tr|A0A5N5TAS4|A0A5N5TAS4_9CRUS	
HG_160685	
Anas_tr|A0A5N5T8N7|A0A5N5T8N7_9CRUS	
HG_160887	
Anas_tr|A0A5N5SNS7|A0A5N5SNS7_9CRUS	
HG_160281	
Anas_tr|A0A5N5SPE3|A0A5N5SPE3_9CRUS	
HG_160483	
Anas_tr|A0A5N5T8Z0|A0A5N5T8Z0_9CRUS	
HG_160167	
Anas_tr|A0A5N5SZR3|A0A5N5SZR3_9CRUS	
HG_160369	
Anas_tr|A0A5N5TFH5|A0A5N5TFH5_9CRUS	
HG_98559	
Anas_tr|A0A5N5SKS8|A0A5N5SKS8_9CRUS	Anas_tr|A0A5N5T8V5|A0A5N5T8V5_9CRUS	
HG_159894	
Anas_tr|A0A5N5SR64|A0A5N5SR64_9CRUS	
HG_98623	
Anas_tr|A0A5N5SYN6|A0A5N5SYN6_9CRUS	Anas_tr|A0A5N5T2H7|A0A5N5T2H7_9CRUS	
HG_98590	
Anas_tr|A0A5N5T115|A0A5N5T115_9CRUS	Anas_tr|A0A5N5T4U0|A0A5N5T4U0_9CRUS	
HG_160696	
Anas_tr|A0A5N5T8T2|A0A5N5T8T2_9CRUS	
HG_160898	
Anas_tr|A0A5N5TPX4|A0A5N5TPX4_9CRUS	
HG_160090	
Anas_tr|A0A5N5T1J0|A0A5N5T1J0_9CRUS	
HG_160292	
Anas_tr|A0A5N5SX32|A0A5N5SX32_9CRUS	
HG_160494	
Anas_tr|A0A5N5SSI9|A0A5N5SSI9_9CRUS	
HG_51656	
Anas_tr|A0A5N5SP67|A0A5N5SP67_9CRUS	Anas_tr|A0A5N5SZJ7|A0A5N5SZJ7_9CRUS	Anas_tr|A0A5N5T032|A0A5N5T032_9CRUS	Anas_tr|A0A5N5TC15|A0A5N5TC15_9CRUS	Anas_tr|A0A5N5TCJ4|A0A5N5TCJ4_9CRUS	
HG_160178	
Anas_tr|A0A5N5T1G9|A0A5N5T1G9_9CRUS	
HG_160400	
Anas_tr|A0A5N5T8C5|A0A5N5T8C5_9CRUS	
HG_160602	
Anas_tr|A0A5N5T3J8|A0A5N5T3J8_9CRUS	
HG_160804	
Anas_tr|A0A5N5T386|A0A5N5T386_9CRUS	
HG_74948	
Anas_tr|A0A5N5SR30|A0A5N5SR30_9CRUS	Anas_tr|A0A5N5SR36|A0A5N5SR36_9CRUS	Anas_tr|A0A5N5SRH1|A0A5N5SRH1_9CRUS	
HG_35670	
Anas_tr|A0A5N5SJ91|A0A5N5SJ91_9CRUS	Anas_tr|A0A5N5SU32|A0A5N5SU32_9CRUS	Anas_tr|A0A5N5T2D4|A0A5N5T2D4_9CRUS	Anas_tr|A0A5N5T2F0|A0A5N5T2F0_9CRUS	Anas_tr|A0A5N5T3L6|A0A5N5T3L6_9CRUS	Anas_tr|A0A5N5T3U5|A0A5N5T3U5_9CRUS	Anas_tr|A0A5N5TAY3|A0A5N5TAY3_9CRUS	Anas_tr|A0A5N5TIH2|A0A5N5TIH2_9CRUS	
HG_160189	
Anas_tr|A0A5N5T5B5|A0A5N5T5B5_9CRUS	
HG_160815	
Anas_tr|A0A5N5T2Z8|A0A5N5T2Z8_9CRUS	
HG_160411	
Anas_tr|A0A5N5TH26|A0A5N5TH26_9CRUS	
HG_160613	
Anas_tr|A0A5N5TLD0|A0A5N5TLD0_9CRUS	
HG_98572	
Anas_tr|A0A5N5SN86|A0A5N5SN86_9CRUS	Anas_tr|A0A5N5T535|A0A5N5T535_9CRUS	
HG_160940	
Anas_tr|A0A5N5SKI4|A0A5N5SKI4_9CRUS	
HG_160826	
Anas_tr|A0A5N5SUE7|A0A5N5SUE7_9CRUS	
HG_160220	
Anas_tr|A0A5N5T766|A0A5N5T766_9CRUS	
HG_160422	
Anas_tr|A0A5N5TBX9|A0A5N5TBX9_9CRUS	
HG_160624	
Anas_tr|A0A5N5T4Z9|A0A5N5T4Z9_9CRUS	
HG_160106	
Anas_tr|A0A5N5TAT1|A0A5N5TAT1_9CRUS	
HG_160308	
Anas_tr|A0A5N5T6R9|A0A5N5T6R9_9CRUS	
HG_160951	
Anas_tr|A0A5N5SVH9|A0A5N5SVH9_9CRUS	
HG_160635	
Anas_tr|A0A5N5TC81|A0A5N5TC81_9CRUS	
HG_160837	
Anas_tr|A0A5N5TDZ7|A0A5N5TDZ7_9CRUS	
HG_160231	
Anas_tr|A0A5N5T4E9|A0A5N5T4E9_9CRUS	
HG_160433	
Anas_tr|A0A5N5SK71|A0A5N5SK71_9CRUS	
HG_160117	
Anas_tr|A0A5N5SUE8|A0A5N5SUE8_9CRUS	
HG_160319	
Anas_tr|A0A5N5T4B1|A0A5N5T4B1_9CRUS	
HG_98659	
Anas_tr|A0A5N5T730|A0A5N5T730_9CRUS	Anas_tr|A0A5N5T751|A0A5N5T751_9CRUS	
HG_159844	
Anas_tr|A0A5N5T9H9|A0A5N5T9H9_9CRUS	
HG_160760	
Anas_tr|A0A5N5T0B8|A0A5N5T0B8_9CRUS	
HG_160962	
Anas_tr|A0A5N5TLS2|A0A5N5TLS2_9CRUS	
HG_160646	
Anas_tr|A0A5N5T6J0|A0A5N5T6J0_9CRUS	
HG_160848	
Anas_tr|A0A5N5SSJ9|A0A5N5SSJ9_9CRUS	
HG_160040	
Anas_tr|A0A5N5TKL7|A0A5N5TKL7_9CRUS	
HG_160242	
Anas_tr|A0A5N5SSN1|A0A5N5SSN1_9CRUS	
HG_160444	
Anas_tr|A0A5N5TPD0|A0A5N5TPD0_9CRUS	
HG_160128	
Anas_tr|A0A5N5SZV9|A0A5N5SZV9_9CRUS	
HG_51651	
Anas_tr|A0A5N5T4R4|A0A5N5T4R4_9CRUS	Anas_tr|A0A5N5T4T0|A0A5N5T4T0_9CRUS	Anas_tr|A0A5N5TAB5|A0A5N5TAB5_9CRUS	Anas_tr|A0A5N5TF67|A0A5N5TF67_9CRUS	Anas_tr|A0A5N5TNH4|A0A5N5TNH4_9CRUS	
HG_159855	
Anas_tr|A0A5N5SQ64|A0A5N5SQ64_9CRUS	
HG_160771	
Anas_tr|A0A5N5TID7|A0A5N5TID7_9CRUS	
HG_160973	
Anas_tr|A0A5N5TBX6|A0A5N5TBX6_9CRUS	
HG_160455	
Anas_tr|A0A5N5SP27|A0A5N5SP27_9CRUS	
HG_160657	
Anas_tr|A0A5N5T838|A0A5N5T838_9CRUS	
HG_160859	
Anas_tr|A0A5N5SJK4|A0A5N5SJK4_9CRUS	
HG_160051	
Anas_tr|A0A5N5SU13|A0A5N5SU13_9CRUS	
HG_160253	
Anas_tr|A0A5N5SUT1|A0A5N5SUT1_9CRUS	
HG_160139	
Anas_tr|A0A5N5TNM4|A0A5N5TNM4_9CRUS	
HG_98536	
Anas_tr|A0A5N5SIV2|A0A5N5SIV2_9CRUS	Anas_tr|A0A5N5T4T7|A0A5N5T4T7_9CRUS	
HG_159980	
Anas_tr|A0A5N5TBZ9|A0A5N5TBZ9_9CRUS	
HG_159866	
Anas_tr|A0A5N5T6Z0|A0A5N5T6Z0_9CRUS	
HG_98600	
Anas_tr|A0A5N5T020|A0A5N5T020_9CRUS	Anas_tr|A0A5N5TL27|A0A5N5TL27_9CRUS	
HG_160580	
Anas_tr|A0A5N5SQG7|A0A5N5SQG7_9CRUS	
HG_160782	
Anas_tr|A0A5N5SI72|A0A5N5SI72_9CRUS	
HG_160264	
Anas_tr|A0A5N5T4H6|A0A5N5T4H6_9CRUS	
HG_160466	
Anas_tr|A0A5N5T7W3|A0A5N5T7W3_9CRUS	
HG_160668	
Anas_tr|A0A5N5T8P9|A0A5N5T8P9_9CRUS	
HG_160062	
Anas_tr|A0A5N5SQ87|A0A5N5SQ87_9CRUS	
HG_51633	
Anas_tr|A0A5N5T2Z9|A0A5N5T2Z9_9CRUS	Anas_tr|A0A5N5T571|A0A5N5T571_9CRUS	Anas_tr|A0A5N5T8Z9|A0A5N5T8Z9_9CRUS	Anas_tr|A0A5N5T946|A0A5N5T946_9CRUS	Anas_tr|A0A5N5T9Y2|A0A5N5T9Y2_9CRUS	
HG_159991	
Anas_tr|A0A5N5SSR9|A0A5N5SSR9_9CRUS	
HG_159877	
Anas_tr|A0A5N5T622|A0A5N5T622_9CRUS	
HG_160793	
Anas_tr|A0A5N5TEB6|A0A5N5TEB6_9CRUS	
HG_160591	
Anas_tr|A0A5N5TJJ3|A0A5N5TJJ3_9CRUS	
HG_160477	
Anas_tr|A0A5N5TMJ9|A0A5N5TMJ9_9CRUS	
HG_160679	
Anas_tr|A0A5N5TAN5|A0A5N5TAN5_9CRUS	
HG_160275	
Anas_tr|A0A5N5SNF7|A0A5N5SNF7_9CRUS	
HG_160073	
Anas_tr|A0A5N5TBL0|A0A5N5TBL0_9CRUS	
HG_160901	
Anas_tr|A0A5N5T0J7|A0A5N5T0J7_9CRUS	
HG_21797	
Anas_tr|A0A5N5SNF2|A0A5N5SNF2_9CRUS	Anas_tr|A0A5N5SR94|A0A5N5SR94_9CRUS	Anas_tr|A0A5N5SWE4|A0A5N5SWE4_9CRUS	Anas_tr|A0A5N5SZM2|A0A5N5SZM2_9CRUS	Anas_tr|A0A5N5SZR0|A0A5N5SZR0_9CRUS	Anas_tr|A0A5N5SZS2|A0A5N5SZS2_9CRUS	Anas_tr|A0A5N5T050|A0A5N5T050_9CRUS	Anas_tr|A0A5N5T240|A0A5N5T240_9CRUS	Anas_tr|A0A5N5T264|A0A5N5T264_9CRUS	Anas_tr|A0A5N5T8A3|A0A5N5T8A3_9CRUS	Anas_tr|A0A5N5T8L2|A0A5N5T8L2_9CRUS	Anas_tr|A0A5N5TB20|A0A5N5TB20_9CRUS	Anas_tr|A0A5N5TIS4|A0A5N5TIS4_9CRUS	Anas_tr|A0A5N5TPG2|A0A5N5TPG2_9CRUS	Anas_tr|A0A5N5TPR9|A0A5N5TPR9_9CRUS	
HG_159888	
Anas_tr|A0A5N5T0N7|A0A5N5T0N7_9CRUS	
HG_98654	
Anas_tr|A0A5N5SZX0|A0A5N5SZX0_9CRUS	Anas_tr|A0A5N5T7G0|A0A5N5T7G0_9CRUS	
HG_160084	
Anas_tr|A0A5N5TBM0|A0A5N5TBM0_9CRUS	
HG_160286	
Anas_tr|A0A5N5TGE9|A0A5N5TGE9_9CRUS	
HG_160488	
Anas_tr|A0A5N5SQN5|A0A5N5SQN5_9CRUS	
HG_160710	
Anas_tr|A0A5N5SXT6|A0A5N5SXT6_9CRUS	
HG_160912	
Anas_tr|A0A5N5TFJ1|A0A5N5TFJ1_9CRUS	
HG_159899	
Anas_tr|A0A5N5TCV7|A0A5N5TCV7_9CRUS	
HG_160499	
Anas_tr|A0A5N5TN55|A0A5N5TN55_9CRUS	
HG_160095	
Anas_tr|A0A5N5SMQ6|A0A5N5SMQ6_9CRUS	
HG_160297	
Anas_tr|A0A5N5T369|A0A5N5T369_9CRUS	
HG_160721	
Anas_tr|A0A5N5SXI4|A0A5N5SXI4_9CRUS	
HG_160923	
Anas_tr|A0A5N5SJR8|A0A5N5SJR8_9CRUS	
HG_160405	
Anas_tr|A0A5N5ST81|A0A5N5ST81_9CRUS	
HG_160607	
Anas_tr|A0A5N5SIA9|A0A5N5SIA9_9CRUS	
HG_160809	
Anas_tr|A0A5N5SLF8|A0A5N5SLF8_9CRUS	
HG_160203	
Anas_tr|A0A5N5TMP8|A0A5N5TMP8_9CRUS	
HG_160001	
Anas_tr|A0A5N5SW33|A0A5N5SW33_9CRUS	
HG_98636	
Anas_tr|A0A5N5TC27|A0A5N5TC27_9CRUS	Anas_tr|A0A5N5TDQ0|A0A5N5TDQ0_9CRUS	
HG_60983	
Anas_tr|A0A5N5SV93|A0A5N5SV93_9CRUS	Anas_tr|A0A5N5TF18|A0A5N5TF18_9CRUS	Anas_tr|A0A5N5THC8|A0A5N5THC8_9CRUS	Anas_tr|A0A5N5THJ3|A0A5N5THJ3_9CRUS	
HG_159930	
Anas_tr|A0A5N5T3V7|A0A5N5T3V7_9CRUS	
HG_160934	
Anas_tr|A0A5N5T7Q7|A0A5N5T7Q7_9CRUS	
HG_160530	
Anas_tr|A0A5N5SHK7|A0A5N5SHK7_9CRUS	
HG_160732	
Anas_tr|A0A5N5SM50|A0A5N5SM50_9CRUS	
HG_160214	
Anas_tr|A0A5N5SP33|A0A5N5SP33_9CRUS	
HG_160416	
Anas_tr|A0A5N5SSR3|A0A5N5SSR3_9CRUS	
HG_160618	
Anas_tr|A0A5N5T7C2|A0A5N5T7C2_9CRUS	
HG_160012	
Anas_tr|A0A5N5T3U2|A0A5N5T3U2_9CRUS	
HG_159941	
Anas_tr|A0A5N5SKQ5|A0A5N5SKQ5_9CRUS	
HG_35683	
Anas_tr|A0A5N5T0K3|A0A5N5T0K3_9CRUS	Anas_tr|A0A5N5T463|A0A5N5T463_9CRUS	Anas_tr|A0A5N5TAX5|A0A5N5TAX5_9CRUS	Anas_tr|A0A5N5TF91|A0A5N5TF91_9CRUS	Anas_tr|A0A5N5TFE8|A0A5N5TFE8_9CRUS	Anas_tr|A0A5N5TG78|A0A5N5TG78_9CRUS	Anas_tr|A0A5N5TK64|A0A5N5TK64_9CRUS	Anas_tr|A0A5N5TK78|A0A5N5TK78_9CRUS	
HG_160743	
Anas_tr|A0A5N5SU07|A0A5N5SU07_9CRUS	
HG_160945	
Anas_tr|A0A5N5TER2|A0A5N5TER2_9CRUS	
HG_160541	
Anas_tr|A0A5N5TF63|A0A5N5TF63_9CRUS	
HG_160629	
Anas_tr|A0A5N5SZD1|A0A5N5SZD1_9CRUS	
HG_160225	
Anas_tr|A0A5N5SRS0|A0A5N5SRS0_9CRUS	
HG_160427	
Anas_tr|A0A5N5SSS2|A0A5N5SSS2_9CRUS	
HG_160023	
Anas_tr|A0A5N5SQD8|A0A5N5SQD8_9CRUS	
HG_32320	
Anas_tr|A0A5N5SPK0|A0A5N5SPK0_9CRUS	Anas_tr|A0A5N5SQB2|A0A5N5SQB2_9CRUS	Anas_tr|A0A5N5T5P3|A0A5N5T5P3_9CRUS	Anas_tr|A0A5N5TAD2|A0A5N5TAD2_9CRUS	Anas_tr|A0A5N5TAW2|A0A5N5TAW2_9CRUS	Anas_tr|A0A5N5TDQ4|A0A5N5TDQ4_9CRUS	Anas_tr|A0A5N5TDU4|A0A5N5TDU4_9CRUS	Anas_tr|A0A5N5TGA8|A0A5N5TGA8_9CRUS	Anas_tr|A0A5N5TGK2|A0A5N5TGK2_9CRUS	
HG_60965	
Anas_tr|A0A5N5SLV6|A0A5N5SLV6_9CRUS	Anas_tr|A0A5N5T8W4|A0A5N5T8W4_9CRUS	Anas_tr|A0A5N5TB36|A0A5N5TB36_9CRUS	Anas_tr|A0A5N5TL33|A0A5N5TL33_9CRUS	
HG_15938	
Anas_tr|A0A5N5SGW9|A0A5N5SGW9_9CRUS	Anas_tr|A0A5N5STZ3|A0A5N5STZ3_9CRUS	Anas_tr|A0A5N5SU77|A0A5N5SU77_9CRUS	Anas_tr|A0A5N5SZY9|A0A5N5SZY9_9CRUS	Anas_tr|A0A5N5T0C0|A0A5N5T0C0_9CRUS	Anas_tr|A0A5N5T0U0|A0A5N5T0U0_9CRUS	Anas_tr|A0A5N5T388|A0A5N5T388_9CRUS	Anas_tr|A0A5N5T5Z9|A0A5N5T5Z9_9CRUS	Anas_tr|A0A5N5T6Z7|A0A5N5T6Z7_9CRUS	Anas_tr|A0A5N5T705|A0A5N5T705_9CRUS	Anas_tr|A0A5N5T7U8|A0A5N5T7U8_9CRUS	Anas_tr|A0A5N5TAM4|A0A5N5TAM4_9CRUS	Anas_tr|A0A5N5TAY7|A0A5N5TAY7_9CRUS	Anas_tr|A0A5N5TBZ7|A0A5N5TBZ7_9CRUS	Anas_tr|A0A5N5TCH7|A0A5N5TCH7_9CRUS	Anas_tr|A0A5N5TCY5|A0A5N5TCY5_9CRUS	Anas_tr|A0A5N5TD07|A0A5N5TD07_9CRUS	Anas_tr|A0A5N5TDJ0|A0A5N5TDJ0_9CRUS	Anas_tr|A0A5N5TH01|A0A5N5TH01_9CRUS	Anas_tr|A0A5N5TL07|A0A5N5TL07_9CRUS	Anas_tr|A0A5N5TLZ0|A0A5N5TLZ0_9CRUS	Anas_tr|A0A5N5TMC1|A0A5N5TMC1_9CRUS	Anas_tr|A0A5N5TP83|A0A5N5TP83_9CRUS	Anas_tr|A0A5N5TP85|A0A5N5TP85_9CRUS	
HG_159952	
Anas_tr|A0A5N5SSJ4|A0A5N5SSJ4_9CRUS	
HG_160956	
Anas_tr|A0A5N5SPU4|A0A5N5SPU4_9CRUS	
HG_160754	
Anas_tr|A0A5N5TAK0|A0A5N5TAK0_9CRUS	
HG_160350	
Anas_tr|A0A5N5TDN4|A0A5N5TDN4_9CRUS	
HG_160552	
Anas_tr|A0A5N5SNT7|A0A5N5SNT7_9CRUS	
HG_160034	
Anas_tr|A0A5N5SRP5|A0A5N5SRP5_9CRUS	
HG_160236	
Anas_tr|A0A5N5TPV6|A0A5N5TPV6_9CRUS	
HG_160438	
Anas_tr|A0A5N5TA96|A0A5N5TA96_9CRUS	
HG_11493	
Anas_tr|A0A5N5SMZ8|A0A5N5SMZ8_9CRUS	Anas_tr|A0A5N5SN95|A0A5N5SN95_9CRUS	Anas_tr|A0A5N5SPH5|A0A5N5SPH5_9CRUS	Anas_tr|A0A5N5SS96|A0A5N5SS96_9CRUS	Anas_tr|A0A5N5STJ6|A0A5N5STJ6_9CRUS	Anas_tr|A0A5N5SUM1|A0A5N5SUM1_9CRUS	Anas_tr|A0A5N5SW61|A0A5N5SW61_9CRUS	Anas_tr|A0A5N5SWS3|A0A5N5SWS3_9CRUS	Anas_tr|A0A5N5T0H5|A0A5N5T0H5_9CRUS	Anas_tr|A0A5N5T0J4|A0A5N5T0J4_9CRUS	Anas_tr|A0A5N5T1C6|A0A5N5T1C6_9CRUS	Anas_tr|A0A5N5T216|A0A5N5T216_9CRUS	Anas_tr|A0A5N5T2B4|A0A5N5T2B4_9CRUS	Anas_tr|A0A5N5T327|A0A5N5T327_9CRUS	Anas_tr|A0A5N5T335|A0A5N5T335_9CRUS	Anas_tr|A0A5N5T3H2|A0A5N5T3H2_9CRUS	Anas_tr|A0A5N5T408|A0A5N5T408_9CRUS	Anas_tr|A0A5N5T479|A0A5N5T479_9CRUS	Anas_tr|A0A5N5T5F0|A0A5N5T5F0_9CRUS	Anas_tr|A0A5N5T5M9|A0A5N5T5M9_9CRUS	Anas_tr|A0A5N5T6F2|A0A5N5T6F2_9CRUS	Anas_tr|A0A5N5T7B8|A0A5N5T7B8_9CRUS	Anas_tr|A0A5N5T9G3|A0A5N5T9G3_9CRUS	Anas_tr|A0A5N5T9R3|A0A5N5T9R3_9CRUS	Anas_tr|A0A5N5T9T5|A0A5N5T9T5_9CRUS	Anas_tr|A0A5N5TAB0|A0A5N5TAB0_9CRUS	Anas_tr|A0A5N5TB61|A0A5N5TB61_9CRUS	Anas_tr|A0A5N5TD18|A0A5N5TD18_9CRUS	Anas_tr|A0A5N5TF25|A0A5N5TF25_9CRUS	Anas_tr|A0A5N5TF41|A0A5N5TF41_9CRUS	Anas_tr|A0A5N5TG94|A0A5N5TG94_9CRUS	Anas_tr|A0A5N5TGN9|A0A5N5TGN9_9CRUS	Anas_tr|A0A5N5TGQ7|A0A5N5TGQ7_9CRUS	Anas_tr|A0A5N5THR9|A0A5N5THR9_9CRUS	Anas_tr|A0A5N5TIK6|A0A5N5TIK6_9CRUS	Anas_tr|A0A5N5TK01|A0A5N5TK01_9CRUS	Anas_tr|A0A5N5TL34|A0A5N5TL34_9CRUS	Anas_tr|A0A5N5TLN3|A0A5N5TLN3_9CRUS	Anas_tr|A0A5N5TLQ3|A0A5N5TLQ3_9CRUS	Anas_tr|A0A5N5TLS6|A0A5N5TLS6_9CRUS	Anas_tr|A0A5N5TM15|A0A5N5TM15_9CRUS	Anas_tr|A0A5N5TMV0|A0A5N5TMV0_9CRUS	Anas_tr|A0A5N5TMV1|A0A5N5TMV1_9CRUS	Anas_tr|A0A5N5TMX4|A0A5N5TMX4_9CRUS	Anas_tr|A0A5N5TPA2|A0A5N5TPA2_9CRUS	
HG_159963	
Anas_tr|A0A5N5T0Q7|A0A5N5T0Q7_9CRUS	
HG_159849	
Anas_tr|A0A5N5T808|A0A5N5T808_9CRUS	
HG_160563	
Anas_tr|A0A5N5SXM1|A0A5N5SXM1_9CRUS	
HG_160765	
Anas_tr|A0A5N5SJZ4|A0A5N5SJZ4_9CRUS	
HG_160967	
Anas_tr|A0A5N5TEZ4|A0A5N5TEZ4_9CRUS	
HG_160449	
Anas_tr|A0A5N5T0F9|A0A5N5T0F9_9CRUS	
HG_160361	
Anas_tr|A0A5N5T568|A0A5N5T568_9CRUS	
HG_160247	
Anas_tr|A0A5N5TBH2|A0A5N5TBH2_9CRUS	
HG_160045	
Anas_tr|A0A5N5T489|A0A5N5T489_9CRUS	
HG_98567	
Anas_tr|A0A5N5T263|A0A5N5T263_9CRUS	Anas_tr|A0A5N5TMQ6|A0A5N5TMQ6_9CRUS	
HG_159974	
Anas_tr|A0A5N5T7H3|A0A5N5T7H3_9CRUS	
HG_160890	
Anas_tr|A0A5N5SZ14|A0A5N5SZ14_9CRUS	
HG_160574	
Anas_tr|A0A5N5TCU4|A0A5N5TCU4_9CRUS	
HG_160776	
Anas_tr|A0A5N5SZF4|A0A5N5SZF4_9CRUS	
HG_160978	
Anas_tr|A0A5N5SV36|A0A5N5SV36_9CRUS	
HG_160170	
Anas_tr|A0A5N5TLP2|A0A5N5TLP2_9CRUS	
HG_160372	
Anas_tr|A0A5N5SVC6|A0A5N5SVC6_9CRUS	
HG_51664	
Anas_tr|A0A5N5SRV7|A0A5N5SRV7_9CRUS	Anas_tr|A0A5N5T0J2|A0A5N5T0J2_9CRUS	Anas_tr|A0A5N5T3Y5|A0A5N5T3Y5_9CRUS	Anas_tr|A0A5N5T4T2|A0A5N5T4T2_9CRUS	Anas_tr|A0A5N5T6H6|A0A5N5T6H6_9CRUS	
HG_160056	
Anas_tr|A0A5N5SM46|A0A5N5SM46_9CRUS	
HG_160258	
Anas_tr|A0A5N5TMB4|A0A5N5TMB4_9CRUS	
HG_44961	
Anas_tr|A0A5N5SYJ1|A0A5N5SYJ1_9CRUS	Anas_tr|A0A5N5T1N5|A0A5N5T1N5_9CRUS	Anas_tr|A0A5N5T5K5|A0A5N5T5K5_9CRUS	Anas_tr|A0A5N5T7M1|A0A5N5T7M1_9CRUS	Anas_tr|A0A5N5T917|A0A5N5T917_9CRUS	Anas_tr|A0A5N5TDF6|A0A5N5TDF6_9CRUS	
HG_159985	
Anas_tr|A0A5N5STV5|A0A5N5STV5_9CRUS	
HG_74956	
Anas_tr|A0A5N5SNG1|A0A5N5SNG1_9CRUS	Anas_tr|A0A5N5T0L2|A0A5N5T0L2_9CRUS	Anas_tr|A0A5N5TBB4|A0A5N5TBB4_9CRUS	
HG_160383	
Anas_tr|A0A5N5TNY3|A0A5N5TNY3_9CRUS	
HG_160585	
Anas_tr|A0A5N5TI43|A0A5N5TI43_9CRUS	
HG_160787	
Anas_tr|A0A5N5THC9|A0A5N5THC9_9CRUS	
HG_160181	
Anas_tr|A0A5N5TDJ2|A0A5N5TDJ2_9CRUS	
HG_160269	
Anas_tr|A0A5N5SKF9|A0A5N5SKF9_9CRUS	
HG_160067	
Anas_tr|A0A5N5TNA6|A0A5N5TNA6_9CRUS	
HG_98549	
Anas_tr|A0A5N5SW34|A0A5N5SW34_9CRUS	Anas_tr|A0A5N5T138|A0A5N5T138_9CRUS	
HG_98685	
Anas_tr|A0A5N5TGU1|A0A5N5TGU1_9CRUS	Anas_tr|A0A5N5TPB5|A0A5N5TPB5_9CRUS	
HG_159996	
Anas_tr|A0A5N5TH44|A0A5N5TH44_9CRUS	
HG_98580	
Anas_tr|A0A5N5T3V0|A0A5N5T3V0_9CRUS	Anas_tr|A0A5N5T7Z0|A0A5N5T7Z0_9CRUS	
HG_14884	
Anas_tr|A0A5N5SL47|A0A5N5SL47_9CRUS	Anas_tr|A0A5N5SL62|A0A5N5SL62_9CRUS	Anas_tr|A0A5N5SM59|A0A5N5SM59_9CRUS	Anas_tr|A0A5N5SP47|A0A5N5SP47_9CRUS	Anas_tr|A0A5N5SRD0|A0A5N5SRD0_9CRUS	Anas_tr|A0A5N5SVV9|A0A5N5SVV9_9CRUS	Anas_tr|A0A5N5SWL6|A0A5N5SWL6_9CRUS	Anas_tr|A0A5N5SWN5|A0A5N5SWN5_9CRUS	Anas_tr|A0A5N5SYR6|A0A5N5SYR6_9CRUS	Anas_tr|A0A5N5SZP9|A0A5N5SZP9_9CRUS	Anas_tr|A0A5N5T098|A0A5N5T098_9CRUS	Anas_tr|A0A5N5T0G2|A0A5N5T0G2_9CRUS	Anas_tr|A0A5N5T1V0|A0A5N5T1V0_9CRUS	Anas_tr|A0A5N5T1Z5|A0A5N5T1Z5_9CRUS	Anas_tr|A0A5N5T3G5|A0A5N5T3G5_9CRUS	Anas_tr|A0A5N5T4J5|A0A5N5T4J5_9CRUS	Anas_tr|A0A5N5T6H1|A0A5N5T6H1_9CRUS	Anas_tr|A0A5N5T936|A0A5N5T936_9CRUS	Anas_tr|A0A5N5T9E7|A0A5N5T9E7_9CRUS	Anas_tr|A0A5N5TAZ5|A0A5N5TAZ5_9CRUS	Anas_tr|A0A5N5TD94|A0A5N5TD94_9CRUS	Anas_tr|A0A5N5TDL0|A0A5N5TDL0_9CRUS	Anas_tr|A0A5N5TEX5|A0A5N5TEX5_9CRUS	Anas_tr|A0A5N5TFD8|A0A5N5TFD8_9CRUS	Anas_tr|A0A5N5TFM5|A0A5N5TFM5_9CRUS	Anas_tr|A0A5N5THV9|A0A5N5THV9_9CRUS	Anas_tr|A0A5N5TLA5|A0A5N5TLA5_9CRUS	
HG_159902	
Anas_tr|A0A5N5TM73|A0A5N5TM73_9CRUS	
HG_160798	
Anas_tr|A0A5N5TJ77|A0A5N5TJ77_9CRUS	
HG_160394	
Anas_tr|A0A5N5SPS9|A0A5N5SPS9_9CRUS	
HG_160596	
Anas_tr|A0A5N5T3I1|A0A5N5T3I1_9CRUS	
HG_51646	
Anas_tr|A0A5N5TMN2|A0A5N5TMN2_9CRUS	Anas_tr|A0A5N5TMN9|A0A5N5TMN9_9CRUS	Anas_tr|A0A5N5TMP7|A0A5N5TMP7_9CRUS	Anas_tr|A0A5N5TMS3|A0A5N5TMS3_9CRUS	Anas_tr|A0A5N5TMT5|A0A5N5TMT5_9CRUS	
HG_160192	
Anas_tr|A0A5N5SP87|A0A5N5SP87_9CRUS	
HG_160078	
Anas_tr|A0A5N5TKG6|A0A5N5TKG6_9CRUS	
HG_160704	
Anas_tr|A0A5N5SU98|A0A5N5SU98_9CRUS	
HG_160906	
Anas_tr|A0A5N5TG60|A0A5N5TG60_9CRUS	
HG_160300	
Anas_tr|A0A5N5SL35|A0A5N5SL35_9CRUS	
HG_160502	
Anas_tr|A0A5N5SZ26|A0A5N5SZ26_9CRUS	
HG_74938	
Anas_tr|A0A5N5SKZ6|A0A5N5SKZ6_9CRUS	Anas_tr|A0A5N5T4P5|A0A5N5T4P5_9CRUS	Anas_tr|A0A5N5T5W8|A0A5N5T5W8_9CRUS	
HG_159913	
Anas_tr|A0A5N5SK94|A0A5N5SK94_9CRUS	
HG_160089	
Anas_tr|A0A5N5SYR5|A0A5N5SYR5_9CRUS	
HG_160513	
Anas_tr|A0A5N5TMZ1|A0A5N5TMZ1_9CRUS	
HG_160715	
Anas_tr|A0A5N5TCD6|A0A5N5TCD6_9CRUS	
HG_160917	
Anas_tr|A0A5N5T340|A0A5N5T340_9CRUS	
HG_160311	
Anas_tr|A0A5N5TC39|A0A5N5TC39_9CRUS	
HG_98667	
Anas_tr|A0A5N5SH77|A0A5N5SH77_9CRUS	Anas_tr|A0A5N5TIW7|A0A5N5TIW7_9CRUS	
HG_98562	
Anas_tr|A0A5N5T663|A0A5N5T663_9CRUS	Anas_tr|A0A5N5T6L9|A0A5N5T6L9_9CRUS	
HG_159924	
Anas_tr|A0A5N5SNY9|A0A5N5SNY9_9CRUS	
HG_160928	
Anas_tr|A0A5N5SLC2|A0A5N5SLC2_9CRUS	
HG_160840	
Anas_tr|A0A5N5SJT2|A0A5N5SJT2_9CRUS	
HG_160726	
Anas_tr|A0A5N5TIC0|A0A5N5TIC0_9CRUS	
HG_160322	
Anas_tr|A0A5N5THV1|A0A5N5THV1_9CRUS	
HG_160524	
Anas_tr|A0A5N5TEY2|A0A5N5TEY2_9CRUS	
HG_160120	
Anas_tr|A0A5N5T5E3|A0A5N5T5E3_9CRUS	
HG_160208	
Anas_tr|A0A5N5T363|A0A5N5T363_9CRUS	
HG_160006	
Anas_tr|A0A5N5TCG9|A0A5N5TCG9_9CRUS	
HG_159935	
Anas_tr|A0A5N5T218|A0A5N5T218_9CRUS	
HG_74951	
Anas_tr|A0A5N5T617|A0A5N5T617_9CRUS	Anas_tr|A0A5N5TBT6|A0A5N5TBT6_9CRUS	Anas_tr|A0A5N5TFN0|A0A5N5TFN0_9CRUS	
HG_160851	
Anas_tr|A0A5N5SX60|A0A5N5SX60_9CRUS	
HG_160939	
Anas_tr|A0A5N5TM39|A0A5N5TM39_9CRUS	
HG_160333	
Anas_tr|A0A5N5T2B3|A0A5N5T2B3_9CRUS	
HG_160535	
Anas_tr|A0A5N5ST08|A0A5N5ST08_9CRUS	
HG_160737	
Anas_tr|A0A5N5T1X4|A0A5N5T1X4_9CRUS	
HG_160219	
Anas_tr|A0A5N5T6G5|A0A5N5T6G5_9CRUS	
HG_160131	
Anas_tr|A0A5N5SPZ1|A0A5N5SPZ1_9CRUS	
HG_160017	
Anas_tr|A0A5N5TAN2|A0A5N5TAN2_9CRUS	
HG_98649	
Anas_tr|A0A5N5SK11|A0A5N5SK11_9CRUS	Anas_tr|A0A5N5SUA3|A0A5N5SUA3_9CRUS	
HG_98544	
Anas_tr|A0A5N5TLC6|A0A5N5TLC6_9CRUS	Anas_tr|A0A5N5TLE1|A0A5N5TLE1_9CRUS	
HG_159946	
Anas_tr|A0A5N5T274|A0A5N5T274_9CRUS	
HG_160862	
Anas_tr|A0A5N5SQU2|A0A5N5SQU2_9CRUS	
HG_160660	
Anas_tr|A0A5N5TFT1|A0A5N5TFT1_9CRUS	
HG_160748	
Anas_tr|A0A5N5SSW4|A0A5N5SSW4_9CRUS	
HG_160142	
Anas_tr|A0A5N5SZG6|A0A5N5SZG6_9CRUS	
HG_160344	
Anas_tr|A0A5N5SS22|A0A5N5SS22_9CRUS	
HG_160546	
Anas_tr|A0A5N5T0M0|A0A5N5T0M0_9CRUS	
HG_160028	
Anas_tr|A0A5N5TA28|A0A5N5TA28_9CRUS	
HG_159957	
Anas_tr|A0A5N5TBD1|A0A5N5TBD1_9CRUS	
HG_74933	
Anas_tr|A0A5N5T7E6|A0A5N5T7E6_9CRUS	Anas_tr|A0A5N5T7F8|A0A5N5T7F8_9CRUS	Anas_tr|A0A5N5TBV8|A0A5N5TBV8_9CRUS	
HG_160873	
Anas_tr|A0A5N5SWK8|A0A5N5SWK8_9CRUS	
HG_160671	
Anas_tr|A0A5N5TN66|A0A5N5TN66_9CRUS	
HG_160759	
Anas_tr|A0A5N5SYU7|A0A5N5SYU7_9CRUS	
HG_160153	
Anas_tr|A0A5N5T4N8|A0A5N5T4N8_9CRUS	
HG_160355	
Anas_tr|A0A5N5SRI2|A0A5N5SRI2_9CRUS	
HG_160557	
Anas_tr|A0A5N5T9B2|A0A5N5T9B2_9CRUS	
HG_160039	
Anas_tr|A0A5N5THZ6|A0A5N5THZ6_9CRUS	
HG_98662	
Anas_tr|A0A5N5SUN9|A0A5N5SUN9_9CRUS	Anas_tr|A0A5N5SVA9|A0A5N5SVA9_9CRUS	
HG_159880	
Anas_tr|A0A5N5TDP9|A0A5N5TDP9_9CRUS	
HG_159968	
Anas_tr|A0A5N5TFM4|A0A5N5TFM4_9CRUS	
HG_160682	
Anas_tr|A0A5N5SKA1|A0A5N5SKA1_9CRUS	
HG_160884	
Anas_tr|A0A5N5SK06|A0A5N5SK06_9CRUS	
HG_51695	
Anas_tr|A0A5N5SXL4|A0A5N5SXL4_9CRUS	Anas_tr|A0A5N5SYI7|A0A5N5SYI7_9CRUS	Anas_tr|A0A5N5T1H6|A0A5N5T1H6_9CRUS	Anas_tr|A0A5N5T3S1|A0A5N5T3S1_9CRUS	Anas_tr|A0A5N5T4V2|A0A5N5T4V2_9CRUS	
HG_160480	
Anas_tr|A0A5N5TDN0|A0A5N5TDN0_9CRUS	
HG_160568	
Anas_tr|A0A5N5SQV6|A0A5N5SQV6_9CRUS	
HG_160164	
Anas_tr|A0A5N5SSM5|A0A5N5SSM5_9CRUS	
HG_160366	
Anas_tr|A0A5N5SPN6|A0A5N5SPN6_9CRUS	
HG_159891	
Anas_tr|A0A5N5TJR1|A0A5N5TJR1_9CRUS	
HG_159979	
Anas_tr|A0A5N5T636|A0A5N5T636_9CRUS	
HG_74915	
Anas_tr|A0A5N5SR37|A0A5N5SR37_9CRUS	Anas_tr|A0A5N5SSB2|A0A5N5SSB2_9CRUS	Anas_tr|A0A5N5T291|A0A5N5T291_9CRUS	
HG_160693	
Anas_tr|A0A5N5SUQ3|A0A5N5SUQ3_9CRUS	
HG_160895	
Anas_tr|A0A5N5T5Y2|A0A5N5T5Y2_9CRUS	
HG_160491	
Anas_tr|A0A5N5T6D3|A0A5N5T6D3_9CRUS	
HG_160377	
Anas_tr|A0A5N5SM57|A0A5N5SM57_9CRUS	
HG_160579	
Anas_tr|A0A5N5SNQ9|A0A5N5SNQ9_9CRUS	
HG_160175	
Anas_tr|A0A5N5SU60|A0A5N5SU60_9CRUS	
HG_160801	
Anas_tr|A0A5N5SRX8|A0A5N5SRX8_9CRUS	
HG_98644	
Anas_tr|A0A5N5SL95|A0A5N5SL95_9CRUS	Anas_tr|A0A5N5T159|A0A5N5T159_9CRUS	
HG_160388	
Anas_tr|A0A5N5SV27|A0A5N5SV27_9CRUS	
HG_160186	
Anas_tr|A0A5N5SKR9|A0A5N5SKR9_9CRUS	
HG_160812	
Anas_tr|A0A5N5SVP2|A0A5N5SVP2_9CRUS	
HG_160610	
Anas_tr|A0A5N5TD04|A0A5N5TD04_9CRUS	
HG_159907	
Anas_tr|A0A5N5SNE9|A0A5N5SNE9_9CRUS	
HG_160197	
Anas_tr|A0A5N5SXT1|A0A5N5SXT1_9CRUS	
HG_160399	
Anas_tr|A0A5N5T2Q2|A0A5N5T2Q2_9CRUS	
HG_160621	
Anas_tr|A0A5N5TCT5|A0A5N5TCT5_9CRUS	
HG_160823	
Anas_tr|A0A5N5SMY7|A0A5N5SMY7_9CRUS	
HG_160507	
Anas_tr|A0A5N5T774|A0A5N5T774_9CRUS	
HG_160709	
Anas_tr|A0A5N5TPN6|A0A5N5TPN6_9CRUS	
HG_160103	
Anas_tr|A0A5N5TD23|A0A5N5TD23_9CRUS	
HG_160305	
Anas_tr|A0A5N5T0W2|A0A5N5T0W2_9CRUS	
HG_60973	
Anas_tr|A0A5N5SLG7|A0A5N5SLG7_9CRUS	Anas_tr|A0A5N5T5B4|A0A5N5T5B4_9CRUS	Anas_tr|A0A5N5TAC5|A0A5N5TAC5_9CRUS	Anas_tr|A0A5N5TC04|A0A5N5TC04_9CRUS	
HG_98593	
Anas_tr|A0A5N5T3L1|A0A5N5T3L1_9CRUS	Anas_tr|A0A5N5T696|A0A5N5T696_9CRUS	
HG_159918	
Anas_tr|A0A5N5TBP3|A0A5N5TBP3_9CRUS	
HG_160632	
Anas_tr|A0A5N5THZ1|A0A5N5THZ1_9CRUS	
HG_160834	
Anas_tr|A0A5N5T690|A0A5N5T690_9CRUS	
HG_160430	
Anas_tr|A0A5N5T166|A0A5N5T166_9CRUS	
HG_160518	
Anas_tr|A0A5N5TGU7|A0A5N5TGU7_9CRUS	
HG_160114	
Anas_tr|A0A5N5TAF9|A0A5N5TAF9_9CRUS	
HG_160316	
Anas_tr|A0A5N5SJL2|A0A5N5SJL2_9CRUS	
HG_159841	
Anas_tr|A0A5N5T0X5|A0A5N5T0X5_9CRUS	
HG_159929	
Anas_tr|A0A5N5T2V0|A0A5N5T2V0_9CRUS	
HG_74910	
Anas_tr|A0A5N5SJ79|A0A5N5SJ79_9CRUS	Anas_tr|A0A5N5SJG3|A0A5N5SJG3_9CRUS	Anas_tr|A0A5N5T5J9|A0A5N5T5J9_9CRUS	
HG_160441	
Anas_tr|A0A5N5TJD2|A0A5N5TJD2_9CRUS	
HG_160643	
Anas_tr|A0A5N5SRK7|A0A5N5SRK7_9CRUS	
HG_160845	
Anas_tr|A0A5N5TDQ9|A0A5N5TDQ9_9CRUS	
HG_160327	
Anas_tr|A0A5N5TKE5|A0A5N5TKE5_9CRUS	
HG_160529	
Anas_tr|A0A5N5TJX3|A0A5N5TJX3_9CRUS	
HG_160125	
Anas_tr|A0A5N5SLR8|A0A5N5SLR8_9CRUS	
HG_98608	
Anas_tr|A0A5N5SIZ4|A0A5N5SIZ4_9CRUS	Anas_tr|A0A5N5SZV5|A0A5N5SZV5_9CRUS	
HG_98575	
Anas_tr|A0A5N5T0I0|A0A5N5T0I0_9CRUS	Anas_tr|A0A5N5T1U0|A0A5N5T1U0_9CRUS	
HG_159852	
Anas_tr|A0A5N5TNM3|A0A5N5TNM3_9CRUS	
HG_160856	
Anas_tr|A0A5N5TGP2|A0A5N5TGP2_9CRUS	
HG_160970	
Anas_tr|A0A5N5TMT4|A0A5N5TMT4_9CRUS	
HG_160452	
Anas_tr|A0A5N5TEU5|A0A5N5TEU5_9CRUS	
HG_160654	
Anas_tr|A0A5N5SL31|A0A5N5SL31_9CRUS	
HG_160250	
Anas_tr|A0A5N5TNQ6|A0A5N5TNQ6_9CRUS	
HG_160338	
Anas_tr|A0A5N5TNC2|A0A5N5TNC2_9CRUS	
HG_160136	
Anas_tr|A0A5N5TE94|A0A5N5TE94_9CRUS	
HG_159863	
Anas_tr|A0A5N5TI41|A0A5N5TI41_9CRUS	
HG_160867	
Anas_tr|A0A5N5TEE0|A0A5N5TEE0_9CRUS	
HG_160463	
Anas_tr|A0A5N5SUK6|A0A5N5SUK6_9CRUS	
HG_160665	
Anas_tr|A0A5N5SPQ3|A0A5N5SPQ3_9CRUS	
HG_160261	
Anas_tr|A0A5N5SX70|A0A5N5SX70_9CRUS	
HG_160349	
Anas_tr|A0A5N5T7D6|A0A5N5T7D6_9CRUS	
HG_160147	
Anas_tr|A0A5N5TFS0|A0A5N5TFS0_9CRUS	
HG_98557	
Anas_tr|A0A5N5SJ94|A0A5N5SJ94_9CRUS	Anas_tr|A0A5N5TBJ2|A0A5N5TBJ2_9CRUS	
HG_159874	
Anas_tr|A0A5N5SUQ1|A0A5N5SUQ1_9CRUS	
HG_98621	
Anas_tr|A0A5N5SM73|A0A5N5SM73_9CRUS	Anas_tr|A0A5N5T1U6|A0A5N5T1U6_9CRUS	
HG_160790	
Anas_tr|A0A5N5SPV6|A0A5N5SPV6_9CRUS	
HG_160676	
Anas_tr|A0A5N5SYZ7|A0A5N5SYZ7_9CRUS	
HG_160878	
Anas_tr|A0A5N5SJN0|A0A5N5SJN0_9CRUS	
HG_160070	
Anas_tr|A0A5N5SY37|A0A5N5SY37_9CRUS	
HG_160272	
Anas_tr|A0A5N5SUX0|A0A5N5SUX0_9CRUS	
HG_160474	
Anas_tr|A0A5N5T1G7|A0A5N5T1G7_9CRUS	
HG_160158	
Anas_tr|A0A5N5SYF1|A0A5N5SYF1_9CRUS	
HG_159885	
Anas_tr|A0A5N5SLC3|A0A5N5SLC3_9CRUS	
HG_74946	
Anas_tr|A0A5N5SIE1|A0A5N5SIE1_9CRUS	Anas_tr|A0A5N5SII1|A0A5N5SII1_9CRUS	Anas_tr|A0A5N5SRJ0|A0A5N5SRJ0_9CRUS	
HG_160687	
Anas_tr|A0A5N5SQS3|A0A5N5SQS3_9CRUS	
HG_160889	
Anas_tr|A0A5N5SX09|A0A5N5SX09_9CRUS	
HG_160081	
Anas_tr|A0A5N5SXY5|A0A5N5SXY5_9CRUS	
HG_160283	
Anas_tr|A0A5N5T7B0|A0A5N5T7B0_9CRUS	
HG_160485	
Anas_tr|A0A5N5TLM3|A0A5N5TLM3_9CRUS	
HG_160169	
Anas_tr|A0A5N5TFW5|A0A5N5TFW5_9CRUS	
HG_98539	
Anas_tr|A0A5N5T8H3|A0A5N5T8H3_9CRUS	Anas_tr|A0A5N5TA16|A0A5N5TA16_9CRUS	
HG_98675	
Anas_tr|A0A5N5SXV3|A0A5N5SXV3_9CRUS	Anas_tr|A0A5N5T8N8|A0A5N5T8N8_9CRUS	
HG_159896	
Anas_tr|A0A5N5SWI8|A0A5N5SWI8_9CRUS	
HG_160496	
Anas_tr|A0A5N5T9W4|A0A5N5T9W4_9CRUS	
HG_160698	
Anas_tr|A0A5N5TL40|A0A5N5TL40_9CRUS	
HG_160092	
Anas_tr|A0A5N5TB68|A0A5N5TB68_9CRUS	
HG_160294	
Anas_tr|A0A5N5SKV2|A0A5N5SKV2_9CRUS	
HG_160920	
Anas_tr|A0A5N5TCT0|A0A5N5TCT0_9CRUS	
HG_160806	
Anas_tr|A0A5N5TF00|A0A5N5TF00_9CRUS	
HG_160200	
Anas_tr|A0A5N5TBW0|A0A5N5TBW0_9CRUS	
HG_160402	
Anas_tr|A0A5N5TAH9|A0A5N5TAH9_9CRUS	
HG_160604	
Anas_tr|A0A5N5TJ17|A0A5N5TJ17_9CRUS	
HG_74928	
Anas_tr|A0A5N5SST5|A0A5N5SST5_9CRUS	Anas_tr|A0A5N5SSU1|A0A5N5SSU1_9CRUS	Anas_tr|A0A5N5STN4|A0A5N5STN4_9CRUS	
HG_160931	
Anas_tr|A0A5N5T1G5|A0A5N5T1G5_9CRUS	
HG_160817	
Anas_tr|A0A5N5T8R7|A0A5N5T8R7_9CRUS	
HG_160211	
Anas_tr|A0A5N5TCA6|A0A5N5TCA6_9CRUS	
HG_160413	
Anas_tr|A0A5N5SLN6|A0A5N5SLN6_9CRUS	
HG_160615	
Anas_tr|A0A5N5SRV9|A0A5N5SRV9_9CRUS	
HG_98657	
Anas_tr|A0A5N5SMQ5|A0A5N5SMQ5_9CRUS	Anas_tr|A0A5N5SNE8|A0A5N5SNE8_9CRUS	
HG_98552	
Anas_tr|A0A5N5T9X7|A0A5N5T9X7_9CRUS	Anas_tr|A0A5N5TAP9|A0A5N5TAP9_9CRUS	
HG_160942	
Anas_tr|A0A5N5SNH1|A0A5N5SNH1_9CRUS	
HG_160740	
Anas_tr|A0A5N5TIN9|A0A5N5TIN9_9CRUS	
HG_160626	
Anas_tr|A0A5N5TIB8|A0A5N5TIB8_9CRUS	
HG_160828	
Anas_tr|A0A5N5TG95|A0A5N5TG95_9CRUS	
HG_39739	
Anas_tr|A0A5N5SJN8|A0A5N5SJN8_9CRUS	Anas_tr|A0A5N5SNE6|A0A5N5SNE6_9CRUS	Anas_tr|A0A5N5SQY7|A0A5N5SQY7_9CRUS	Anas_tr|A0A5N5SRA5|A0A5N5SRA5_9CRUS	Anas_tr|A0A5N5SRH0|A0A5N5SRH0_9CRUS	Anas_tr|A0A5N5T9Z0|A0A5N5T9Z0_9CRUS	Anas_tr|A0A5N5T9Z3|A0A5N5T9Z3_9CRUS	
HG_160020	
Anas_tr|A0A5N5TLF3|A0A5N5TLF3_9CRUS	
HG_160222	
Anas_tr|A0A5N5TI81|A0A5N5TI81_9CRUS	
HG_160424	
Anas_tr|A0A5N5THU2|A0A5N5THU2_9CRUS	
HG_160108	
Anas_tr|A0A5N5TDR5|A0A5N5TDR5_9CRUS	
HG_160751	
Anas_tr|A0A5N5T010|A0A5N5T010_9CRUS	
HG_160953	
Anas_tr|A0A5N5TEG8|A0A5N5TEG8_9CRUS	
HG_160435	
Anas_tr|A0A5N5SPW2|A0A5N5SPW2_9CRUS	
HG_160637	
Anas_tr|A0A5N5SL98|A0A5N5SL98_9CRUS	
HG_160839	
Anas_tr|A0A5N5TG09|A0A5N5TG09_9CRUS	
HG_160233	
Anas_tr|A0A5N5TKC5|A0A5N5TKC5_9CRUS	
HG_160031	
Anas_tr|A0A5N5TEI0|A0A5N5TEI0_9CRUS	
HG_160119	
Anas_tr|A0A5N5T011|A0A5N5T011_9CRUS	
HG_75001	
Anas_tr|A0A5N5SPZ3|A0A5N5SPZ3_9CRUS	Anas_tr|A0A5N5SYA7|A0A5N5SYA7_9CRUS	Anas_tr|A0A5N5T873|A0A5N5T873_9CRUS	
HG_60986	
Anas_tr|A0A5N5T1F0|A0A5N5T1F0_9CRUS	Anas_tr|A0A5N5T5G9|A0A5N5T5G9_9CRUS	Anas_tr|A0A5N5TBR5|A0A5N5TBR5_9CRUS	Anas_tr|A0A5N5TPA7|A0A5N5TPA7_9CRUS	
HG_159960	
Anas_tr|A0A5N5TP71|A0A5N5TP71_9CRUS	
HG_159846	
Anas_tr|A0A5N5TD44|A0A5N5TD44_9CRUS	
HG_160560	
Anas_tr|A0A5N5SN82|A0A5N5SN82_9CRUS	
HG_160762	
Anas_tr|A0A5N5TFW2|A0A5N5TFW2_9CRUS	
HG_160964	
Anas_tr|A0A5N5SRU6|A0A5N5SRU6_9CRUS	
HG_160446	
Anas_tr|A0A5N5SQ10|A0A5N5SQ10_9CRUS	
HG_160648	
Anas_tr|A0A5N5TLT3|A0A5N5TLT3_9CRUS	
HG_160042	
Anas_tr|A0A5N5SP83|A0A5N5SP83_9CRUS	
HG_160244	
Anas_tr|A0A5N5T381|A0A5N5T381_9CRUS	
HG_159971	
Anas_tr|A0A5N5SQH9|A0A5N5SQH9_9CRUS	
HG_159857	
Anas_tr|A0A5N5SX01|A0A5N5SX01_9CRUS	
HG_74923	
Anas_tr|A0A5N5SMR9|A0A5N5SMR9_9CRUS	Anas_tr|A0A5N5TE00|A0A5N5TE00_9CRUS	Anas_tr|A0A5N5TK04|A0A5N5TK04_9CRUS	
HG_160975	
Anas_tr|A0A5N5TED6|A0A5N5TED6_9CRUS	
HG_160571	
Anas_tr|A0A5N5SVS1|A0A5N5SVS1_9CRUS	
HG_160773	
Anas_tr|A0A5N5SKP2|A0A5N5SKP2_9CRUS	
HG_160255	
Anas_tr|A0A5N5TAE8|A0A5N5TAE8_9CRUS	
HG_160457	
Anas_tr|A0A5N5ST76|A0A5N5ST76_9CRUS	
HG_160659	
Anas_tr|A0A5N5TD84|A0A5N5TD84_9CRUS	
HG_160053	
Anas_tr|A0A5N5TGA3|A0A5N5TGA3_9CRUS	
HG_32323	
Anas_tr|A0A5N5SJU3|A0A5N5SJU3_9CRUS	Anas_tr|A0A5N5SNI0|A0A5N5SNI0_9CRUS	Anas_tr|A0A5N5SSC9|A0A5N5SSC9_9CRUS	Anas_tr|A0A5N5STY2|A0A5N5STY2_9CRUS	Anas_tr|A0A5N5SUC0|A0A5N5SUC0_9CRUS	Anas_tr|A0A5N5SXS1|A0A5N5SXS1_9CRUS	Anas_tr|A0A5N5T0M7|A0A5N5T0M7_9CRUS	Anas_tr|A0A5N5TFR4|A0A5N5TFR4_9CRUS	Anas_tr|A0A5N5TH18|A0A5N5TH18_9CRUS	
HG_159982	
Anas_tr|A0A5N5TJS6|A0A5N5TJS6_9CRUS	
HG_98652	
Anas_tr|A0A5N5STN1|A0A5N5STN1_9CRUS	Anas_tr|A0A5N5SZL3|A0A5N5SZL3_9CRUS	
HG_159868	
Anas_tr|A0A5N5TF07|A0A5N5TF07_9CRUS	
HG_160380	
Anas_tr|A0A5N5TDW3|A0A5N5TDW3_9CRUS	
HG_160582	
Anas_tr|A0A5N5T8Q5|A0A5N5T8Q5_9CRUS	
HG_160784	
Anas_tr|A0A5N5SWM1|A0A5N5SWM1_9CRUS	
HG_160266	
Anas_tr|A0A5N5T9X5|A0A5N5T9X5_9CRUS	
HG_160468	
Anas_tr|A0A5N5TLV7|A0A5N5TLV7_9CRUS	
HG_160064	
Anas_tr|A0A5N5SYH8|A0A5N5SYH8_9CRUS	
HG_159993	
Anas_tr|A0A5N5T3Y7|A0A5N5T3Y7_9CRUS	
HG_74977	
Anas_tr|A0A5N5T2A3|A0A5N5T2A3_9CRUS	Anas_tr|A0A5N5T6G8|A0A5N5T6G8_9CRUS	Anas_tr|A0A5N5T8P5|A0A5N5T8P5_9CRUS	
HG_159879	
Anas_tr|A0A5N5T7M6|A0A5N5T7M6_9CRUS	
HG_160795	
Anas_tr|A0A5N5SK22|A0A5N5SK22_9CRUS	
HG_160593	
Anas_tr|A0A5N5SVK0|A0A5N5SVK0_9CRUS	
HG_160391	
Anas_tr|A0A5N5T5Q3|A0A5N5T5Q3_9CRUS	
HG_160277	
Anas_tr|A0A5N5SUT0|A0A5N5SUT0_9CRUS	
HG_160479	
Anas_tr|A0A5N5T748|A0A5N5T748_9CRUS	
HG_160075	
Anas_tr|A0A5N5TP48|A0A5N5TP48_9CRUS	
HG_160701	
Anas_tr|A0A5N5SL92|A0A5N5SL92_9CRUS	
HG_160903	
Anas_tr|A0A5N5T6U7|A0A5N5T6U7_9CRUS	
HG_98634	
Anas_tr|A0A5N5SZ09|A0A5N5SZ09_9CRUS	Anas_tr|A0A5N5THJ2|A0A5N5THJ2_9CRUS	
HG_159910	
Anas_tr|A0A5N5TKQ9|A0A5N5TKQ9_9CRUS	
HG_160086	
Anas_tr|A0A5N5SK96|A0A5N5SK96_9CRUS	
HG_160288	
Anas_tr|A0A5N5TL35|A0A5N5TL35_9CRUS	
HG_51667	
Anas_tr|A0A5N5T0B2|A0A5N5T0B2_9CRUS	Anas_tr|A0A5N5T2X6|A0A5N5T2X6_9CRUS	Anas_tr|A0A5N5T358|A0A5N5T358_9CRUS	Anas_tr|A0A5N5T693|A0A5N5T693_9CRUS	Anas_tr|A0A5N5TI37|A0A5N5TI37_9CRUS	
HG_160712	
Anas_tr|A0A5N5T6S5|A0A5N5T6S5_9CRUS	
HG_160914	
Anas_tr|A0A5N5TNG8|A0A5N5TNG8_9CRUS	
HG_160510	
Anas_tr|A0A5N5TID9|A0A5N5TID9_9CRUS	
HG_159921	
Anas_tr|A0A5N5TEV6|A0A5N5TEV6_9CRUS	
HG_160097	
Anas_tr|A0A5N5SRS9|A0A5N5SRS9_9CRUS	
HG_160299	
Anas_tr|A0A5N5SKH8|A0A5N5SKH8_9CRUS	
HG_160925	
Anas_tr|A0A5N5SM69|A0A5N5SM69_9CRUS	
HG_160521	
Anas_tr|A0A5N5SXP3|A0A5N5SXP3_9CRUS	
HG_160723	
Anas_tr|A0A5N5T9R8|A0A5N5T9R8_9CRUS	
HG_160205	
Anas_tr|A0A5N5SGX1|A0A5N5SGX1_9CRUS	
HG_160407	
Anas_tr|A0A5N5SL58|A0A5N5SL58_9CRUS	
HG_160609	
Anas_tr|A0A5N5T9S3|A0A5N5T9S3_9CRUS	
HG_160003	
Anas_tr|A0A5N5T1F5|A0A5N5T1F5_9CRUS	
HG_60963	
Anas_tr|A0A5N5SZE7|A0A5N5SZE7_9CRUS	Anas_tr|A0A5N5T448|A0A5N5T448_9CRUS	Anas_tr|A0A5N5T8C6|A0A5N5T8C6_9CRUS	Anas_tr|A0A5N5TM08|A0A5N5TM08_9CRUS	
HG_98583	
Anas_tr|A0A5N5SL67|A0A5N5SL67_9CRUS	Anas_tr|A0A5N5TDB2|A0A5N5TDB2_9CRUS	
HG_159932	
Anas_tr|A0A5N5TL77|A0A5N5TL77_9CRUS	
HG_160734	
Anas_tr|A0A5N5SYQ5|A0A5N5SYQ5_9CRUS	
HG_160936	
Anas_tr|A0A5N5TAQ2|A0A5N5TAQ2_9CRUS	
HG_160330	
Anas_tr|A0A5N5SSA4|A0A5N5SSA4_9CRUS	
HG_160532	
Anas_tr|A0A5N5TP51|A0A5N5TP51_9CRUS	
HG_160014	
Anas_tr|A0A5N5T4N9|A0A5N5T4N9_9CRUS	
HG_160216	
Anas_tr|A0A5N5SXU2|A0A5N5SXU2_9CRUS	
HG_160418	
Anas_tr|A0A5N5SXT5|A0A5N5SXT5_9CRUS	
HG_159943	
Anas_tr|A0A5N5SMV4|A0A5N5SMV4_9CRUS	
HG_160745	
Anas_tr|A0A5N5T0Q2|A0A5N5T0Q2_9CRUS	
HG_160947	
Anas_tr|A0A5N5SIT4|A0A5N5SIT4_9CRUS	
HG_160341	
Anas_tr|A0A5N5SMV0|A0A5N5SMV0_9CRUS	
HG_160543	
Anas_tr|A0A5N5SLI7|A0A5N5SLI7_9CRUS	
HG_160025	
Anas_tr|A0A5N5SVU2|A0A5N5SVU2_9CRUS	
HG_160227	
Anas_tr|A0A5N5TB60|A0A5N5TB60_9CRUS	
HG_160429	
Anas_tr|A0A5N5SX26|A0A5N5SX26_9CRUS	
HG_98565	
Anas_tr|A0A5N5SXN2|A0A5N5SXN2_9CRUS	Anas_tr|A0A5N5TGX4|A0A5N5TGX4_9CRUS	
HG_159954	
Anas_tr|A0A5N5SYU0|A0A5N5SYU0_9CRUS	
HG_14354	
Anas_tr|A0A5N5SH79|A0A5N5SH79_9CRUS	Anas_tr|A0A5N5SH83|A0A5N5SH83_9CRUS	Anas_tr|A0A5N5SJE0|A0A5N5SJE0_9CRUS	Anas_tr|A0A5N5SJX5|A0A5N5SJX5_9CRUS	Anas_tr|A0A5N5SLX8|A0A5N5SLX8_9CRUS	Anas_tr|A0A5N5SP93|A0A5N5SP93_9CRUS	Anas_tr|A0A5N5SQ04|A0A5N5SQ04_9CRUS	Anas_tr|A0A5N5SQY5|A0A5N5SQY5_9CRUS	Anas_tr|A0A5N5SS34|A0A5N5SS34_9CRUS	Anas_tr|A0A5N5SWC3|A0A5N5SWC3_9CRUS	Anas_tr|A0A5N5SZX5|A0A5N5SZX5_9CRUS	Anas_tr|A0A5N5T017|A0A5N5T017_9CRUS	Anas_tr|A0A5N5T0U5|A0A5N5T0U5_9CRUS	Anas_tr|A0A5N5T0X9|A0A5N5T0X9_9CRUS	Anas_tr|A0A5N5T1P8|A0A5N5T1P8_9CRUS	Anas_tr|A0A5N5T359|A0A5N5T359_9CRUS	Anas_tr|A0A5N5T519|A0A5N5T519_9CRUS	Anas_tr|A0A5N5T5K2|A0A5N5T5K2_9CRUS	Anas_tr|A0A5N5T7S4|A0A5N5T7S4_9CRUS	Anas_tr|A0A5N5T9Q9|A0A5N5T9Q9_9CRUS	Anas_tr|A0A5N5TAS6|A0A5N5TAS6_9CRUS	Anas_tr|A0A5N5TBQ4|A0A5N5TBQ4_9CRUS	Anas_tr|A0A5N5TCK8|A0A5N5TCK8_9CRUS	Anas_tr|A0A5N5TDT6|A0A5N5TDT6_9CRUS	Anas_tr|A0A5N5TEP1|A0A5N5TEP1_9CRUS	Anas_tr|A0A5N5TG15|A0A5N5TG15_9CRUS	Anas_tr|A0A5N5TGD7|A0A5N5TGD7_9CRUS	Anas_tr|A0A5N5TIE5|A0A5N5TIE5_9CRUS	Anas_tr|A0A5N5TIH8|A0A5N5TIH8_9CRUS	
HG_160870	
Anas_tr|A0A5N5TIV5|A0A5N5TIV5_9CRUS	
HG_160756	
Anas_tr|A0A5N5TGM9|A0A5N5TGM9_9CRUS	
HG_160958	
Anas_tr|A0A5N5T1R2|A0A5N5T1R2_9CRUS	
HG_160554	
Anas_tr|A0A5N5SUB4|A0A5N5SUB4_9CRUS	
HG_160150	
Anas_tr|A0A5N5SLV1|A0A5N5SLV1_9CRUS	
HG_160352	
Anas_tr|A0A5N5SHN2|A0A5N5SHN2_9CRUS	
HG_160036	
Anas_tr|A0A5N5T3P3|A0A5N5T3P3_9CRUS	
HG_160238	
Anas_tr|A0A5N5SIY2|A0A5N5SIY2_9CRUS	
HG_159965	
Anas_tr|A0A5N5T4M9|A0A5N5T4M9_9CRUS	
HG_74954	
Anas_tr|A0A5N5SMS5|A0A5N5SMS5_9CRUS	Anas_tr|A0A5N5SNV4|A0A5N5SNV4_9CRUS	Anas_tr|A0A5N5TEI2|A0A5N5TEI2_9CRUS	
HG_160881	
Anas_tr|A0A5N5SYE7|A0A5N5SYE7_9CRUS	
HG_160969	
Anas_tr|A0A5N5THC2|A0A5N5THC2_9CRUS	
HG_160565	
Anas_tr|A0A5N5T722|A0A5N5T722_9CRUS	
HG_160767	
Anas_tr|A0A5N5SQW3|A0A5N5SQW3_9CRUS	
HG_160249	
Anas_tr|A0A5N5TJ02|A0A5N5TJ02_9CRUS	
HG_160161	
Anas_tr|A0A5N5TI11|A0A5N5TI11_9CRUS	
HG_160363	
Anas_tr|A0A5N5TDG3|A0A5N5TDG3_9CRUS	
HG_160047	
Anas_tr|A0A5N5TB11|A0A5N5TB11_9CRUS	
HG_98547	
Anas_tr|A0A5N5SQX7|A0A5N5SQX7_9CRUS	Anas_tr|A0A5N5TEX0|A0A5N5TEX0_9CRUS	
HG_159976	
Anas_tr|A0A5N5TH57|A0A5N5TH57_9CRUS	
HG_160690	
Anas_tr|A0A5N5SP02|A0A5N5SP02_9CRUS	
HG_160892	
Anas_tr|A0A5N5T9Y8|A0A5N5T9Y8_9CRUS	
HG_160374	
Anas_tr|A0A5N5SXK2|A0A5N5SXK2_9CRUS	
HG_160576	
Anas_tr|A0A5N5TKZ7|A0A5N5TKZ7_9CRUS	
HG_160778	
Anas_tr|A0A5N5T991|A0A5N5T991_9CRUS	
HG_160172	
Anas_tr|A0A5N5TPS2|A0A5N5TPS2_9CRUS	
HG_51644	
Anas_tr|A0A5N5SQD9|A0A5N5SQD9_9CRUS	Anas_tr|A0A5N5SQH1|A0A5N5SQH1_9CRUS	Anas_tr|A0A5N5SQZ6|A0A5N5SQZ6_9CRUS	Anas_tr|A0A5N5STW8|A0A5N5STW8_9CRUS	Anas_tr|A0A5N5SZZ7|A0A5N5SZZ7_9CRUS	
HG_160058	
Anas_tr|A0A5N5SZU8|A0A5N5SZU8_9CRUS	
HG_159987	
Anas_tr|A0A5N5TAS5|A0A5N5TAS5_9CRUS	
HG_160789	
Anas_tr|A0A5N5SLD3|A0A5N5SLD3_9CRUS	
HG_160183	
Anas_tr|A0A5N5TEX9|A0A5N5TEX9_9CRUS	
HG_160385	
Anas_tr|A0A5N5SK84|A0A5N5SK84_9CRUS	
HG_160587	
Anas_tr|A0A5N5SXU9|A0A5N5SXU9_9CRUS	
HG_160069	
Anas_tr|A0A5N5SR76|A0A5N5SR76_9CRUS	
HG_159998	
Anas_tr|A0A5N5SM38|A0A5N5SM38_9CRUS	
HG_98560	
Anas_tr|A0A5N5TI40|A0A5N5TI40_9CRUS	Anas_tr|A0A5N5TL18|A0A5N5TL18_9CRUS	
HG_159904	
Anas_tr|A0A5N5SLP5|A0A5N5SLP5_9CRUS	
HG_160194	
Anas_tr|A0A5N5SQS0|A0A5N5SQS0_9CRUS	
HG_160396	
Anas_tr|A0A5N5SUK3|A0A5N5SUK3_9CRUS	
HG_160598	
Anas_tr|A0A5N5TJI8|A0A5N5TJI8_9CRUS	
HG_160820	
Anas_tr|A0A5N5SJJ3|A0A5N5SJJ3_9CRUS	
HG_160504	
Anas_tr|A0A5N5T3X0|A0A5N5T3X0_9CRUS	
HG_160706	
Anas_tr|A0A5N5SVM5|A0A5N5SVM5_9CRUS	
HG_160908	
Anas_tr|A0A5N5SJA3|A0A5N5SJA3_9CRUS	
HG_160100	
Anas_tr|A0A5N5T1C3|A0A5N5T1C3_9CRUS	
HG_160302	
Anas_tr|A0A5N5SQ72|A0A5N5SQ72_9CRUS	
HG_74918	
Anas_tr|A0A5N5T081|A0A5N5T081_9CRUS	Anas_tr|A0A5N5TEE7|A0A5N5TEE7_9CRUS	Anas_tr|A0A5N5TMY4|A0A5N5TMY4_9CRUS	
HG_159915	
Anas_tr|A0A5N5SUZ1|A0A5N5SUZ1_9CRUS	
HG_32318	
Anas_tr|A0A5N5SL84|A0A5N5SL84_9CRUS	Anas_tr|A0A5N5SL89|A0A5N5SL89_9CRUS	Anas_tr|A0A5N5SLH6|A0A5N5SLH6_9CRUS	Anas_tr|A0A5N5T9X2|A0A5N5T9X2_9CRUS	Anas_tr|A0A5N5T9X6|A0A5N5T9X6_9CRUS	Anas_tr|A0A5N5TC28|A0A5N5TC28_9CRUS	Anas_tr|A0A5N5TDJ4|A0A5N5TDJ4_9CRUS	Anas_tr|A0A5N5TES7|A0A5N5TES7_9CRUS	Anas_tr|A0A5N5TIE9|A0A5N5TIE9_9CRUS	
HG_160831	
Anas_tr|A0A5N5TPM2|A0A5N5TPM2_9CRUS	
HG_160919	
Anas_tr|A0A5N5T9G1|A0A5N5T9G1_9CRUS	
HG_160313	
Anas_tr|A0A5N5THG8|A0A5N5THG8_9CRUS	
HG_160515	
Anas_tr|A0A5N5SXX5|A0A5N5SXX5_9CRUS	
HG_160717	
Anas_tr|A0A5N5TLG3|A0A5N5TLG3_9CRUS	
HG_160111	
Anas_tr|A0A5N5SSR0|A0A5N5SSR0_9CRUS	
HG_98647	
Anas_tr|A0A5N5SP99|A0A5N5SP99_9CRUS	Anas_tr|A0A5N5SYU8|A0A5N5SYU8_9CRUS	
HG_98542	
Anas_tr|A0A5N5TKJ8|A0A5N5TKJ8_9CRUS	Anas_tr|A0A5N5TKK6|A0A5N5TKK6_9CRUS	
HG_159926	
Anas_tr|A0A5N5SRW1|A0A5N5SRW1_9CRUS	
HG_160640	
Anas_tr|A0A5N5TKI0|A0A5N5TKI0_9CRUS	
HG_160842	
Anas_tr|A0A5N5T8W9|A0A5N5T8W9_9CRUS	
HG_160728	
Anas_tr|A0A5N5TJS4|A0A5N5TJS4_9CRUS	
HG_160324	
Anas_tr|A0A5N5SJP2|A0A5N5SJP2_9CRUS	
HG_160526	
Anas_tr|A0A5N5SNK4|A0A5N5SNK4_9CRUS	
HG_160122	
Anas_tr|A0A5N5TAE3|A0A5N5TAE3_9CRUS	
HG_160008	
Anas_tr|A0A5N5SKH0|A0A5N5SKH0_9CRUS	
HG_159937	
Anas_tr|A0A5N5T885|A0A5N5T885_9CRUS	
HG_74931	
Anas_tr|A0A5N5SLG1|A0A5N5SLG1_9CRUS	Anas_tr|A0A5N5T7B9|A0A5N5T7B9_9CRUS	Anas_tr|A0A5N5TEU7|A0A5N5TEU7_9CRUS	
HG_160853	
Anas_tr|A0A5N5T7E2|A0A5N5T7E2_9CRUS	
HG_160651	
Anas_tr|A0A5N5THQ8|A0A5N5THQ8_9CRUS	
HG_160739	
Anas_tr|A0A5N5TI56|A0A5N5TI56_9CRUS	
HG_160133	
Anas_tr|A0A5N5SXQ0|A0A5N5SXQ0_9CRUS	
HG_160335	
Anas_tr|A0A5N5TAR0|A0A5N5TAR0_9CRUS	
HG_160537	
Anas_tr|A0A5N5T075|A0A5N5T075_9CRUS	
HG_160019	
Anas_tr|A0A5N5TEE6|A0A5N5TEE6_9CRUS	
HG_98629	
Anas_tr|A0A5N5SMS3|A0A5N5SMS3_9CRUS	Anas_tr|A0A5N5T4Y8|A0A5N5T4Y8_9CRUS	
HG_159860	
Anas_tr|A0A5N5T6W1|A0A5N5T6W1_9CRUS	
HG_159948	
Anas_tr|A0A5N5TB98|A0A5N5TB98_9CRUS	
HG_98660	
Anas_tr|A0A5N5TDI3|A0A5N5TDI3_9CRUS	Anas_tr|A0A5N5TDU7|A0A5N5TDU7_9CRUS	
HG_160864	
Anas_tr|A0A5N5SY90|A0A5N5SY90_9CRUS	
HG_160460	
Anas_tr|A0A5N5TBN0|A0A5N5TBN0_9CRUS	
HG_160662	
Anas_tr|A0A5N5TL88|A0A5N5TL88_9CRUS	
HG_160548	
Anas_tr|A0A5N5TF05|A0A5N5TF05_9CRUS	
HG_160144	
Anas_tr|A0A5N5T5W3|A0A5N5T5W3_9CRUS	
HG_160346	
Anas_tr|A0A5N5SZ08|A0A5N5SZ08_9CRUS	
HG_159871	
Anas_tr|A0A5N5SJE9|A0A5N5SJE9_9CRUS	
HG_159959	
Anas_tr|A0A5N5TN25|A0A5N5TN25_9CRUS	
HG_160673	
Anas_tr|A0A5N5SK72|A0A5N5SK72_9CRUS	
HG_160875	
Anas_tr|A0A5N5T8I7|A0A5N5T8I7_9CRUS	
HG_160471	
Anas_tr|A0A5N5SY06|A0A5N5SY06_9CRUS	
HG_160559	
Anas_tr|A0A5N5SJ72|A0A5N5SJ72_9CRUS	
HG_160155	
Anas_tr|A0A5N5T9G8|A0A5N5T9G8_9CRUS	
HG_160357	
Anas_tr|A0A5N5T6M7|A0A5N5T6M7_9CRUS	
HG_98578	
Anas_tr|A0A5N5SQW6|A0A5N5SQW6_9CRUS	Anas_tr|A0A5N5TJB2|A0A5N5TJB2_9CRUS	
HG_159882	
Anas_tr|A0A5N5TJ96|A0A5N5TJ96_9CRUS	
HG_98642	
Anas_tr|A0A5N5SXG2|A0A5N5SXG2_9CRUS	Anas_tr|A0A5N5TG07|A0A5N5TG07_9CRUS	
HG_160482	
Anas_tr|A0A5N5SK41|A0A5N5SK41_9CRUS	
HG_160684	
Anas_tr|A0A5N5SYV0|A0A5N5SYV0_9CRUS	
HG_160886	
Anas_tr|A0A5N5SKT6|A0A5N5SKT6_9CRUS	
HG_160280	
Anas_tr|A0A5N5SN22|A0A5N5SN22_9CRUS	
HG_160368	
Anas_tr|A0A5N5TE70|A0A5N5TE70_9CRUS	
HG_160166	
Anas_tr|A0A5N5SZA3|A0A5N5SZA3_9CRUS	
HG_159893	
Anas_tr|A0A5N5SPU8|A0A5N5SPU8_9CRUS	
HG_74967	
Anas_tr|A0A5N5SN84|A0A5N5SN84_9CRUS	Anas_tr|A0A5N5TBS9|A0A5N5TBS9_9CRUS	Anas_tr|A0A5N5TDI7|A0A5N5TDI7_9CRUS	
HG_160695	
Anas_tr|A0A5N5T8K9|A0A5N5T8K9_9CRUS	
HG_160897	
Anas_tr|A0A5N5T9U7|A0A5N5T9U7_9CRUS	
HG_160493	
Anas_tr|A0A5N5SP70|A0A5N5SP70_9CRUS	
HG_160379	
Anas_tr|A0A5N5T2Z1|A0A5N5T2Z1_9CRUS	
HG_160291	
Anas_tr|A0A5N5SSF3|A0A5N5SSF3_9CRUS	
HG_160177	
Anas_tr|A0A5N5T066|A0A5N5T066_9CRUS	
HG_160803	
Anas_tr|A0A5N5T0F2|A0A5N5T0F2_9CRUS	
HG_160601	
Anas_tr|A0A5N5T357|A0A5N5T357_9CRUS	
HG_98624	
Anas_tr|A0A5N5T6J3|A0A5N5T6J3_9CRUS	Anas_tr|A0A5N5T7S6|A0A5N5T7S6_9CRUS	
HG_98591	
Anas_tr|A0A5N5T1M0|A0A5N5T1M0_9CRUS	Anas_tr|A0A5N5T4P7|A0A5N5T4P7_9CRUS	
HG_160188	
Anas_tr|A0A5N5T0A7|A0A5N5T0A7_9CRUS	
HG_51657	
Anas_tr|A0A5N5SSU4|A0A5N5SSU4_9CRUS	Anas_tr|A0A5N5SU58|A0A5N5SU58_9CRUS	Anas_tr|A0A5N5T6E3|A0A5N5T6E3_9CRUS	Anas_tr|A0A5N5T6I0|A0A5N5T6I0_9CRUS	Anas_tr|A0A5N5TBW8|A0A5N5TBW8_9CRUS	
HG_160814	
Anas_tr|A0A5N5T051|A0A5N5T051_9CRUS	
HG_160612	
Anas_tr|A0A5N5THD5|A0A5N5THD5_9CRUS	
HG_160410	
Anas_tr|A0A5N5T654|A0A5N5T654_9CRUS	
HG_159909	
Anas_tr|A0A5N5SUL2|A0A5N5SUL2_9CRUS	
HG_74980	
Anas_tr|A0A5N5SJR2|A0A5N5SJR2_9CRUS	Anas_tr|A0A5N5STD8|A0A5N5STD8_9CRUS	Anas_tr|A0A5N5T8J9|A0A5N5T8J9_9CRUS	
HG_35671	
Anas_tr|A0A5N5SHH1|A0A5N5SHH1_9CRUS	Anas_tr|A0A5N5ST96|A0A5N5ST96_9CRUS	Anas_tr|A0A5N5SV00|A0A5N5SV00_9CRUS	Anas_tr|A0A5N5T0A2|A0A5N5T0A2_9CRUS	Anas_tr|A0A5N5T102|A0A5N5T102_9CRUS	Anas_tr|A0A5N5T1I9|A0A5N5T1I9_9CRUS	Anas_tr|A0A5N5T9V2|A0A5N5T9V2_9CRUS	Anas_tr|A0A5N5TDX2|A0A5N5TDX2_9CRUS	
HG_160199	
Anas_tr|A0A5N5TB25|A0A5N5TB25_9CRUS	
HG_160623	
Anas_tr|A0A5N5SY45|A0A5N5SY45_9CRUS	
HG_160825	
Anas_tr|A0A5N5STA3|A0A5N5STA3_9CRUS	
HG_160421	
Anas_tr|A0A5N5TBP5|A0A5N5TBP5_9CRUS	
HG_160509	
Anas_tr|A0A5N5TGN6|A0A5N5TGN6_9CRUS	
HG_160105	
Anas_tr|A0A5N5SLB7|A0A5N5SLB7_9CRUS	
HG_160307	
Anas_tr|A0A5N5T668|A0A5N5T668_9CRUS	
HG_98606	
Anas_tr|A0A5N5SRL1|A0A5N5SRL1_9CRUS	Anas_tr|A0A5N5THJ8|A0A5N5THJ8_9CRUS	
HG_98573	
Anas_tr|A0A5N5SLG2|A0A5N5SLG2_9CRUS	Anas_tr|A0A5N5T2N3|A0A5N5T2N3_9CRUS	
HG_160950	
Anas_tr|A0A5N5SV70|A0A5N5SV70_9CRUS	
HG_160432	
Anas_tr|A0A5N5T5Y3|A0A5N5T5Y3_9CRUS	
HG_160634	
Anas_tr|A0A5N5SQ54|A0A5N5SQ54_9CRUS	
HG_160836	
Anas_tr|A0A5N5TDW4|A0A5N5TDW4_9CRUS	
HG_160230	
Anas_tr|A0A5N5T0Y0|A0A5N5T0Y0_9CRUS	
HG_160318	
Anas_tr|A0A5N5T3W5|A0A5N5T3W5_9CRUS	
HG_160116	
Anas_tr|A0A5N5TB42|A0A5N5TB42_9CRUS	
HG_159843	
Anas_tr|A0A5N5T411|A0A5N5T411_9CRUS	
HG_160961	
Anas_tr|A0A5N5THC5|A0A5N5THC5_9CRUS	
HG_160847	
Anas_tr|A0A5N5SQN8|A0A5N5SQN8_9CRUS	
HG_160241	
Anas_tr|A0A5N5SLW8|A0A5N5SLW8_9CRUS	
HG_160443	
Anas_tr|A0A5N5TNT3|A0A5N5TNT3_9CRUS	
HG_160645	
Anas_tr|A0A5N5T620|A0A5N5T620_9CRUS	
HG_160127	
Anas_tr|A0A5N5ST86|A0A5N5ST86_9CRUS	
HG_160329	
Anas_tr|A0A5N5SMG2|A0A5N5SMG2_9CRUS	
HG_98555	
Anas_tr|A0A5N5T183|A0A5N5T183_9CRUS	Anas_tr|A0A5N5TAR8|A0A5N5TAR8_9CRUS	
HG_159854	
Anas_tr|A0A5N5SMM1|A0A5N5SMM1_9CRUS	
HG_44918	
Anas_tr|A0A5N5T2J3|A0A5N5T2J3_9CRUS	Anas_tr|A0A5N5TCY1|A0A5N5TCY1_9CRUS	Anas_tr|A0A5N5TIX2|A0A5N5TIX2_9CRUS	Anas_tr|A0A5N5TKN0|A0A5N5TKN0_9CRUS	Anas_tr|A0A5N5TPD9|A0A5N5TPD9_9CRUS	Anas_tr|A0A5N5TPG0|A0A5N5TPG0_9CRUS	
HG_160972	
Anas_tr|A0A5N5T8Q2|A0A5N5T8Q2_9CRUS	
HG_160858	
Anas_tr|A0A5N5TLB5|A0A5N5TLB5_9CRUS	
HG_160770	
Anas_tr|A0A5N5TG01|A0A5N5TG01_9CRUS	
HG_160252	
Anas_tr|A0A5N5SUQ8|A0A5N5SUQ8_9CRUS	
HG_160454	
Anas_tr|A0A5N5SKW4|A0A5N5SKW4_9CRUS	
HG_160656	
Anas_tr|A0A5N5T2N2|A0A5N5T2N2_9CRUS	
HG_160050	
Anas_tr|A0A5N5SJL7|A0A5N5SJL7_9CRUS	
HG_160138	
Anas_tr|A0A5N5TJS1|A0A5N5TJS1_9CRUS	
HG_159865	
Anas_tr|A0A5N5SQX6|A0A5N5SQX6_9CRUS	
HG_160781	
Anas_tr|A0A5N5TLC3|A0A5N5TLC3_9CRUS	
HG_160667	
Anas_tr|A0A5N5SX53|A0A5N5SX53_9CRUS	
HG_160869	
Anas_tr|A0A5N5THU7|A0A5N5THU7_9CRUS	
HG_27578	
Anas_tr|A0A5N5SIY5|A0A5N5SIY5_9CRUS	Anas_tr|A0A5N5SRT2|A0A5N5SRT2_9CRUS	Anas_tr|A0A5N5T334|A0A5N5T334_9CRUS	Anas_tr|A0A5N5T6N8|A0A5N5T6N8_9CRUS	Anas_tr|A0A5N5T8P8|A0A5N5T8P8_9CRUS	Anas_tr|A0A5N5TB26|A0A5N5TB26_9CRUS	Anas_tr|A0A5N5TBE4|A0A5N5TBE4_9CRUS	Anas_tr|A0A5N5TDD4|A0A5N5TDD4_9CRUS	Anas_tr|A0A5N5TDM8|A0A5N5TDM8_9CRUS	Anas_tr|A0A5N5TF36|A0A5N5TF36_9CRUS	Anas_tr|A0A5N5TFK5|A0A5N5TFK5_9CRUS	
HG_160465	
Anas_tr|A0A5N5T4X3|A0A5N5T4X3_9CRUS	
HG_160061	
Anas_tr|A0A5N5TLI9|A0A5N5TLI9_9CRUS	
HG_160263	
Anas_tr|A0A5N5SZW5|A0A5N5SZW5_9CRUS	
HG_160149	
Anas_tr|A0A5N5SIL3|A0A5N5SIL3_9CRUS	
HG_98537	
Anas_tr|A0A5N5SIR5|A0A5N5SIR5_9CRUS	Anas_tr|A0A5N5SXX6|A0A5N5SXX6_9CRUS	
HG_159990	
Anas_tr|A0A5N5TMF3|A0A5N5TMF3_9CRUS	
HG_159876	
Anas_tr|A0A5N5T4P2|A0A5N5T4P2_9CRUS	
HG_98601	
Anas_tr|A0A5N5SMN6|A0A5N5SMN6_9CRUS	Anas_tr|A0A5N5SXS4|A0A5N5SXS4_9CRUS	
HG_160792	
Anas_tr|A0A5N5T6L7|A0A5N5T6L7_9CRUS	
HG_160590	
Anas_tr|A0A5N5T665|A0A5N5T665_9CRUS	
HG_160678	
Anas_tr|A0A5N5T7F0|A0A5N5T7F0_9CRUS	
HG_160072	
Anas_tr|A0A5N5TBE6|A0A5N5TBE6_9CRUS	
HG_160274	
Anas_tr|A0A5N5TDE3|A0A5N5TDE3_9CRUS	
HG_160476	
Anas_tr|A0A5N5TBL7|A0A5N5TBL7_9CRUS	
HG_160900	
Anas_tr|A0A5N5SLH2|A0A5N5SLH2_9CRUS	
HG_39755	
Anas_tr|A0A5N5SRF9|A0A5N5SRF9_9CRUS	Anas_tr|A0A5N5STS4|A0A5N5STS4_9CRUS	Anas_tr|A0A5N5SZF1|A0A5N5SZF1_9CRUS	Anas_tr|A0A5N5SZS7|A0A5N5SZS7_9CRUS	Anas_tr|A0A5N5T211|A0A5N5T211_9CRUS	Anas_tr|A0A5N5T398|A0A5N5T398_9CRUS	Anas_tr|A0A5N5TDD7|A0A5N5TDD7_9CRUS	
HG_159887	
Anas_tr|A0A5N5SU46|A0A5N5SU46_9CRUS	
HG_160487	
Anas_tr|A0A5N5SMV7|A0A5N5SMV7_9CRUS	
HG_160689	
Anas_tr|A0A5N5SLN9|A0A5N5SLN9_9CRUS	
HG_160083	
Anas_tr|A0A5N5T2Q8|A0A5N5T2Q8_9CRUS	
HG_160285	
Anas_tr|A0A5N5TFI4|A0A5N5TFI4_9CRUS	
HG_32326	
Anas_tr|A0A5N5SSC8|A0A5N5SSC8_9CRUS	Anas_tr|A0A5N5SSD1|A0A5N5SSD1_9CRUS	Anas_tr|A0A5N5T621|A0A5N5T621_9CRUS	Anas_tr|A0A5N5T8S7|A0A5N5T8S7_9CRUS	Anas_tr|A0A5N5TBW5|A0A5N5TBW5_9CRUS	Anas_tr|A0A5N5TG75|A0A5N5TG75_9CRUS	Anas_tr|A0A5N5TIA3|A0A5N5TIA3_9CRUS	Anas_tr|A0A5N5TMD8|A0A5N5TMD8_9CRUS	Anas_tr|A0A5N5TME0|A0A5N5TME0_9CRUS	
HG_160911	
Anas_tr|A0A5N5TAI1|A0A5N5TAI1_9CRUS	
HG_98655	
Anas_tr|A0A5N5T907|A0A5N5T907_9CRUS	Anas_tr|A0A5N5TE38|A0A5N5TE38_9CRUS	
HG_159898	
Anas_tr|A0A5N5TA29|A0A5N5TA29_9CRUS	
HG_160296	
Anas_tr|A0A5N5T100|A0A5N5T100_9CRUS	
HG_160498	
Anas_tr|A0A5N5TBM9|A0A5N5TBM9_9CRUS	
HG_160094	
Anas_tr|A0A5N5TN20|A0A5N5TN20_9CRUS	
HG_160922	
Anas_tr|A0A5N5SHQ0|A0A5N5SHQ0_9CRUS	
HG_160720	
Anas_tr|A0A5N5SNY0|A0A5N5SNY0_9CRUS	
HG_160808	
Anas_tr|A0A5N5SJ95|A0A5N5SJ95_9CRUS	
HG_160202	
Anas_tr|A0A5N5TKY0|A0A5N5TKY0_9CRUS	
HG_160404	
Anas_tr|A0A5N5SJ15|A0A5N5SJ15_9CRUS	
HG_160606	
Anas_tr|A0A5N5TPG1|A0A5N5TPG1_9CRUS	
HG_160000	
Anas_tr|A0A5N5SQF8|A0A5N5SQF8_9CRUS	
HG_160731	
Anas_tr|A0A5N5SL19|A0A5N5SL19_9CRUS	
HG_160933	
Anas_tr|A0A5N5T4F0|A0A5N5T4F0_9CRUS	
HG_160617	
Anas_tr|A0A5N5SXY8|A0A5N5SXY8_9CRUS	
HG_160819	
Anas_tr|A0A5N5TEI3|A0A5N5TEI3_9CRUS	
HG_160011	
Anas_tr|A0A5N5SW91|A0A5N5SW91_9CRUS	
HG_160213	
Anas_tr|A0A5N5SIH4|A0A5N5SIH4_9CRUS	
HG_160415	
Anas_tr|A0A5N5SP11|A0A5N5SP11_9CRUS	
HG_22965	
Anas_tr|A0A5N5SMU8|A0A5N5SMU8_9CRUS	Anas_tr|A0A5N5STF6|A0A5N5STF6_9CRUS	Anas_tr|A0A5N5SV15|A0A5N5SV15_9CRUS	Anas_tr|A0A5N5T2B2|A0A5N5T2B2_9CRUS	Anas_tr|A0A5N5T2R2|A0A5N5T2R2_9CRUS	Anas_tr|A0A5N5T2U3|A0A5N5T2U3_9CRUS	Anas_tr|A0A5N5T5A2|A0A5N5T5A2_9CRUS	Anas_tr|A0A5N5T5M2|A0A5N5T5M2_9CRUS	Anas_tr|A0A5N5T7K1|A0A5N5T7K1_9CRUS	Anas_tr|A0A5N5T902|A0A5N5T902_9CRUS	Anas_tr|A0A5N5T9G6|A0A5N5T9G6_9CRUS	Anas_tr|A0A5N5TCR5|A0A5N5TCR5_9CRUS	Anas_tr|A0A5N5TJK0|A0A5N5TJK0_9CRUS	Anas_tr|A0A5N5TLM5|A0A5N5TLM5_9CRUS	
HG_98637	
Anas_tr|A0A5N5TCY7|A0A5N5TCY7_9CRUS	Anas_tr|A0A5N5TNH1|A0A5N5TNH1_9CRUS	
HG_159940	
Anas_tr|A0A5N5SKC4|A0A5N5SKC4_9CRUS	
HG_160944	
Anas_tr|A0A5N5SZW0|A0A5N5SZW0_9CRUS	
HG_160540	
Anas_tr|A0A5N5TAE6|A0A5N5TAE6_9CRUS	
HG_160742	
Anas_tr|A0A5N5SJT5|A0A5N5SJT5_9CRUS	
HG_160628	
Anas_tr|A0A5N5STG0|A0A5N5STG0_9CRUS	
HG_160426	
Anas_tr|A0A5N5SR51|A0A5N5SR51_9CRUS	
HG_160022	
Anas_tr|A0A5N5SH10|A0A5N5SH10_9CRUS	
HG_160224	
Anas_tr|A0A5N5TLL3|A0A5N5TLL3_9CRUS	
HG_159951	
Anas_tr|A0A5N5SL85|A0A5N5SL85_9CRUS	
HG_74921	
Anas_tr|A0A5N5SZ67|A0A5N5SZ67_9CRUS	Anas_tr|A0A5N5T5X7|A0A5N5T5X7_9CRUS	Anas_tr|A0A5N5T6D5|A0A5N5T6D5_9CRUS	
HG_35684	
Anas_tr|A0A5N5SM91|A0A5N5SM91_9CRUS	Anas_tr|A0A5N5SQR5|A0A5N5SQR5_9CRUS	Anas_tr|A0A5N5T250|A0A5N5T250_9CRUS	Anas_tr|A0A5N5T391|A0A5N5T391_9CRUS	Anas_tr|A0A5N5T5U5|A0A5N5T5U5_9CRUS	Anas_tr|A0A5N5T5U7|A0A5N5T5U7_9CRUS	Anas_tr|A0A5N5T5X9|A0A5N5T5X9_9CRUS	Anas_tr|A0A5N5TPT6|A0A5N5TPT6_9CRUS	
HG_160551	
Anas_tr|A0A5N5SMT8|A0A5N5SMT8_9CRUS	
HG_160753	
Anas_tr|A0A5N5T8F8|A0A5N5T8F8_9CRUS	
HG_160955	
Anas_tr|A0A5N5TKF8|A0A5N5TKF8_9CRUS	
HG_160437	
Anas_tr|A0A5N5SYG2|A0A5N5SYG2_9CRUS	
HG_160639	
Anas_tr|A0A5N5TF88|A0A5N5TF88_9CRUS	
HG_160235	
Anas_tr|A0A5N5TN56|A0A5N5TN56_9CRUS	
HG_160033	
Anas_tr|A0A5N5SND6|A0A5N5SND6_9CRUS	
HG_32321	
Anas_tr|A0A5N5SUQ4|A0A5N5SUQ4_9CRUS	Anas_tr|A0A5N5T256|A0A5N5T256_9CRUS	Anas_tr|A0A5N5T2Q7|A0A5N5T2Q7_9CRUS	Anas_tr|A0A5N5T6J4|A0A5N5T6J4_9CRUS	Anas_tr|A0A5N5TA62|A0A5N5TA62_9CRUS	Anas_tr|A0A5N5TG72|A0A5N5TG72_9CRUS	Anas_tr|A0A5N5TJR4|A0A5N5TJR4_9CRUS	Anas_tr|A0A5N5TLC7|A0A5N5TLC7_9CRUS	Anas_tr|A0A5N5TP49|A0A5N5TP49_9CRUS	
HG_98619	
Anas_tr|A0A5N5TFE3|A0A5N5TFE3_9CRUS	Anas_tr|A0A5N5TLD3|A0A5N5TLD3_9CRUS	
HG_159962	
Anas_tr|A0A5N5SQE9|A0A5N5SQE9_9CRUS	
HG_159848	
Anas_tr|A0A5N5SYX4|A0A5N5SYX4_9CRUS	
HG_160966	
Anas_tr|A0A5N5T0Y5|A0A5N5T0Y5_9CRUS	
HG_160360	
Anas_tr|A0A5N5SK67|A0A5N5SK67_9CRUS	
HG_160562	
Anas_tr|A0A5N5SR56|A0A5N5SR56_9CRUS	
HG_160764	
Anas_tr|A0A5N5TQA4|A0A5N5TQA4_9CRUS	
HG_160246	
Anas_tr|A0A5N5T6Q7|A0A5N5T6Q7_9CRUS	
HG_160448	
Anas_tr|A0A5N5SYU4|A0A5N5SYU4_9CRUS	
HG_160044	
Anas_tr|A0A5N5SSP3|A0A5N5SSP3_9CRUS	
HG_159973	
Anas_tr|A0A5N5SYA0|A0A5N5SYA0_9CRUS	
HG_159859	
Anas_tr|A0A5N5SZM9|A0A5N5SZM9_9CRUS	
HG_74975	
Anas_tr|A0A5N5T269|A0A5N5T269_9CRUS	Anas_tr|A0A5N5T2X5|A0A5N5T2X5_9CRUS	Anas_tr|A0A5N5T786|A0A5N5T786_9CRUS	
HG_160977	
Anas_tr|A0A5N5SMH0|A0A5N5SMH0_9CRUS	
HG_160371	
Anas_tr|A0A5N5STN2|A0A5N5STN2_9CRUS	
HG_160573	
Anas_tr|A0A5N5T104|A0A5N5T104_9CRUS	
HG_160775	
Anas_tr|A0A5N5SX71|A0A5N5SX71_9CRUS	
HG_160459	
Anas_tr|A0A5N5T1I4|A0A5N5T1I4_9CRUS	
HG_160257	
Anas_tr|A0A5N5TKD0|A0A5N5TKD0_9CRUS	
HG_160055	
Anas_tr|A0A5N5SLL8|A0A5N5SLL8_9CRUS	
HG_25841	
Anas_tr|A0A5N5SIP1|A0A5N5SIP1_9CRUS	Anas_tr|A0A5N5SJS9|A0A5N5SJS9_9CRUS	Anas_tr|A0A5N5SM32|A0A5N5SM32_9CRUS	Anas_tr|A0A5N5SS19|A0A5N5SS19_9CRUS	Anas_tr|A0A5N5SUK2|A0A5N5SUK2_9CRUS	Anas_tr|A0A5N5SUT3|A0A5N5SUT3_9CRUS	Anas_tr|A0A5N5T157|A0A5N5T157_9CRUS	Anas_tr|A0A5N5T8X5|A0A5N5T8X5_9CRUS	Anas_tr|A0A5N5TA99|A0A5N5TA99_9CRUS	Anas_tr|A0A5N5TCJ5|A0A5N5TCJ5_9CRUS	Anas_tr|A0A5N5TF73|A0A5N5TF73_9CRUS	Anas_tr|A0A5N5TJD7|A0A5N5TJD7_9CRUS	
HG_98568	
Anas_tr|A0A5N5T348|A0A5N5T348_9CRUS	Anas_tr|A0A5N5T5X0|A0A5N5T5X0_9CRUS	
HG_159984	
Anas_tr|A0A5N5STS2|A0A5N5STS2_9CRUS	
HG_98632	
Anas_tr|A0A5N5T2L7|A0A5N5T2L7_9CRUS	Anas_tr|A0A5N5T7S0|A0A5N5T7S0_9CRUS	
HG_160786	
Anas_tr|A0A5N5SYN9|A0A5N5SYN9_9CRUS	
HG_160180	
Anas_tr|A0A5N5T8P3|A0A5N5T8P3_9CRUS	
HG_160382	
Anas_tr|A0A5N5TN88|A0A5N5TN88_9CRUS	
HG_160584	
Anas_tr|A0A5N5TCR9|A0A5N5TCR9_9CRUS	
HG_51665	
Anas_tr|A0A5N5T0L5|A0A5N5T0L5_9CRUS	Anas_tr|A0A5N5T2D8|A0A5N5T2D8_9CRUS	Anas_tr|A0A5N5T495|A0A5N5T495_9CRUS	Anas_tr|A0A5N5TDR7|A0A5N5TDR7_9CRUS	Anas_tr|A0A5N5TFH9|A0A5N5TFH9_9CRUS	
HG_160066	
Anas_tr|A0A5N5TMK8|A0A5N5TMK8_9CRUS	
HG_160268	
Anas_tr|A0A5N5TMZ0|A0A5N5TMZ0_9CRUS	
HG_159995	
Anas_tr|A0A5N5TCK9|A0A5N5TCK9_9CRUS	
HG_159901	
Anas_tr|A0A5N5TM65|A0A5N5TM65_9CRUS	
HG_160595	
Anas_tr|A0A5N5SJV2|A0A5N5SJV2_9CRUS	
HG_160797	
Anas_tr|A0A5N5TIZ5|A0A5N5TIZ5_9CRUS	
HG_160191	
Anas_tr|A0A5N5SMI6|A0A5N5SMI6_9CRUS	
HG_160393	
Anas_tr|A0A5N5SPK2|A0A5N5SPK2_9CRUS	
HG_160077	
Anas_tr|A0A5N5TD93|A0A5N5TD93_9CRUS	
HG_160279	
Anas_tr|A0A5N5T0Y2|A0A5N5T0Y2_9CRUS	
HG_160905	
Anas_tr|A0A5N5TCG7|A0A5N5TCG7_9CRUS	
HG_160501	
Anas_tr|A0A5N5SL33|A0A5N5SL33_9CRUS	
HG_160703	
Anas_tr|A0A5N5SU68|A0A5N5SU68_9CRUS	
HG_98614	
Anas_tr|A0A5N5SQA5|A0A5N5SQA5_9CRUS	Anas_tr|A0A5N5TP57|A0A5N5TP57_9CRUS	
HG_60961	
Anas_tr|A0A5N5T1J1|A0A5N5T1J1_9CRUS	Anas_tr|A0A5N5T9Q4|A0A5N5T9Q4_9CRUS	Anas_tr|A0A5N5THR0|A0A5N5THR0_9CRUS	Anas_tr|A0A5N5TIF2|A0A5N5TIF2_9CRUS	
HG_98581	
Anas_tr|A0A5N5T2G4|A0A5N5T2G4_9CRUS	Anas_tr|A0A5N5THM6|A0A5N5THM6_9CRUS	
HG_159912	
Anas_tr|A0A5N5SJJ7|A0A5N5SJJ7_9CRUS	
HG_160088	
Anas_tr|A0A5N5STH3|A0A5N5STH3_9CRUS	
HG_160916	
Anas_tr|A0A5N5SIV5|A0A5N5SIV5_9CRUS	
HG_160714	
Anas_tr|A0A5N5TBI7|A0A5N5TBI7_9CRUS	
HG_160310	
Anas_tr|A0A5N5TAV7|A0A5N5TAV7_9CRUS	
HG_160512	
Anas_tr|A0A5N5TKI3|A0A5N5TKI3_9CRUS	
HG_74939	
Anas_tr|A0A5N5SRT0|A0A5N5SRT0_9CRUS	Anas_tr|A0A5N5T315|A0A5N5T315_9CRUS	Anas_tr|A0A5N5T4W4|A0A5N5T4W4_9CRUS	
HG_159923	
Anas_tr|A0A5N5SJG0|A0A5N5SJG0_9CRUS	
HG_160099	
Anas_tr|A0A5N5SXE4|A0A5N5SXE4_9CRUS	
HG_160725	
Anas_tr|A0A5N5TF98|A0A5N5TF98_9CRUS	
HG_160927	
Anas_tr|A0A5N5TB00|A0A5N5TB00_9CRUS	
HG_160321	
Anas_tr|A0A5N5TAQ4|A0A5N5TAQ4_9CRUS	
HG_160523	
Anas_tr|A0A5N5TDU1|A0A5N5TDU1_9CRUS	
HG_160005	
Anas_tr|A0A5N5TAW8|A0A5N5TAW8_9CRUS	
HG_160207	
Anas_tr|A0A5N5ST49|A0A5N5ST49_9CRUS	
HG_160409	
Anas_tr|A0A5N5STC8|A0A5N5STC8_9CRUS	
HG_98563	
Anas_tr|A0A5N5SNK9|A0A5N5SNK9_9CRUS	Anas_tr|A0A5N5TDA7|A0A5N5TDA7_9CRUS	
HG_159934	
Anas_tr|A0A5N5SW40|A0A5N5SW40_9CRUS	
HG_61003	
Anas_tr|A0A5N5SPL9|A0A5N5SPL9_9CRUS	Anas_tr|A0A5N5SPZ0|A0A5N5SPZ0_9CRUS	Anas_tr|A0A5N5SZU1|A0A5N5SZU1_9CRUS	Anas_tr|A0A5N5T6W9|A0A5N5T6W9_9CRUS	
HG_44926	
Anas_tr|A0A5N5T3Q4|A0A5N5T3Q4_9CRUS	Anas_tr|A0A5N5T6B8|A0A5N5T6B8_9CRUS	Anas_tr|A0A5N5TBP9|A0A5N5TBP9_9CRUS	Anas_tr|A0A5N5TC31|A0A5N5TC31_9CRUS	Anas_tr|A0A5N5TCS6|A0A5N5TCS6_9CRUS	Anas_tr|A0A5N5TF19|A0A5N5TF19_9CRUS	
HG_160850	
Anas_tr|A0A5N5SW82|A0A5N5SW82_9CRUS	
HG_160736	
Anas_tr|A0A5N5T1G2|A0A5N5T1G2_9CRUS	
HG_160938	
Anas_tr|A0A5N5TKX3|A0A5N5TKX3_9CRUS	
HG_160130	
Anas_tr|A0A5N5TCD0|A0A5N5TCD0_9CRUS	
HG_160332	
Anas_tr|A0A5N5SYV8|A0A5N5SYV8_9CRUS	
HG_160534	
Anas_tr|A0A5N5SQ59|A0A5N5SQ59_9CRUS	
HG_160218	
Anas_tr|A0A5N5T1Y9|A0A5N5T1Y9_9CRUS	
HG_160016	
Anas_tr|A0A5N5T6R3|A0A5N5T6R3_9CRUS	
HG_51660	
Anas_tr|A0A5N5TAI6|A0A5N5TAI6_9CRUS	Anas_tr|A0A5N5TAR2|A0A5N5TAR2_9CRUS	Anas_tr|A0A5N5TBW4|A0A5N5TBW4_9CRUS	Anas_tr|A0A5N5TC02|A0A5N5TC02_9CRUS	Anas_tr|A0A5N5TFH6|A0A5N5TFH6_9CRUS	
HG_159945	
Anas_tr|A0A5N5SV21|A0A5N5SV21_9CRUS	
HG_160861	
Anas_tr|A0A5N5SM42|A0A5N5SM42_9CRUS	
HG_160545	
Anas_tr|A0A5N5T063|A0A5N5T063_9CRUS	
HG_160747	
Anas_tr|A0A5N5SMU2|A0A5N5SMU2_9CRUS	
HG_160949	
Anas_tr|A0A5N5SP19|A0A5N5SP19_9CRUS	
HG_160141	
Anas_tr|A0A5N5SUF8|A0A5N5SUF8_9CRUS	
HG_160343	
Anas_tr|A0A5N5T9H6|A0A5N5T9H6_9CRUS	
HG_160027	
Anas_tr|A0A5N5T8W2|A0A5N5T8W2_9CRUS	
HG_160229	
Anas_tr|A0A5N5SJ70|A0A5N5SJ70_9CRUS	
HG_98545	
Anas_tr|A0A5N5SYG8|A0A5N5SYG8_9CRUS	Anas_tr|A0A5N5T2E0|A0A5N5T2E0_9CRUS	
HG_98681	
Anas_tr|A0A5N5T5N2|A0A5N5T5N2_9CRUS	Anas_tr|A0A5N5T8Y9|A0A5N5T8Y9_9CRUS	
HG_159956	
Anas_tr|A0A5N5TAJ3|A0A5N5TAJ3_9CRUS	
HG_160670	
Anas_tr|A0A5N5TBW3|A0A5N5TBW3_9CRUS	
HG_160872	
Anas_tr|A0A5N5SRM9|A0A5N5SRM9_9CRUS	
HG_160758	
Anas_tr|A0A5N5SVG1|A0A5N5SVG1_9CRUS	
HG_160354	
Anas_tr|A0A5N5SQU7|A0A5N5SQU7_9CRUS	
HG_160556	
Anas_tr|A0A5N5SZ68|A0A5N5SZ68_9CRUS	
HG_160152	
Anas_tr|A0A5N5SRE2|A0A5N5SRE2_9CRUS	
HG_51642	
Anas_tr|A0A5N5T283|A0A5N5T283_9CRUS	Anas_tr|A0A5N5T407|A0A5N5T407_9CRUS	Anas_tr|A0A5N5TAU5|A0A5N5TAU5_9CRUS	Anas_tr|A0A5N5TB06|A0A5N5TB06_9CRUS	Anas_tr|A0A5N5TDC5|A0A5N5TDC5_9CRUS	
HG_160038	
Anas_tr|A0A5N5TGF6|A0A5N5TGF6_9CRUS	
HG_159967	
Anas_tr|A0A5N5T8C9|A0A5N5T8C9_9CRUS	
HG_74934	
Anas_tr|A0A5N5TCX5|A0A5N5TCX5_9CRUS	Anas_tr|A0A5N5TCZ6|A0A5N5TCZ6_9CRUS	Anas_tr|A0A5N5TDS4|A0A5N5TDS4_9CRUS	
HG_160681	
Anas_tr|A0A5N5TMR3|A0A5N5TMR3_9CRUS	
HG_160883	
Anas_tr|A0A5N5TD83|A0A5N5TD83_9CRUS	
HG_160365	
Anas_tr|A0A5N5TQ17|A0A5N5TQ17_9CRUS	
HG_160567	
Anas_tr|A0A5N5SJE3|A0A5N5SJE3_9CRUS	
HG_160769	
Anas_tr|A0A5N5TA91|A0A5N5TA91_9CRUS	
HG_160163	
Anas_tr|A0A5N5SKR2|A0A5N5SKR2_9CRUS	
HG_160049	
Anas_tr|A0A5N5TL08|A0A5N5TL08_9CRUS	
HG_98599	
Anas_tr|A0A5N5SME3|A0A5N5SME3_9CRUS	Anas_tr|A0A5N5SZL6|A0A5N5SZL6_9CRUS	
HG_159890	
Anas_tr|A0A5N5T7K5|A0A5N5T7K5_9CRUS	
HG_159978	
Anas_tr|A0A5N5SW55|A0A5N5SW55_9CRUS	
HG_98663	
Anas_tr|A0A5N5T3B7|A0A5N5T3B7_9CRUS	Anas_tr|A0A5N5TFF5|A0A5N5TFF5_9CRUS	
HG_160894	
Anas_tr|A0A5N5SWZ7|A0A5N5SWZ7_9CRUS	
HG_160490	
Anas_tr|A0A5N5SXD7|A0A5N5SXD7_9CRUS	
HG_160692	
Anas_tr|A0A5N5STT6|A0A5N5STT6_9CRUS	
HG_160174	
Anas_tr|A0A5N5SKU5|A0A5N5SKU5_9CRUS	
HG_160376	
Anas_tr|A0A5N5TNV0|A0A5N5TNV0_9CRUS	
HG_160578	
Anas_tr|A0A5N5SK47|A0A5N5SK47_9CRUS	
HG_44921	
Anas_tr|A0A5N5SRB5|A0A5N5SRB5_9CRUS	Anas_tr|A0A5N5SRN8|A0A5N5SRN8_9CRUS	Anas_tr|A0A5N5SUB0|A0A5N5SUB0_9CRUS	Anas_tr|A0A5N5SZP7|A0A5N5SZP7_9CRUS	Anas_tr|A0A5N5TGZ7|A0A5N5TGZ7_9CRUS	Anas_tr|A0A5N5TL99|A0A5N5TL99_9CRUS	
HG_160800	
Anas_tr|A0A5N5TPJ6|A0A5N5TPJ6_9CRUS	
HG_159989	
Anas_tr|A0A5N5TJI0|A0A5N5TJI0_9CRUS	
HG_74916	
Anas_tr|A0A5N5T310|A0A5N5T310_9CRUS	Anas_tr|A0A5N5T330|A0A5N5T330_9CRUS	Anas_tr|A0A5N5TLB3|A0A5N5TLB3_9CRUS	
HG_160185	
Anas_tr|A0A5N5TP34|A0A5N5TP34_9CRUS	
HG_160387	
Anas_tr|A0A5N5SQ00|A0A5N5SQ00_9CRUS	
HG_160589	
Anas_tr|A0A5N5T514|A0A5N5T514_9CRUS	
HG_160811	
Anas_tr|A0A5N5SPY8|A0A5N5SPY8_9CRUS	
HG_98540	
Anas_tr|A0A5N5TDT3|A0A5N5TDT3_9CRUS	Anas_tr|A0A5N5TLV1|A0A5N5TLV1_9CRUS	
HG_159906	
Anas_tr|A0A5N5SMR2|A0A5N5SMR2_9CRUS	
HG_160196	
Anas_tr|A0A5N5SVQ8|A0A5N5SVQ8_9CRUS	
HG_160398	
Anas_tr|A0A5N5T0D2|A0A5N5T0D2_9CRUS	
HG_44903	
Anas_tr|A0A5N5SN43|A0A5N5SN43_9CRUS	Anas_tr|A0A5N5SS61|A0A5N5SS61_9CRUS	Anas_tr|A0A5N5T541|A0A5N5T541_9CRUS	Anas_tr|A0A5N5T5K4|A0A5N5T5K4_9CRUS	Anas_tr|A0A5N5TDL3|A0A5N5TDL3_9CRUS	Anas_tr|A0A5N5TEJ7|A0A5N5TEJ7_9CRUS	
HG_160620	
Anas_tr|A0A5N5TCK3|A0A5N5TCK3_9CRUS	
HG_160822	
Anas_tr|A0A5N5SMS2|A0A5N5SMS2_9CRUS	
HG_160304	
Anas_tr|A0A5N5SZZ8|A0A5N5SZZ8_9CRUS	
HG_160506	
Anas_tr|A0A5N5T761|A0A5N5T761_9CRUS	
HG_160708	
Anas_tr|A0A5N5TC82|A0A5N5TC82_9CRUS	
HG_160102	
Anas_tr|A0A5N5T6P9|A0A5N5T6P9_9CRUS	
HG_159917	
Anas_tr|A0A5N5T1L6|A0A5N5T1L6_9CRUS	
HG_29733	
Anas_tr|A0A5N5SKP6|A0A5N5SKP6_9CRUS	Anas_tr|A0A5N5SLU3|A0A5N5SLU3_9CRUS	Anas_tr|A0A5N5SQL1|A0A5N5SQL1_9CRUS	Anas_tr|A0A5N5SY76|A0A5N5SY76_9CRUS	Anas_tr|A0A5N5T0D0|A0A5N5T0D0_9CRUS	Anas_tr|A0A5N5T0D8|A0A5N5T0D8_9CRUS	Anas_tr|A0A5N5T161|A0A5N5T161_9CRUS	Anas_tr|A0A5N5T265|A0A5N5T265_9CRUS	Anas_tr|A0A5N5T354|A0A5N5T354_9CRUS	Anas_tr|A0A5N5T7Z1|A0A5N5T7Z1_9CRUS	
HG_160631	
Anas_tr|A0A5N5TEU6|A0A5N5TEU6_9CRUS	
HG_160833	
Anas_tr|A0A5N5T1U4|A0A5N5T1U4_9CRUS	
HG_160719	
Anas_tr|A0A5N5SMZ3|A0A5N5SMZ3_9CRUS	
HG_160315	
Anas_tr|A0A5N5TNY2|A0A5N5TNY2_9CRUS	
HG_160517	
Anas_tr|A0A5N5TB54|A0A5N5TB54_9CRUS	
HG_160113	
Anas_tr|A0A5N5T7Q0|A0A5N5T7Q0_9CRUS	
HG_98594	
Anas_tr|A0A5N5T3K6|A0A5N5T3K6_9CRUS	Anas_tr|A0A5N5TIM7|A0A5N5TIM7_9CRUS	
HG_159840	
Anas_tr|A0A5N5SQ69|A0A5N5SQ69_9CRUS	
HG_159928	
Anas_tr|A0A5N5SUA4|A0A5N5SUA4_9CRUS	
HG_160844	
Anas_tr|A0A5N5TAH2|A0A5N5TAH2_9CRUS	
HG_160440	
Anas_tr|A0A5N5TDG7|A0A5N5TDG7_9CRUS	
HG_160642	
Anas_tr|A0A5N5TM17|A0A5N5TM17_9CRUS	
HG_160528	
Anas_tr|A0A5N5T9Z4|A0A5N5T9Z4_9CRUS	
HG_160124	
Anas_tr|A0A5N5THT1|A0A5N5THT1_9CRUS	
HG_160326	
Anas_tr|A0A5N5T3F0|A0A5N5T3F0_9CRUS	
HG_39740	
Anas_tr|A0A5N5SRT7|A0A5N5SRT7_9CRUS	Anas_tr|A0A5N5SRU8|A0A5N5SRU8_9CRUS	Anas_tr|A0A5N5SRV0|A0A5N5SRV0_9CRUS	Anas_tr|A0A5N5SRW2|A0A5N5SRW2_9CRUS	Anas_tr|A0A5N5SSC6|A0A5N5SSC6_9CRUS	Anas_tr|A0A5N5SSY8|A0A5N5SSY8_9CRUS	Anas_tr|A0A5N5SW47|A0A5N5SW47_9CRUS	
HG_159851	
Anas_tr|A0A5N5TMD6|A0A5N5TMD6_9CRUS	
HG_159939	
Anas_tr|A0A5N5SK37|A0A5N5SK37_9CRUS	
HG_74911	
Anas_tr|A0A5N5T060|A0A5N5T060_9CRUS	Anas_tr|A0A5N5T2A6|A0A5N5T2A6_9CRUS	Anas_tr|A0A5N5TDF9|A0A5N5TDF9_9CRUS	
HG_35674	
Anas_tr|A0A5N5SL65|A0A5N5SL65_9CRUS	Anas_tr|A0A5N5SP89|A0A5N5SP89_9CRUS	Anas_tr|A0A5N5SZD6|A0A5N5SZD6_9CRUS	Anas_tr|A0A5N5T072|A0A5N5T072_9CRUS	Anas_tr|A0A5N5T5H8|A0A5N5T5H8_9CRUS	Anas_tr|A0A5N5TAP1|A0A5N5TAP1_9CRUS	Anas_tr|A0A5N5TEX6|A0A5N5TEX6_9CRUS	Anas_tr|A0A5N5TKF6|A0A5N5TKF6_9CRUS	
HG_160653	
Anas_tr|A0A5N5TNS7|A0A5N5TNS7_9CRUS	
HG_160855	
Anas_tr|A0A5N5TEW3|A0A5N5TEW3_9CRUS	
HG_160451	
Anas_tr|A0A5N5T6R0|A0A5N5T6R0_9CRUS	
HG_160539	
Anas_tr|A0A5N5T9Q3|A0A5N5T9Q3_9CRUS	
HG_160135	
Anas_tr|A0A5N5TDK0|A0A5N5TDK0_9CRUS	
HG_160337	
Anas_tr|A0A5N5TI58|A0A5N5TI58_9CRUS	
HG_98609	
Anas_tr|A0A5N5SJC9|A0A5N5SJC9_9CRUS	Anas_tr|A0A5N5SK16|A0A5N5SK16_9CRUS	
HG_60956	
Anas_tr|A0A5N5SQ32|A0A5N5SQ32_9CRUS	Anas_tr|A0A5N5SYW2|A0A5N5SYW2_9CRUS	Anas_tr|A0A5N5TAR6|A0A5N5TAR6_9CRUS	Anas_tr|A0A5N5TNT8|A0A5N5TNT8_9CRUS	
HG_98576	
Anas_tr|A0A5N5TGY3|A0A5N5TGY3_9CRUS	Anas_tr|A0A5N5TIN3|A0A5N5TIN3_9CRUS	
HG_159862	
Anas_tr|A0A5N5TCL2|A0A5N5TCL2_9CRUS	
HG_98640	
Anas_tr|A0A5N5SQG4|A0A5N5SQG4_9CRUS	Anas_tr|A0A5N5T0E3|A0A5N5T0E3_9CRUS	
HG_160664	
Anas_tr|A0A5N5SJ61|A0A5N5SJ61_9CRUS	
HG_160866	
Anas_tr|A0A5N5T2G7|A0A5N5T2G7_9CRUS	
HG_160260	
Anas_tr|A0A5N5SWH4|A0A5N5SWH4_9CRUS	
HG_160462	
Anas_tr|A0A5N5SHL0|A0A5N5SHL0_9CRUS	
HG_160146	
Anas_tr|A0A5N5TAW7|A0A5N5TAW7_9CRUS	
HG_160348	
Anas_tr|A0A5N5T4P6|A0A5N5T4P6_9CRUS	
HG_159873	
Anas_tr|A0A5N5ST16|A0A5N5ST16_9CRUS	
HG_74965	
Anas_tr|A0A5N5T0Y7|A0A5N5T0Y7_9CRUS	Anas_tr|A0A5N5TDS0|A0A5N5TDS0_9CRUS	Anas_tr|A0A5N5TE08|A0A5N5TE08_9CRUS	
HG_160473	
Anas_tr|A0A5N5T0X0|A0A5N5T0X0_9CRUS	
HG_160675	
Anas_tr|A0A5N5SWZ0|A0A5N5SWZ0_9CRUS	
HG_160877	
Anas_tr|A0A5N5TJR7|A0A5N5TJR7_9CRUS	
HG_160271	
Anas_tr|A0A5N5SQD4|A0A5N5SQD4_9CRUS	
HG_160359	
Anas_tr|A0A5N5THJ6|A0A5N5THJ6_9CRUS	
HG_160157	
Anas_tr|A0A5N5SL79|A0A5N5SL79_9CRUS	
HG_159884	
Anas_tr|A0A5N5SKH1|A0A5N5SKH1_9CRUS	
HG_98622	
Anas_tr|A0A5N5SUJ2|A0A5N5SUJ2_9CRUS	Anas_tr|A0A5N5TAL7|A0A5N5TAL7_9CRUS	
