HG_56094	OG0056093: Gmae_Gma_008382-T1 Gmae_Gma_011829-T1 Gmae_Gma_015812-T1 Gmae_Gma_016832-T1 Rimm_Rim_011334-T1
HG_48303	OG0048302: Gmae_Gma_011885-T1 Gmae_Gma_019997-T1 Hhol_Hho_009856-T1 Hhol_Hho_020769-T1 Smar_SMAR007961-RA Smar_SMAR007962-RA
HG_10176	OG0010175: Hhol_Hho_009128-T1 Hhol_Hho_013482-T1 Hhol_Hho_021474-T1 Smar_SMAR000027-RA Smar_SMAR000036-RA Smar_SMAR000173-RA Smar_SMAR000177-RA Smar_SMAR000178-RA Smar_SMAR000179-RA Smar_SMAR000192-RA Smar_SMAR000330-RA Smar_SMAR000431-RA Smar_SMAR000452-RA Smar_SMAR000505-RA Smar_SMAR000546-RA Smar_SMAR000697-RA Smar_SMAR001011-RA Smar_SMAR001038-RA Smar_SMAR001277-RA Smar_SMAR001305-RA Smar_SMAR001451-RA Smar_SMAR001466-RA Smar_SMAR001467-RA Smar_SMAR001468-RA Smar_SMAR001553-RA Smar_SMAR001626-RA Smar_SMAR001673-RA Smar_SMAR001801-RA Smar_SMAR001989-RA Smar_SMAR002147-RA Smar_SMAR002199-RA Smar_SMAR002609-RA Smar_SMAR002657-RA Smar_SMAR002704-RA Smar_SMAR003140-RA Smar_SMAR003891-RA Smar_SMAR004295-RA Smar_SMAR004321-RA Smar_SMAR005347-RA Smar_SMAR006200-RA Smar_SMAR006232-RA Smar_SMAR006395-RA Smar_SMAR006471-RA Smar_SMAR006535-RA Smar_SMAR006538-RA Smar_SMAR006733-RA Smar_SMAR007187-RA Smar_SMAR007257-RA Smar_SMAR009600-RA Smar_SMAR011284-RA Smar_SMAR011286-RA Smar_SMAR011336-RA Smar_SMAR012339-RA Smar_SMAR012456-RA Smar_SMAR012554-RA Smar_SMAR014777-RA Smar_SMAR015338-RA
HG_67424	OG0067423: Gmae_Gma_007227-T1 Hhol_Hho_014009-T1 Rimm_Rim_002796-T1 Smar_SMAR002566-RA
HG_115180	OG0115179: Gmae_Gma_004744-T1 Rimm_Rim_050218-T1
HG_119177	OG0119176: Hhol_Hho_006508-T1 Rimm_Rim_033859-T1
HG_115191	OG0115190: Gmae_Gma_005246-T1 Rimm_Rim_022039-T1
HG_119188	OG0119187: Hhol_Hho_007644-T1 Rimm_Rim_042131-T1
HG_115207	OG0115206: Gmae_Gma_006033-T1 Rimm_Rim_038251-T1
HG_119329	OG0119328: Hhol_Hho_021037-T1 Smar_SMAR012485-RA
HG_34138	OG0034137: Gmae_Gma_022327-T1 Smar_SMAR001363-RA Smar_SMAR001639-RA Smar_SMAR002171-RA Smar_SMAR010302-RA Smar_SMAR010303-RA Smar_SMAR011069-RA Smar_SMAR011070-RA Smar_SMAR011071-RA
HG_83969	OG0083968: Gmae_Gma_016827-T1 Hhol_Hho_002301-T1 Smar_SMAR008776-RA
HG_83982	OG0083981: Gmae_Gma_020441-T1 Rimm_Rim_023895-T1 Smar_SMAR012230-RA
HG_37934	OG0037933: Gmae_Gma_011582-T1 Hhol_Hho_002269-T1 Rimm_Rim_033767-T1 Rimm_Rim_033768-T1 Rimm_Rim_033773-T1 Smar_SMAR011254-RA Smar_SMAR011255-RA Smar_SMAR011256-RA
HG_28651	OG0028650: Gmae_Gma_007763-T1 Gmae_Gma_008462-T1 Rimm_Rim_006182-T1 Rimm_Rim_011591-T1 Rimm_Rim_030312-T1 Rimm_Rim_030677-T1 Rimm_Rim_031408-T1 Rimm_Rim_032646-T1 Rimm_Rim_047509-T1 Rimm_Rim_048442-T1 Rimm_Rim_051881-T1
HG_115359	OG0115358: Gmae_Gma_018596-T1 Rimm_Rim_041334-T1
HG_119279	OG0119278: Hhol_Hho_014827-T1 Rimm_Rim_006077-T1
HG_115179	OG0115178: Gmae_Gma_004721-T1 Rimm_Rim_050995-T1
HG_119088	OG0119087: Hhol_Hho_002277-T1 Rimm_Rim_030184-T1
HG_56048	OG0056047: Gmae_Gma_000972-T1 Rimm_Rim_016201-T1 Rimm_Rim_016201-T2 Smar_SMAR014843-RA Smar_SMAR015222-RA
HG_56112	OG0056111: Gmae_Gma_020113-T1 Hhol_Hho_005778-T1 Hhol_Hho_005947-T1 Hhol_Hho_005948-T1 Rimm_Rim_047125-T1
HG_48296	OG0048295: Gmae_Gma_008405-T1 Gmae_Gma_009710-T1 Gmae_Gma_017158-T1 Gmae_Gma_017159-T1 Gmae_Gma_017159-T2 Rimm_Rim_035393-T1
HG_114985	OG0114984: Gmae_Gma_000216-T1 Rimm_Rim_033313-T1
HG_115309	OG0115308: Gmae_Gma_013348-T1 Rimm_Rim_029212-T1
HG_83905	OG0083904: Gmae_Gma_005495-T1 Gmae_Gma_017093-T1 Smar_SMAR003055-RA
HG_48306	OG0048305: Gmae_Gma_018996-T1 Rimm_Rim_020393-T1 Rimm_Rim_035690-T1 Rimm_Rim_039165-T1 Rimm_Rim_044901-T1 Smar_SMAR008849-RA
HG_67376	OG0067375: Gmae_Gma_001277-T1 Rimm_Rim_016739-T1 Rimm_Rim_016739-T2 Smar_SMAR015076-RA
HG_31106	OG0031105: Gmae_Gma_009355-T1 Gmae_Gma_020156-T1 Hhol_Hho_005762-T1 Hhol_Hho_010685-T1 Hhol_Hho_018227-T1 Rimm_Rim_006377-T1 Rimm_Rim_029418-T1 Rimm_Rim_038747-T1 Smar_SMAR009152-RA Smar_SMAR009797-RA
HG_115215	OG0115214: Gmae_Gma_006422-T1 Smar_SMAR011194-RA
HG_83954	OG0083953: Gmae_Gma_013213-T1 Hhol_Hho_022551-T1 Rimm_Rim_034683-T1
HG_115226	OG0115225: Gmae_Gma_006815-T1 Rimm_Rim_030687-T1
HG_115362	OG0115361: Gmae_Gma_018766-T1 Rimm_Rim_016355-T1
HG_83918	OG0083917: Gmae_Gma_007463-T1 Hhol_Hho_003522-T1 Rimm_Rim_035962-T1
HG_83980	OG0083979: Gmae_Gma_020119-T1 Hhol_Hho_018936-T1 Rimm_Rim_007725-T1
HG_119085	OG0119084: Hhol_Hho_002120-T1 Rimm_Rim_016481-T1
HG_115306	OG0115305: Gmae_Gma_013054-T1 Rimm_Rim_019178-T1
HG_56661	OG0056660: Hhol_Hho_015125-T1 Rimm_Rim_022562-T1 Rimm_Rim_022562-T2 Rimm_Rim_022562-T4 Smar_SMAR014135-RA
HG_119110	OG0119109: Hhol_Hho_003754-T1 Rimm_Rim_035114-T1
HG_83993	OG0083992: Gmae_Gma_022109-T1 Rimm_Rim_026409-T1 Rimm_Rim_031738-T1
HG_38128	OG0038127: Hhol_Hho_004098-T1 Hhol_Hho_004195-T1 Hhol_Hho_004536-T1 Hhol_Hho_013426-T1 Hhol_Hho_015203-T1 Hhol_Hho_018144-T1 Hhol_Hho_021788-T1 Smar_SMAR013301-RA
HG_67425	OG0067424: Gmae_Gma_007337-T1 Hhol_Hho_014575-T1 Rimm_Rim_046178-T1 Smar_SMAR014631-RA
HG_115320	OG0115319: Gmae_Gma_015216-T1 Rimm_Rim_036938-T1
HG_83934	OG0083933: Gmae_Gma_009509-T1 Rimm_Rim_013345-T1 Rimm_Rim_050935-T2
HG_85661	OG0085660: Hhol_Hho_003341-T1 Rimm_Rim_027694-T1 Smar_SMAR013266-RA
HG_115239	OG0115238: Gmae_Gma_007912-T1 Rimm_Rim_007226-T1
HG_56100	OG0056099: Gmae_Gma_010834-T1 Hhol_Hho_010095-T1 Hhol_Hho_010103-T1 Rimm_Rim_036531-T1 Smar_SMAR000898-RA
HG_11544	OG0011543: Gmae_Gma_020492-T1 Hhol_Hho_003941-T1 Hhol_Hho_012798-T1 Hhol_Hho_012799-T1 Hhol_Hho_012801-T1 Hhol_Hho_012803-T1 Hhol_Hho_012804-T1 Hhol_Hho_012805-T1 Hhol_Hho_012806-T1 Hhol_Hho_012807-T1 Hhol_Hho_012808-T1 Hhol_Hho_012809-T1 Hhol_Hho_016156-T1 Hhol_Hho_018782-T1 Hhol_Hho_018783-T1 Hhol_Hho_018784-T1 Hhol_Hho_020552-T1 Hhol_Hho_020553-T1 Hhol_Hho_021318-T1 Hhol_Hho_021319-T1 Hhol_Hho_021791-T1 Hhol_Hho_021819-T1 Hhol_Hho_021820-T1 Hhol_Hho_021976-T1 Hhol_Hho_021981-T1 Hhol_Hho_021986-T1 Hhol_Hho_022041-T1 Hhol_Hho_022055-T1 Hhol_Hho_022057-T1 Hhol_Hho_022058-T1 Hhol_Hho_022059-T1 Hhol_Hho_022060-T1 Hhol_Hho_022064-T1 Hhol_Hho_022066-T1 Hhol_Hho_022067-T1 Hhol_Hho_022068-T1 Hhol_Hho_022071-T1 Hhol_Hho_022076-T1 Hhol_Hho_022077-T1 Hhol_Hho_022078-T1 Hhol_Hho_022079-T1 Hhol_Hho_022080-T1 Hhol_Hho_022081-T1 Hhol_Hho_022082-T1 Rimm_Rim_025494-T1
HG_83965	OG0083964: Gmae_Gma_015495-T1 Hhol_Hho_003725-T1 Rimm_Rim_019491-T1
HG_115336	OG0115335: Gmae_Gma_016576-T1 Rimm_Rim_017587-T1
HG_38131	OG0038130: Hhol_Hho_008442-T1 Hhol_Hho_011272-T1 Hhol_Hho_013528-T1 Hhol_Hho_013590-T1 Hhol_Hho_019281-T1 Hhol_Hho_021461-T1 Rimm_Rim_014986-T1 Rimm_Rim_043386-T1
HG_67415	OG0067414: Gmae_Gma_005755-T1 Gmae_Gma_006311-T1 Rimm_Rim_031658-T1 Rimm_Rim_031658-T2
HG_83924	OG0083923: Gmae_Gma_007927-T1 Gmae_Gma_007927-T2 Rimm_Rim_023676-T1
HG_115067	OG0115066: Gmae_Gma_002430-T1 Smar_SMAR002225-RA
HG_115192	OG0115191: Gmae_Gma_005293-T1 Rimm_Rim_033966-T1
HG_115333	OG0115332: Gmae_Gma_016219-T1 Rimm_Rim_011290-T1
HG_42571	OG0042570: Gmae_Gma_016715-T1 Rimm_Rim_002783-T1 Rimm_Rim_022490-T1 Rimm_Rim_032678-T1 Rimm_Rim_032680-T1 Rimm_Rim_042640-T1 Rimm_Rim_043297-T1
HG_67454	OG0067453: Gmae_Gma_018576-T1 Hhol_Hho_015294-T2 Rimm_Rim_050375-T1 Rimm_Rim_050375-T2
HG_115366	OG0115365: Gmae_Gma_019313-T1 Rimm_Rim_004220-T1
HG_56088	OG0056087: Gmae_Gma_006654-T1 Hhol_Hho_015968-T1 Hhol_Hho_015969-T1 Rimm_Rim_043871-T1 Rimm_Rim_043873-T1
HG_114981	OG0114980: Gmae_Gma_000050-T1 Smar_SMAR004005-RA
HG_115261	OG0115260: Gmae_Gma_009021-T1 Rimm_Rim_032818-T1
HG_83894	OG0083893: Gmae_Gma_004480-T1 Rimm_Rim_018798-T1 Rimm_Rim_018798-T2
HG_83940	OG0083939: Gmae_Gma_010913-T1 Rimm_Rim_040181-T1 Rimm_Rim_040182-T1
HG_42566	OG0042565: Gmae_Gma_013448-T1 Hhol_Hho_012404-T1 Hhol_Hho_012867-T1 Hhol_Hho_018216-T1 Rimm_Rim_036756-T1 Rimm_Rim_039001-T1 Smar_SMAR000153-RA
HG_67449	OG0067448: Gmae_Gma_015337-T1 Hhol_Hho_006489-T1 Hhol_Hho_019822-T1 Rimm_Rim_004248-T1
HG_67462	OG0067461: Gmae_Gma_021914-T1 Hhol_Hho_017519-T1 Rimm_Rim_050559-T1 Smar_SMAR013264-RA
HG_83958	OG0083957: Gmae_Gma_013641-T1 Rimm_Rim_016357-T1 Smar_SMAR010642-RA
HG_119327	OG0119326: Hhol_Hho_020787-T1 Smar_SMAR012870-RA
HG_115227	OG0115226: Gmae_Gma_006846-T1 Rimm_Rim_008206-T1
HG_67457	OG0067456: Gmae_Gma_021027-T1 Hhol_Hho_013387-T1 Hhol_Hho_013388-T1 Rimm_Rim_023357-T1
HG_56101	OG0056100: Gmae_Gma_011669-T1 Hhol_Hho_009696-T2 Rimm_Rim_051115-T1 Rimm_Rim_051115-T2 Smar_SMAR001690-RA
HG_34135	OG0034134: Gmae_Gma_020668-T1 Gmae_Gma_020669-T1 Hhol_Hho_013671-T1 Rimm_Rim_046775-T1 Rimm_Rim_046779-T1 Smar_SMAR004794-RA Smar_SMAR014327-RA Smar_SMAR015014-RA Smar_SMAR015782-RA
HG_83966	OG0083965: Gmae_Gma_016009-T1 Hhol_Hho_015462-T1 Rimm_Rim_004238-T1
HG_83961	OG0083960: Gmae_Gma_014139-T1 Gmae_Gma_014460-T1 Rimm_Rim_028841-T1
HG_119216	OG0119215: Hhol_Hho_009743-T1 Rimm_Rim_035123-T1
HG_115230	OG0115229: Gmae_Gma_007037-T1 Rimm_Rim_031096-T1
HG_115329	OG0115328: Gmae_Gma_015607-T1 Rimm_Rim_039376-T1
HG_83979	OG0083978: Gmae_Gma_019551-T1 Rimm_Rim_043562-T1 Rimm_Rim_043562-T2
HG_67447	OG0067446: Gmae_Gma_014519-T1 Hhol_Hho_003247-T1 Hhol_Hho_003247-T2 Rimm_Rim_020043-T1
HG_83902	OG0083901: Gmae_Gma_005389-T1 Gmae_Gma_021960-T1 Rimm_Rim_016521-T1
