HG_56094 	Gmae	OG00	Rimm
HG_48303 	Gmae	Hhol	OG00	Smar
HG_10176 	Hhol	OG00	Smar
HG_67424 	Gmae	Hhol	OG00	Rimm	Smar
HG_115180 	Gmae	OG01	Rimm
HG_119177 	Hhol	OG01	Rimm
HG_115191 	Gmae	OG01	Rimm
HG_119188 	Hhol	OG01	Rimm
HG_115207 	Gmae	OG01	Rimm
HG_119329 	Hhol	OG01	Smar
HG_34138 	Gmae	OG00	Smar
HG_83969 	Gmae	Hhol	OG00	Smar
HG_83982 	Gmae	OG00	Rimm	Smar
HG_37934 	Gmae	Hhol	OG00	Rimm	Smar
HG_28651 	Gmae	OG00	Rimm
HG_115359 	Gmae	OG01	Rimm
HG_119279 	Hhol	OG01	Rimm
HG_115179 	Gmae	OG01	Rimm
HG_119088 	Hhol	OG01	Rimm
HG_56048 	Gmae	OG00	Rimm	Smar
HG_56112 	Gmae	Hhol	OG00	Rimm
HG_48296 	Gmae	OG00	Rimm
HG_114985 	Gmae	OG01	Rimm
HG_115309 	Gmae	OG01	Rimm
HG_83905 	Gmae	OG00	Smar
HG_48306 	Gmae	OG00	Rimm	Smar
HG_67376 	Gmae	OG00	Rimm	Smar
HG_31106 	Gmae	Hhol	OG00	Rimm	Smar
HG_115215 	Gmae	OG01	Smar
HG_83954 	Gmae	Hhol	OG00	Rimm
HG_115226 	Gmae	OG01	Rimm
HG_115362 	Gmae	OG01	Rimm
HG_83918 	Gmae	Hhol	OG00	Rimm
HG_83980 	Gmae	Hhol	OG00	Rimm
HG_119085 	Hhol	OG01	Rimm
HG_115306 	Gmae	OG01	Rimm
HG_56661 	Hhol	OG00	Rimm	Smar
HG_119110 	Hhol	OG01	Rimm
HG_83993 	Gmae	OG00	Rimm
HG_38128 	Hhol	OG00	Smar
HG_67425 	Gmae	Hhol	OG00	Rimm	Smar
HG_115320 	Gmae	OG01	Rimm
HG_83934 	Gmae	OG00	Rimm
HG_85661 	Hhol	OG00	Rimm	Smar
HG_115239 	Gmae	OG01	Rimm
HG_56100 	Gmae	Hhol	OG00	Rimm	Smar
HG_11544 	Gmae	Hhol	OG00	Rimm
HG_83965 	Gmae	Hhol	OG00	Rimm
HG_115336 	Gmae	OG01	Rimm
HG_38131 	Hhol	OG00	Rimm
HG_67415 	Gmae	OG00	Rimm
HG_83924 	Gmae	OG00	Rimm
HG_115067 	Gmae	OG01	Smar
HG_115192 	Gmae	OG01	Rimm
HG_115333 	Gmae	OG01	Rimm
HG_42571 	Gmae	OG00	Rimm
HG_67454 	Gmae	Hhol	OG00	Rimm
HG_115366 	Gmae	OG01	Rimm
HG_56088 	Gmae	Hhol	OG00	Rimm
HG_114981 	Gmae	OG01	Smar
HG_115261 	Gmae	OG01	Rimm
HG_83894 	Gmae	OG00	Rimm
HG_83940 	Gmae	OG00	Rimm
HG_42566 	Gmae	Hhol	OG00	Rimm	Smar
HG_67449 	Gmae	Hhol	OG00	Rimm
HG_67462 	Gmae	Hhol	OG00	Rimm	Smar
HG_83958 	Gmae	OG00	Rimm	Smar
HG_119327 	Hhol	OG01	Smar
HG_115227 	Gmae	OG01	Rimm
HG_67457 	Gmae	Hhol	OG00	Rimm
HG_56101 	Gmae	Hhol	OG00	Rimm	Smar
HG_34135 	Gmae	Hhol	OG00	Rimm	Smar
HG_83966 	Gmae	Hhol	OG00	Rimm
HG_83961 	Gmae	OG00	Rimm
HG_119216 	Hhol	OG01	Rimm
HG_115230 	Gmae	OG01	Rimm
HG_115329 	Gmae	OG01	Rimm
HG_83979 	Gmae	OG00	Rimm
HG_67447 	Gmae	Hhol	OG00	Rimm
HG_83902 	Gmae	OG00	Rimm
