HG_23082 	Aric	Aste	Hexe	OG00	Pann	Rota	Rsoc	Rsor	Rvar
HG_46784 	Cmil	OG00	Pann
HG_79040 	Cpla	Leri	OG00	Pann
HG_19516 	Drer	Ebur	Gaeg	Lgig	OG00	Obim	Pann	Ppel	Ptep
HG_47710 	Dpte	OG00	Pann	Pdav
HG_63919 	Cpla	Leri	OG00	Pann
HG_69251 	Mcal	Mmer	OG00	Pann
HG_28110 	Bpec	Cmil	Drer	OG00	Onil	Pann	Pmag	Pmod	Sorb	Trub
HG_29454 	Ajap	Anja	Mcal	OG00	Pann
HG_44332 	Aequ	Emue	Nvec	OG00	Pann
HG_8544 	Acal	Aequ	Aful	Anan	Bgla	Blan	Bner	Caug	Cele	Cgig	Cint	Cpla	Cscu	Ctel	Cuni	Dapu	Dcor	Dgal	Dgyr	Dmag	Dpol	Dste	Eaff	Eand	Echl	Emue	Gaeg	Gmae	Gmag	Hali	Hame	Hazt	Hhan	Hhol	Hrub	Lana	Lgig	Llon	Lpol	Mcal	Mcor	Mlig	Mmer	Mvul	Myes	Nstr	Nvec	OG00	Pann	Paus	Pchi	Pcla	Pcro	Pdav	Pesc	Ppac	Ppel	Ppol	Pred	Psam	Ptep	Rimm	Skow	Smed	Spur	Tcal	Tqin	Znev
HG_13408 	Anja	Arub	Bcal	Blan	Cgig	Cmil	Ctel	Eand	Gaeg	Hhan	Hmed	Hrob	Hrub	Lana	Lgig	Lluy	Mcal	Mcor	Mvul	Myes	OG00	Obim	Pann	Paus	Pech	Pesc	Ppel	Skow	Spha	Spur
HG_55324 	Drer	Leri	OG00	Pann
HG_53018 	Blan	Drer	Ebur	Leri	OG00	Pann
HG_41095 	Bpec	Drer	OG00	Olat	Onil	Pann	Pmag	Pmod
HG_64556 	Cuni	OG00	Oida	Pann	Rvar
HG_16543 	Gmag	Hrub	OG00	Pann
HG_77498 	Bner	OG00	Pann	Tcas
HG_8111 	Acal	Aequ	Aful	Ajap	Arub	Bgla	Blan	Bner	Cgig	Cscu	Ctel	Cuni	Dgyr	Dpol	Dsil	Eand	Ebro	Echl	Gaeg	Gmae	Gmag	Hhan	Hhol	Hman	Hmed	Hmia	Hrob	Hrub	Lana	Lgig	Llon	Lluy	Lpol	Mcor	Mvul	Myes	Nvec	OG00	Obim	Oida	Pann	Paus	Pcau	Pcro	Pech	Pesc	Ppel	Ptep	Rimm	Smar	Smed	Spha	Spur	Tuco
HG_8564 	Ajap	Anja	Caug	Cscu	Dmel	Eaff	Gmae	Hhol	Iele	Lana	Mlei	Mvul	OG00	Pann	Pcro	Popi	Ppol	Rimm	Tcal	Tcas	Znev
HG_57492 	Mmer	OG00	Pann	Paus	Spur
HG_9829 	Acal	Aequ	Ajap	Anja	Arub	Bcal	Bgla	Blan	Bner	Bpec	Cgig	Cpla	Cqua	Ctel	Cuni	Dapu	Dgal	Dgyr	Dmag	Dpol	Dpul	Drer	Dste	Echl	Gaeg	Gmag	Hhan	Hrub	Hvul	Lana	Leri	Lgig	Llon	Lluy	Mcor	Mlei	Mmer	Mvul	Myes	Nvec	OG00	Obim	Pann	Paus	Pcau	Pchi	Pcla	Pech	Pesc	Pmag	Pmod	Ppel	Spur	Tcas	Tuco
HG_9097 	Acal	Aequ	Anja	Aric	Arub	Aste	Bcal	Bgla	Blan	Bner	Cgig	Cint	Ctel	Dcar	Dgyr	Dpol	Eand	Echl	Gaeg	Gmag	Hhan	Hmia	Hrub	Lana	Lgig	Llon	Lluy	Mcor	Mlig	Mmer	Myes	Nvec	OG00	Obim	Pann	Paus	Pcro	Pech	Pesc	Ppel	Rota	Rsoc	Rsor	Skow	Smed	Spha	Spur	Tadh
HG_13657 	Caug	Dpol	Echl	Hhol	Mmer	OG00	Pann	Tqin
HG_14263 	Acal	Ajap	Anja	Arub	Blan	Caug	Cgig	Cqua	Cscu	Ctel	Dpol	Dste	Echl	Hame	Hhan	Iele	Lgig	Lpol	Mcor	Mmer	Myes	OG00	Pann	Pchi	Pcla	Ppel	Rimm	Smar	Spur
HG_29562 	Anan	Hali	OG00	Pann	Pdav	Pred	Psam
HG_55314 	Drer	Nvec	OG00	Pann
HG_1021 	Aequ	Ajap	Anan	Anas	Anja	Aque	Aric	Arub	Aste	Bcal	Blan	Bner	Bpec	Caug	Cfra	Cgig	Cint	Cmil	Cowc	Cpla	Cqua	Ctel	Dapu	Dcar	Dgal	Dmag	Dmel	Dpol	Dpul	Drer	Dste	Eaff	Eand	Echl	Emue	Gaeg	Gmae	Gmag	Hame	Hazt	Hexe	Hhan	Hhol	Hmia	Hrub	Hvul	Lana	Leri	Lgig	Llon	Lluy	Lpol	Mcal	Mcor	Mlig	Mmer	Mvul	Myes	Nstr	Nvec	OG00	Olat	Onil	Pann	Paus	Pcau	Pchi	Pcla	Pcro	Pech	Pesc	Pmag	Pmod	Ppel	Ppol	Psam	Rhab	Rota	Rsoc	Rsor	Rvar	Saro	Skow	Sorb	Spur	Tcal	Tqin	Trub	Tuco	Znev
HG_8770 	Acal	Aequ	Aful	Ajap	Anja	Aque	Aric	Arub	Aste	Bcal	Bgla	Blan	Cgig	Cpla	Ctel	Cuni	Dcar	Dgyr	Dpol	Eand	Echl	Gaeg	Gmag	Hhan	Hman	Hmia	Hrob	Hrub	Lana	Leri	Lgig	Llon	Lluy	Mcal	Mcor	Mlei	Mlig	Mmer	Myes	Nvec	OG00	Obim	Oida	Pann	Paus	Pcro	Pech	Ppel	Rota	Rsoc	Rsor	Skow	Smed	Spur	Tadh
HG_11633 	Aric	Aste	Bcal	Bpec	Dapu	Dcar	Hexe	Mlei	OG00	Onil	Pann	Paus	Pmag	Pmod	Psam	Rvar	Sorb	Trub
HG_41113 	Bpec	Cpla	Drer	OG00	Pann	Pmag	Pmod
HG_18634 	Bpec	Drer	OG00	Pann	Pmag	Pmod
HG_15871 	Aequ	Ajap	Anja	Blan	Ctel	OG00	Pann
HG_59634 	Acal	OG00	Pann	Spur
HG_340 	Acal	Aequ	Aful	Ajap	Anja	Aric	Arub	Aste	Bcal	Bgla	Blan	Bner	Cgig	Cint	Ctel	Cuni	Dcar	Dgyr	Dpol	Dpul	Eand	Echl	Gaeg	Gmag	Hhan	Hman	Hmed	Hmia	Hrob	Hrub	Hvul	Lana	Lcha	Lgig	Llon	Lluy	Mcal	Mcor	Mlei	Mlig	Mmer	Mvul	Myes	Nvec	OG00	Obim	Oida	Pann	Paus	Pcro	Pech	Pesc	Ppel	Rota	Rsoc	Rsor	Saro	Skow	Smed	Spha	Spur	Tadh	Tuco
HG_29388 	Aequ	Emue	OG00	Pann	Tadh
HG_9633 	Acal	Aful	Ajap	Anja	Aque	Arub	Bgla	Blan	Bner	Cgig	Cpla	Ctel	Cuni	Dgyr	Dpol	Dsil	Eand	Ebro	Echl	Emue	Gaeg	Gmag	Hhan	Hrub	Lana	Leri	Llon	Lluy	Lpol	Mcal	Mcor	Mlig	Mmer	Mvul	Myes	Nvec	OG00	Obim	Oida	Pann	Paus	Pcau	Pech	Pesc	Ppel	Ptep	Rimm	Rvar	Spha	Spur	Tuco
HG_70036 	OG00	Pann	Pmod
HG_19017 	Aequ	Cmil	Cpla	Cqua	Llon	Mlig	OG00	Pann	Paus	Pchi	Spha
HG_89729 	OG00	Pann	Rimm
HG_51015 	Aequ	Llon	OG00	Pann
HG_27825 	Aric	Aste	Dcar	Hazt	OG00	Pann	Rota	Rsoc	Rsor
HG_46705 	Cint	Hazt	Leri	OG00	Pann	Pdav
HG_86725 	Lcha	OG00	Pann
HG_28108 	Bpec	Cpla	Drer	Leri	OG00	Olat	Onil	Pann	Pmag	Pmod	Sorb	Trub
HG_9709 	Eand	Hman	Hrob	Hrub	Mvul	OG00	Pann	Paus
HG_24411 	Aric	Aste	Bcal	Hmia	OG00	Pann	Rota	Rsor
HG_127059 	OG01	Pann	Rhab
HG_28772 	Hhan	Mvul	OG00	Pann	Pcro	Tcas
HG_12060 	Bpec	Lluy	Lpol	Mmer	OG00	Obim	Pann	Pech
HG_9122 	Bpec	Cmil	Cpla	Drer	Gmae	Leri	Lpol	OG00	Olat	Onil	Pann	Pmag	Pmod	Sorb	Trub
HG_74812 	Anan	Blan	OG00	Pann
HG_20394 	Eaff	OG00	Pann
HG_16026 	Bpec	Drer	OG00	Olat	Onil	Pann	Pmag	Pmod	Sorb	Trub
HG_270 	Acal	Aequ	Ajap	Anan	Anas	Anja	Aque	Aric	Arub	Bcal	Bgla	Blan	Bpec	Caug	Cgig	Cint	Cscu	Ctel	Dapu	Dcar	Dgal	Dmag	Dpte	Dpul	Drer	Dsil	Dste	Eand	Ebro	Echl	Emue	Gaeg	Gmae	Gmag	Hame	Hazt	Hhan	Hhol	Hmia	Hrob	Hrub	Hvul	Iele	Lgig	Llon	Lluy	Mcor	Mlei	Mlig	Mmer	Mvul	Nstr	Nvec	OG00	Obim	Oida	Pann	Paus	Pcau	Pchi	Pcro	Pdav	Pech	Pesc	Pmod	Popi	Ppac	Ppol	Pred	Psam	Ptep	Rimm	Rota	Rsoc	Rsor	Smed	Spha	Spur	Tcal	Tcas	Tqin	Tuco
HG_2609 	Acal	Aequ	Ajap	Anja	Arub	Bgla	Blan	Cpla	Cqua	Ctel	Echl	Gmag	Hmia	Lana	Leri	Lluy	Mcor	Nstr	Nvec	OG00	Olat	Onil	Pann	Pcro	Pech	Pesc	Pmod	Spur	Trub
HG_26274 	Bpec	Cmil	Cpla	Drer	Leri	OG00	Olat	Onil	Pann	Pmag	Pmod	Sorb	Trub
HG_55317 	Drer	OG00	Pann
HG_18673 	Cint	Echl	Llon	OG00	Pann
HG_10059 	Ajap	Cgig	Dgyr	Dmag	Dpol	Dsil	Gaeg	Hhan	Lgig	Mcor	Mmer	OG00	Obim	Olat	Pann	Pesc
HG_69562 	Mlig	OG00	Pann	Ppol
HG_24696 	Blan	OG00	Pann
HG_8680 	Aric	Aste	Dcar	OG00	Pann	Rota	Rsoc	Rsor	Spur
HG_49338 	OG00	Obim	Pann	Spha
HG_14443 	Drer	OG00	Pann
HG_26779 	Hhan	OG00	Obim	Pann	Paus	Pcau	Spha
HG_89745 	OG00	Pann	Paus	Tadh
HG_47829 	Dsil	Lpol	OG00	Pann	Tqin
HG_33938 	Dste	Gmae	Hhol	OG00	Pann
HG_12219 	Caug	Cgig	Gaeg	Mcal	Myes	OG00	Obim	Onil	Pann	Ptep	Skow	Znev
HG_9012 	Acal	Aful	Ajap	Anan	Anja	Arub	Bgla	Blan	Bner	Bpec	Cele	Cgig	Cmil	Cpla	Ctel	Cuni	Dcor	Dgyr	Dpol	Drer	Ebur	Echl	Gaeg	Gmag	Hhan	Hrub	Lcha	Leri	Lgig	Llon	Mcal	Mcor	Mmer	Myes	Nvec	OG00	Obim	Oida	Olat	Onil	Pann	Pesc	Ppac	Ppel	Pred	Rhab	Rimm	Skow	Smar	Smed	Sorb	Spur
HG_111372 	Drer	OG01	Pann
HG_8581 	Acal	Aequ	Aful	Ajap	Anas	Anja	Aric	Arub	Aste	Bcal	Bgla	Blan	Bpec	Caug	Cgig	Cpla	Cqua	Ctel	Cuni	Dcar	Dpol	Drer	Eaff	Eand	Ebro	Echl	Emue	Gaeg	Gmae	Gmag	Hame	Hazt	Hexe	Hhan	Hmia	Hrub	Iele	Lana	Lgig	Llon	Lluy	Mcal	Mcor	Mlei	Mlig	Mmer	Mvul	Myes	OG00	Obim	Oida	Pann	Paus	Pcau	Pchi	Pcla	Pcro	Pech	Pesc	Pmag	Pmod	Ppel	Ppol	Psam	Rimm	Rota	Rsoc	Rsor	Rvar	Smar	Spur	Tcal	Tcas	Tqin	Tuco	Znev
HG_7351 	Aric	Aste	Blan	Bpec	Cgig	Cmil	Cowc	Cpla	Ctel	Dcar	Dgyr	Dpol	Drer	Eand	Gaeg	Gmag	Hhan	Hrub	Hvul	Lana	Leri	Lgig	Mcal	Mcor	Mmer	Mvul	Myes	OG00	Obim	Olat	Onil	Pann	Paus	Pesc	Pmag	Pmod	Ppel	Rota	Rsoc	Rsor	Skow	Sorb	Trub
HG_36868 	Bpec	Cpla	Drer	Leri	OG00	Pann	Pmag	Pmod
HG_37169 	Cpla	Hhan	OG00	Pann	Ptep	Trub
HG_20033 	Aric	Aste	Bcal	Dcar	OG00	Pann	Rota	Rsoc	Rsor
HG_33267 	Bpec	Drer	OG00	Olat	Onil	Pann	Pmag	Pmod	Sorb	Trub
HG_63905 	Cpla	OG00	Pann
HG_55269 	Dpul	OG00	Pann
HG_82616 	Eaff	OG00	Pann
HG_33249 	Bner	OG00	Pann
HG_18007 	Bpec	Drer	OG00	Olat	Onil	Pann	Pmag	Pmod	Sorb	Trub
HG_11260 	Bpec	Drer	OG00	Olat	Onil	Pann	Skow	Sorb
HG_52962 	Bcal	Bgla	Dgyr	OG00	Pann	Ppac
HG_6965 	OG00	Pann	Ptep
HG_17514 	Emue	OG00	Pann
HG_10052 	Aequ	Blan	Dpol	Drer	Gmag	Hhan	Mcal	Mlei	Mmer	Myes	Nvec	OG00	Olat	Onil	Pann	Spur
HG_492 	Acal	Aequ	Aful	Ajap	Anan	Anja	Aque	Aric	Arub	Aste	Bcal	Bgla	Blan	Bner	Caug	Cele	Cfra	Cgig	Cint	Cowc	Cpla	Cqua	Cscu	Ctel	Cuni	Dapu	Dcar	Dcor	Dgal	Dgyr	Dmag	Dmel	Dpol	Dpul	Dsil	Dste	Eaff	Ebro	Echl	Emue	Gaeg	Gmae	Gmag	Hali	Hame	Hazt	Hexe	Hhan	Hhol	Hmia	Hrub	Hvul	Iele	Lana	Lcha	Leri	Lgig	Llon	Lluy	Lpol	Mcal	Mcor	Mlei	Mlig	Mmer	Myes	Nstr	Nvec	OG00	Obim	Oida	Pann	Paus	Pcau	Pchi	Pcla	Pcro	Pdav	Pesc	Popi	Ppac	Ppel	Ppol	Pred	Psam	Ptep	Rhab	Rimm	Rota	Rsoc	Rsor	Rvar	Saro	Skow	Smar	Smed	Spha	Spur	Tadh	Tcal	Tcas	Tqin	Tuco	Znev
HG_25625 	Aequ	Blan	Llon	OG00	Pann
HG_23350 	Bpec	Drer	OG00	Onil	Pann	Pmag	Pmod	Sorb	Trub
HG_55515 	Eaff	OG00	Pann	Tcal
HG_20028 	Aric	Aste	Dcar	OG00	Pann	Rota	Rsoc	Rsor
HG_53345 	Caug	OG00	Pann	Pmod
HG_9788 	Acal	Aful	Ajap	Aric	Aste	Bgla	Blan	Bpec	Cfra	Cgig	Cowc	Ctel	Cuni	Dpol	Drer	Eand	Echl	Gaeg	Gmag	Hhan	Hman	Hmed	Hrob	Hrub	Lana	Lgig	Llon	Lluy	Mcal	Mcor	Mmer	Mvul	Nstr	OG00	Obim	Oida	Olat	Pann	Paus	Pech	Pesc	Pmag	Pmod	Ppel	Rota	Rsoc	Rsor	Saro	Spur	Tadh
HG_16903 	Bpec	Cmil	Cpla	Drer	Lcha	Leri	OG00	Olat	Onil	Pann	Pmag	Pmod	Sorb	Trub
HG_53906 	Cpla	Eand	Mvul	OG00	Pann
HG_107381 	Dcar	OG01	Pann
HG_57688 	OG00	Pann	Spur
HG_10818 	Acal	Aful	Bgla	Cgig	Ctel	Cuni	Dpol	Eand	Echl	Gaeg	Gmag	Hhan	Hman	Hmed	Hmia	Hrob	Hrub	Lgig	Mcal	Mcor	Mmer	Mvul	Myes	OG00	Obim	Oida	Pann	Ppel	Smed	Spha
HG_37200 	Cqua	Hame	Hazt	OG00	Pann	Pchi	Pcla
HG_19833 	Aful	Dpul	Ebro	Hhol	OG00	Pann	Spha	Tadh	Tcas	Tuco
HG_70032 	OG00	Pann	Ppel	Tqin
HG_14869 	Anan	Aric	Aste	Dcar	Hmed	OG00	Pann	Pdav	Pred	Rota	Rsoc	Rsor
HG_8801 	Bpec	Drer	Hhan	Mcor	OG00	Olat	Onil	Pann	Pmag	Pmod	Skow	Sorb	Trub
HG_35814 	Aque	Dsil	Mmer	OG00	Obim	Pann	Rsoc	Skow
HG_20190 	Bcal	Cmil	Dcar	Ebro	Hmia	OG00	Pann	Tadh
HG_47074 	Ctel	OG00	Pann	Ppac	Rota	Rsoc
HG_41104 	Bpec	Drer	Gaeg	OG00	Pann	Pmag	Pmod
HG_5558 	Aequ	Anan	Anja	Aque	Aric	Arub	Aste	Bpec	Dapu	Dcar	Dcor	Dgal	Dmag	Dpul	Dste	Emue	Hali	Hvul	Nvec	OG00	Pann	Pdav	Pesc	Pmag	Pmod	Psam	Rota	Rsoc	Rsor	Smed	Tqin
HG_10967 	Aequ	Ebro	OG00	Pann	Rimm
HG_53914 	Cpla	Leri	OG00	Pann
HG_44398 	Aequ	OG00	Pann
HG_46294 	Bpec	Drer	OG00	Olat	Pann	Pmag	Pmod
HG_44270 	Aequ	Gaeg	Nvec	OG00	Pann
HG_69973 	OG00	Obim	Pann
HG_79042 	Cpla	Gaeg	OG00	Pann
HG_20218 	Bpec	Drer	Lcha	OG00	Olat	Onil	Pann	Pmag	Pmod	Sorb	Trub
HG_41130 	Bpec	Cpla	Drer	Leri	OG00	Pann	Pmag	Pmod
HG_89610 	OG00	Obim	Pann	Znev
HG_7306 	Acal	Aequ	Ajap	Anas	Anja	Aque	Arub	Bcal	Bgla	Blan	Bner	Cgig	Cint	Cmil	Cowc	Cpla	Cqua	Ctel	Dapu	Dgal	Dgyr	Dmag	Dmel	Dpol	Dpul	Eaff	Ebro	Echl	Emue	Gaeg	Gmag	Hame	Hazt	Hexe	Hhan	Hhol	Hrub	Iele	Lana	Lcha	Leri	Lgig	Llon	Lluy	Mcal	Mcor	Mmer	Myes	Nstr	Nvec	OG00	Pann	Paus	Pcau	Pcla	Pech	Pesc	Ppel	Ppol	Saro	Skow	Spur	Tadh	Tcal	Tcas	Tqin	Tuco	Znev
HG_10396 	Acal	Aequ	Aful	Ajap	Anja	Aric	Arub	Aste	Bgla	Blan	Cgig	Ctel	Cuni	Dcar	Dgyr	Dpol	Eand	Gaeg	Gmag	Hhan	Hmia	Hrub	Lana	Lgig	Llon	Lluy	Mcal	Mcor	Mlei	Mmer	Mvul	Myes	Nvec	OG00	Obim	Oida	Pann	Paus	Pcro	Pech	Pesc	Ppel	Rota	Rsoc	Rsor	Skow	Spur
HG_89049 	Mmer	OG00	Pann
HG_10816 	Acal	Aequ	Ajap	Anja	Arub	Bgla	Blan	Bpec	Caug	Cmil	Cpla	Cqua	Cuni	Drer	Ebro	Ebur	Echl	Gaeg	Gmag	Hame	Hhan	Hrub	Lana	Leri	Lgig	Llon	Mcal	Mcor	Nvec	OG00	Obim	Oida	Olat	Onil	Pann	Pchi	Pcla	Pmag	Pmod	Ppel	Ppol	Skow	Sorb	Spha	Spur	Trub
HG_5212 	Acal	Aequ	Ajap	Anan	Aque	Aric	Arub	Aste	Bcal	Bgla	Blan	Bner	Bpec	Cele	Cfra	Cgig	Cint	Cmil	Cowc	Cpla	Cqua	Ctel	Dapu	Dcar	Dgal	Dgyr	Dmag	Dpol	Dpul	Drer	Eaff	Ebro	Echl	Emue	Gaeg	Gmae	Gmag	Hali	Hame	Hhan	Hmia	Hrub	Lana	Lcha	Leri	Lgig	Llon	Lluy	Lpol	Mcal	Mcor	Mlei	Mlig	Mmer	Myes	Nstr	Nvec	OG00	Obim	Olat	Onil	Pann	Paus	Pcau	Pchi	Pcla	Pcro	Pdav	Pech	Pesc	Pmag	Pmod	Popi	Ppac	Ppel	Ppol	Pred	Psam	Rimm	Rota	Rsoc	Rsor	Skow	Sorb	Spha	Spur	Tadh	Tcal	Tqin	Trub
HG_51496 	Anan	Bner	OG00	Pann	Pmod	Sorb
HG_8308 	Acal	Aequ	Aful	Ajap	Anas	Arub	Bgla	Caug	Cqua	Cscu	Ctel	Cuni	Dapu	Dgal	Dgyr	Dmag	Dmel	Dpol	Dpte	Dpul	Dsil	Dste	Ebro	Echl	Gaeg	Gmae	Gmag	Hame	Hhan	Hhol	Hrub	Hvul	Iele	Lgig	Llon	Lluy	Lpol	Mcor	Mmer	Myes	Nvec	OG00	Obim	Oida	Pann	Pcau	Pchi	Pcla	Pesc	Ppel	Ppol	Ptep	Rimm	Skow	Smar	Spha	Spur	Tcas	Tqin	Znev
HG_9177 	Acal	Aequ	Ajap	Anas	Anja	Aque	Arub	Bcal	Bgla	Blan	Bner	Bpec	Cfra	Cgig	Cint	Cmil	Cpla	Cqua	Ctel	Dapu	Dgal	Dmag	Dpol	Drer	Dste	Ebro	Ebur	Echl	Emue	Gaeg	Hame	Hazt	Hhan	Hrub	Lana	Leri	Lgig	Llon	Lluy	Lpol	Mcal	Mcor	Mlig	Mmer	Mvul	Nvec	OG00	Obim	Olat	Pann	Paus	Pcau	Pchi	Pcla	Pech	Pesc	Pmod	Ppel	Ppol	Rota	Rsoc	Rsor	Saro	Sorb	Spur	Tqin	Trub	Tuco
HG_24820 	Cmil	Cpla	OG00	Pann
HG_89723 	OG00	Pann	Pcro
HG_48121 	Ebur	Leri	OG00	Pann	Sorb
HG_28207 	Cgig	Dpol	Gaeg	Mmer	OG00	Pann
HG_9646 	Aequ	Anja	Cgig	Dcar	Dpol	Hvul	Mcal	Mmer	Mvul	Myes	Nvec	OG00	Pann	Rota	Rsoc
HG_16981 	Drer	OG00	Pann
HG_49342 	OG00	Obim	Pann	Ptep
HG_113999 	Ebur	OG01	Pann
HG_9332 	Aequ	Ajap	Arub	Dsil	Iele	OG00	Pann	Pesc	Popi
HG_29377 	Aequ	Ajap	Anja	Bgla	Ebro	Echl	OG00	Pann	Paus
HG_63837 	Cmil	Cpla	Drer	OG00	Pann
HG_3147 	Acal	Aequ	Aful	Anja	Aque	Aric	Arub	Aste	Bcal	Bgla	Blan	Bpec	Cgig	Cmil	Cpla	Ctel	Cuni	Dcar	Dpol	Drer	Eand	Ebro	Ebur	Echl	Emue	Gaeg	Gmag	Hhan	Hman	Hmed	Hmia	Hrob	Hrub	Hvul	Lana	Lcha	Leri	Lgig	Llon	Lluy	Mcal	Mcor	Mlig	Mmer	Mvul	Myes	OG00	Obim	Oida	Olat	Onil	Pann	Paus	Pech	Pmag	Pmod	Ptep	Rota	Rsoc	Rsor	Saro	Skow	Smed	Sorb	Tadh	Trub	Tuco
HG_2087 	Anja	Aque	Cint	Dpte	Eaff	Ebro	Lluy	Mlei	OG00	Pann	Paus	Rimm	Tadh
HG_73570 	Aequ	Nvec	OG00	Pann
