HG_20403 	Eand	Hman	Hmed	Hrob	Mvul	OG00
HG_55552 	Eand	Hrob	Mvul	OG00
HG_55670 	Eand	Hman	Hmed	Hrob	OG00
HG_85939 	Hman	Hmed	Mvul	OG00
HG_47951 	Eand	Hman	Hrob	Mvul	OG00
HG_85970 	Hman	Hrob	Mvul	OG00
HG_42354 	Eand	Hman	Hmed	Mvul	OG00
HG_66831 	Eand	Hrob	Mvul	OG00
HG_26624 	Eand	Hmed	Mvul	OG00
HG_55634 	Eand	Hman	Mvul	OG00
HG_47987 	Eand	Hman	Hmed	Mvul	OG00
HG_37752 	Eand	Hmed	Hrob	Mvul	OG00
HG_68522 	Hman	Hrob	Mvul	OG00
HG_55616 	Eand	Hman	Hmed	Hrob	Mvul	OG00
HG_14716 	Eand	Hman	Hrob	Mvul	OG00
HG_47969 	Eand	Hman	Hmed	Mvul	OG00
HG_42331 	Eand	Hman	Hmed	Hrob	Mvul	OG00
HG_68471 	Hman	Hmed	Hrob	Mvul	OG00
HG_55565 	Eand	Hman	Hrob	Mvul	OG00
HG_48726 	Hman	Hmed	Hrob	Mvul	OG00
HG_48042 	Eand	Hman	Hmed	Hrob	Mvul	OG00
HG_83044 	Eand	Hman	Hmed	OG00
HG_85911 	Hman	Mvul	OG00
HG_66844 	Eand	Hman	Hmed	Hrob	OG00
HG_55665 	Eand	Hman	Hmed	Hrob	Mvul	OG00
HG_55560 	Eand	Hman	Mvul	OG00
HG_85829 	Hman	Hmed	Mvul	OG00
HG_37783 	Eand	Hman	Hmed	Hrob	Mvul	OG00
HG_82720 	Eand	Hrob	Mvul	OG00
HG_55629 	Eand	Hman	Hmed	Mvul	OG00
HG_25191 	Hman	Hmed	Hrob	Mvul	OG00
HG_21327 	Eand	Hman	Hmed	Hrob	Mvul	OG00
HG_14181 	Eand	Hman	Mvul	OG00
HG_82774 	Eand	Hrob	Mvul	OG00
HG_86020 	Hman	Hmed	Mvul	OG00
HG_22397 	Eand	Hrob	Mvul	OG00
HG_55578 	Eand	Hrob	Mvul	OG00
HG_25050 	Eand	Hman	Mvul	OG00
HG_82738 	Eand	Hman	Mvul	OG00
HG_86056 	Hman	Hrob	Mvul	OG00
HG_33981 	Eand	Hman	Hrob	Mvul	OG00
HG_66857 	Eand	Hman	Hmed	Mvul	OG00
HG_55678 	Eand	Hman	Hmed	Hrob	Mvul	OG00
HG_47990 	Eand	Hmed	Hrob	Mvul	OG00
HG_48019 	Eand	Hman	Hmed	Mvul	OG00
HG_56676 	Hman	Hmed	Hrob	Mvul	OG00
HG_48716 	Hman	Hmed	Hrob	Mvul	OG00
HG_120602 	Hrob	Mvul	OG01
HG_28541 	Eand	Hman	Hrob	Mvul	OG00
HG_18757 	Eand	Hrob	OG00
HG_31001 	Eand	Hman	Hmed	Hrob	Mvul	OG00
HG_55655 	Eand	Hman	Hmed	Mvul	OG00
HG_22402 	Eand	Hman	Hrob	Mvul	OG00
HG_82833 	Eand	Hman	Mvul	OG00
HG_119653 	Hman	Mvul	OG01
HG_68543 	Hmed	Hrob	Mvul	OG00
HG_42352 	Eand	Hman	Hmed	Mvul	OG00
HG_66765 	Eand	Hmed	Mvul	OG00
HG_68507 	Hman	Hmed	Mvul	OG00
HG_68474 	Hman	Hmed	Mvul	OG00
HG_113198 	Eand	Hmed	OG01
HG_42862 	Hman	Hmed	Hrob	Mvul	OG00
HG_56735 	Hmed	Hrob	Mvul	OG00
HG_55581 	Eand	Hman	Hmed	Hrob	Mvul	OG00
HG_48742 	Hman	Hmed	Hrob	Mvul	OG00
HG_86351 	Hrob	Mvul	OG00
HG_26827 	Hrob	Mvul	OG00
HG_120563 	Hrob	Mvul	OG01
HG_56717 	Hman	Hmed	Mvul	OG00
HG_47980 	Eand	Hmed	Hrob	Mvul	OG00
HG_12252 	Eand	Hman	Hmed	Hrob	Mvul	OG00
HG_120574 	Hrob	Mvul	OG01
HG_66829 	Eand	Hman	Hmed	Hrob	OG00
HG_47962 	Eand	Hman	Hmed	Hrob	OG00
HG_82795 	Eand	Hman	Mvul	OG00
HG_55599 	Eand	Hman	Mvul	OG00
HG_55663 	Eand	Hman	Hmed	Hrob	Mvul	OG00
HG_55645 	Eand	Hrob	Mvul	OG00
HG_120028 	Hmed	Mvul	OG01
HG_42329 	Eand	Hmed	Hrob	Mvul	OG00
HG_66806 	Eand	Hman	Hmed	Hrob	OG00
HG_23631 	Eand	Hman	Hmed	Hrob	Mvul	OG00
HG_86090 	Hmed	Hrob	Mvul	OG00
HG_120579 	Hrob	Mvul	OG01
HG_55609 	Eand	Hman	Hmed	Hrob	OG00
HG_47993 	Eand	Hman	Hmed	Hrob	Mvul	OG00
HG_66801 	Eand	Hrob	Mvul	OG00
HG_68464 	Hman	Hmed	Hrob	Mvul	OG00
HG_55558 	Eand	Hman	Hmed	OG00
HG_48035 	Eand	Hman	Hmed	Hrob	Mvul	OG00
HG_56725 	Hman	Hmed	Hrob	Mvul	OG00
HG_55604 	Eand	Hman	Hmed	Hrob	Mvul	OG00
HG_47957 	Eand	Hman	Hrob	Mvul	OG00
HG_85871 	Hman	Mvul	OG00
HG_48017 	Eand	Hman	Hmed	Hrob	Mvul	OG00
HG_86100 	Hmed	Hrob	Mvul	OG00
HG_31004 	Eand	Hman	Hmed	Hrob	Mvul	OG00
HG_55658 	Eand	Hman	Hmed	Hrob	Mvul	OG00
HG_37776 	Eand	Hman	Hmed	Hrob	Mvul	OG00
HG_66714 	Eand	Hman	Hrob	Mvul	OG00
HG_37758 	Eand	Hmed	Mvul	OG00
HG_48012 	Eand	Hman	Hmed	Hrob	Mvul	OG00
HG_42355 	Eand	Hman	Hmed	Hrob	Mvul	OG00
HG_66768 	Eand	Hman	Hmed	Mvul	OG00
HG_68423 	Hman	Hmed	Hrob	Mvul	OG00
HG_55589 	Eand	Hman	Hmed	OG00
HG_47988 	Eand	Hman	Hmed	Mvul	OG00
HG_113336 	Eand	Hrob	OG01
HG_42319 	Eand	Hman	Hmed	Hrob	Mvul	OG00
HG_42350 	Eand	Hman	Hmed	Hrob	Mvul	OG00
HG_25043 	Eand	Hman	Hmed	Hrob	Mvul	OG00
HG_11016 	Eand	Hman	Mvul	OG00
HG_82913 	Eand	Hman	Mvul	OG00
HG_37789 	Eand	Hman	Hmed	Hrob	Mvul	OG00
HG_48043 	Eand	Hman	Mvul	OG00
HG_42314 	Eand	Hman	Hmed	Hrob	Mvul	OG00
HG_86044 	Hman	Hmed	Mvul	OG00
HG_66845 	Eand	Hman	Mvul	OG00
HG_55666 	Eand	Hman	Mvul	OG00
HG_47947 	Eand	Hman	Hmed	Hrob	Mvul	OG00
HG_55561 	Eand	Hman	Hrob	Mvul	OG00
HG_82844 	Eand	Hrob	Mvul	OG00
HG_66827 	Eand	Hman	Hmed	Mvul	OG00
HG_68690 	Hrob	Mvul	OG00
HG_120047 	Hmed	Mvul	OG01
HG_47960 	Eand	Hman	Hmed	Hrob	Mvul	OG00
HG_48020 	Eand	Hman	Hrob	Mvul	OG00
HG_119785 	Hman	Mvul	OG01
HG_66809 	Eand	Hrob	OG00
HG_56710 	Hman	Hmed	Hrob	Mvul	OG00
HG_83004 	Eand	Hrob	Mvul	OG00
HG_34352 	Hrob	Mvul	OG00
HG_12573 	Eand	Hman	Hmed	Hrob	Mvul	OG00
HG_47978 	Eand	Hman	Hmed	Hrob	Mvul	OG00
HG_68449 	Hman	Hmed	Mvul	OG00
HG_68480 	Hman	Hmed	Hrob	Mvul	OG00
HG_56695 	Hman	Hmed	Hrob	Mvul	OG00
HG_55607 	Eand	Hman	Hmed	Hrob	Mvul	OG00
HG_55574 	Eand	Hman	Hmed	Hrob	Mvul	OG00
HG_47991 	Eand	Hrob	Mvul	OG00
HG_55620 	Eand	Hman	Hmed	Hrob	Mvul	OG00
HG_37779 	Eand	Hman	Hrob	Mvul	OG00
HG_82870 	Eand	Hman	Mvul	OG00
HG_66717 	Eand	Hman	Mvul	OG00
HG_55602 	Eand	Hman	Hmed	Hrob	Mvul	OG00
HG_48015 	Eand	Hman	Hrob	Mvul	OG00
HG_42358 	Eand	Hman	Hmed	Hrob	Mvul	OG00
HG_37792 	Eand	Hman	Hmed	Hrob	Mvul	OG00
HG_31002 	Eand	Hman	Hmed	Hrob	Mvul	OG00
HG_22403 	Eand	Hman	Hmed	Hrob	Mvul	OG00
HG_56672 	Hman	Hrob	Mvul	OG00
HG_37756 	Eand	Hman	Hrob	OG00
HG_42353 	Eand	Hman	Hmed	Hrob	Mvul	OG00
HG_18753 	Eand	Hmed	Hrob	Mvul	OG00
HG_21318 	Eand	Hmed	Mvul	OG00
HG_55587 	Eand	Hman	Hrob	Mvul	OG00
HG_55651 	Eand	Hman	Hmed	Hrob	Mvul	OG00
HG_86083 	Hmed	Mvul	OG00
HG_47986 	Eand	Hman	Hmed	Hrob	Mvul	OG00
HG_82916 	Eand	Hman	Hmed	OG00
HG_33990 	Eand	Hmed	Hrob	Mvul	OG00
HG_55687 	Eand	Hman	Hmed	Hrob	Mvul	OG00
HG_47968 	Eand	Hman	Hmed	Hrob	Mvul	OG00
HG_68503 	Hman	Hmed	Hrob	Mvul	OG00
HG_113463 	Eand	Hman	OG01
HG_37787 	Eand	Hman	Hmed	Hrob	Mvul	OG00
HG_66725 	Eand	Hrob	Mvul	OG00
HG_113283 	Eand	Hrob	OG01
HG_120595 	Hrob	Mvul	OG01
HG_55610 	Eand	Hman	Hmed	Hrob	Mvul	OG00
HG_48023 	Eand	Hmed	OG00
HG_68539 	Hmed	Mvul	OG00
HG_23637 	Eand	Hman	Hmed	Hrob	Mvul	OG00
HG_56713 	Hman	Hmed	Hrob	Mvul	OG00
HG_82778 	Eand	Hman	Hrob	OG00
HG_16988 	Eand	Hman	Hmed	Hrob	Mvul	OG00
HG_86006 	Hman	Hrob	Mvul	OG00
HG_55595 	Eand	Hman	Hrob	Mvul	OG00
HG_33985 	Eand	Hman	Hrob	Mvul	OG00
HG_15726 	Eand	Hman	Mvul	OG00
HG_55641 	Eand	Hman	Hmed	Hrob	OG00
HG_47994 	Eand	Hman	Hmed	Hrob	Mvul	OG00
HG_42325 	Eand	Hman	Hmed	Hrob	Mvul	OG00
HG_55559 	Eand	Hman	Hmed	Hrob	Mvul	OG00
HG_82737 	Eand	Hman	Hmed	OG00
HG_55677 	Eand	Hman	Hmed	Hrob	Mvul	OG00
HG_55605 	Eand	Hman	Hmed	Hrob	Mvul	OG00
HG_55572 	Eand	Hman	Hmed	Hrob	Mvul	OG00
HG_48018 	Eand	Hman	Hmed	Hrob	Mvul	OG00
HG_86101 	Hmed	Hrob	Mvul	OG00
HG_19536 	Eand	Hman	Mvul	OG00
HG_55554 	Eand	Hman	Hmed	Hrob	Mvul	OG00
HG_66851 	Eand	Hman	Hmed	Hrob	OG00
HG_55672 	Eand	Hman	Hmed	Hrob	Mvul	OG00
HG_55600 	Eand	Hman	Hrob	Mvul	OG00
HG_13482 	Eand	Hman	Hmed	Hrob	Mvul	OG00
HG_85972 	Hman	Hmed	Mvul	OG00
HG_48013 	Eand	Hman	Hmed	Hrob	Mvul	OG00
HG_55654 	Eand	Hmed	Hrob	Mvul	OG00
HG_14449 	Eand	Hman	Hmed	Hrob	OG00
HG_20400 	Eand	Hman	Hmed	Hrob	Mvul	OG00
HG_42338 	Eand	Hman	Hmed	Hrob	Mvul	OG00
HG_30994 	Eand	Hman	Hmed	Mvul	OG00
HG_66782 	Eand	Hman	Hmed	Hrob	OG00
HG_85831 	Hman	Hmed	Mvul	OG00
HG_120570 	Hrob	Mvul	OG01
HG_42930 	Hrob	Mvul	OG00
HG_66764 	Eand	Hman	Hrob	Mvul	OG00
HG_85918 	Hman	Hrob	Mvul	OG00
HG_42333 	Eand	Hman	Hmed	Hrob	Mvul	OG00
HG_47984 	Eand	Hman	Hmed	Hrob	Mvul	OG00
HG_120520 	Hrob	Mvul	OG01
HG_48026 	Eand	Hrob	Mvul	OG00
HG_66846 	Eand	Hrob	Mvul	OG00
HG_68437 	Hman	Hmed	Hrob	Mvul	OG00
HG_56716 	Hman	Hmed	Hrob	Mvul	OG00
HG_55667 	Eand	Hman	Hmed	Hrob	Mvul	OG00
HG_47948 	Eand	Hman	Hmed	Mvul	OG00
HG_55562 	Eand	Hman	Hmed	Hrob	Mvul	OG00
HG_85798 	Hman	Hrob	Mvul	OG00
HG_86099 	Hmed	Hrob	Mvul	OG00
HG_37785 	Eand	Hman	Hmed	Hrob	Mvul	OG00
HG_66828 	Eand	Hman	Hrob	Mvul	OG00
HG_68691 	Hrob	Mvul	OG00
HG_66723 	Eand	Hrob	Mvul	OG00
HG_55680 	Eand	Hrob	Mvul	OG00
HG_82827 	Eand	Hman	Hmed	OG00
HG_48021 	Eand	Hrob	Mvul	OG00
HG_66841 	Eand	Hman	Mvul	OG00
HG_86368 	Hrob	Mvul	OG00
HG_37780 	Eand	Hman	Hrob	Mvul	OG00
HG_25208 	Hrob	Mvul	OG00
HG_42328 	Eand	Hman	Hmed	Hrob	Mvul	OG00
HG_37762 	Eand	Hman	Hmed	Hrob	Mvul	OG00
HG_13500 	Hman	Hmed	Hrob	Mvul	OG00
HG_120569 	Hrob	Mvul	OG01
HG_55608 	Eand	Hman	Hmed	Hrob	OG00
HG_55575 	Eand	Hman	Hmed	Hrob	Mvul	OG00
HG_47992 	Eand	Hman	Hmed	Hrob	Mvul	OG00
HG_82858 	Eand	Hman	Hrob	OG00
HG_120600 	Hrob	Mvul	OG01
HG_66872 	Eand	Hman	Hmed	OG00
HG_56678 	Hman	Hrob	Mvul	OG00
HG_55621 	Eand	Hman	Hmed	Mvul	OG00
HG_48034 	Eand	Hman	Hmed	Hrob	Mvul	OG00
HG_42305 	Eand	Hman	Hmed	Hrob	Mvul	OG00
HG_66854 	Eand	Hman	Hmed	Mvul	OG00
HG_34007 	Eand	Hman	Hmed	Hrob	Mvul	OG00
HG_56691 	Hman	Hmed	Hrob	Mvul	OG00
HG_55603 	Eand	Hman	Hmed	Mvul	OG00
HG_48016 	Eand	Hman	Hmed	Hrob	Mvul	OG00
HG_42359 	Eand	Hman	Hmed	Hrob	Mvul	OG00
HG_119739 	Hman	Mvul	OG01
HG_66731 	Eand	Hman	Hrob	Mvul	OG00
HG_31003 	Eand	Hman	Hmed	Hrob	Mvul	OG00
HG_19534 	Eand	Hman	Hmed	Hrob	Mvul	OG00
HG_56706 	Hman	Hmed	Hrob	Mvul	OG00
