HG_77723	
Tqin_Tomocerus_qinae_00014396-RA	
HG_50516	
Tqin_Tomocerus_qinae_00018709-RA	Tqin_Tomocerus_qinae_00018711-RA	
Tcas_tr|A0A139W9G0|A0A139W9G0_TRICA	Tcas_tr|D2A193|D2A193_TRICA	Tcas_tr|D2A194|D2A194_TRICA	Tcas_tr|D6WXL2|D6WXL2_TRICA	
HG_16448	
Tqin_Tomocerus_qinae_00000008-RA	Tqin_Tomocerus_qinae_00003782-RA	Tqin_Tomocerus_qinae_00004792-RA	Tqin_Tomocerus_qinae_00006644-RA	Tqin_Tomocerus_qinae_00006899-RA	Tqin_Tomocerus_qinae_00007602-RA	Tqin_Tomocerus_qinae_00007609-RA	Tqin_Tomocerus_qinae_00008667-RA	Tqin_Tomocerus_qinae_00009015-RA	Tqin_Tomocerus_qinae_00009017-RA	Tqin_Tomocerus_qinae_00009018-RA	Tqin_Tomocerus_qinae_00010677-RA	Tqin_Tomocerus_qinae_00011717-RA	Tqin_Tomocerus_qinae_00013829-RA	Tqin_Tomocerus_qinae_00014035-RA	Tqin_Tomocerus_qinae_00014262-RA	Tqin_Tomocerus_qinae_00015383-RA	Tqin_Tomocerus_qinae_00015487-RA	Tqin_Tomocerus_qinae_00015488-RA	Tqin_Tomocerus_qinae_00019062-RA	Tqin_Tomocerus_qinae_00020156-RA	
HG_103684	
Tqin_Tomocerus_qinae_00012553-RA	
HG_34379	
Tqin_Tomocerus_qinae_00015974-RA	Tqin_Tomocerus_qinae_00018007-RA	
Iele_XP_046395247.1	Iele_XP_046395280.1	Iele_XP_046395309.1	
Znev_tr|A0A067QWX7|A0A067QWX7_ZOONE	
Tcas_tr|D2A166|D2A166_TRICA	Tcas_tr|D2A228|D2A228_TRICA	Tcas_tr|D6WAH0|D6WAH0_TRICA	
HG_63043	
Tqin_Tomocerus_qinae_00014436-RA	
Tcas_tr|D6WH79|D6WH79_TRICA	
Dmel_tr|A8JUW4|A8JUW4_DROME	
HG_140778	
Tqin_Tomocerus_qinae_00010325-RA	
Tcas_tr|D6WKM2|D6WKM2_TRICA	
HG_41205	
Tqin_Tomocerus_qinae_00017427-RA	
Iele_XP_046394510.1	
Znev_tr|A0A067QIM9|A0A067QIM9_ZOONE	
Tcas_tr|D2A1Q1|D2A1Q1_TRICA	Tcas_tr|D6W7C9|D6W7C9_TRICA	
HG_68804	
Tqin_Tomocerus_qinae_00016916-RA	
Iele_XP_046386475.1	
Znev_tr|A0A067R553|A0A067R553_ZOONE	
Tcas_tr|D6W985|D6W985_TRICA	
HG_55099	
Tqin_Tomocerus_qinae_00006039-RA	Tqin_Tomocerus_qinae_00009491-RA	
Iele_XP_046395359.1	
Tcas_tr|D6WDF8|D6WDF8_TRICA	
Dmel_tr|Q8IN16|Q8IN16_DROME	
HG_103714	
Tqin_Tomocerus_qinae_00017099-RA	
HG_63033	
Tqin_Tomocerus_qinae_00004961-RA	Tqin_Tomocerus_qinae_00004963-RA	
HG_16090	
Tqin_Tomocerus_qinae_00000147-RA	Tqin_Tomocerus_qinae_00000429-RA	Tqin_Tomocerus_qinae_00000570-RA	Tqin_Tomocerus_qinae_00000826-RA	Tqin_Tomocerus_qinae_00001608-RA	Tqin_Tomocerus_qinae_00001851-RA	Tqin_Tomocerus_qinae_00001865-RA	Tqin_Tomocerus_qinae_00001866-RA	Tqin_Tomocerus_qinae_00002788-RA	Tqin_Tomocerus_qinae_00003050-RA	Tqin_Tomocerus_qinae_00003052-RA	Tqin_Tomocerus_qinae_00003155-RA	Tqin_Tomocerus_qinae_00003156-RA	Tqin_Tomocerus_qinae_00003263-RA	Tqin_Tomocerus_qinae_00006334-RA	Tqin_Tomocerus_qinae_00007143-RA	Tqin_Tomocerus_qinae_00007249-RA	Tqin_Tomocerus_qinae_00007380-RA	Tqin_Tomocerus_qinae_00007596-RA	Tqin_Tomocerus_qinae_00007597-RA	Tqin_Tomocerus_qinae_00007605-RA	Tqin_Tomocerus_qinae_00017990-RA	Tqin_Tomocerus_qinae_00018459-RA	
Dmel_tr|A0A126GUY7|A0A126GUY7_DROME	
HG_103675	
Tqin_Tomocerus_qinae_00005990-RA	
HG_17667	
Tqin_Tomocerus_qinae_00001218-RA	Tqin_Tomocerus_qinae_00002400-RA	Tqin_Tomocerus_qinae_00002616-RA	Tqin_Tomocerus_qinae_00002811-RA	Tqin_Tomocerus_qinae_00003206-RA	Tqin_Tomocerus_qinae_00010367-RA	Tqin_Tomocerus_qinae_00010371-RA	Tqin_Tomocerus_qinae_00012044-RA	Tqin_Tomocerus_qinae_00012164-RA	Tqin_Tomocerus_qinae_00012165-RA	Tqin_Tomocerus_qinae_00012771-RA	Tqin_Tomocerus_qinae_00013643-RA	Tqin_Tomocerus_qinae_00014739-RA	Tqin_Tomocerus_qinae_00015260-RA	Tqin_Tomocerus_qinae_00015636-RA	Tqin_Tomocerus_qinae_00017563-RA	Tqin_Tomocerus_qinae_00018047-RA	Tqin_Tomocerus_qinae_00018098-RA	Tqin_Tomocerus_qinae_00019689-RA	
Tcas_tr|A0A139W8L7|A0A139W8L7_TRICA	Tcas_tr|D7GY05|D7GY05_TRICA	
HG_103686	
Tqin_Tomocerus_qinae_00008857-RA	
HG_14968	
Tqin_Tomocerus_qinae_00010881-RA	Tqin_Tomocerus_qinae_00017803-RA	
Iele_XP_046384759.1	Iele_XP_046384760.1	Iele_XP_046384761.1	Iele_XP_046384762.1	Iele_XP_046384763.1	Iele_XP_046386470.1	Iele_XP_046386472.1	Iele_XP_046386981.1	
Znev_tr|A0A067QT88|A0A067QT88_ZOONE	Znev_tr|A0A067QVL4|A0A067QVL4_ZOONE	
Tcas_tr|D6WAM1|D6WAM1_TRICA	Tcas_tr|D6WAM3|D6WAM3_TRICA	Tcas_tr|D6WI66|D6WI66_TRICA	Tcas_tr|D6WI67|D6WI67_TRICA	Tcas_tr|D6WVQ5|D6WVQ5_TRICA	
Dmel_tr|B7Z103|B7Z103_DROME	Dmel_tr|Q9VS75|Q9VS75_DROME	Dmel_tr|Q9VS76|Q9VS76_DROME	Dmel_tr|Q9VS81|Q9VS81_DROME	
HG_13281	
Tqin_Tomocerus_qinae_00014341-RA	
Iele_XP_046384917.1	Iele_XP_046384918.1	Iele_XP_046386314.1	
Znev_tr|A0A067QPU9|A0A067QPU9_ZOONE	Znev_tr|A0A067QXL6|A0A067QXL6_ZOONE	Znev_tr|A0A067QZN3|A0A067QZN3_ZOONE	Znev_tr|A0A067QZT2|A0A067QZT2_ZOONE	Znev_tr|A0A067QZW3|A0A067QZW3_ZOONE	Znev_tr|A0A067R040|A0A067R040_ZOONE	Znev_tr|A0A067R274|A0A067R274_ZOONE	Znev_tr|A0A067R2G8|A0A067R2G8_ZOONE	Znev_tr|A0A067R2S3|A0A067R2S3_ZOONE	Znev_tr|A0A067R400|A0A067R400_ZOONE	Znev_tr|A0A067R7Q0|A0A067R7Q0_ZOONE	Znev_tr|A0A067RBN7|A0A067RBN7_ZOONE	Znev_tr|A0A067RHK1|A0A067RHK1_ZOONE	Znev_tr|A0A067RHR3|A0A067RHR3_ZOONE	Znev_tr|A0A067RJZ1|A0A067RJZ1_ZOONE	Znev_tr|A0A067RRQ5|A0A067RRQ5_ZOONE	Znev_tr|A0A067RU23|A0A067RU23_ZOONE	
Tcas_tr|A0A139W8S6|A0A139W8S6_TRICA	Tcas_tr|A0A139W9V1|A0A139W9V1_TRICA	Tcas_tr|A0A139WES1|A0A139WES1_TRICA	Tcas_tr|A0A139WJQ1|A0A139WJQ1_TRICA	Tcas_tr|A0A139WP17|A0A139WP17_TRICA	Tcas_tr|D6WQU5|D6WQU5_TRICA	Tcas_tr|D6WR40|D6WR40_TRICA	Tcas_tr|D6WR41|D6WR41_TRICA	Tcas_tr|D6X2Y3|D6X2Y3_TRICA	
Dmel_tr|M9PCT4|M9PCT4_DROME	Dmel_tr|Q9VIA5|Q9VIA5_DROME	Dmel_tr|Q9VRL4|Q9VRL4_DROME	Dmel_tr|Q9VVU7|Q9VVU7_DROME	
HG_63036	
Tqin_Tomocerus_qinae_00009479-RA	
Iele_XP_046383297.1	
Znev_tr|A0A067R530|A0A067R530_ZOONE	
HG_38210	
Tqin_Tomocerus_qinae_00004182-RA	
Iele_XP_046392302.1	Iele_XP_046393886.1	Iele_XP_046393896.1	
Tcas_tr|D2A2C4|D2A2C4_TRICA	Tcas_tr|D2A2C5|D2A2C5_TRICA	Tcas_tr|D2A2C6|D2A2C6_TRICA	Tcas_tr|D2A3M6|D2A3M6_TRICA	
HG_81428	
Tqin_Tomocerus_qinae_00013279-RA	Tqin_Tomocerus_qinae_00013363-RA	
Dmel_tr|Q9W219|Q9W219_DROME	
HG_46375	
Tqin_Tomocerus_qinae_00013597-RA	Tqin_Tomocerus_qinae_00015229-RA	Tqin_Tomocerus_qinae_00018089-RA	Tqin_Tomocerus_qinae_00019170-RA	
HG_103738	
Tqin_Tomocerus_qinae_00017176-RA	
HG_53347	
Tqin_Tomocerus_qinae_00002180-RA	Tqin_Tomocerus_qinae_00002181-RA	Tqin_Tomocerus_qinae_00009332-RA	
HG_47596	
Tqin_Tomocerus_qinae_00002685-RA	Tqin_Tomocerus_qinae_00004766-RA	Tqin_Tomocerus_qinae_00005514-RA	Tqin_Tomocerus_qinae_00006083-RA	Tqin_Tomocerus_qinae_00008832-RA	
Dmel_tr|Q9VF25|Q9VF25_DROME	
HG_86541	
Tqin_Tomocerus_qinae_00006407-RA	
Iele_XP_046387755.1	
Tcas_tr|D6WPU4|D6WPU4_TRICA	
HG_47591	
Tqin_Tomocerus_qinae_00014407-RA	
Iele_XP_046409160.1	Iele_XP_046409161.1	
Znev_tr|A0A067R285|A0A067R285_ZOONE	
Tcas_tr|D2A5M4|D2A5M4_TRICA	
Dmel_tr|Q9VR45|Q9VR45_DROME	
HG_81454	
Tqin_Tomocerus_qinae_00004861-RA	
Dmel_tr|A0A6F7RXE0|A0A6F7RXE0_DROME	Dmel_tr|Q9VMZ3|Q9VMZ3_DROME	
HG_77732	
Tqin_Tomocerus_qinae_00005104-RA	Tqin_Tomocerus_qinae_00006645-RA	
HG_103616	
Tqin_Tomocerus_qinae_00016687-RA	
HG_33336	
Tqin_Tomocerus_qinae_00003870-RA	Tqin_Tomocerus_qinae_00006457-RA	Tqin_Tomocerus_qinae_00009640-RA	Tqin_Tomocerus_qinae_00010891-RA	Tqin_Tomocerus_qinae_00019370-RA	Tqin_Tomocerus_qinae_00019372-RA	Tqin_Tomocerus_qinae_00019438-RA	Tqin_Tomocerus_qinae_00019439-RA	
HG_63057	
Tqin_Tomocerus_qinae_00007339-RA	Tqin_Tomocerus_qinae_00017179-RA	
Dmel_tr|A1ZAV3|A1ZAV3_DROME	
HG_37592	
Tqin_Tomocerus_qinae_00006750-RA	
Iele_XP_046404648.1	Iele_XP_046404770.1	Iele_XP_046404802.1	Iele_XP_046404847.1	Iele_XP_046408343.1	Iele_XP_046408394.1	
Dmel_tr|Q7KSP9|Q7KSP9_DROME	
HG_140982	
Tqin_Tomocerus_qinae_00013405-RA	
Znev_tr|A0A067REB7|A0A067REB7_ZOONE	
HG_36927	
Tqin_Tomocerus_qinae_00015143-RA	
Iele_XP_046399217.1	
Znev_tr|A0A067RFX4|A0A067RFX4_ZOONE	
Tcas_tr|A0A139WKA4|A0A139WKA4_TRICA	Tcas_tr|D6X3G5|D6X3G5_TRICA	
Dmel_tr|E1JHN0|E1JHN0_DROME	Dmel_tr|Q9VSS4|Q9VSS4_DROME	
HG_77722	
Tqin_Tomocerus_qinae_00018566-RA	Tqin_Tomocerus_qinae_00018908-RA	
HG_81503	
Tqin_Tomocerus_qinae_00007831-RA	Tqin_Tomocerus_qinae_00007832-RA	
Dmel_sp|P58960|GR39B_DROME	
HG_55085	
Tqin_Tomocerus_qinae_00004084-RA	
Iele_XP_046392340.1	Iele_XP_046392343.1	
Tcas_tr|D6WNP2|D6WNP2_TRICA	
Dmel_sp|Q9W123|POF_DROME	
HG_46363	
Tqin_Tomocerus_qinae_00016563-RA	
Iele_XP_046389872.1	
Znev_tr|A0A067RDJ8|A0A067RDJ8_ZOONE	
Tcas_tr|D7EI91|D7EI91_TRICA	
Dmel_tr|A8DYY0|A8DYY0_DROME	
HG_41209	
Tqin_Tomocerus_qinae_00002276-RA	Tqin_Tomocerus_qinae_00007591-RA	Tqin_Tomocerus_qinae_00013764-RA	Tqin_Tomocerus_qinae_00018812-RA	Tqin_Tomocerus_qinae_00019308-RA	Tqin_Tomocerus_qinae_00019309-RA	
HG_29225	
Tqin_Tomocerus_qinae_00000996-RA	Tqin_Tomocerus_qinae_00000997-RA	Tqin_Tomocerus_qinae_00001001-RA	Tqin_Tomocerus_qinae_00001011-RA	Tqin_Tomocerus_qinae_00001013-RA	Tqin_Tomocerus_qinae_00001014-RA	Tqin_Tomocerus_qinae_00001016-RA	Tqin_Tomocerus_qinae_00001017-RA	Tqin_Tomocerus_qinae_00001018-RA	Tqin_Tomocerus_qinae_00001344-RA	
Znev_tr|A0A067RQ65|A0A067RQ65_ZOONE	
HG_81511	
Tqin_Tomocerus_qinae_00015830-RA	
Iele_XP_046399474.1	
Dmel_tr|Q9VZQ7|Q9VZQ7_DROME	
HG_103671	
Tqin_Tomocerus_qinae_00017375-RA	
HG_48887	
Tqin_Tomocerus_qinae_00011063-RA	
Iele_XP_046394867.1	
Znev_tr|A0A067QR21|A0A067QR21_ZOONE	Znev_tr|A0A067R2H0|A0A067R2H0_ZOONE	
Tcas_tr|D2A3F9|D2A3F9_TRICA	Tcas_tr|D6WB43|D6WB43_TRICA	
HG_86524	
Tqin_Tomocerus_qinae_00012404-RA	Tqin_Tomocerus_qinae_00012408-RA	
Iele_XP_046384111.1	
HG_36920	
Tqin_Tomocerus_qinae_00006134-RA	Tqin_Tomocerus_qinae_00006135-RA	Tqin_Tomocerus_qinae_00006210-RA	Tqin_Tomocerus_qinae_00011808-RA	Tqin_Tomocerus_qinae_00014198-RA	Tqin_Tomocerus_qinae_00014243-RA	Tqin_Tomocerus_qinae_00018690-RA	
HG_14421	
Tqin_Tomocerus_qinae_00014070-RA	Tqin_Tomocerus_qinae_00014074-RA	
Iele_XP_046382729.1	Iele_XP_046382730.1	Iele_XP_046382731.1	Iele_XP_046382732.1	Iele_XP_046382733.1	Iele_XP_046383347.1	Iele_XP_046384347.1	Iele_XP_046392234.1	Iele_XP_046396317.1	Iele_XP_046409251.1	Iele_XP_046409252.1	Iele_XP_046409253.1	
Znev_tr|A0A067QUF2|A0A067QUF2_ZOONE	Znev_tr|A0A067RHT4|A0A067RHT4_ZOONE	Znev_tr|A0A067RX29|A0A067RX29_ZOONE	
Tcas_tr|A0A139W9L3|A0A139W9L3_TRICA	Tcas_tr|A0A139W9M4|A0A139W9M4_TRICA	Tcas_tr|A0A139WGX8|A0A139WGX8_TRICA	Tcas_tr|A0A139WNS5|A0A139WNS5_TRICA	Tcas_tr|D6WC29|D6WC29_TRICA	Tcas_tr|D6WCU1|D6WCU1_TRICA	Tcas_tr|D6WLM9|D6WLM9_TRICA	Tcas_tr|D7EIP3|D7EIP3_TRICA	
Dmel_sp|P05049|SNAK_DROME	Dmel_tr|Q7K3Y1|Q7K3Y1_DROME	Dmel_tr|Q8MS90|Q8MS90_DROME	
HG_63022	
Tqin_Tomocerus_qinae_00014195-RA	
HG_36933	
Tqin_Tomocerus_qinae_00001928-RA	Tqin_Tomocerus_qinae_00005533-RA	Tqin_Tomocerus_qinae_00005535-RA	Tqin_Tomocerus_qinae_00017540-RA	
Iele_XP_046391676.1	
Tcas_tr|D6X1E1|D6X1E1_TRICA	
Dmel_tr|Q9VKQ2|Q9VKQ2_DROME	
HG_77664	
Tqin_Tomocerus_qinae_00000163-RA	
HG_81414	
Tqin_Tomocerus_qinae_00009475-RA	
Dmel_sp|Q5BI31|ALMS1_DROME	Dmel_tr|M9PJ28|M9PJ28_DROME	
HG_72882	
Tqin_Tomocerus_qinae_00019135-RA	
Znev_tr|A0A067QI04|A0A067QI04_ZOONE	Znev_tr|A0A067RJE2|A0A067RJE2_ZOONE	Znev_tr|A0A067RLM3|A0A067RLM3_ZOONE	
HG_55096	
Tqin_Tomocerus_qinae_00000593-RA	
Iele_XP_046404889.1	
Znev_tr|A0A067RJ91|A0A067RJ91_ZOONE	
Tcas_tr|D6WBX7|D6WBX7_TRICA	
Dmel_tr|Q9VCZ7|Q9VCZ7_DROME	
