HG_77723 	Caug	OG00	Tqin
HG_50516 	OG00	Tcas	Tqin
HG_16448 	Caug	OG00	Tqin
HG_103684 	Caug	OG01	Tqin
HG_34379 	Iele	OG00	Tcas	Tqin	Znev
HG_63043 	Caug	Dmel	OG00	Tcas	Tqin
HG_140778 	OG01	Tcas	Tqin
HG_41205 	Caug	Iele	OG00	Tcas	Tqin	Znev
HG_68804 	Iele	OG00	Tcas	Tqin	Znev
HG_55099 	Dmel	Iele	OG00	Tcas	Tqin
HG_103714 	Caug	OG01	Tqin
HG_63033 	Caug	OG00	Tqin
HG_16090 	Dmel	OG00	Tqin
HG_103675 	Caug	OG01	Tqin
HG_17667 	OG00	Tcas	Tqin
HG_103686 	Caug	OG01	Tqin
HG_14968 	Caug	Dmel	Iele	OG00	Tcas	Tqin	Znev
HG_13281 	Dmel	Iele	OG00	Tcas	Tqin	Znev
HG_63036 	Caug	Iele	OG00	Tqin	Znev
HG_38210 	Iele	OG00	Tcas	Tqin
HG_81428 	Dmel	OG00	Tqin
HG_46375 	Caug	OG00	Tqin
HG_103738 	Caug	OG01	Tqin
HG_53347 	Caug	OG00	Tqin
HG_47596 	Dmel	OG00	Tqin
HG_86541 	Iele	OG00	Tcas	Tqin
HG_47591 	Dmel	Iele	OG00	Tcas	Tqin	Znev
HG_81454 	Dmel	OG00	Tqin
HG_77732 	Caug	OG00	Tqin
HG_103616 	Caug	OG01	Tqin
HG_33336 	Caug	OG00	Tqin
HG_63057 	Caug	Dmel	OG00	Tqin
HG_37592 	Dmel	Iele	OG00	Tqin
HG_140982 	OG01	Tqin	Znev
HG_36927 	Caug	Dmel	Iele	OG00	Tcas	Tqin	Znev
HG_77722 	Caug	OG00	Tqin
HG_81503 	Dmel	OG00	Tqin
HG_55085 	Dmel	Iele	OG00	Tcas	Tqin
HG_46363 	Caug	Dmel	Iele	OG00	Tcas	Tqin	Znev
HG_41209 	Caug	OG00	Tqin
HG_29225 	OG00	Tqin	Znev
HG_81511 	Dmel	Iele	OG00	Tqin
HG_103671 	Caug	OG01	Tqin
HG_48887 	Iele	OG00	Tcas	Tqin	Znev
HG_86524 	Iele	OG00	Tqin
HG_36920 	Caug	OG00	Tqin
HG_14421 	Caug	Dmel	Iele	OG00	Tcas	Tqin	Znev
HG_63022 	Caug	OG00	Tqin
HG_36933 	Caug	Dmel	Iele	OG00	Tcas	Tqin
HG_77664 	Caug	OG00	Tqin
HG_81414 	Dmel	OG00	Tqin
HG_72882 	OG00	Tqin	Znev
HG_55096 	Dmel	Iele	OG00	Tcas	Tqin	Znev
