HG_51109	
Cuni_tr|A0A8S4A7K6|A0A8S4A7K6_9EUPU	
HG_44491	
Cuni_tr|A0A8S3ZE15|A0A8S3ZE15_9EUPU	
HG_60213	
Cuni_tr|A0A8S4AA15|A0A8S4AA15_9EUPU	
HG_73921	
Cuni_tr|A0A8S3YFV6|A0A8S3YFV6_9EUPU	
HG_27330	
Cuni_tr|A0A8S3YHW7|A0A8S3YHW7_9EUPU	Cuni_tr|A0A8S3Z4K3|A0A8S3Z4K3_9EUPU	Cuni_tr|A0A8S3Z9F3|A0A8S3Z9F3_9EUPU	Cuni_tr|A0A8S4A165|A0A8S4A165_9EUPU	Cuni_tr|A0A8S4A193|A0A8S4A193_9EUPU	Cuni_tr|A0A8S4A2S6|A0A8S4A2S6_9EUPU	
HG_51135	
Cuni_tr|A0A8S3Z5X8|A0A8S3Z5X8_9EUPU	
HG_73952	
Cuni_tr|A0A8S3YBT0|A0A8S3YBT0_9EUPU	
HG_60226	
Cuni_tr|A0A8S4A0S3|A0A8S4A0S3_9EUPU	
HG_14319	
Cuni_tr|A0A8S3YIB6|A0A8S3YIB6_9EUPU	
HG_73934	
Cuni_tr|A0A8S3Z2H8|A0A8S3Z2H8_9EUPU	
HG_35280	
Cuni_tr|A0A8S4A3U6|A0A8S4A3U6_9EUPU	
HG_73965	
Cuni_tr|A0A8S3ZBL7|A0A8S3ZBL7_9EUPU	
HG_73947	
Cuni_tr|A0A8S3ZKI8|A0A8S3ZKI8_9EUPU	
HG_73896	
Cuni_tr|A0A8S3ZHZ7|A0A8S3ZHZ7_9EUPU	
HG_60288	
Cuni_tr|A0A8S3YUC2|A0A8S3YUC2_9EUPU	
HG_60216	
Cuni_tr|A0A8S3ZYC3|A0A8S3ZYC3_9EUPU	
HG_51102	
Cuni_tr|A0A8S3YY75|A0A8S3YY75_9EUPU	
HG_73991	
Cuni_tr|A0A8S3ZET1|A0A8S3ZET1_9EUPU	
HG_44489	
Cuni_tr|A0A8S3ZPX7|A0A8S3ZPX7_9EUPU	
HG_35270	
Cuni_tr|A0A8S3Z9B9|A0A8S3Z9B9_9EUPU	Cuni_tr|A0A8S4A5Z7|A0A8S4A5Z7_9EUPU	
HG_51133	
Cuni_tr|A0A8S3Z161|A0A8S3Z161_9EUPU	
HG_60196	
Cuni_tr|A0A8S3YFW6|A0A8S3YFW6_9EUPU	
HG_44484	
Cuni_tr|A0A8S3ZLD9|A0A8S3ZLD9_9EUPU	Cuni_tr|A0A8S3ZW55|A0A8S3ZW55_9EUPU	
HG_73937	
Cuni_tr|A0A8S3YW26|A0A8S3YW26_9EUPU	
HG_73886	
Cuni_tr|A0A8S3YRC3|A0A8S3YRC3_9EUPU	
HG_39400	
Cuni_tr|A0A8S3Z722|A0A8S3Z722_9EUPU	
HG_73863	
Cuni_tr|A0A8S3YPV5|A0A8S3YPV5_9EUPU	
HG_60273	
Cuni_tr|A0A8S3YDG3|A0A8S3YDG3_9EUPU	
HG_15892	
Cuni_tr|A0A8S3ZZK1|A0A8S3ZZK1_9EUPU	Cuni_tr|A0A8S4A213|A0A8S4A213_9EUPU	Cuni_tr|A0A8S4A7S6|A0A8S4A7S6_9EUPU	
HG_73945	
Cuni_tr|A0A8S3Z0K1|A0A8S3Z0K1_9EUPU	
HG_21697	
Cuni_tr|A0A8S3ZCQ8|A0A8S3ZCQ8_9EUPU	Cuni_tr|A0A8S3ZDV4|A0A8S3ZDV4_9EUPU	Cuni_tr|A0A8S3ZEH4|A0A8S3ZEH4_9EUPU	Cuni_tr|A0A8S3ZMA5|A0A8S3ZMA5_9EUPU	Cuni_tr|A0A8S3ZMH3|A0A8S3ZMH3_9EUPU	Cuni_tr|A0A8S3ZRJ0|A0A8S3ZRJ0_9EUPU	Cuni_tr|A0A8S3ZW00|A0A8S3ZW00_9EUPU	
HG_44520	
Cuni_tr|A0A8S4A7Q5|A0A8S4A7Q5_9EUPU	Cuni_tr|A0A8S4A834|A0A8S4A834_9EUPU	Cuni_tr|A0A8S4AF90|A0A8S4AF90_9EUPU	
HG_73909	
Cuni_tr|A0A8S4A0F3|A0A8S4A0F3_9EUPU	
HG_73922	
Cuni_tr|A0A8S3YLW7|A0A8S3YLW7_9EUPU	
HG_60268	
Cuni_tr|A0A8S3ZBU9|A0A8S3ZBU9_9EUPU	
HG_73871	
Cuni_tr|A0A8S3ZD49|A0A8S3ZD49_9EUPU	
HG_60281	
Cuni_tr|A0A8S3YPB8|A0A8S3YPB8_9EUPU	
HG_73958	
Cuni_tr|A0A8S3ZEQ4|A0A8S3ZEQ4_9EUPU	
HG_73889	
Cuni_tr|A0A8S3ZP86|A0A8S3ZP86_9EUPU	
HG_73953	
Cuni_tr|A0A8S3ZGQ8|A0A8S3ZGQ8_9EUPU	
HG_10864	
Cuni_tr|A0A8S3YZ29|A0A8S3YZ29_9EUPU	Cuni_tr|A0A8S3ZA83|A0A8S3ZA83_9EUPU	
HG_51113	
Cuni_tr|A0A8S3Z7K3|A0A8S3Z7K3_9EUPU	
HG_73917	
Cuni_tr|A0A8S3ZVG3|A0A8S3ZVG3_9EUPU	
HG_73984	
Cuni_tr|A0A8S3ZDB7|A0A8S3ZDB7_9EUPU	
HG_51144	
Cuni_tr|A0A8S3ZRQ5|A0A8S3ZRQ5_9EUPU	
HG_73861	
Cuni_tr|A0A8S3ZLB9|A0A8S3ZLB9_9EUPU	
HG_60271	
Cuni_tr|A0A8S3YYA8|A0A8S3YYA8_9EUPU	
HG_51126	
Cuni_tr|A0A8S3ZGD5|A0A8S3ZGD5_9EUPU	
HG_51093	
Cuni_tr|A0A8S3YPX2|A0A8S3YPX2_9EUPU	Cuni_tr|A0A8S3ZV00|A0A8S3ZV00_9EUPU	
HG_74003	
Cuni_tr|A0A8S3YQ07|A0A8S3YQ07_9EUPU	
HG_73992	
Cuni_tr|A0A8S3ZBF6|A0A8S3ZBF6_9EUPU	
HG_73920	
Cuni_tr|A0A8S3YKD3|A0A8S3YKD3_9EUPU	
HG_60266	
Cuni_tr|A0A8S3ZNE6|A0A8S3ZNE6_9EUPU	
HG_60248	
Cuni_tr|A0A8S3YFZ6|A0A8S3YFZ6_9EUPU	Cuni_tr|A0A8S3YL40|A0A8S3YL40_9EUPU	
HG_51134	
Cuni_tr|A0A8S3YTQ7|A0A8S3YTQ7_9EUPU	
HG_73851	
Cuni_tr|A0A8S3YNE8|A0A8S3YNE8_9EUPU	
HG_44518	
Cuni_tr|A0A8S3Z8H1|A0A8S3Z8H1_9EUPU	Cuni_tr|A0A8S3ZDK3|A0A8S3ZDK3_9EUPU	
HG_73887	
Cuni_tr|A0A8S3YGR8|A0A8S3YGR8_9EUPU	
HG_44480	
Cuni_tr|A0A8S3Z9B5|A0A8S3Z9B5_9EUPU	Cuni_tr|A0A8S3ZAN0|A0A8S3ZAN0_9EUPU	
HG_60279	
Cuni_tr|A0A8S4A1P2|A0A8S4A1P2_9EUPU	
HG_73882	
Cuni_tr|A0A8S3ZPG6|A0A8S3ZPG6_9EUPU	
HG_39386	
Cuni_tr|A0A8S4A6E3|A0A8S4A6E3_9EUPU	
HG_51142	
Cuni_tr|A0A8S3YCR3|A0A8S3YCR3_9EUPU	Cuni_tr|A0A8S3Z066|A0A8S3Z066_9EUPU	
HG_73877	
Cuni_tr|A0A8S3YYL5|A0A8S3YYL5_9EUPU	
HG_44503	
Cuni_tr|A0A8S4A6C9|A0A8S4A6C9_9EUPU	
HG_73995	
Cuni_tr|A0A8S3ZKA9|A0A8S3ZKA9_9EUPU	
HG_73923	
Cuni_tr|A0A8S3YLF9|A0A8S3YLF9_9EUPU	
HG_73905	
Cuni_tr|A0A8S3ZSU9|A0A8S3ZSU9_9EUPU	
HG_73872	
Cuni_tr|A0A8S3YPA7|A0A8S3YPA7_9EUPU	
HG_51137	
Cuni_tr|A0A8S3ZBY8|A0A8S3ZBY8_9EUPU	
HG_73990	
Cuni_tr|A0A8S3ZHI0|A0A8S3ZHI0_9EUPU	
HG_51119	
Cuni_tr|A0A8S3ZQ83|A0A8S3ZQ83_9EUPU	Cuni_tr|A0A8S4A0G7|A0A8S4A0G7_9EUPU	
HG_51086	
Cuni_tr|A0A8S3YS24|A0A8S3YS24_9EUPU	
HG_51132	
Cuni_tr|A0A8S3ZEN0|A0A8S3ZEN0_9EUPU	Cuni_tr|A0A8S4A2J7|A0A8S4A2J7_9EUPU	
HG_44465	
Cuni_tr|A0A8S3YGZ8|A0A8S3YGZ8_9EUPU	
HG_35269	
Cuni_tr|A0A8S3ZLE5|A0A8S3ZLE5_9EUPU	
HG_60277	
Cuni_tr|A0A8S3YJX9|A0A8S3YJX9_9EUPU	Cuni_tr|A0A8S3YLY7|A0A8S3YLY7_9EUPU	
HG_51099	
Cuni_tr|A0A8S3ZUX8|A0A8S3ZUX8_9EUPU	
HG_15896	
Cuni_tr|A0A8S3ZJM4|A0A8S3ZJM4_9EUPU	Cuni_tr|A0A8S3ZJW7|A0A8S3ZJW7_9EUPU	Cuni_tr|A0A8S3ZQY4|A0A8S3ZQY4_9EUPU	
HG_60272	
Cuni_tr|A0A8S3YDH6|A0A8S3YDH6_9EUPU	
HG_39384	
Cuni_tr|A0A8S3YBI4|A0A8S3YBI4_9EUPU	Cuni_tr|A0A8S3ZBM5|A0A8S3ZBM5_9EUPU	Cuni_tr|A0A8S3ZEU6|A0A8S3ZEU6_9EUPU	Cuni_tr|A0A8S3ZYU8|A0A8S3ZYU8_9EUPU	
