HG_51109	OG0051108: Aful_Afu003530 Aful_Afu016470 Cuni_tr|A0A8S4A7K6|A0A8S4A7K6_9EUPU Oida_KGH48_08139-RA Oida_KGH48_08139-RB
HG_44491	OG0044490: Aful_Afu017984 Aful_Afu017985 Cuni_tr|A0A8S3ZE15|A0A8S3ZE15_9EUPU Oida_KGH48_15750-RA Oida_KGH48_19904-RA Oida_KGH48_22130-RA
HG_60213	OG0060212: Aful_Afu011517 Cuni_tr|A0A8S4AA15|A0A8S4AA15_9EUPU Oida_KGH48_22562-RA Oida_KGH48_23531-RA
HG_73921	OG0073920: Aful_Afu017067 Cuni_tr|A0A8S3YFV6|A0A8S3YFV6_9EUPU Oida_KGH48_11094-RA
HG_27330	OG0027329: Aful_Afu003657 Aful_Afu017388 Aful_Afu021721 Cuni_tr|A0A8S3YHW7|A0A8S3YHW7_9EUPU Cuni_tr|A0A8S3Z4K3|A0A8S3Z4K3_9EUPU Cuni_tr|A0A8S3Z9F3|A0A8S3Z9F3_9EUPU Cuni_tr|A0A8S4A165|A0A8S4A165_9EUPU Cuni_tr|A0A8S4A193|A0A8S4A193_9EUPU Cuni_tr|A0A8S4A2S6|A0A8S4A2S6_9EUPU Oida_KGH48_06877-RA Oida_KGH48_17558-RA
HG_51135	OG0051134: Aful_Afu023593 Cuni_tr|A0A8S3Z5X8|A0A8S3Z5X8_9EUPU Oida_KGH48_15361-RA Oida_KGH48_15361-RB Oida_KGH48_21563-RA
HG_73952	OG0073951: Aful_Afu020948 Cuni_tr|A0A8S3YBT0|A0A8S3YBT0_9EUPU Oida_KGH48_18742-RA
HG_60226	OG0060225: Aful_Afu012648 Cuni_tr|A0A8S4A0S3|A0A8S4A0S3_9EUPU Oida_KGH48_21839-RA Oida_KGH48_21839-RB
HG_14319	OG0014318: Aful_Afu001322 Aful_Afu002769 Aful_Afu002770 Aful_Afu002771 Aful_Afu002772 Aful_Afu002773 Aful_Afu002775 Aful_Afu002776 Aful_Afu002777 Aful_Afu002778 Aful_Afu002779 Aful_Afu002780 Aful_Afu002781 Aful_Afu002782 Aful_Afu002783 Aful_Afu002784 Aful_Afu002785 Cuni_tr|A0A8S3YIB6|A0A8S3YIB6_9EUPU Oida_KGH48_12581-RA Oida_KGH48_12581-RB Oida_KGH48_12581-RC Oida_KGH48_12581-RD Oida_KGH48_12581-RF Oida_KGH48_12581-RH Oida_KGH48_12581-RJ Oida_KGH48_17481-RB Oida_KGH48_17482-RB Oida_KGH48_17483-RA Oida_KGH48_17484-RA
HG_73934	OG0073933: Aful_Afu018370 Cuni_tr|A0A8S3Z2H8|A0A8S3Z2H8_9EUPU Oida_KGH48_10596-RA
HG_35280	OG0035279: Aful_Afu015098 Aful_Afu015099 Aful_Afu019849 Cuni_tr|A0A8S4A3U6|A0A8S4A3U6_9EUPU Oida_KGH48_14938-RA Oida_KGH48_14939-RA Oida_KGH48_23489-RC Oida_KGH48_23489-RD
HG_73965	OG0073964: Aful_Afu014353 Cuni_tr|A0A8S3ZBL7|A0A8S3ZBL7_9EUPU Oida_KGH48_15287-RA
HG_73947	OG0073946: Aful_Afu020589 Cuni_tr|A0A8S3ZKI8|A0A8S3ZKI8_9EUPU Oida_KGH48_21540-RA
HG_73896	OG0073895: Aful_Afu013592 Cuni_tr|A0A8S3ZHZ7|A0A8S3ZHZ7_9EUPU Oida_KGH48_01453-RA
HG_60288	OG0060287: Aful_Afu006850 Cuni_tr|A0A8S3YUC2|A0A8S3YUC2_9EUPU Oida_KGH48_26957-RA Oida_KGH48_27293-RA
HG_60216	OG0060215: Aful_Afu012871 Cuni_tr|A0A8S3ZYC3|A0A8S3ZYC3_9EUPU Oida_KGH48_14816-RA Oida_KGH48_14817-RA
HG_51102	OG0051101: Aful_Afu012851 Aful_Afu020266 Cuni_tr|A0A8S3YY75|A0A8S3YY75_9EUPU Oida_KGH48_14786-RA Oida_KGH48_16251-RA
HG_73991	OG0073990: Aful_Afu006158 Cuni_tr|A0A8S3ZET1|A0A8S3ZET1_9EUPU Oida_KGH48_04361-RA
HG_44489	OG0044488: Aful_Afu017384 Aful_Afu017385 Aful_Afu021439 Cuni_tr|A0A8S3ZPX7|A0A8S3ZPX7_9EUPU Oida_KGH48_20189-RB Oida_KGH48_22962-RA
HG_35270	OG0035269: Aful_Afu009617 Aful_Afu014136 Cuni_tr|A0A8S3Z9B9|A0A8S3Z9B9_9EUPU Cuni_tr|A0A8S4A5Z7|A0A8S4A5Z7_9EUPU Oida_KGH48_20713-RA Oida_KGH48_20714-RA Oida_KGH48_23903-RA Oida_KGH48_23903-RB
HG_51133	OG0051132: Aful_Afu023490 Aful_Afu023491 Aful_Afu023492 Cuni_tr|A0A8S3Z161|A0A8S3Z161_9EUPU Oida_KGH48_19586-RA
HG_60196	OG0060195: Aful_Afu008894 Aful_Afu017256 Cuni_tr|A0A8S3YFW6|A0A8S3YFW6_9EUPU Oida_KGH48_27272-RA
HG_44484	OG0044483: Aful_Afu015063 Cuni_tr|A0A8S3ZLD9|A0A8S3ZLD9_9EUPU Cuni_tr|A0A8S3ZW55|A0A8S3ZW55_9EUPU Oida_KGH48_18904-RA Oida_KGH48_18904-RB Oida_KGH48_22200-RA
HG_73937	OG0073936: Aful_Afu018727 Cuni_tr|A0A8S3YW26|A0A8S3YW26_9EUPU Oida_KGH48_08681-RA
HG_73886	OG0073885: Aful_Afu011669 Cuni_tr|A0A8S3YRC3|A0A8S3YRC3_9EUPU Oida_KGH48_06368-RA
HG_39400	OG0039399: Aful_Afu021620 Aful_Afu021621 Aful_Afu021622 Aful_Afu021623 Aful_Afu021624 Cuni_tr|A0A8S3Z722|A0A8S3Z722_9EUPU Oida_KGH48_08290-RA
HG_73863	OG0073862: Aful_Afu009214 Cuni_tr|A0A8S3YPV5|A0A8S3YPV5_9EUPU Oida_KGH48_23320-RA
HG_60273	OG0060272: Aful_Afu014087 Aful_Afu014088 Cuni_tr|A0A8S3YDG3|A0A8S3YDG3_9EUPU Oida_KGH48_12004-RA
HG_15892	OG0015891: Aful_Afu017598 Aful_Afu021120 Aful_Afu021121 Cuni_tr|A0A8S3ZZK1|A0A8S3ZZK1_9EUPU Cuni_tr|A0A8S4A213|A0A8S4A213_9EUPU Cuni_tr|A0A8S4A7S6|A0A8S4A7S6_9EUPU Oida_KGH48_03547-RA Oida_KGH48_03547-RB Oida_KGH48_12584-RA Oida_KGH48_12584-RB Oida_KGH48_12584-RF Oida_KGH48_12584-RN Oida_KGH48_13387-RA Oida_KGH48_13387-RB Oida_KGH48_13387-RC Oida_KGH48_13387-RD Oida_KGH48_13387-RE Oida_KGH48_13387-RF Oida_KGH48_13387-RG Oida_KGH48_13387-RH Oida_KGH48_13387-RI Oida_KGH48_13387-RJ Oida_KGH48_13387-RK Oida_KGH48_13387-RL
HG_73945	OG0073944: Aful_Afu020144 Cuni_tr|A0A8S3Z0K1|A0A8S3Z0K1_9EUPU Oida_KGH48_27638-RA
HG_21697	OG0021696: Aful_Afu009279 Aful_Afu013122 Aful_Afu013123 Aful_Afu022853 Aful_Afu022854 Aful_Afu022855 Aful_Afu022974 Cuni_tr|A0A8S3ZCQ8|A0A8S3ZCQ8_9EUPU Cuni_tr|A0A8S3ZDV4|A0A8S3ZDV4_9EUPU Cuni_tr|A0A8S3ZEH4|A0A8S3ZEH4_9EUPU Cuni_tr|A0A8S3ZMA5|A0A8S3ZMA5_9EUPU Cuni_tr|A0A8S3ZMH3|A0A8S3ZMH3_9EUPU Cuni_tr|A0A8S3ZRJ0|A0A8S3ZRJ0_9EUPU Cuni_tr|A0A8S3ZW00|A0A8S3ZW00_9EUPU Oida_KGH48_14464-RA
HG_44520	OG0044519: Aful_Afu006916 Aful_Afu006918 Cuni_tr|A0A8S4A7Q5|A0A8S4A7Q5_9EUPU Cuni_tr|A0A8S4A834|A0A8S4A834_9EUPU Cuni_tr|A0A8S4AF90|A0A8S4AF90_9EUPU Oida_KGH48_22276-RA
HG_73909	OG0073908: Aful_Afu015461 Cuni_tr|A0A8S4A0F3|A0A8S4A0F3_9EUPU Oida_KGH48_16926-RA
HG_73922	OG0073921: Aful_Afu017103 Cuni_tr|A0A8S3YLW7|A0A8S3YLW7_9EUPU Oida_KGH48_07172-RA
HG_60268	OG0060267: Aful_Afu021520 Cuni_tr|A0A8S3ZBU9|A0A8S3ZBU9_9EUPU Oida_KGH48_19945-RB Oida_KGH48_19945-RC
HG_73871	OG0073870: Aful_Afu010660 Cuni_tr|A0A8S3ZD49|A0A8S3ZD49_9EUPU Oida_KGH48_16599-RA
HG_60281	OG0060280: Aful_Afu004882 Cuni_tr|A0A8S3YPB8|A0A8S3YPB8_9EUPU Oida_KGH48_21672-RA Oida_KGH48_25124-RA
HG_73958	OG0073957: Aful_Afu021592 Cuni_tr|A0A8S3ZEQ4|A0A8S3ZEQ4_9EUPU Oida_KGH48_27585-RA
HG_73889	OG0073888: Aful_Afu011871 Cuni_tr|A0A8S3ZP86|A0A8S3ZP86_9EUPU Oida_KGH48_27123-RA
HG_73953	OG0073952: Aful_Afu021182 Cuni_tr|A0A8S3ZGQ8|A0A8S3ZGQ8_9EUPU Oida_KGH48_09367-RA
HG_10864	OG0010863: Aful_Afu010410 Cuni_tr|A0A8S3YZ29|A0A8S3YZ29_9EUPU Cuni_tr|A0A8S3ZA83|A0A8S3ZA83_9EUPU Oida_KGH48_02572-RA Oida_KGH48_02572-RB Oida_KGH48_02572-RC Oida_KGH48_02572-RD Oida_KGH48_02572-RE Oida_KGH48_02572-RF Oida_KGH48_02572-RH Oida_KGH48_10320-RA Oida_KGH48_10320-RB Oida_KGH48_10321-RE Oida_KGH48_10322-RA Oida_KGH48_10322-RB Oida_KGH48_10505-RA Oida_KGH48_12834-RA Oida_KGH48_15359-RB Oida_KGH48_15359-RC Oida_KGH48_15359-RD Oida_KGH48_15359-RE Oida_KGH48_15359-RF Oida_KGH48_15359-RH Oida_KGH48_15360-RA Oida_KGH48_15360-RB Oida_KGH48_17267-RA Oida_KGH48_17268-RA Oida_KGH48_17269-RB Oida_KGH48_17335-RA Oida_KGH48_17335-RB Oida_KGH48_17335-RC Oida_KGH48_17335-RD Oida_KGH48_17335-RF Oida_KGH48_17335-RG Oida_KGH48_17363-RA Oida_KGH48_17363-RB Oida_KGH48_17363-RD Oida_KGH48_17363-RE Oida_KGH48_17364-RE Oida_KGH48_19483-RA Oida_KGH48_19484-RC Oida_KGH48_19589-RA Oida_KGH48_19589-RB Oida_KGH48_19589-RD Oida_KGH48_19589-RE Oida_KGH48_19677-RA Oida_KGH48_23519-RC Oida_KGH48_23519-RD Oida_KGH48_23591-RC Oida_KGH48_23591-RD
HG_51113	OG0051112: Aful_Afu017150 Cuni_tr|A0A8S3Z7K3|A0A8S3Z7K3_9EUPU Oida_KGH48_14735-RA Oida_KGH48_26685-RA Oida_KGH48_27166-RA
HG_73917	OG0073916: Aful_Afu002162 Cuni_tr|A0A8S3ZVG3|A0A8S3ZVG3_9EUPU Oida_KGH48_02594-RA
HG_73984	OG0073983: Aful_Afu005312 Cuni_tr|A0A8S3ZDB7|A0A8S3ZDB7_9EUPU Oida_KGH48_24869-RA
HG_51144	OG0051143: Aful_Afu006485 Cuni_tr|A0A8S3ZRQ5|A0A8S3ZRQ5_9EUPU Oida_KGH48_16757-RA Oida_KGH48_16757-RB Oida_KGH48_16757-RC
HG_73861	OG0073860: Aful_Afu008881 Cuni_tr|A0A8S3ZLB9|A0A8S3ZLB9_9EUPU Oida_KGH48_13308-RA
HG_60271	OG0060270: Aful_Afu013677 Cuni_tr|A0A8S3YYA8|A0A8S3YYA8_9EUPU Oida_KGH48_14284-RA Oida_KGH48_14284-RB
HG_51126	OG0051125: Aful_Afu021539 Cuni_tr|A0A8S3ZGD5|A0A8S3ZGD5_9EUPU Oida_KGH48_19921-RA Oida_KGH48_19921-RB Oida_KGH48_24495-RA
HG_51093	OG0051092: Aful_Afu011667 Cuni_tr|A0A8S3YPX2|A0A8S3YPX2_9EUPU Cuni_tr|A0A8S3ZV00|A0A8S3ZV00_9EUPU Oida_KGH48_06364-RA Oida_KGH48_18605-RA
HG_74003	OG0074002: Aful_Afu007725 Cuni_tr|A0A8S3YQ07|A0A8S3YQ07_9EUPU Oida_KGH48_08953-RA
HG_73992	OG0073991: Aful_Afu006219 Cuni_tr|A0A8S3ZBF6|A0A8S3ZBF6_9EUPU Oida_KGH48_02123-RA
HG_73920	OG0073919: Aful_Afu017026 Cuni_tr|A0A8S3YKD3|A0A8S3YKD3_9EUPU Oida_KGH48_16779-RA
HG_60266	OG0060265: Aful_Afu021237 Cuni_tr|A0A8S3ZNE6|A0A8S3ZNE6_9EUPU Oida_KGH48_06063-RA Oida_KGH48_22467-RA
HG_60248	OG0060247: Aful_Afu018376 Cuni_tr|A0A8S3YFZ6|A0A8S3YFZ6_9EUPU Cuni_tr|A0A8S3YL40|A0A8S3YL40_9EUPU Oida_KGH48_10405-RA
HG_51134	OG0051133: Aful_Afu023584 Cuni_tr|A0A8S3YTQ7|A0A8S3YTQ7_9EUPU Oida_KGH48_03889-RA Oida_KGH48_03889-RB Oida_KGH48_03889-RC
HG_73851	OG0073850: Aful_Afu000407 Cuni_tr|A0A8S3YNE8|A0A8S3YNE8_9EUPU Oida_KGH48_25547-RA
HG_44518	OG0044517: Aful_Afu006695 Cuni_tr|A0A8S3Z8H1|A0A8S3Z8H1_9EUPU Cuni_tr|A0A8S3ZDK3|A0A8S3ZDK3_9EUPU Oida_KGH48_11627-RA Oida_KGH48_18703-RA Oida_KGH48_18703-RB
HG_73887	OG0073886: Aful_Afu011672 Cuni_tr|A0A8S3YGR8|A0A8S3YGR8_9EUPU Oida_KGH48_20413-RA
HG_44480	OG0044479: Aful_Afu014443 Aful_Afu014445 Cuni_tr|A0A8S3Z9B5|A0A8S3Z9B5_9EUPU Cuni_tr|A0A8S3ZAN0|A0A8S3ZAN0_9EUPU Oida_KGH48_17573-RB Oida_KGH48_27665-RA
HG_60279	OG0060278: Aful_Afu003827 Cuni_tr|A0A8S4A1P2|A0A8S4A1P2_9EUPU Oida_KGH48_06532-RA Oida_KGH48_06532-RC
HG_73882	OG0073881: Aful_Afu011525 Cuni_tr|A0A8S3ZPG6|A0A8S3ZPG6_9EUPU Oida_KGH48_17005-RA
HG_39386	OG0039385: Aful_Afu015544 Cuni_tr|A0A8S4A6E3|A0A8S4A6E3_9EUPU Oida_KGH48_09013-RA Oida_KGH48_09013-RB Oida_KGH48_09982-RB Oida_KGH48_09982-RC Oida_KGH48_09982-RD
HG_51142	OG0051141: Aful_Afu006267 Cuni_tr|A0A8S3YCR3|A0A8S3YCR3_9EUPU Cuni_tr|A0A8S3Z066|A0A8S3Z066_9EUPU Oida_KGH48_04770-RA Oida_KGH48_25399-RB
HG_73877	OG0073876: Aful_Afu011105 Cuni_tr|A0A8S3YYL5|A0A8S3YYL5_9EUPU Oida_KGH48_11915-RA
HG_44503	OG0044502: Aful_Afu013980 Cuni_tr|A0A8S4A6C9|A0A8S4A6C9_9EUPU Oida_KGH48_02794-RA Oida_KGH48_02794-RB Oida_KGH48_02795-RA Oida_KGH48_02937-RA
HG_73995	OG0073994: Aful_Afu006696 Cuni_tr|A0A8S3ZKA9|A0A8S3ZKA9_9EUPU Oida_KGH48_11628-RA
HG_73923	OG0073922: Aful_Afu017130 Cuni_tr|A0A8S3YLF9|A0A8S3YLF9_9EUPU Oida_KGH48_04565-RA
HG_73905	OG0073904: Aful_Afu015028 Cuni_tr|A0A8S3ZSU9|A0A8S3ZSU9_9EUPU Oida_KGH48_05864-RA
HG_73872	OG0073871: Aful_Afu010765 Cuni_tr|A0A8S3YPA7|A0A8S3YPA7_9EUPU Oida_KGH48_03084-RA
HG_51137	OG0051136: Aful_Afu003675 Cuni_tr|A0A8S3ZBY8|A0A8S3ZBY8_9EUPU Oida_KGH48_00935-RA Oida_KGH48_07444-RA Oida_KGH48_07444-RB
HG_73990	OG0073989: Aful_Afu005820 Cuni_tr|A0A8S3ZHI0|A0A8S3ZHI0_9EUPU Oida_KGH48_08693-RA
HG_51119	OG0051118: Aful_Afu018975 Cuni_tr|A0A8S3ZQ83|A0A8S3ZQ83_9EUPU Cuni_tr|A0A8S4A0G7|A0A8S4A0G7_9EUPU Oida_KGH48_02066-RA Oida_KGH48_02066-RB
HG_51086	OG0051085: Aful_Afu010935 Aful_Afu010936 Cuni_tr|A0A8S3YS24|A0A8S3YS24_9EUPU Oida_KGH48_16458-RA Oida_KGH48_16459-RA
HG_51132	OG0051131: Aful_Afu023451 Cuni_tr|A0A8S3ZEN0|A0A8S3ZEN0_9EUPU Cuni_tr|A0A8S4A2J7|A0A8S4A2J7_9EUPU Oida_KGH48_10113-RA Oida_KGH48_10113-RB
HG_44465	OG0044464: Aful_Afu010655 Cuni_tr|A0A8S3YGZ8|A0A8S3YGZ8_9EUPU Oida_KGH48_02377-RA Oida_KGH48_11479-RA Oida_KGH48_11480-RA Oida_KGH48_15243-RA
HG_35269	OG0035268: Aful_Afu001614 Aful_Afu002100 Aful_Afu002670 Cuni_tr|A0A8S3ZLE5|A0A8S3ZLE5_9EUPU Oida_KGH48_01530-RA Oida_KGH48_01928-RA Oida_KGH48_26731-RA Oida_KGH48_26935-RA
HG_60277	OG0060276: Aful_Afu003446 Cuni_tr|A0A8S3YJX9|A0A8S3YJX9_9EUPU Cuni_tr|A0A8S3YLY7|A0A8S3YLY7_9EUPU Oida_KGH48_23118-RA
HG_51099	OG0051098: Aful_Afu012225 Cuni_tr|A0A8S3ZUX8|A0A8S3ZUX8_9EUPU Oida_KGH48_14012-RA Oida_KGH48_25757-RA Oida_KGH48_25758-RA
HG_15896	OG0015895: Aful_Afu005842 Aful_Afu005849 Cuni_tr|A0A8S3ZJM4|A0A8S3ZJM4_9EUPU Cuni_tr|A0A8S3ZJW7|A0A8S3ZJW7_9EUPU Cuni_tr|A0A8S3ZQY4|A0A8S3ZQY4_9EUPU Oida_KGH48_03085-RD Oida_KGH48_03326-RA Oida_KGH48_03327-RA Oida_KGH48_03328-RA Oida_KGH48_03329-RA Oida_KGH48_03329-RB Oida_KGH48_03329-RC Oida_KGH48_03329-RD Oida_KGH48_03329-RF Oida_KGH48_03330-RA Oida_KGH48_03331-RB Oida_KGH48_03332-RA Oida_KGH48_03888-RB Oida_KGH48_15096-RA Oida_KGH48_19459-RA Oida_KGH48_24956-RA Oida_KGH48_26137-RB Oida_KGH48_26143-RB Oida_KGH48_26803-RA
HG_60272	OG0060271: Aful_Afu014077 Cuni_tr|A0A8S3YDH6|A0A8S3YDH6_9EUPU Oida_KGH48_21443-RA Oida_KGH48_25519-RA
HG_39384	OG0039383: Aful_Afu012853 Cuni_tr|A0A8S3YBI4|A0A8S3YBI4_9EUPU Cuni_tr|A0A8S3ZBM5|A0A8S3ZBM5_9EUPU Cuni_tr|A0A8S3ZEU6|A0A8S3ZEU6_9EUPU Cuni_tr|A0A8S3ZYU8|A0A8S3ZYU8_9EUPU Oida_KGH48_23309-RA Oida_KGH48_24136-RA
