HG_10755 	Anan	Cele	Dcor	Hali	OG00	Pdav	Ppac	Pred	Psam	Rhab
HG_27509 	Anan	Cele	Dcor	Hali	OG00	Pdav	Ppac	Pred	Psam	Rhab
HG_25749 	Anan	Cele	Dcor	Hali	OG00	Pdav	Ppac	Pred	Psam	Rhab
HG_27476 	Anan	Cele	Dcor	Hali	OG00	Ppac	Pred	Psam	Rhab
HG_27404 	Anan	Cele	Dcor	Hali	OG00	Pdav	Pred	Psam	Rhab
HG_25780 	Anan	Cele	Dcor	Hali	OG00	Pdav	Ppac	Pred	Psam	Rhab
HG_32242 	Anan	Cele	Dcor	Hali	OG00	Ppac	Pred	Psam	Rhab
HG_22932 	Anan	Cele	Dcor	Hali	OG00	Pdav	Ppac	Pred	Psam	Rhab
HG_32073 	Anan	Cele	Dcor	Hali	OG00	Ppac	Pred	Psam	Rhab
HG_21747 	Anan	Cele	Dcor	Hali	OG00	Pdav	Ppac	Pred	Psam	Rhab
HG_14875 	Anan	Cele	Dcor	Hali	OG00	Pdav	Ppac	Pred	Rhab
HG_29628 	Anan	Cele	Dcor	OG00	Pdav	Ppac	Pred	Psam	Rhab
HG_35651 	Anan	Cele	Hali	OG00	Pdav	Ppac	Pred	Psam	Rhab
HG_29523 	Anan	Cele	Dcor	Hali	OG00	Pdav	Ppac	Pred	Psam	Rhab
HG_27458 	Anan	Cele	Dcor	Hali	OG00	Ppac	Pred	Psam	Rhab
HG_27522 	Anan	Cele	Dcor	Hali	OG00	Pdav	Ppac	Pred	Rhab
HG_25762 	Anan	Cele	Dcor	Hali	OG00	Pdav	Ppac	Pred	Psam
HG_21760 	Anan	Cele	Dcor	Hali	OG00	Pdav	Ppac	Pred	Rhab
HG_17223 	Anan	Cele	Dcor	Hali	OG00	Pdav	Ppac	Pred	Psam
HG_11904 	Anan	Cele	Dcor	Hali	OG00	Pdav	Ppac	Pred	Psam	Rhab
HG_14342 	Anan	Cele	Dcor	Hali	OG00	Pdav	Ppac	Pred	Rhab
HG_29505 	Anan	Cele	Dcor	Hali	OG00	Pdav	Ppac	Pred	Rhab
HG_27504 	Anan	Cele	Dcor	Hali	OG00	Pdav	Pred	Psam	Rhab
HG_32206 	Anan	Cele	Dcor	Hali	OG00	Pdav	Ppac	Pred	Psam
HG_25744 	Anan	Cele	Dcor	Hali	OG00	Pdav	Pred	Psam	Rhab
HG_27471 	Anan	Cele	Dcor	Hali	OG00	Ppac	Pred	Psam	Rhab
HG_24285 	Anan	Cele	Dcor	Hali	OG00	Ppac	Pred	Psam	Rhab
HG_12838 	Anan	Cele	Dcor	Hali	OG00	Pdav	Ppac	Pred	Psam	Rhab
HG_16325 	Anan	Cele	Dcor	Hali	OG00	Pdav	Ppac	Pred	Psam	Rhab
HG_7650 	Anan	Cele	Dcor	Hali	OG00	Pdav	Pred	Psam	Rhab
HG_13203 	Anan	Cele	Dcor	Hali	OG00	Pdav	Ppac	Pred	Psam	Rhab
HG_29695 	Anan	Cele	Dcor	Hali	OG00	Pdav	Ppac	Pred	Psam	Rhab
HG_27558 	Anan	Cele	Dcor	OG00	Pdav	Ppac	Pred	Psam	Rhab
HG_25798 	Anan	Cele	Dcor	Hali	OG00	Ppac	Pred	Psam	Rhab
HG_32155 	Anan	Cele	Dcor	Hali	OG00	Pdav	Ppac	Pred	Rhab
HG_19903 	Anan	Cele	Dcor	Hali	OG00	Pdav	Ppac	Pred	Psam	Rhab
HG_32291 	Anan	Cele	Dcor	OG00	Pdav	Ppac	Pred	Psam	Rhab
HG_29572 	Anan	Cele	Dcor	Hali	OG00	Pdav	Ppac	Pred	Psam	Rhab
HG_29500 	Anan	Cele	Dcor	Hali	OG00	Ppac	Pred	Psam	Rhab
HG_33394 	Cele	Dcor	Hali	OG00	Pdav	Ppac	Pred	Psam	Rhab
HG_27571 	Anan	Cele	Hali	OG00	Pdav	Ppac	Pred	Psam	Rhab
HG_32201 	Anan	Cele	Dcor	Hali	OG00	Pdav	Pred	Psam	Rhab
HG_20826 	Anan	Cele	Dcor	Hali	OG00	Pdav	Ppac	Pred	Psam	Rhab
HG_18426 	Anan	Cele	Dcor	Hali	OG00	Pdav	Ppac	Pred	Psam	Rhab
HG_24280 	Anan	Cele	Dcor	Hali	OG00	Pdav	Ppac	Pred	Psam	Rhab
HG_16320 	Anan	Cele	Dcor	Hali	OG00	Pdav	Ppac	Pred	Psam	Rhab
HG_29723 	Anan	Cele	Dcor	Hali	OG00	Pdav	Ppac	Pred	Psam
HG_29554 	Anan	Cele	Dcor	Hali	OG00	Ppac	Pred	Psam	Rhab
HG_25826 	Anan	Cele	Dcor	Hali	OG00	Pdav	Ppac	Pred	Psam	Rhab
HG_29690 	Anan	Cele	Dcor	Hali	OG00	Ppac	Pred	Psam	Rhab
HG_27489 	Anan	Cele	Dcor	Hali	OG00	Ppac	Pred	Psam	Rhab
HG_27553 	Anan	Cele	Dcor	Hali	OG00	Ppac	Pred	Psam	Rhab
HG_20808 	Anan	Cele	Dcor	Hali	OG00	Pdav	Pred	Psam	Rhab
HG_15937 	Anan	Cele	Dcor	Hali	OG00	Pdav	Ppac	Pred	Psam	Rhab
HG_24262 	Anan	Cele	Dcor	Hali	OG00	Pdav	Ppac	Pred	Psam	Rhab
HG_15189 	Anan	Cele	Dcor	Hali	OG00	Pdav	Ppac	Pred	Psam	Rhab
HG_5870 	Anan	Cele	Dcor	Hali	OG00	Pdav	Ppac	Pred	Psam
HG_29705 	Anan	Cele	Dcor	Hali	OG00	Pdav	Ppac	Pred	Rhab
HG_29600 	Anan	Dcor	Hali	OG00	Pdav	Ppac	Pred	Psam	Rhab
HG_27535 	Anan	Cele	Dcor	Hali	OG00	Pdav	Ppac	Pred	Psam	Rhab
HG_25775 	Anan	Cele	Dcor	Hali	OG00	Pdav	Ppac	Pred	Psam	Rhab
HG_22894 	Anan	Cele	Dcor	Hali	OG00	Pdav	Ppac	Pred	Rhab
HG_15919 	Anan	Cele	Dcor	Hali	OG00	Pdav	Ppac	Pred	Psam	Rhab
HG_21773 	Anan	Cele	Dcor	Hali	OG00	Pdav	Ppac	Pred	Psam	Rhab
HG_18421 	Anan	Cele	Dcor	OG00	Pdav	Ppac	Pred	Psam	Rhab
HG_11233 	Anan	Cele	Dcor	Hali	OG00	Pdav	Pred	Psam	Rhab
HG_25757 	Anan	Cele	Dcor	Hali	OG00	Pdav	Ppac	Pred	Psam	Rhab
HG_22909 	Anan	Cele	Dcor	Hali	OG00	Ppac	Pred	Psam	Rhab
HG_33371 	Cele	Dcor	Hali	OG00	Pdav	Ppac	Pred	Psam	Rhab
HG_27484 	Anan	Cele	Dcor	Hali	OG00	Pdav	Ppac	Pred	Rhab
HG_25821 	Anan	Cele	Dcor	Hali	OG00	Pdav	Ppac	Pred	Psam	Rhab
HG_32186 	Anan	Cele	Dcor	Hali	OG00	Pdav	Ppac	Pred	Psam	Rhab
HG_27412 	Anan	Cele	Dcor	Hali	OG00	Ppac	Pred	Psam	Rhab
HG_32250 	Anan	Cele	Dcor	Hali	OG00	Pdav	Pred	Psam	Rhab
HG_22940 	Anan	Cele	Dcor	Hali	OG00	Pdav	Pred	Psam	Rhab
HG_16748 	Anan	Cele	Dcor	Hali	OG00	Pdav	Ppac	Pred	Psam	Rhab
HG_20803 	Anan	Cele	Dcor	Hali	OG00	Pdav	Ppac	Pred	Psam	Rhab
HG_18403 	Anan	Cele	Dcor	Hali	OG00	Pdav	Ppac	Pred	Psam	Rhab
HG_19081 	Anan	Dcor	Hali	OG00	Pdav	Ppac	Pred	Psam	Rhab
HG_29700 	Anan	Cele	Dcor	Hali	OG00	Pdav	Ppac	Pred	Psam	Rhab
HG_28177 	Cele	Dcor	Hali	OG00	Pdav	Ppac	Pred	Psam	Rhab
HG_27530 	Anan	Cele	Dcor	Hali	OG00	Pdav	Ppac	Pred	Psam	Rhab
HG_25770 	Anan	Cele	Dcor	Hali	OG00	Pdav	Ppac	Pred	Psam
HG_22922 	Anan	Cele	Dcor	Hali	OG00	Pdav	Ppac	Pred	Psam
HG_17810 	Anan	Cele	Dcor	Hali	OG00	Pdav	Ppac	Pred	Psam
HG_16761 	Anan	Cele	Dcor	Hali	OG00	Pdav	Ppac	Pred	Psam	Rhab
HG_14350 	Anan	Cele	Dcor	Hali	OG00	Pdav	Ppac	Pred	Psam	Rhab
HG_27448 	Anan	Cele	Dcor	OG00	Pdav	Ppac	Pred	Psam	Rhab
HG_32286 	Anan	Cele	Dcor	Hali	OG00	Pdav	Ppac	Pred	Rhab
HG_27512 	Anan	Cele	Dcor	Hali	OG00	Pdav	Ppac	Pred	Rhab
HG_32214 	Anan	Cele	Dcor	Hali	OG00	Ppac	Pred	Psam	Rhab
HG_26327 	Cele	Dcor	Hali	OG00	Pdav	Ppac	Pred	Psam	Rhab
HG_25752 	Anan	Cele	Dcor	Hali	OG00	Ppac	Pred	Psam	Rhab
HG_22904 	Anan	Cele	Dcor	OG00	Pdav	Ppac	Pred	Psam	Rhab
HG_32181 	Anan	Cele	Dcor	Hali	OG00	Ppac	Pred	Psam	Rhab
HG_24221 	Anan	Cele	Dcor	Hali	OG00	Pdav	Ppac	Pred	Psam	Rhab
HG_29567 	Anan	Cele	Dcor	Hali	OG00	Ppac	Pred	Psam	Rhab
HG_35590 	Anan	Cele	Dcor	Hali	OG00	Pdav	Ppac	Pred	Psam
HG_29631 	Anan	Cele	Dcor	Hali	OG00	Pdav	Ppac	Pred	Psam
HG_32268 	Anan	Dcor	Hali	OG00	Pdav	Ppac	Pred	Psam	Rhab
HG_27566 	Anan	Cele	Dcor	Hali	OG00	Pdav	Ppac	Pred	Psam
HG_25734 	Anan	Cele	Dcor	Hali	OG00	Pdav	Ppac	Pred	Psam	Rhab
HG_25788 	Anan	Cele	Dcor	Hali	OG00	Pdav	Ppac	Pred	Psam	Rhab
HG_29580 	Anan	Cele	Dcor	Hali	OG00	Pdav	Ppac	Pred	Rhab
HG_32281 	Anan	Cele	Dcor	Hali	OG00	Pdav	Ppac	Pred	Psam	Rhab
HG_26322 	Cele	Dcor	Hali	OG00	Pdav	Ppac	Pred	Psam	Rhab
HG_17795 	Anan	Cele	Dcor	Hali	OG00	Pdav	Ppac	Pred	Rhab
HG_24257 	Anan	Cele	Dcor	Hali	OG00	Pdav	Ppac	Pred	Rhab
HG_13826 	Anan	Cele	Dcor	Hali	OG00	Pdav	Ppac	Pred	Psam	Rhab
HG_15553 	Anan	Cele	Dcor	Hali	OG00	Pdav	Ppac	Pred	Psam	Rhab
HG_14601 	Anan	Cele	Dcor	Hali	OG00	Pdav	Ppac	Pred	Psam	Rhab
HG_12672 	Anan	Cele	Dcor	Hali	OG00	Ppac	Pred	Psam	Rhab
HG_29667 	Anan	Cele	Dcor	Hali	OG00	Pdav	Ppac	Pred	Psam
HG_29498 	Anan	Cele	Dcor	Hali	OG00	Pdav	Ppac	Pred	Psam	Rhab
HG_27497 	Anan	Cele	Dcor	Hali	OG00	Ppac	Pred	Psam	Rhab
HG_22889 	Anan	Cele	Dcor	Hali	OG00	Pdav	Ppac	Pred	Psam	Rhab
HG_27561 	Anan	Cele	Dcor	Hali	OG00	Ppac	Pred	Psam	Rhab
HG_18416 	Anan	Cele	Dcor	Hali	OG00	Ppac	Pred	Psam	Rhab
HG_20783 	Anan	Cele	Dcor	Hali	OG00	Ppac	Pred	Psam	Rhab
HG_29713 	Anan	Cele	Dcor	Hali	OG00	Pdav	Ppac	Pred	Rhab
HG_29544 	Anan	Cele	Dcor	Hali	OG00	Ppac	Pred	Psam	Rhab
HG_29680 	Anan	Cele	Dcor	Hali	OG00	Ppac	Pred	Psam	Rhab
HG_25816 	Anan	Cele	Dcor	Hali	OG00	Pdav	Ppac	Pred	Psam	Rhab
HG_27479 	Anan	Cele	Dcor	Hali	OG00	Pdav	Ppac	Pred	Psam	Rhab
HG_27543 	Anan	Cele	Dcor	Hali	OG00	Pdav	Ppac	Pred	Rhab
HG_22935 	Anan	Cele	Dcor	Hali	OG00	Pdav	Ppac	Pred	Psam
HG_21781 	Anan	Cele	Dcor	Hali	OG00	Pdav	Ppac	Pred	Psam	Rhab
HG_24252 	Anan	Cele	Dcor	Hali	OG00	Pdav	Ppac	Pred	Psam	Rhab
HG_10635 	Anan	Cele	Dcor	Hali	OG00	Pdav	Ppac	Pred	Psam	Rhab
HG_29662 	Anan	Cele	Dcor	Hali	OG00	Pdav	Ppac	Pred	Psam	Rhab
HG_29493 	Anan	Cele	Dcor	Hali	OG00	Pdav	Ppac	Pred	Psam	Rhab
HG_25765 	Anan	Cele	Dcor	Hali	OG00	Pdav	Ppac	Pred	Psam	Rhab
HG_22917 	Anan	Cele	Dcor	Hali	OG00	Ppac	Pred	Psam	Rhab
HG_27492 	Anan	Cele	Dcor	Hali	OG00	Pdav	Ppac	Pred	Rhab
HG_32194 	Anan	Cele	Dcor	Hali	OG00	Ppac	Pred	Psam	Rhab
HG_32122 	Anan	Cele	Dcor	Hali	OG00	Pdav	Pred	Psam	Rhab
HG_27420 	Anan	Cele	Dcor	Hali	OG00	Pdav	Ppac	Pred	Psam	Rhab
HG_16756 	Anan	Cele	Dcor	Hali	OG00	Pdav	Ppac	Pred	Psam	Rhab
HG_24234 	Anan	Cele	Dcor	Hali	OG00	Pdav	Ppac	Pred	Psam
HG_8377 	Anan	Cele	Dcor	Hali	OG00	Pdav	Ppac	Pred	Psam	Rhab
HG_18411 	Anan	Cele	Dcor	Hali	OG00	Pdav	Ppac	Pred	Psam	Rhab
HG_10343 	Anan	Cele	Dcor	Hali	OG00	Pdav	Ppac	Pred	Psam	Rhab
HG_29508 	Anan	Cele	Dcor	OG00	Pdav	Ppac	Pred	Psam	Rhab
HG_27507 	Anan	Dcor	Hali	OG00	Pdav	Ppac	Pred	Psam	Rhab
HG_25747 	Anan	Cele	Dcor	Hali	OG00	Pdav	Ppac	Pred	Psam	Rhab
HG_27474 	Anan	Cele	Dcor	Hali	OG00	Ppac	Pred	Psam	Rhab
HG_30513 	Cele	Dcor	Hali	OG00	Pdav	Ppac	Pred	Psam	Rhab
HG_32104 	Anan	Cele	Dcor	Hali	OG00	Pdav	Pred	Psam	Rhab
HG_22930 	Anan	Cele	Dcor	Hali	OG00	Pdav	Ppac	Pred	Psam	Rhab
HG_24288 	Anan	Cele	Dcor	Hali	OG00	Pdav	Ppac	Pred	Psam	Rhab
HG_29626 	Anan	Cele	Dcor	Hali	OG00	Pdav	Ppac	Pred	Psam	Rhab
HG_29593 	Anan	Cele	Dcor	Hali	OG00	Pdav	Ppac	Pred	Psam
HG_29521 	Anan	Cele	Dcor	Hali	OG00	Pdav	Ppac	Pred	Psam
HG_27456 	Anan	Cele	Dcor	Hali	OG00	Ppac	Pred	Psam	Rhab
HG_25696 	Anan	Cele	Dcor	Hali	OG00	Pdav	Ppac	Pred	Rhab
HG_19906 	Anan	Cele	Dcor	Hali	OG00	Pdav	Pred	Psam	Rhab
HG_25760 	Anan	Cele	Dcor	Hali	OG00	Pdav	Ppac	Pred	Psam	Rhab
HG_22912 	Anan	Cele	Dcor	Hali	OG00	Pdav	Ppac	Pred	Psam	Rhab
HG_27502 	Anan	Cele	Hali	OG00	Pdav	Ppac	Pred	Psam	Rhab
HG_25742 	Anan	Cele	Dcor	Hali	OG00	Pdav	Ppac	Pred	Psam	Rhab
HG_28180 	Cele	Dcor	Hali	OG00	Pdav	Ppac	Pred	Psam	Rhab
HG_18429 	Anan	Cele	Dcor	Hali	OG00	Pdav	Ppac	Pred	Psam	Rhab
HG_13201 	Anan	Cele	Dcor	Hali	OG00	Pdav	Ppac	Pred	Psam	Rhab
HG_9850 	Anan	Cele	Dcor	Hali	OG00	Ppac	Pred	Psam	Rhab
HG_29693 	Anan	Cele	Dcor	Hali	OG00	Ppac	Pred	Psam	Rhab
HG_25829 	Anan	Cele	Dcor	Hali	OG00	Ppac	Pred	Psam	Rhab
HG_25796 	Anan	Cele	Dcor	Hali	OG00	Ppac	Pred	Psam	Rhab
HG_30498 	Cele	Dcor	Hali	OG00	Pdav	Ppac	Pred	Psam	Rhab
HG_25724 	Anan	Cele	Dcor	Hali	OG00	Ppac	Pred	Psam	Rhab
HG_32153 	Anan	Cele	Dcor	Hali	OG00	Pdav	Ppac	Pred	Psam	Rhab
HG_20778 	Anan	Cele	Dcor	Hali	OG00	Ppac	Pred	Psam	Rhab
HG_21794 	Anan	Cele	Hali	OG00	Pdav	Ppac	Pred	Psam	Rhab
HG_24265 	Anan	Cele	Dcor	Hali	OG00	Pdav	Ppac	Pred	Psam	Rhab
HG_19089 	Anan	Cele	Dcor	Hali	OG00	Pdav	Ppac	Pred	Psam	Rhab
HG_13391 	Anan	Cele	Dcor	Hali	OG00	Pdav	Ppac	Pred	Psam	Rhab
HG_6927 	Anan	Cele	Dcor	Hali	OG00	Pdav	Ppac	Pred	Psam	Rhab
HG_29539 	Anan	Cele	Dcor	Hali	OG00	Ppac	Pred	Psam	Rhab
HG_29675 	Anan	Cele	Dcor	Hali	OG00	Pdav	Ppac	Pred	Psam	Rhab
HG_25778 	Anan	Cele	Dcor	Hali	OG00	Pdav	Ppac	Pred	Psam	Rhab
HG_29570 	Anan	Cele	Dcor	Hali	OG00	Ppac	Pred	Psam	Rhab
HG_33392 	Cele	Dcor	Hali	OG00	Pdav	Ppac	Pred	Psam	Rhab
HG_32135 	Anan	Cele	Dcor	Hali	OG00	Ppac	Pred	Psam	Rhab
HG_29657 	Anan	Cele	Dcor	Hali	OG00	Ppac	Pred	Psam	Rhab
HG_29488 	Anan	Cele	Dcor	Hali	OG00	Ppac	Pred	Psam	Rhab
HG_29552 	Anan	Cele	Dcor	Hali	OG00	Ppac	Pred	Psam	Rhab
HG_27487 	Anan	Cele	Dcor	Hali	OG00	Pdav	Ppac	Pred	Psam	Rhab
HG_25824 	Anan	Cele	Dcor	Hali	OG00	Pdav	Ppac	Pred	Psam	Rhab
HG_32253 	Anan	Cele	Dcor	Hali	OG00	Ppac	Pred	Psam	Rhab
HG_25791 	Anan	Cele	Dcor	Hali	OG00	Pdav	Pred	Psam	Rhab
HG_9602 	Anan	Cele	Dcor	Hali	OG00	Pdav	Ppac	Pred	Psam	Rhab
HG_22943 	Anan	Cele	Dcor	Hali	OG00	Pdav	Ppac	Pred	Psam	Rhab
HG_24260 	Anan	Cele	Dcor	Hali	OG00	Pdav	Ppac	Pred	Psam	Rhab
HG_15187 	Anan	Cele	Dcor	Hali	OG00	Pdav	Ppac	Pred	Psam	Rhab
HG_29639 	Anan	Cele	Dcor	Hali	OG00	Pdav	Ppac	Pred	Rhab
HG_29670 	Anan	Cele	Dcor	OG00	Pdav	Ppac	Pred	Psam	Rhab
HG_27533 	Anan	Cele	Dcor	Hali	OG00	Pdav	Ppac	Pred	Psam	Rhab
HG_25773 	Anan	Cele	Dcor	Hali	OG00	Pdav	Ppac	Pred	Psam	Rhab
HG_22892 	Anan	Cele	Dcor	Hali	OG00	Pdav	Ppac	Pred	Psam	Rhab
HG_17813 	Anan	Cele	Dcor	Hali	OG00	Pdav	Ppac	Pred	Rhab
HG_24242 	Anan	Cele	Dcor	Hali	OG00	Pdav	Ppac	Pred	Rhab
HG_17234 	Anan	Cele	Dcor	Hali	OG00	Ppac	Pred	Psam	Rhab
HG_27515 	Anan	Cele	Dcor	Hali	OG00	Pdav	Ppac	Pred	Psam	Rhab
HG_25755 	Anan	Cele	Dcor	Hali	OG00	Ppac	Pred	Psam	Rhab
HG_22907 	Anan	Cele	Dcor	OG00	Pdav	Ppac	Pred	Psam	Rhab
HG_8376 	Anan	Cele	Dcor	Hali	OG00	Pdav	Ppac	Pred	Psam	Rhab
HG_15930 	Anan	Cele	Dcor	OG00	Pdav	Ppac	Pred	Psam	Rhab
HG_25737 	Anan	Cele	Dcor	Hali	OG00	Pdav	Ppac	Pred	Psam
HG_27464 	Anan	Cele	Dcor	Hali	OG00	Pdav	Ppac	Pred	Psam	Rhab
HG_32230 	Anan	Cele	Dcor	Hali	OG00	Pdav	Ppac	Pred	Rhab
HG_22920 	Anan	Cele	Dcor	Hali	OG00	Pdav	Ppac	Pred	Psam	Rhab
HG_29583 	Anan	Cele	Dcor	Hali	OG00	Ppac	Pred	Psam	Rhab
HG_27446 	Anan	Cele	Dcor	Hali	OG00	Pdav	Pred	Psam	Rhab
HG_25750 	Anan	Cele	Dcor	Hali	OG00	Pdav	Ppac	Pred	Psam	Rhab
HG_21789 	Anan	Cele	Dcor	Hali	OG00	Pdav	Pred	Psam	Rhab
HG_8298 	Anan	Cele	Dcor	Hali	OG00	Pdav	Ppac	Pred	Psam	Rhab
HG_24291 	Anan	Cele	Dcor	Hali	OG00	Pdav	Ppac	Pred	Psam	Rhab
HG_35621 	Anan	Cele	Dcor	Hali	OG00	Ppac	Pred	Psam	Rhab
HG_32266 	Anan	Cele	Dcor	Hali	OG00	Ppac	Pred	Psam	Rhab
HG_27564 	Anan	Cele	Dcor	Hali	OG00	Ppac	Pred	Psam	Rhab
HG_22956 	Anan	Cele	Dcor	Hali	OG00	Pdav	Ppac	Pred	Psam	Rhab
HG_25732 	Anan	Cele	Dcor	Hali	OG00	Ppac	Pred	Psam	Rhab
HG_18419 	Anan	Cele	Dcor	Hali	OG00	Pdav	Ppac	Pred	Psam
HG_35603 	Anan	Cele	Dcor	Hali	OG00	Ppac	Pred	Psam	Rhab
HG_29716 	Anan	Cele	Dcor	Hali	OG00	Ppac	Pred	Psam	Rhab
HG_29547 	Anan	Cele	Dcor	OG00	Pdav	Ppac	Pred	Psam	Rhab
HG_29683 	Anan	Cele	Dcor	Hali	OG00	Ppac	Pred	Psam	Rhab
HG_29611 	Anan	Cele	Dcor	Hali	OG00	Ppac	Pred	Psam	Rhab
HG_27546 	Anan	Cele	Dcor	Hali	OG00	Ppac	Pred	Psam	Rhab
HG_9544 	Anan	Cele	Dcor	Hali	OG00	Pdav	Ppac	Pred	Psam	Rhab
HG_19899 	Anan	Cele	Dcor	Hali	OG00	Pdav	Ppac	Pred	Psam	Rhab
HG_22938 	Anan	Cele	Dcor	Hali	OG00	Pdav	Ppac	Pred	Psam	Rhab
HG_25714 	Anan	Cele	Dcor	Hali	OG00	Ppac	Pred	Psam	Rhab
HG_32312 	Anan	Cele	Dcor	Hali	OG00	Pdav	Ppac	Pred	Rhab
HG_27441 	Anan	Cele	Dcor	Hali	OG00	Pdav	Ppac	Pred	Psam	Rhab
HG_12670 	Anan	Cele	Dcor	OG00	Pdav	Ppac	Pred	Psam	Rhab
HG_25768 	Anan	Cele	Dcor	Hali	OG00	Pdav	Ppac	Pred	Rhab
HG_27528 	Anan	Cele	Dcor	Hali	OG00	Pdav	Ppac	Pred	Rhab
HG_29560 	Anan	Cele	Dcor	Hali	OG00	Ppac	Pred	Psam	Rhab
HG_25832 	Anan	Cele	Dcor	Hali	OG00	Pdav	Ppac	Pred	Psam
HG_32261 	Anan	Cele	Dcor	Hali	OG00	Pdav	Ppac	Pred	Rhab
HG_17808 	Anan	Cele	Dcor	Hali	OG00	Pdav	Pred	Psam	Rhab
HG_16759 	Anan	Cele	Dcor	Hali	OG00	Pdav	Ppac	Pred	Psam	Rhab
HG_21766 	Anan	Cele	Dcor	Hali	OG00	Ppac	Pred	Psam	Rhab
HG_24237 	Anan	Cele	Dcor	Hali	OG00	Pdav	Pred	Psam	Rhab
HG_18414 	Anan	Cele	Dcor	Hali	OG00	Pdav	Ppac	Pred	Psam	Rhab
HG_20781 	Anan	Cele	Dcor	Hali	OG00	Pdav	Pred	Psam	Rhab
HG_19092 	Anan	Cele	Dcor	Hali	OG00	Pdav	Ppac	Pred	Psam	Rhab
HG_14348 	Anan	Cele	Dcor	Hali	OG00	Pdav	Ppac	Pred	Psam	Rhab
HG_15195 	Anan	Cele	Dcor	Hali	OG00	Pdav	Ppac	Pred	Rhab
HG_10241 	Anan	Cele	Dcor	Hali	OG00	Pdav	Ppac	Pred	Psam	Rhab
HG_21748 	Anan	Cele	Dcor	Hali	OG00	Pdav	Ppac	Pred	Psam
HG_29660 	Anan	Cele	Dcor	Hali	OG00	Ppac	Pred	Psam	Rhab
HG_19909 	Anan	Cele	Dcor	Hali	OG00	Pdav	Ppac	Pred	Psam	Rhab
HG_27523 	Anan	Cele	Dcor	Hali	OG00	Ppac	Pred	Psam	Rhab
HG_25763 	Anan	Cele	Dcor	Hali	OG00	Pdav	Ppac	Pred	Psam	Rhab
HG_27490 	Anan	Cele	Dcor	Hali	OG00	Pdav	Ppac	Pred	Rhab
HG_32120 	Anan	Cele	Dcor	OG00	Pdav	Ppac	Pred	Psam	Rhab
HG_10341 	Anan	Cele	Dcor	Hali	OG00	Pdav	Ppac	Pred	Psam	Rhab
HG_29578 	Anan	Cele	Dcor	Hali	OG00	Pdav	Ppac	Pred	Psam	Rhab
HG_29642 	Anan	Cele	Dcor	Hali	OG00	Ppac	Pred	Psam	Rhab
HG_9740 	Anan	Cele	Dcor	Hali	OG00	Pdav	Ppac	Pred	Psam
HG_32279 	Anan	Cele	Dcor	Hali	OG00	Ppac	Pred	Psam	Rhab
HG_27505 	Anan	Cele	Dcor	Hali	OG00	Ppac	Pred	Psam	Rhab
HG_20799 	Anan	Cele	Dcor	Hali	OG00	Pdav	Ppac	Pred	Psam	Rhab
HG_24286 	Anan	Cele	Dcor	Hali	OG00	Ppac	Pred	Psam	Rhab
HG_24214 	Anan	Cele	Dcor	Hali	OG00	Pdav	Ppac	Pred	Psam	Rhab
HG_14871 	Anan	Cele	Dcor	Hali	OG00	Pdav	Ppac	Pred	Psam	Rhab
HG_16326 	Anan	Cele	Dcor	Hali	OG00	Pdav	Ppac	Pred	Psam
HG_29696 	Anan	Cele	Dcor	Hali	OG00	Ppac	Pred	Psam	Rhab
HG_29624 	Anan	Cele	Dcor	Hali	OG00	Pdav	Ppac	Pred	Psam	Rhab
HG_25799 	Anan	Cele	Dcor	OG00	Pdav	Ppac	Pred	Psam	Rhab
HG_25727 	Anan	Cele	Dcor	Hali	OG00	Pdav	Ppac	Pred	Psam	Rhab
HG_9806 	Anan	Cele	Dcor	Hali	OG00	Pdav	Ppac	Pred	Psam	Rhab
HG_32292 	Anan	Cele	Dcor	Hali	OG00	Ppac	Pred	Psam	Rhab
HG_22910 	Anan	Cele	Dcor	Hali	OG00	Pdav	Ppac	Pred	Psam	Rhab
HG_24268 	Anan	Cele	Dcor	Hali	OG00	Pdav	Ppac	Pred	Rhab
HG_13394 	Anan	Cele	Dcor	Hali	OG00	Pdav	Ppac	Pred	Psam
HG_32138 	Anan	Dcor	Hali	OG00	Pdav	Ppac	Pred	Psam	Rhab
HG_27436 	Anan	Cele	Dcor	Hali	OG00	Pdav	Ppac	Pred	Psam
HG_27500 	Anan	Cele	Dcor	Hali	OG00	Pdav	Ppac	Pred	Psam	Rhab
HG_21779 	Anan	Cele	Dcor	Hali	OG00	Pdav	Ppac	Pred	Psam	Rhab
HG_18427 	Anan	Cele	Dcor	Hali	OG00	Pdav	Ppac	Pred	Psam	Rhab
HG_15546 	Anan	Cele	Dcor	Hali	OG00	Pdav	Ppac	Pred	Psam	Rhab
HG_12496 	Anan	Cele	Dcor	Hali	OG00	Pdav	Ppac	Pred	Rhab
HG_32256 	Anan	Cele	Dcor	Hali	OG00	Ppac	Pred	Psam	Rhab
HG_25794 	Anan	Cele	Dcor	Hali	OG00	Ppac	Pred	Psam	Rhab
HG_25722 	Anan	Cele	Dcor	Hali	OG00	Pdav	Ppac	Pred	Psam	Rhab
HG_32151 	Anan	Cele	Dcor	Hali	OG00	Ppac	Pred	Psam	Rhab
HG_13012 	Anan	Cele	Dcor	Hali	OG00	Pdav	Ppac	Pred	Psam	Rhab
HG_35529 	Anan	Cele	Dcor	Hali	OG00	Pdav	Ppac	Pred	Psam
HG_35665 	Anan	Cele	Dcor	Hali	OG00	Ppac	Pred	Psam	Rhab
HG_29706 	Anan	Cele	Dcor	Hali	OG00	Pdav	Ppac	Pred	Psam	Rhab
HG_25809 	Anan	Cele	Dcor	Hali	OG00	Pdav	Ppac	Pred	Psam	Rhab
HG_32302 	Anan	Cele	Dcor	Hali	OG00	Ppac	Pred	Psam	Rhab
HG_17816 	Anan	Cele	Dcor	Hali	OG00	Pdav	Ppac	Pred	Psam	Rhab
HG_21774 	Anan	Cele	Dcor	Hali	OG00	Pdav	Pred	Psam	Rhab
HG_18422 	Anan	Cele	Dcor	Hali	OG00	Pdav	Ppac	Pred	Psam	Rhab
HG_17237 	Anan	Cele	Dcor	Hali	OG00	Pdav	Ppac	Pred	Psam	Rhab
HG_29655 	Anan	Cele	Dcor	Hali	OG00	Ppac	Pred	Psam	Rhab
HG_29486 	Anan	Cele	Dcor	Hali	OG00	Pdav	Pred	Psam	Rhab
HG_29550 	Anan	Cele	Dcor	Hali	OG00	Pdav	Ppac	Pred	Psam
HG_25822 	Anan	Cele	Dcor	Hali	OG00	Pdav	Pred	Psam	Rhab
HG_32187 	Anan	Cele	Dcor	Hali	OG00	Pdav	Ppac	Pred	Rhab
HG_22941 	Anan	Cele	Dcor	Hali	OG00	Pdav	Ppac	Pred	Psam	Rhab
HG_21756 	Anan	Cele	Dcor	Hali	OG00	Pdav	Ppac	Pred	Psam
HG_20804 	Anan	Cele	Hali	OG00	Pdav	Ppac	Pred	Psam	Rhab
HG_11111 	Anan	Cele	Dcor	Hali	OG00	Pdav	Ppac	Pred	Psam	Rhab
HG_29637 	Anan	Cele	Dcor	OG00	Pdav	Ppac	Pred	Psam	Rhab
HG_29532 	Anan	Cele	Dcor	Hali	OG00	Pdav	Ppac	Pred	Psam
HG_25804 	Anan	Cele	Hali	OG00	Pdav	Ppac	Pred	Psam	Rhab
HG_19884 	Anan	Cele	Dcor	Hali	OG00	Pdav	Ppac	Pred	Psam	Rhab
HG_22923 	Anan	Cele	Dcor	Hali	OG00	Pdav	Ppac	Pred	Psam	Rhab
HG_24240 	Anan	Cele	Dcor	Hali	OG00	Pdav	Pred	Psam	Rhab
HG_17232 	Anan	Cele	Dcor	Hali	OG00	Pdav	Ppac	Pred	Psam	Rhab
HG_14351 	Anan	Cele	Dcor	Hali	OG00	Pdav	Ppac	Pred	Psam	Rhab
HG_12181 	Anan	Cele	Dcor	Hali	OG00	Pdav	Ppac	Pred	Rhab
HG_35642 	Anan	Cele	Dcor	Hali	OG00	Ppac	Pred	Psam	Rhab
HG_32287 	Anan	Cele	Dcor	Hali	OG00	Ppac	Pred	Psam	Rhab
HG_25753 	Anan	Cele	Dcor	Hali	OG00	Pdav	Ppac	Pred	Psam	Rhab
HG_32215 	Anan	Cele	Dcor	Hali	OG00	Ppac	Pred	Psam	Rhab
HG_21751 	Anan	Cele	Hali	OG00	Pdav	Ppac	Pred	Psam	Rhab
HG_12332 	Anan	Cele	Dcor	Hali	OG00	Pdav	Ppac	Pred	Psam	Rhab
HG_29632 	Anan	Cele	Dcor	Hali	OG00	Ppac	Pred	Psam	Rhab
HG_32269 	Anan	Cele	Dcor	Hali	OG00	Ppac	Pred	Psam	Rhab
HG_25735 	Anan	Cele	Dcor	Hali	OG00	Pdav	Ppac	Pred	Psam	Rhab
HG_23396 	Cele	Dcor	Hali	OG00	Pdav	Ppac	Pred	Psam	Rhab
HG_16316 	Anan	Cele	Hali	OG00	Pdav	Ppac	Pred	Psam	Rhab
HG_29614 	Anan	Cele	Dcor	Hali	OG00	Pdav	Pred	Psam	Rhab
HG_27549 	Anan	Cele	Dcor	OG00	Pdav	Ppac	Pred	Psam	Rhab
HG_25717 	Anan	Cele	Dcor	Hali	OG00	Pdav	Ppac	Pred	Psam	Rhab
HG_27444 	Anan	Cele	Dcor	Hali	OG00	Pdav	Ppac	Pred	Psam	Rhab
HG_32282 	Anan	Cele	Dcor	Hali	OG00	Pdav	Ppac	Pred	Psam
HG_24258 	Anan	Cele	Dcor	Hali	OG00	Ppac	Pred	Psam	Rhab
HG_9032 	Anan	Cele	Dcor	Hali	OG00	Pdav	Ppac	Pred	Psam	Rhab
HG_7427 	Anan	Cele	Dcor	Hali	OG00	Pdav	Ppac	Pred	Psam	Rhab
HG_12022 	Anan	Cele	Dcor	Hali	OG00	Pdav	Ppac	Pred	Psam	Rhab
HG_29668 	Anan	Cele	Dcor	Hali	OG00	Pdav	Ppac	Pred	Rhab
HG_27498 	Anan	Cele	Dcor	Hali	OG00	Ppac	Pred	Psam	Rhab
HG_32264 	Anan	Cele	Dcor	Hali	OG00	Ppac	Pred	Psam	Rhab
HG_21769 	Anan	Cele	Dcor	Hali	OG00	Pdav	Ppac	Pred	Psam	Rhab
HG_20817 	Anan	Cele	Hali	OG00	Pdav	Ppac	Pred	Psam	Rhab
HG_24271 	Anan	Cele	Dcor	Hali	OG00	Pdav	Ppac	Pred	Psam	Rhab
HG_19095 	Anan	Cele	Dcor	Hali	OG00	Pdav	Ppac	Pred	Psam	Rhab
HG_29714 	Anan	Cele	Dcor	Hali	OG00	Ppac	Pred	Psam	Rhab
HG_29545 	Anan	Cele	Dcor	Hali	OG00	Pdav	Ppac	Pred	Psam	Rhab
HG_29681 	Anan	Cele	Dcor	Hali	OG00	Pdav	Ppac	Pred	Psam	Rhab
HG_25817 	Anan	Cele	Dcor	Hali	OG00	Pdav	Pred	Psam	Rhab
HG_27408 	Anan	Cele	Dcor	Hali	OG00	Ppac	Pred	Psam	Rhab
HG_27544 	Anan	Cele	Dcor	Hali	OG00	Ppac	Pred	Psam	Rhab
HG_25712 	Anan	Cele	Dcor	Hali	OG00	Ppac	Pred	Psam	Rhab
HG_32077 	Anan	Cele	Dcor	Hali	OG00	Ppac	Pred	Psam	Rhab
HG_15928 	Anan	Cele	Dcor	Hali	OG00	Pdav	Ppac	Pred	Psam	Rhab
HG_21782 	Anan	Cele	Dcor	Hali	OG00	Ppac	Pred	Psam	Rhab
HG_17791 	Anan	Cele	Dcor	Hali	OG00	Ppac	Pred	Psam	Rhab
HG_29599 	Anan	Cele	Dcor	Hali	OG00	Pdav	Ppac	Pred	Psam
HG_29663 	Anan	Cele	Dcor	Hali	OG00	Ppac	Pred	Psam	Rhab
HG_22918 	Anan	Cele	Dcor	Hali	OG00	Pdav	Pred	Psam	Rhab
HG_32195 	Anan	Cele	Dcor	Hali	OG00	Pdav	Ppac	Pred	Rhab
HG_21764 	Anan	Cele	Dcor	Hali	OG00	Pdav	Ppac	Pred	Psam	Rhab
HG_20812 	Anan	Cele	Dcor	Hali	OG00	Pdav	Ppac	Pred	Psam	Rhab
HG_18412 	Anan	Cele	Dcor	Hali	OG00	Pdav	Ppac	Pred	Psam	Rhab
HG_17227 	Anan	Cele	Dcor	Hali	OG00	Pdav	Ppac	Pred	Psam	Rhab
HG_10754 	Anan	Cele	Dcor	Hali	OG00	Pdav	Ppac	Pred	Psam	Rhab
HG_27508 	Anan	Cele	Dcor	Hali	OG00	Pdav	Ppac	Pred	Rhab
HG_25812 	Anan	Cele	Dcor	Hali	OG00	Ppac	Pred	Psam	Rhab
HG_22931 	Anan	Cele	Dcor	Hali	OG00	Pdav	Ppac	Pred	Psam
HG_24289 	Anan	Cele	Dcor	OG00	Pdav	Ppac	Pred	Psam	Rhab
HG_15923 	Anan	Cele	Dcor	Hali	OG00	Pdav	Ppac	Pred	Psam	Rhab
HG_8724 	Anan	Cele	Dcor	Hali	OG00	Pdav	Ppac	Pred	Psam	Rhab
HG_19410 	Cele	Dcor	Hali	OG00	Pdav	Ppac	Pred	Psam	Rhab
HG_14874 	Anan	Cele	Dcor	Hali	OG00	Pdav	Ppac	Pred	Psam	Rhab
HG_29699 	Anan	Cele	Dcor	Hali	OG00	Pdav	Ppac	Pred	Rhab
HG_29594 	Anan	Cele	Dcor	Hali	OG00	Ppac	Pred	Psam	Rhab
HG_27457 	Anan	Cele	Dcor	Hali	OG00	Ppac	Pred	Psam	Rhab
HG_27521 	Anan	Cele	Dcor	Hali	OG00	Pdav	Ppac	Pred	Psam	Rhab
HG_25761 	Anan	Cele	Dcor	OG00	Pdav	Ppac	Pred	Psam	Rhab
HG_22913 	Anan	Cele	Dcor	Hali	OG00	Pdav	Ppac	Pred	Psam	Rhab
HG_17222 	Anan	Cele	Dcor	Hali	OG00	Ppac	Pred	Psam	Rhab
HG_29609 	Anan	Cele	Dcor	Hali	OG00	Ppac	Pred	Psam	Rhab
HG_29504 	Anan	Cele	Dcor	Hali	OG00	Ppac	Pred	Psam	Rhab
HG_29640 	Anan	Cele	Dcor	Hali	OG00	Pdav	Ppac	Pred	Rhab
HG_27439 	Anan	Cele	Dcor	Hali	OG00	Pdav	Ppac	Pred	Psam	Rhab
HG_27503 	Anan	Cele	Dcor	Hali	OG00	Pdav	Ppac	Pred	Rhab
HG_27470 	Anan	Cele	Dcor	Hali	OG00	Pdav	Pred	Psam	Rhab
HG_32172 	Anan	Cele	Dcor	Hali	OG00	Pdav	Ppac	Pred	Rhab
HG_12837 	Anan	Cele	Dcor	Hali	OG00	Pdav	Ppac	Pred	Psam	Rhab
HG_4603 	Anan	Cele	Dcor	Hali	OG00	Pdav	Ppac	Pred	Psam	Rhab
HG_19100 	Anan	Cele	Dcor	Hali	OG00	Pdav	Ppac	Pred	Psam	Rhab
HG_11378 	Anan	Cele	Dcor	Hali	OG00	Pdav	Ppac	Pred	Psam	Rhab
HG_29694 	Anan	Cele	Dcor	Hali	OG00	Pdav	Ppac	Pred	Psam	Rhab
HG_29622 	Anan	Cele	Dcor	Hali	OG00	Ppac	Pred	Psam	Rhab
HG_27557 	Anan	Cele	Dcor	Hali	OG00	Pdav	Ppac	Pred	Psam	Rhab
HG_27452 	Anan	Cele	Hali	OG00	Pdav	Ppac	Pred	Psam	Rhab
HG_32154 	Anan	Cele	Dcor	Hali	OG00	Ppac	Pred	Psam	Rhab
HG_9304 	Anan	Cele	Dcor	Hali	OG00	Pdav	Ppac	Pred	Psam	Rhab
HG_13015 	Anan	Cele	Dcor	Hali	OG00	Pdav	Ppac	Pred	Psam	Rhab
HG_29604 	Anan	Cele	Dcor	Hali	OG00	Ppac	Pred	Psam	Rhab
HG_25779 	Anan	Cele	Dcor	Hali	OG00	Ppac	Pred	Psam	Rhab
HG_29571 	Anan	Cele	Dcor	Hali	OG00	Ppac	Pred	Psam	Rhab
HG_27434 	Anan	Cele	Dcor	Hali	OG00	Ppac	Pred	Psam	Rhab
HG_32272 	Anan	Cele	Dcor	Hali	OG00	Ppac	Pred	Psam	Rhab
HG_21777 	Anan	Cele	Dcor	Hali	OG00	Pdav	Ppac	Pred	Psam
HG_18425 	Anan	Cele	Dcor	Hali	OG00	Pdav	Ppac	Pred	Psam	Rhab
HG_15544 	Anan	Cele	Dcor	Hali	OG00	Pdav	Ppac	Pred	Rhab
HG_29722 	Anan	Cele	Dcor	Hali	OG00	Pdav	Ppac	Pred	Rhab
HG_29553 	Anan	Cele	Dcor	Hali	OG00	Ppac	Pred	Psam	Rhab
HG_25825 	Anan	Cele	Dcor	Hali	OG00	Pdav	Ppac	Pred	Psam
HG_27488 	Anan	Cele	Dcor	Hali	OG00	Ppac	Pred	Psam	Rhab
HG_27552 	Anan	Cele	Dcor	Hali	OG00	Pdav	Pred	Psam	Rhab
HG_22944 	Anan	Cele	Dcor	OG00	Pdav	Ppac	Pred	Psam	Rhab
HG_25720 	Anan	Cele	Dcor	Hali	OG00	Ppac	Pred	Psam	Rhab
HG_24261 	Anan	Cele	Dcor	Hali	OG00	Pdav	Ppac	Pred	Psam	Rhab
HG_15188 	Anan	Cele	Dcor	Hali	OG00	Pdav	Ppac	Pred	Rhab
HG_29704 	Anan	Cele	Dcor	Hali	OG00	Pdav	Ppac	Pred	Psam
HG_22893 	Anan	Cele	Dcor	Hali	OG00	Pdav	Ppac	Pred	Rhab
HG_17235 	Anan	Cele	Dcor	Hali	OG00	Pdav	Ppac	Pred	Psam	Rhab
HG_29653 	Anan	Cele	Dcor	Hali	OG00	Ppac	Pred	Psam	Rhab
HG_27516 	Anan	Cele	Dcor	Hali	OG00	Pdav	Ppac	Pred	Psam	Rhab
HG_25820 	Anan	Cele	Dcor	Hali	OG00	Pdav	Ppac	Pred	Psam	Rhab
HG_24225 	Anan	Cele	Dcor	Hali	OG00	Pdav	Ppac	Pred	Psam	Rhab
HG_10985 	Anan	Cele	Dcor	Hali	OG00	Pdav	Ppac	Pred	Psam	Rhab
HG_19915 	Anan	Cele	Dcor	Hali	OG00	Pdav	Ppac	Pred	Psam	Rhab
HG_32231 	Anan	Cele	Dcor	Hali	OG00	Pdav	Ppac	Pred	Rhab
HG_19882 	Anan	Cele	Dcor	OG00	Pdav	Ppac	Pred	Psam	Rhab
HG_22921 	Anan	Cele	Dcor	Hali	OG00	Ppac	Pred	Psam	Rhab
HG_16760 	Anan	Cele	Dcor	Hali	OG00	Pdav	Ppac	Pred	Psam	Rhab
HG_16319 	Anan	Cele	Dcor	Hali	OG00	Pdav	Ppac	Pred	Rhab
HG_29689 	Anan	Cele	Dcor	Hali	OG00	Pdav	Pred	Psam	Rhab
HG_29584 	Anan	Cele	Hali	OG00	Pdav	Ppac	Pred	Psam	Rhab
HG_29512 	Anan	Cele	Dcor	Hali	OG00	Pdav	Ppac	Pred	Psam	Rhab
HG_25751 	Anan	Cele	Dcor	Hali	OG00	Ppac	Pred	Psam	Rhab
HG_22903 	Anan	Cele	Dcor	OG00	Pdav	Ppac	Pred	Psam	Rhab
HG_17799 	Anan	Cele	Dcor	Hali	OG00	Pdav	Ppac	Pred	Psam	Rhab
HG_32180 	Anan	Cele	Dcor	Hali	OG00	Ppac	Pred	Psam	Rhab
HG_24220 	Anan	Cele	Dcor	Hali	OG00	Pdav	Ppac	Pred	Rhab
HG_11009 	Cele	Dcor	Hali	OG00	Pdav	Ppac	Pred	Psam	Rhab
HG_29630 	Anan	Cele	Dcor	Hali	OG00	Pdav	Ppac	Pred	Psam	Rhab
HG_27565 	Anan	Cele	Dcor	Hali	OG00	Pdav	Ppac	Pred	Rhab
HG_27460 	Anan	Cele	Dcor	Hali	OG00	Ppac	Pred	Psam	Rhab
HG_24274 	Anan	Cele	Dcor	Hali	OG00	Pdav	Ppac	Pred	Psam	Rhab
HG_19098 	Anan	Cele	Dcor	Hali	OG00	Pdav	Ppac	Pred	Psam
HG_29717 	Anan	Cele	Dcor	Hali	OG00	Ppac	Pred	Psam	Rhab
HG_29548 	Anan	Cele	Dcor	Hali	OG00	Ppac	Pred	Psam	Rhab
HG_29684 	Anan	Cele	Dcor	Hali	OG00	Pdav	Ppac	Pred	Psam
HG_29612 	Anan	Cele	Dcor	Hali	OG00	Ppac	Pred	Psam	Rhab
HG_32313 	Anan	Cele	Dcor	OG00	Pdav	Ppac	Pred	Psam	Rhab
HG_32280 	Anan	Cele	Dcor	Hali	OG00	Ppac	Pred	Psam	Rhab
HG_17794 	Anan	Cele	Dcor	Hali	OG00	Pdav	Ppac	Pred	Rhab
HG_13825 	Anan	Cele	Dcor	Hali	OG00	Pdav	Ppac	Pred	Psam
HG_15552 	Anan	Cele	Dcor	Hali	OG00	Pdav	Ppac	Pred	Psam	Rhab
HG_29666 	Anan	Cele	Dcor	Hali	OG00	Ppac	Pred	Psam	Rhab
HG_25769 	Anan	Cele	Dcor	Hali	OG00	Pdav	Ppac	Pred	Psam	Rhab
HG_32198 	Anan	Cele	Dcor	Hali	OG00	Ppac	Pred	Psam	Rhab
HG_27560 	Anan	Cele	Dcor	Hali	OG00	Pdav	Ppac	Pred	Psam	Rhab
HG_32262 	Anan	Cele	Dcor	Hali	OG00	Pdav	Ppac	Pred	Rhab
HG_21767 	Anan	Cele	Dcor	OG00	Pdav	Ppac	Pred	Psam	Rhab
HG_24238 	Anan	Cele	Dcor	Hali	OG00	Pdav	Ppac	Pred	Psam
HG_8567 	Anan	Cele	Dcor	Hali	OG00	Pdav	Ppac	Pred	Psam
HG_19093 	Anan	Cele	Dcor	Hali	OG00	Ppac	Pred	Psam	Rhab
HG_14349 	Anan	Cele	Dcor	Hali	OG00	Pdav	Ppac	Pred	Psam	Rhab
HG_29648 	Anan	Cele	Dcor	Hali	OG00	Pdav	Ppac	Pred	Psam	Rhab
HG_29712 	Anan	Cele	Dcor	Hali	OG00	Ppac	Pred	Psam	Rhab
HG_25815 	Anan	Cele	Dcor	Hali	OG00	Pdav	Ppac	Pred	Psam
HG_22934 	Anan	Cele	Dcor	Hali	OG00	Pdav	Ppac	Pred	Psam	Rhab
HG_14877 	Anan	Cele	Dcor	Hali	OG00	Pdav	Ppac	Pred	Rhab
HG_21780 	Anan	Cele	Dcor	Hali	OG00	Pdav	Ppac	Pred	Psam	Rhab
HG_7064 	Anan	Cele	Dcor	Hali	OG00	Pdav	Ppac	Pred	Psam	Rhab
HG_29597 	Anan	Cele	Dcor	Hali	OG00	Pdav	Ppac	Pred	Psam	Rhab
HG_29661 	Anan	Cele	Dcor	Hali	OG00	Pdav	Ppac	Pred	Psam	Rhab
HG_27524 	Anan	Cele	Dcor	Hali	OG00	Pdav	Ppac	Pred	Psam	Rhab
HG_25764 	Anan	Cele	Dcor	Hali	OG00	Ppac	Pred	Psam	Rhab
HG_32226 	Anan	Cele	Dcor	Hali	OG00	Pdav	Ppac	Pred	Rhab
HG_32193 	Anan	Cele	Dcor	Hali	OG00	Ppac	Pred	Psam	Rhab
HG_32121 	Anan	Cele	Dcor	Hali	OG00	Pdav	Pred	Psam	Rhab
HG_9508 	Anan	Cele	Dcor	Hali	OG00	Pdav	Ppac	Pred	Psam
HG_17804 	Anan	Cele	Dcor	Hali	OG00	Pdav	Ppac	Pred	Psam	Rhab
HG_24233 	Anan	Cele	Dcor	Hali	OG00	Pdav	Pred	Psam	Rhab
HG_20810 	Anan	Cele	Dcor	Hali	OG00	Pdav	Ppac	Pred	Psam	Rhab
HG_18410 	Anan	Cele	Dcor	Hali	OG00	Pdav	Ppac	Pred	Psam	Rhab
HG_3386 	Anan	Cele	Dcor	Hali	OG00	Pdav	Ppac	Pred	Psam	Rhab
HG_29507 	Anan	Cele	Dcor	Hali	OG00	Pdav	Ppac	Pred	Psam
HG_29643 	Anan	Cele	Dcor	Hali	OG00	Pdav	Ppac	Pred	Psam	Rhab
HG_27506 	Anan	Cele	Dcor	Hali	OG00	Ppac	Pred	Psam	Rhab
HG_27473 	Anan	Cele	Dcor	Hali	OG00	Ppac	Pred	Psam	Rhab
HG_25810 	Anan	Cele	Dcor	Hali	OG00	Pdav	Ppac	Pred	Psam	Rhab
HG_32175 	Anan	Cele	Dcor	Hali	OG00	Pdav	Pred	Psam	Rhab
HG_30512 	Cele	Dcor	Hali	OG00	Pdav	Ppac	Pred	Psam	Rhab
HG_27401 	Anan	Cele	Dcor	Hali	OG00	Pdav	Ppac	Pred	Psam	Rhab
HG_19890 	Anan	Cele	Dcor	Hali	OG00	Pdav	Ppac	Pred	Psam	Rhab
HG_24287 	Anan	Cele	Dcor	Hali	OG00	Pdav	Pred	Psam	Rhab
HG_29625 	Anan	Cele	Dcor	Hali	OG00	Pdav	Ppac	Pred	Psam	Rhab
HG_29592 	Anan	Cele	Dcor	Hali	OG00	Pdav	Ppac	Pred	Psam	Rhab
HG_27455 	Anan	Cele	Dcor	Hali	OG00	Ppac	Pred	Psam	Rhab
HG_29679 	Anan	Cele	Dcor	Hali	OG00	Ppac	Pred	Psam	Rhab
HG_32139 	Anan	Cele	Dcor	Hali	OG00	Ppac	Pred	Psam	Rhab
HG_27573 	Anan	Cele	Dcor	Hali	OG00	Pdav	Ppac	Pred	Psam	Rhab
HG_25741 	Anan	Cele	Dcor	Hali	OG00	Pdav	Ppac	Pred	Psam
HG_32203 	Anan	Cele	Dcor	OG00	Pdav	Ppac	Pred	Psam	Rhab
HG_20795 	Anan	Cele	Dcor	Hali	OG00	Pdav	Ppac	Pred	Psam	Rhab
HG_15547 	Anan	Cele	Dcor	Hali	OG00	Pdav	Ppac	Pred	Psam
HG_16322 	Anan	Cele	Dcor	Hali	OG00	Pdav	Ppac	Pred	Rhab
HG_12497 	Anan	Cele	Dcor	Hali	OG00	Pdav	Ppac	Pred	Psam	Rhab
HG_29725 	Anan	Cele	Dcor	Hali	OG00	Pdav	Ppac	Pred	Psam	Rhab
HG_29556 	Anan	Cele	Dcor	Hali	OG00	Pdav	Ppac	Pred	Psam
HG_25828 	Anan	Cele	Dcor	OG00	Pdav	Ppac	Pred	Psam	Rhab
HG_29692 	Anan	Cele	Dcor	Hali	OG00	Pdav	Ppac	Pred	Psam	Rhab
HG_29620 	Anan	Cele	Dcor	Hali	OG00	Ppac	Pred	Psam	Rhab
HG_27419 	Anan	Cele	Dcor	Hali	OG00	Pdav	Ppac	Pred	Psam	Rhab
HG_27555 	Anan	Cele	Dcor	Hali	OG00	Pdav	Ppac	Pred	Psam	Rhab
HG_19900 	Anan	Cele	Dcor	Hali	OG00	Pdav	Ppac	Pred	Rhab
HG_24264 	Anan	Cele	Dcor	Hali	OG00	Pdav	Ppac	Pred	Rhab
HG_19088 	Anan	Cele	Dcor	Hali	OG00	Pdav	Ppac	Pred	Psam	Rhab
HG_10237 	Anan	Cele	Dcor	Hali	OG00	Pdav	Ppac	Pred	Rhab
HG_29707 	Anan	Cele	Dcor	Hali	OG00	Pdav	Pred	Psam	Rhab
HG_27537 	Anan	Cele	Dcor	Hali	OG00	Pdav	Ppac	Pred	Psam
HG_25777 	Anan	Cele	Dcor	Hali	OG00	Pdav	Ppac	Pred	Psam	Rhab
HG_27432 	Anan	Cele	Dcor	Hali	OG00	Pdav	Ppac	Pred	Psam	Rhab
HG_24246 	Anan	Cele	Dcor	Hali	OG00	Pdav	Ppac	Pred	Rhab
HG_18423 	Anan	Cele	Dcor	Hali	OG00	Pdav	Ppac	Pred	Psam	Rhab
HG_17238 	Anan	Cele	Dcor	Hali	OG00	Pdav	Ppac	Pred	Rhab
HG_29720 	Anan	Cele	Dcor	Hali	OG00	Pdav	Pred	Psam	Rhab
HG_27519 	Anan	Cele	Dcor	Hali	OG00	Pdav	Ppac	Pred	Psam	Rhab
HG_27486 	Anan	Cele	Dcor	Hali	OG00	Pdav	Ppac	Pred	Psam	Rhab
HG_25823 	Anan	Cele	Dcor	Hali	OG00	Pdav	Ppac	Pred	Psam	Rhab
HG_27550 	Anan	Cele	Dcor	OG00	Pdav	Ppac	Pred	Psam	Rhab
HG_22942 	Anan	Cele	Dcor	Hali	OG00	Pdav	Ppac	Pred	Rhab
HG_21757 	Anan	Cele	Dcor	Hali	OG00	Pdav	Ppac	Pred	Psam	Rhab
HG_24228 	Anan	Cele	Dcor	Hali	OG00	Pdav	Ppac	Pred	Psam	Rhab
HG_19083 	Anan	Cele	Dcor	Hali	OG00	Pdav	Ppac	Pred	Psam	Rhab
HG_11112 	Anan	Cele	Dcor	Hali	OG00	Pdav	Ppac	Pred	Psam	Rhab
HG_29638 	Anan	Cele	Dcor	Hali	OG00	Ppac	Pred	Psam	Rhab
HG_27468 	Anan	Cele	Dcor	Hali	OG00	Pdav	Ppac	Pred	Psam	Rhab
HG_30507 	Cele	Dcor	Hali	OG00	Pdav	Ppac	Pred	Psam	Rhab
HG_27532 	Anan	Cele	Dcor	Hali	OG00	Pdav	Ppac	Pred	Psam	Rhab
HG_25772 	Anan	Cele	Dcor	Hali	OG00	Pdav	Ppac	Pred	Rhab
HG_32234 	Anan	Cele	Dcor	Hali	OG00	Pdav	Ppac	Pred	Psam
HG_22891 	Anan	Cele	Dcor	Hali	OG00	Pdav	Ppac	Pred	Psam	Rhab
HG_17812 	Anan	Cele	Dcor	Hali	OG00	Pdav	Ppac	Pred	Psam	Rhab
HG_21770 	Anan	Cele	Dcor	Hali	OG00	Pdav	Ppac	Pred	Psam
HG_7789 	Anan	Cele	Dcor	Hali	OG00	Pdav	Ppac	Pred	Psam	Rhab
HG_12182 	Anan	Cele	Dcor	Hali	OG00	Pdav	Ppac	Pred	Psam	Rhab
HG_35579 	Anan	Cele	Dcor	Hali	OG00	Pdav	Ppac	Pred	Psam
HG_29651 	Anan	Cele	Dcor	Hali	OG00	Ppac	Pred	Psam	Rhab
HG_32288 	Anan	Cele	Dcor	Hali	OG00	Ppac	Pred	Psam	Rhab
HG_29482 	Anan	Cele	Dcor	Hali	OG00	Ppac	Pred	Psam	Rhab
HG_25754 	Anan	Cele	Dcor	Hali	OG00	Pdav	Ppac	Pred	Psam	Rhab
HG_22906 	Anan	Cele	Dcor	Hali	OG00	Pdav	Ppac	Pred	Psam	Rhab
HG_27481 	Anan	Cele	Dcor	Hali	OG00	Pdav	Ppac	Pred	Rhab
HG_32183 	Anan	Dcor	Hali	OG00	Pdav	Ppac	Pred	Psam	Rhab
HG_32111 	Anan	Cele	Dcor	Hali	OG00	Pdav	Ppac	Pred	Psam
HG_24223 	Anan	Cele	Dcor	Hali	OG00	Pdav	Ppac	Pred	Rhab
HG_18400 	Anan	Cele	Dcor	Hali	OG00	Ppac	Pred	Psam	Rhab
HG_7651 	Anan	Cele	Dcor	Hali	OG00	Pdav	Ppac	Pred	Psam	Rhab
HG_29569 	Anan	Cele	Dcor	Hali	OG00	Pdav	Ppac	Pred	Psam	Rhab
HG_29633 	Anan	Cele	Dcor	Hali	OG00	Pdav	Pred	Psam	Rhab
HG_27568 	Anan	Cele	Dcor	Hali	OG00	Pdav	Ppac	Pred	Psam	Rhab
HG_27463 	Anan	Cele	Dcor	Hali	OG00	Ppac	Pred	Psam	Rhab
HG_23397 	Cele	Dcor	Hali	OG00	Pdav	Ppac	Pred	Psam	Rhab
HG_24277 	Anan	Cele	Dcor	Hali	OG00	Pdav	Ppac	Pred	Psam	Rhab
HG_29582 	Anan	Cele	Dcor	Hali	OG00	Pdav	Ppac	Pred	Psam	Rhab
HG_32147 	Anan	Cele	Dcor	Hali	OG00	Ppac	Pred	Psam	Rhab
HG_27445 	Anan	Cele	Dcor	Hali	OG00	Pdav	Ppac	Pred	Psam	Rhab
HG_17797 	Anan	Cele	Dcor	Hali	OG00	Pdav	Ppac	Pred	Psam
HG_8633 	Anan	Cele	Dcor	Hali	OG00	Pdav	Ppac	Pred	Psam	Rhab
HG_14603 	Anan	Cele	Dcor	Hali	OG00	Pdav	Ppac	Pred	Psam	Rhab
HG_12843 	Anan	Cele	Dcor	Hali	OG00	Pdav	Ppac	Pred	Psam	Rhab
HG_29669 	Anan	Cele	Dcor	Hali	OG00	Ppac	Pred	Psam	Rhab
HG_29564 	Anan	Cele	Dcor	OG00	Pdav	Ppac	Pred	Psam	Rhab
HG_27499 	Anan	Cele	Dcor	Hali	OG00	Pdav	Ppac	Pred	Rhab
HG_32265 	Anan	Cele	Dcor	Hali	OG00	Ppac	Pred	Psam	Rhab
HG_20818 	Anan	Cele	Dcor	Hali	OG00	Ppac	Pred	Psam	Rhab
HG_19096 	Anan	Cele	Dcor	Hali	OG00	Ppac	Pred	Psam	Rhab
HG_15199 	Anan	Cele	Dcor	Hali	OG00	Pdav	Ppac	Pred	Psam	Rhab
HG_29715 	Anan	Cele	Dcor	Hali	OG00	Ppac	Pred	Psam	Rhab
HG_29682 	Anan	Cele	Dcor	OG00	Pdav	Ppac	Pred	Psam	Rhab
HG_25818 	Anan	Cele	Dcor	Hali	OG00	Pdav	Ppac	Pred	Psam	Rhab
HG_27545 	Anan	Cele	Dcor	Hali	OG00	Pdav	Ppac	Pred	Psam	Rhab
HG_19898 	Anan	Cele	Dcor	Hali	OG00	Pdav	Ppac	Pred	Psam	Rhab
HG_27440 	Anan	Cele	Dcor	Hali	OG00	Pdav	Ppac	Pred	Rhab
HG_19078 	Anan	Cele	Dcor	Hali	OG00	Pdav	Ppac	Pred	Psam	Rhab
HG_18431 	Anan	Cele	Dcor	Hali	OG00	Ppac	Pred	Psam	Rhab
HG_10532 	Anan	Cele	Dcor	Hali	OG00	Ppac	Pred	Psam	Rhab
HG_29664 	Anan	Cele	Dcor	Hali	OG00	Ppac	Pred	Psam	Rhab
HG_25767 	Anan	Cele	Dcor	Hali	OG00	Pdav	Pred	Psam	Rhab
HG_22919 	Anan	Cele	Dcor	Hali	OG00	Pdav	Ppac	Pred	Psam	Rhab
HG_25831 	Anan	Cele	Dcor	Hali	OG00	Pdav	Ppac	Pred	Psam	Rhab
HG_24236 	Anan	Cele	Dcor	Hali	OG00	Pdav	Ppac	Pred	Psam
HG_20813 	Anan	Cele	Dcor	Hali	OG00	Ppac	Pred	Psam	Rhab
