HG_81850 	Dpte	OG00	Ptep
HG_54152 	Cscu	OG00	Popi
HG_105864 	Cscu	Dsil	OG01
HG_111619 	Dsil	OG01	Ptep
HG_79427 	Cscu	Dsil	OG00	Ptep
HG_79394 	Cscu	Dsil	OG00
HG_79376 	Cscu	Dsil	OG00	Ptep
HG_28290 	Cscu	Dsil	OG00	Ptep
HG_64305 	Cscu	Dpte	Dsil	OG00	Ptep
HG_79435 	Cscu	Dsil	OG00
HG_79412 	Cscu	Dpte	Dsil	OG00
HG_55340 	Dsil	OG00	Ptep
HG_90903 	OG00	Popi	Ptep
HG_66386 	Dsil	OG00	Ptep
HG_79420 	Cscu	Dsil	OG00
HG_82139 	Dsil	OG00	Ptep
HG_64257 	Cscu	Dsil	OG00
HG_82152 	Dsil	OG00	Popi	Ptep
HG_64303 	Cscu	Dsil	OG00
HG_42219 	Dsil	OG00	Popi	Ptep
HG_13117 	OG00	Popi	Ptep
HG_79395 	Cscu	Dsil	OG00	Ptep
HG_54189 	Cscu	Dpte	Dsil	OG00	Ptep
HG_79359 	Cscu	Dsil	OG00
HG_42222 	Dsil	OG00	Ptep
HG_55328 	Dsil	OG00	Ptep
HG_16939 	Cscu	Dpte	OG00
HG_129762 	OG01	Popi	Ptep
HG_23463 	Cscu	Dsil	OG00	Ptep
HG_11145 	Dsil	OG00	Popi	Ptep
HG_30963 	Dsil	OG00	Ptep
HG_79439 	Cscu	Dsil	OG00	Ptep
HG_9942 	Cscu	Dsil	OG00
HG_54177 	Cscu	OG00	Popi
HG_111465 	Dsil	OG01	Ptep
HG_82166 	Dsil	OG00	Popi	Ptep
HG_82212 	Dsil	OG00	Ptep
HG_64266 	Cscu	OG00	Popi	Ptep
HG_46963 	Cscu	Dsil	OG00	Popi
HG_41535 	Cscu	Dsil	OG00	Popi	Ptep
HG_111409 	Dsil	OG01	Ptep
HG_54180 	Cscu	Dsil	OG00
HG_79401 	Cscu	Dsil	OG00	Ptep
HG_28274 	Cscu	OG00	Popi
HG_79332 	Cscu	Dsil	OG00	Ptep
