HG_81850	OG0081849: Dpte_tr|A0A6P6XRQ5|A0A6P6XRQ5_DERPT Dpte_tr|A0A6P6XT32|A0A6P6XT32_DERPT Ptep_XP_015913760.1
HG_54152	OG0054151: Cscu_XP_023215932.1 Popi_jg45839t1 Popi_jg45840t1 Popi_jg45842t1 Popi_jg45843t1
HG_105864	OG0105863: Cscu_XP_023239030.1 Dsil_XP_049516360.1
HG_111619	OG0111618: Dsil_XP_049512951.1 Ptep_XP_042899690.1
HG_79427	OG0079426: Cscu_XP_023231889.1 Dsil_XP_049527717.1 Ptep_XP_042901569.1
HG_79394	OG0079393: Cscu_XP_023224789.1 Cscu_XP_023224790.1 Dsil_XP_037555860.1
HG_79376	OG0079375: Cscu_XP_023218460.1 Dsil_XP_049521398.1 Ptep_XP_015918162.2
HG_28290	OG0028289: Cscu_XP_023243802.1 Dsil_XP_049516912.1 Ptep_XP_015903832.1 Ptep_XP_015921610.1 Ptep_XP_015921672.1 Ptep_XP_015921685.1 Ptep_XP_015924599.2 Ptep_XP_015926297.1 Ptep_XP_015927062.1 Ptep_XP_042909903.1 Ptep_XP_042913609.1
HG_64305	OG0064304: Cscu_XP_023238156.1 Dpte_tr|A0A6P6Y128|A0A6P6Y128_DERPT Dsil_XP_037580735.1 Ptep_XP_042904332.1
HG_79435	OG0079434: Cscu_XP_023234051.1 Dsil_XP_049517122.1 Dsil_XP_049519778.1
HG_79412	OG0079411: Cscu_XP_023228376.1 Dpte_tr|A0A6P6XNW5|A0A6P6XNW5_DERPT Dsil_XP_037578304.1
HG_55340	OG0055339: Dsil_XP_037560693.1 Dsil_XP_037571381.1 Dsil_XP_037572089.1 Dsil_XP_049511367.1 Ptep_XP_042913218.1
HG_90903	OG0090902: Popi_jg34327t1 Popi_jg34331t1 Ptep_XP_042910846.1
HG_66386	OG0066385: Dsil_XP_037578139.1 Dsil_XP_037578140.1 Ptep_XP_015904534.1 Ptep_XP_015905685.2
HG_79420	OG0079419: Cscu_XP_023230509.1 Dsil_XP_037566758.1 Dsil_XP_037566760.1
HG_82139	OG0082138: Dsil_XP_037575750.1 Dsil_XP_049527434.1 Ptep_XP_015912706.2
HG_64257	OG0064256: Cscu_XP_023218539.1 Cscu_XP_023220761.1 Cscu_XP_023230520.1 Dsil_XP_037567663.1
HG_82152	OG0082151: Dsil_XP_037580295.1 Popi_jg16957t1 Ptep_XP_015905156.1
HG_64303	OG0064302: Cscu_XP_023237713.1 Dsil_XP_037576619.1 Dsil_XP_037577172.1 Dsil_XP_037577173.1
HG_42219	OG0042218: Dsil_XP_037564156.1 Dsil_XP_037564159.1 Dsil_XP_037564162.2 Dsil_XP_049516829.1 Dsil_XP_049518526.1 Popi_jg10205t1 Ptep_XP_042911141.1
HG_13117	OG0013116: Popi_jg20611t1 Popi_jg24074t1 Popi_jg25535t1 Popi_jg29636t1 Popi_jg29637t1 Popi_jg31751t1 Popi_jg31752t1 Popi_jg31753t1 Popi_jg31754t1 Popi_jg31755t1 Popi_jg31756t1 Popi_jg32423t1 Popi_jg32424t1 Popi_jg32425t1 Popi_jg32426t1 Popi_jg32427t1 Popi_jg32428t1 Popi_jg32857t1 Popi_jg38172t1 Popi_jg38173t1 Popi_jg39453t1 Popi_jg39454t1 Popi_jg39455t1 Popi_jg39456t1 Popi_jg39457t1 Popi_jg39458t1 Popi_jg48633t1 Popi_jg48634t1 Popi_jg48635t1 Popi_jg48636t1 Popi_jg48637t1 Popi_jg48828t1 Popi_jg55858t1 Popi_jg812t1 Ptep_XP_015903969.2
HG_79395	OG0079394: Cscu_XP_023224835.1 Dsil_XP_037575527.1 Ptep_XP_021000995.1
HG_54189	OG0054188: Cscu_XP_023242301.1 Dpte_tr|A0A6P6XLF8|A0A6P6XLF8_DERPT Dsil_XP_037571138.1 Dsil_XP_037571203.1 Ptep_XP_015921498.1
HG_79359	OG0079358: Cscu_XP_023216114.1 Cscu_XP_023216120.1 Dsil_XP_049521084.1
HG_42222	OG0042221: Dsil_XP_037567971.1 Dsil_XP_049512878.1 Dsil_XP_049516565.1 Dsil_XP_049517415.1 Dsil_XP_049518644.1 Dsil_XP_049522345.1 Ptep_XP_015927582.1
HG_55328	OG0055327: Dsil_XP_037555098.1 Dsil_XP_037560597.1 Dsil_XP_037567772.1 Dsil_XP_049528883.1 Ptep_XP_015925485.1
HG_16939	OG0016938: Cscu_XP_023209779.1 Cscu_XP_023209813.1 Cscu_XP_023210197.1 Cscu_XP_023211722.1 Cscu_XP_023211755.1 Cscu_XP_023211878.1 Cscu_XP_023211879.1 Cscu_XP_023212068.1 Cscu_XP_023212082.1 Cscu_XP_023215055.1 Cscu_XP_023219885.1 Cscu_XP_023222701.1 Cscu_XP_023223355.1 Cscu_XP_023229257.1 Cscu_XP_023234191.1 Cscu_XP_023237466.1 Cscu_XP_023240250.1 Cscu_XP_023242558.1 Cscu_XP_023242613.1 Cscu_XP_023242635.1 Dpte_tr|A0A6P6XS47|A0A6P6XS47_DERPT Dpte_tr|A0A6P6Y5T2|A0A6P6Y5T2_DERPT
HG_129762	OG0129761: Popi_jg28972t1 Ptep_XP_015930204.2
HG_23463	OG0023462: Cscu_XP_023223855.1 Dsil_XP_037558513.1 Dsil_XP_037564984.1 Dsil_XP_037570558.1 Dsil_XP_037579151.1 Dsil_XP_037581589.1 Dsil_XP_037581619.1 Dsil_XP_037581636.1 Dsil_XP_037582304.1 Dsil_XP_037582399.2 Dsil_XP_049522346.1 Ptep_XP_042900885.1 Ptep_XP_042907217.1 Ptep_XP_042910718.1
HG_11145	OG0011144: Dsil_XP_037565358.1 Dsil_XP_037567364.1 Popi_jg28704t1 Popi_jg9958t1 Ptep_XP_015903737.1 Ptep_XP_015903742.2 Ptep_XP_015903744.1 Ptep_XP_015905076.2 Ptep_XP_015905078.2 Ptep_XP_015905079.2 Ptep_XP_015905251.2 Ptep_XP_015905289.2 Ptep_XP_015919550.2 Ptep_XP_015919559.2 Ptep_XP_015919577.2 Ptep_XP_015919580.1 Ptep_XP_015919582.2 Ptep_XP_015919591.2 Ptep_XP_015920597.2 Ptep_XP_015922047.1 Ptep_XP_015922050.1 Ptep_XP_015922052.1 Ptep_XP_015929906.1 Ptep_XP_015929910.1 Ptep_XP_015931106.2 Ptep_XP_021002113.2 Ptep_XP_021002198.2 Ptep_XP_021003709.2 Ptep_XP_042897864.1 Ptep_XP_042897866.1 Ptep_XP_042900422.1 Ptep_XP_042901488.1 Ptep_XP_042901489.1 Ptep_XP_042901490.1 Ptep_XP_042901502.1 Ptep_XP_042901503.1 Ptep_XP_042901760.1 Ptep_XP_042901972.1 Ptep_XP_042901994.1 Ptep_XP_042901995.1 Ptep_XP_042901998.1 Ptep_XP_042906261.1 Ptep_XP_042906268.1 Ptep_XP_042909352.1 Ptep_XP_042910998.1 Ptep_XP_042912121.1 Ptep_XP_042912122.1 Ptep_XP_042912912.1
HG_30963	OG0030962: Dsil_XP_049515817.1 Ptep_XP_015928801.2 Ptep_XP_042903718.1 Ptep_XP_042904390.1 Ptep_XP_042904393.1 Ptep_XP_042909052.1 Ptep_XP_042911731.1 Ptep_XP_042911810.1 Ptep_XP_042912469.1 Ptep_XP_042913587.1
HG_79439	OG0079438: Cscu_XP_023235486.1 Dsil_XP_037563771.1 Ptep_XP_015906420.1
HG_9942	OG0009941: Cscu_XP_023212234.1 Cscu_XP_023212236.1 Cscu_XP_023212237.1 Cscu_XP_023212238.1 Cscu_XP_023212239.1 Cscu_XP_023212240.1 Cscu_XP_023214049.1 Cscu_XP_023214357.1 Cscu_XP_023214594.1 Cscu_XP_023228627.1 Cscu_XP_023228637.1 Cscu_XP_023232717.1 Cscu_XP_023234498.1 Cscu_XP_023234499.1 Cscu_XP_023234500.1 Cscu_XP_023234502.1 Cscu_XP_023234503.1 Cscu_XP_023234504.1 Cscu_XP_023234505.1 Cscu_XP_023234507.1 Cscu_XP_023234508.1 Cscu_XP_023234509.1 Cscu_XP_023234510.1 Cscu_XP_023234514.1 Cscu_XP_023234515.1 Cscu_XP_023234516.1 Cscu_XP_023234517.1 Cscu_XP_023234518.1 Cscu_XP_023234519.1 Cscu_XP_023239460.1 Cscu_XP_023240574.1 Cscu_XP_023240580.1 Dsil_XP_037558204.1 Dsil_XP_037564673.1 Dsil_XP_037565641.2 Dsil_XP_037570195.1 Dsil_XP_037580090.1 Dsil_XP_037580645.1 Dsil_XP_037580646.1 Dsil_XP_037581110.1 Dsil_XP_037581113.1 Dsil_XP_037581114.2 Dsil_XP_037581125.1 Dsil_XP_037581128.1 Dsil_XP_037581131.1 Dsil_XP_037581150.1 Dsil_XP_037581342.2 Dsil_XP_037581345.1 Dsil_XP_037581346.1 Dsil_XP_037581356.1 Dsil_XP_037581937.1 Dsil_XP_049511383.1 Dsil_XP_049511712.1 Dsil_XP_049512531.1 Dsil_XP_049512535.1 Dsil_XP_049515869.1 Dsil_XP_049519237.1 Dsil_XP_049519247.1 Dsil_XP_049520502.1 Dsil_XP_049520954.1
HG_54177	OG0054176: Cscu_XP_023228729.1 Cscu_XP_023237032.1 Cscu_XP_023237328.1 Popi_jg39655t1 Popi_jg39658t1
HG_111465	OG0111464: Dsil_XP_037563828.1 Ptep_XP_015930976.1
HG_82166	OG0082165: Dsil_XP_049511728.1 Popi_jg52713t1 Ptep_XP_042913787.1
HG_82212	OG0082211: Dsil_XP_049525049.1 Ptep_XP_042907269.1 Ptep_XP_042912468.1
HG_64266	OG0064265: Cscu_XP_023221853.1 Cscu_XP_023228276.1 Popi_jg4473t1 Ptep_XP_042899632.1
HG_46963	OG0046962: Cscu_XP_023233904.1 Dsil_XP_049513419.1 Popi_jg23377t1 Popi_jg23378t1 Popi_jg29565t1 Popi_jg32645t1
HG_41535	OG0041534: Cscu_XP_023212135.1 Dsil_XP_037570611.2 Popi_jg13872t1 Popi_jg23392t1 Ptep_XP_015915386.2 Ptep_XP_042896299.1 Ptep_XP_042908821.1
HG_111409	OG0111408: Dsil_XP_037557211.1 Ptep_XP_015917851.1
HG_54180	OG0054179: Cscu_XP_023236238.1 Dsil_XP_037580783.2 Dsil_XP_049511692.1 Dsil_XP_049511695.1 Dsil_XP_049511696.1
HG_79401	OG0079400: Cscu_XP_023226109.1 Dsil_XP_037563492.1 Ptep_XP_042901106.1
HG_28274	OG0028273: Cscu_XP_023210564.1 Cscu_XP_023210565.1 Cscu_XP_023212376.1 Cscu_XP_023236815.1 Cscu_XP_023241230.1 Cscu_XP_023241232.1 Cscu_XP_023241251.1 Popi_jg54421t1 Popi_jg54422t1 Popi_jg54423t1 Popi_jg7178t1
HG_79332	OG0079331: Cscu_XP_023211728.1 Dsil_XP_049520895.1 Ptep_XP_021003481.1
