HG_53961 	Cqua	Dpul	Hame	OG00	Ppol
HG_18075 	Dapu	Dpul	Nstr	OG00	Pdav	Pesc
HG_7649 	Acar	Amis	Aque	Asin	Bbom	Bbuf	Blan	Bpec	Care	Clup	Cmil	Cmyd	Cpic	Cpla	Cpor	Cser	Ctig	Dapu	Deco	Drer	Ebur	Emac	Ggal	Ggan	Gser	Hsap	Lcha	Leri	Mdom	Muni	Npar	OG00	Oana	Olat	Onil	Pann	Pmag	Pmeg	Pmod	Psin	Pwal	Rbiv	Rimm	Rtem	Sbom	Sorb	Tcar	Tgut	Trub	Ttru	Xlae	Xtro
HG_47495 	Dgal	Dmag	Dpul	OG00	Rimm
HG_12072 	Dmag	Dpul	OG00	Popi	Rsoc
HG_10240 	Anan	Aric	Aste	Bcal	Dapu	Dcar	Dcor	Dgal	Dmag	Dpul	Dste	Emue	Gmae	Hali	Hexe	Nstr	OG00	Pdav	Ppac	Psam	Rota	Rsoc	Rsor	Rvar
HG_37534 	Dgal	Dmag	Dpul	OG00	Pesc
HG_81376 	Dmag	OG00	Rsoc
HG_9666 	Dgal	Dmag	Dpul	Hexe	OG00	Rsoc
HG_30756 	Dapu	Dgal	Dmag	Dpul	Eaff	Hame	Hazt	OG00	Pcla	Ppol	Tcal
HG_439 	Acar	Aequ	Amis	Anan	Aque	Aric	Asin	Aste	Bbom	Bbuf	Blan	Bpec	Care	Cele	Clup	Cmil	Cmyd	Cpic	Cpla	Cpor	Cscu	Cser	Ctel	Ctig	Dapu	Dcar	Dcor	Deco	Dgal	Dgyr	Dmag	Dpul	Drer	Dsil	Eaff	Ebur	Emac	Emue	Gaeg	Ggal	Ggan	Gmae	Gmag	Gser	Hali	Hame	Hazt	Hexe	Hhan	Hrub	Hsap	Lana	Lcha	Leri	Lgig	Llon	Lpol	Mcal	Mdom	Muni	Myes	Npar	Nvec	OG00	Oana	Olat	Onil	Pann	Paus	Pchi	Pdav	Pesc	Pmag	Pmeg	Pmod	Popi	Ppac	Ppel	Ppol	Pred	Psam	Psin	Ptep	Pwal	Rbiv	Rhab	Rimm	Rota	Rsoc	Rsor	Rtem	Rvar	Sbom	Skow	Smar	Sorb	Tcal	Tcar	Tgut	Trub	Ttru	Xlae	Xtro
HG_54518 	Dapu	Dgal	Dmag	Dpul	OG00	Ppol
HG_17482 	Dpul	Lpol	OG00
HG_20288 	Cqua	Cscu	Dapu	Dgal	Dmag	Dpul	Dsil	Eaff	Hame	Hhol	Lpol	OG00	Pchi	Pcla	Ppol	Ptep	Tcal
HG_15176 	Ajap	Anja	Arub	Dgal	Dmag	Gmae	Hhan	OG00	Ptep
HG_51363 	Anan	Cint	Dmag	OG00	Pcau
HG_41917 	Dcar	Dmag	Gmae	Hhol	Nvec	OG00	Tuco
HG_46115 	Bgla	Dmag	Mvul	OG00
HG_2097 	Acal	Ajap	Anan	Aric	Aste	Bner	Cscu	Dcar	Dgal	Dmag	Dpul	Eand	Ebur	Emue	Gaeg	Gmae	Hame	Hexe	Hhan	Hmia	Hrob	Hvul	Mlei	OG00	Pcro	Pdav	Pred	Ptep	Rimm	Rota	Rsoc	Rsor	Smar
HG_42185 	Dpul	Dste	Gmae	Hhol	Nvec	OG00	Tuco
HG_30874 	Dmag	Dpul	Hhan	OG00
HG_109845 	Dmag	Hame	OG01
HG_24987 	Dpol	Dpul	Mmer	OG00	Pesc
HG_65815 	Dmag	Gmae	Hhol	Nvec	OG00
HG_21729 	Ajap	Dmag	Hexe	Hhan	Mvul	OG00	Pcro	Pesc	Rsoc
HG_28064 	Blan	Cscu	Dcar	Dpul	Hhol	Lluy	Mvul	OG00	Pesc	Spha
HG_59790 	Aequ	Aque	Dpul	OG00
HG_12992 	Aequ	Aque	Dpol	Dpul	Emue	Gmag	Mmer	OG00
HG_22061 	Aric	Aste	Dcar	Dmag	Gmae	Hhol	Nstr	OG00	Rota	Rsoc	Rsor
HG_109856 	Dmag	OG01	Rimm
HG_47459 	Dgal	Dmag	Dpul	OG00	Rimm
HG_8034 	Acar	Aequ	Amis	Asin	Bbom	Bbuf	Bcal	Blan	Bpec	Care	Cfra	Cgig	Clup	Cmil	Cmyd	Cpic	Cpla	Cpor	Cqua	Cser	Ctig	Dapu	Dcar	Deco	Dpol	Dpul	Drer	Eaff	Ebur	Emac	Gaeg	Ggal	Ggan	Gmag	Gser	Hazt	Hhan	Hrub	Hsap	Lcha	Leri	Mcor	Mlei	Mmer	Muni	Myes	Npar	OG00	Oana	Obim	Olat	Onil	Pann	Pchi	Pcla	Pesc	Pmag	Pmeg	Pmod	Psin	Pwal	Rbiv	Rsoc	Rtem	Sbom	Sorb	Spha	Tcal	Tcar	Tgut	Trub	Ttru	Xlae	Xtro
HG_47049 	Ctel	Dmag	Dste	Hhol	OG00	Pesc
HG_12172 	Aful	Cscu	Ctel	Dmag	Dste	Echl	Emue	Gmae	Hhol	Nstr	Nvec	OG00	Pcro	Pdav	Tuco
HG_10340 	Anan	Cele	Cscu	Ctel	Dcor	Dpul	Eand	Ebro	Gmae	Hali	Hexe	Hhan	Lgig	Lluy	Mvul	OG00	Oida	Pcau	Pcro	Pdav	Ppac	Pred	Psam	Rhab	Rvar	Smar	Spha	Spur	Tuco
HG_2468 	Aric	Dapu	Dcar	Dgal	Dmag	Dpul	Dste	Hexe	Mlig	Mmer	OG00	Rota	Rsor
HG_30856 	Dgal	Dmag	Dpul	Hame	Hazt	OG00	Pchi	Pcla	Ppol	Tcal
HG_24969 	Dmag	OG00	Ppac	Pwal	Spha
HG_33632 	Ctel	Dapu	Dgal	Dmag	Dpul	OG00
HG_82010 	Dpul	Dste	OG00
HG_28351 	Dapu	Dmag	Dpul	Dsil	OG00
HG_60987 	Anas	Dmag	Dpul	Hazt	OG00
HG_23574 	Dmag	Dpul	OG00	Rimm
HG_23502 	Ctel	Dmag	Dste	Emue	Gmae	Hhol	Nstr	OG00	Tuco
HG_111221 	Dpul	Hman	OG01
HG_111107 	Dpul	Gmae	OG01
HG_54995 	Dmag	OG00	Pcro
HG_54923 	Dgal	OG00	Rimm
HG_46930 	Cscu	Dcar	Dmag	OG00	Rsoc
HG_105778 	Cscu	Dgal	OG01
HG_47472 	Dgal	Lgig	OG00	Ppel
HG_41743 	Dapu	Dgal	Dmag	Dpul	Leri	Nvec	OG00
HG_81217 	Dmag	Emue	OG00
HG_9491 	Acal	Aequ	Cgig	Cqua	Cscu	Ctel	Cuni	Dapu	Dgal	Dmag	Dpol	Dpte	Dpul	Dste	Eaff	Eand	Ebro	Echl	Gaeg	Gmae	Gmag	Hhan	Hhol	Hman	Hrob	Hrub	Hvul	Lgig	Llon	Lluy	Lpol	Mcor	Mmer	Mvul	Myes	Nvec	OG00	Obim	Oida	Pchi	Pcla	Pcro	Pech	Pesc	Popi	Ppel	Ptep	Smar	Spha	Tcal
HG_75225 	Aque	Dpul	OG00
HG_74176 	Ajap	Dmag	OG00
HG_5272 	Acal	Acar	Aequ	Aful	Ajap	Amis	Aque	Aric	Arub	Asin	Aste	Bbom	Bbuf	Bgla	Blan	Bpec	Care	Cgig	Clup	Cmil	Cmyd	Cpic	Cpla	Cpor	Cser	Ctel	Ctig	Cuni	Dcar	Deco	Dgyr	Dmag	Dpol	Drer	Eand	Ebur	Echl	Emac	Emue	Gaeg	Ggal	Ggan	Gmag	Gser	Hhan	Hman	Hrub	Hsap	Hvul	Lana	Lcha	Leri	Lgig	Mcal	Mcor	Mdom	Mlig	Mmer	Muni	Mvul	Myes	Npar	Nvec	OG00	Oana	Oida	Olat	Onil	Pann	Paus	Pcro	Pesc	Pmag	Pmeg	Pmod	Ppel	Psin	Pwal	Rbiv	Rota	Rsoc	Rsor	Rtem	Saro	Sbom	Skow	Sorb	Tcar	Tgut	Trub	Ttru	Xlae	Xtro
HG_17838 	Aque	Aste	Dcar	Dmag	Hmia	Hvul	Mvul	OG00	Obim	Pcro	Rota	Rsoc	Rsor
HG_66216 	Dpul	OG00	Pcro
HG_16958 	Dapu	Dgal	Dmag	Dpul	Dsil	Hhol	OG00	Rimm
HG_54977 	Dmag	Dste	Gmae	Hhol	OG00	Tuco
HG_64215 	Cqua	Dmag	OG00
HG_12715 	Ctel	Dmag	Gmae	Hhol	Hman	Hmed	Hmia	Nstr	Nvec	OG00	Tuco
HG_54462 	Dapu	Dmag	Dpul	OG00	Pcla	Tcal
HG_55037 	Dmag	Dste	Hhol	Nvec	OG00	Tuco
HG_10786 	Dpul	Lgig	Mcal	OG00	Ppel
HG_14137 	Bcal	Dapu	Dpul	OG00	Rvar
HG_350 	Anas	Anja	Aric	Aste	Cele	Dcar	Dmag	Emue	Gmag	Hrob	Lgig	Mlei	OG00	Oida	Pesc	Psam	Rota	Rsoc	Rsor	Skow
HG_6873 	Acar	Ajap	Amis	Asin	Bbom	Bbuf	Bpec	Care	Cint	Clup	Cmil	Cmyd	Cowc	Cpic	Cpla	Cpor	Cser	Ctig	Deco	Dpul	Drer	Dste	Eaff	Ebro	Ebur	Emac	Ggal	Ggan	Gser	Hrob	Hsap	Lcha	Leri	Mdom	Muni	Npar	Nvec	OG00	Oana	Obim	Oida	Olat	Onil	Pann	Pech	Pesc	Pmag	Pmeg	Pmod	Popi	Psin	Pwal	Rbiv	Rimm	Rtem	Sbom	Sorb	Spha	Spur	Tcar	Tgut	Trub	Ttru	Xlae	Xtro
HG_653 	Acal	Acar	Aequ	Ajap	Amis	Anja	Aste	Bbuf	Bcal	Blan	Bner	Cowc	Cpic	Cpor	Cscu	Cser	Dcar	Dmag	Dpul	Drer	Dsil	Eand	Ebur	Lcha	Leri	Lgig	Llon	Mlei	Npar	OG00	Olat	Onil	Paus	Pesc	Pmod	Popi	Ppel	Pwal	Rimm	Rsoc	Rsor	Rtem	Skow	Sorb	Spha	Tcar	Trub	Xlae	Xtro
HG_9991 	Anja	Bcal	Cgig	Dpol	Dpul	Drer	Eaff	Hrub	Lana	Lgig	Llon	Mcal	Mlei	Mmer	OG00	Obim	Olat	Pesc	Pmod	Skow	Spur
HG_37019 	Cfra	Dpul	Dste	Hhol	Nstr	Nvec	OG00
HG_42026 	Dmag	Dpul	Mvul	OG00
HG_65864 	Dmag	Hman	OG00
HG_9516 	Dmag	Mmer	OG00	Paus
HG_23602 	Dpul	Gmag	Hrob	Lluy	Mvul	OG00	Pesc	Pwal
HG_18731 	Dmag	Dpul	OG00	Popi
HG_110013 	Dmag	OG01	Smar
HG_22384 	Dpul	OG00	Popi
HG_15714 	Dmag	Hmia	OG00	Pcro
HG_8415 	Dapu	OG00	Pdav
HG_55291 	Dpul	Hmia	OG00	Pcla	Pcro
HG_55050 	Dmag	Dpol	Emue	OG00	Pwal
HG_41707 	Dapu	Dgal	Dmag	Dpul	Dste	Hhol	OG00	Rimm
HG_81863 	Dpul	OG00	Rimm
HG_33819 	Dmag	Echl	Hhol	Nstr	Nvec	OG00	Tuco
HG_29828 	Aque	Dmag	Dpul	Hhan	OG00
HG_81284 	Dmag	Dste	OG00	Tadh
HG_37032 	Cfra	Dpul	Gmae	Hhol	Nstr	Nvec	OG00	Tuco
HG_65846 	Dmag	OG00	Rota
HG_8956 	Dapu	Dgal	Dmag	Dpul	Gaeg	OG00
HG_33271 	Bpec	Dpul	OG00	Olat	Pmag	Rtem	Trub
HG_111085 	Dpul	Hhan	OG01
HG_17769 	Aful	Cscu	Dpul	Dste	Gmae	Hhol	Nstr	OG00	Pmeg
HG_64282 	Cscu	Dmag	Hhol	Nvec	OG00
HG_17254 	Aque	Aric	Aste	Cfra	Dcar	Dpul	Gmae	Hhol	Lana	Nstr	OG00	Rota	Rsor
HG_16302 	Ajap	Anja	Arub	Cgig	Ctel	Dgal	Dmag	Dste	Hazt	Hhan	Lgig	Lpol	Mmer	OG00	Paus	Pcla	Pesc	Ppel	Ppol	Spur
HG_10886 	Aric	Aste	Bcal	Dcar	Dmag	Hmia	OG00	Pcro	Rota	Rsoc	Rsor
HG_15012 	Dapu	Dgal	Dmag	Dpul	Gmag	OG00	Psam
HG_7170 	Acal	Acar	Aequ	Aful	Amis	Anja	Aque	Aric	Arub	Asin	Aste	Bbom	Bbuf	Bgla	Blan	Bner	Bpec	Care	Cele	Cgig	Clup	Cmil	Cmyd	Cpic	Cpla	Cpor	Cscu	Ctel	Ctig	Cuni	Dapu	Dcar	Deco	Dgal	Dmag	Dpol	Dpul	Dsil	Eaff	Eand	Ebur	Echl	Emac	Emue	Gaeg	Ggal	Ggan	Gmag	Gser	Hhan	Hman	Hrob	Hrub	Hsap	Hvul	Lana	Lcha	Leri	Lgig	Llon	Lluy	Lpol	Mcal	Mcor	Mdom	Mlei	Mlig	Mmer	Muni	Mvul	Myes	Nstr	Nvec	OG00	Oana	Obim	Oida	Olat	Onil	Pann	Paus	Pcau	Pcro	Pesc	Pmag	Pmeg	Pmod	Popi	Ppel	Ppol	Psin	Pwal	Rbiv	Rota	Rsoc	Rsor	Sbom	Skow	Smar	Smed	Sorb	Spur	Tadh	Tcal	Tcar	Tgut	Trub	Ttru	Xtro
HG_52015 	Aque	Dmag	Dpul	OG00
HG_36818 	Bner	Dmag	Dpul	OG00
HG_41551 	Cscu	Dpul	Hhan	OG00	Psam	Rimm
HG_37391 	Dapu	Dgal	Dmag	Dpul	Hhol	Hrub	OG00	Pesc	Spha
HG_109975 	Dmag	Hhol	OG01
HG_65828 	Dmag	Gmae	Nstr	OG00
HG_9479 	Aric	Ctel	Dcar	Dmag	Dpul	Dsil	Dste	Gmae	Hhan	Hhol	Hman	Nstr	Nvec	OG00	Pcau	Pesc	Tadh	Tuco
HG_27671 	Aric	Dapu	Dgal	Dmag	Eaff	Hazt	OG00	Pchi	Rimm	Smar	Tcal
HG_9438 	Anan	Aric	Aste	Bcal	Cint	Dcar	Dpul	Hmia	OG00	Pdav	Rota	Rsoc	Rsor
HG_26550 	Dmag	Dpul	Gmae	Hhol	Hman	Nstr	OG00	Tadh	Tuco
HG_22348 	Dgal	Dpul	Dsil	OG00	Obim	Popi
HG_51768 	Anja	Bner	Dgal	Dpul	OG00
HG_51663 	Anas	Dmag	Dpul	OG00	Ppol
HG_55014 	Dmag	Gmae	Hhol	Hmia	OG00
HG_13370 	Aequ	Dapu	Dgal	Dmag	Dpul	Gmae	Nvec	OG00
HG_10522 	Aequ	Ajap	Amis	Anas	Aque	Bbuf	Blan	Cgig	Clup	Cmil	Dpul	Drer	Eand	Ebur	Emac	Emue	Ggal	Gmae	Hame	Hman	Hsap	Lana	Lgig	Mdom	Mvul	Myes	Nvec	OG00	Oida	Pcau	Pcro	Pesc	Pmeg	Psam	Psin	Rimm	Rota	Rsor	Sbom	Smar	Tcal	Tcar	Tgut	Ttru	Xlae	Xtro
HG_47126 	Dapu	OG00	Pdav
HG_81963 	Dpul	Lgig	OG00	Pchi
HG_36831 	Bner	Dmag	Dpul	Ebro	OG00
HG_81384 	Dmag	Gmae	Hhol	OG00
HG_35236 	Aequ	Ctel	Dapu	OG00	Ptep
HG_33404 	Cfra	Dmag	Gmae	Hmed	Nstr	OG00	Saro
HG_30764 	Dapu	Dpul	Eaff	OG00	Pdav	Rimm
HG_65841 	Dmag	Gmag	OG00
HG_25516 	Acal	Dgal	Dmag	Dpul	OG00
HG_64720 	Dapu	Dgal	Dpul	OG00	Pdav
HG_9300 	Aequ	Ajap	Amis	Anja	Aque	Arub	Asin	Bbom	Bbuf	Care	Cint	Clup	Cmil	Cmyd	Cpic	Cpla	Cpor	Cser	Ctig	Dapu	Deco	Dpul	Drer	Ebro	Echl	Emac	Emue	Gaeg	Ggal	Ggan	Gmag	Gser	Hhan	Hrub	Hsap	Hvul	Lana	Lcha	Leri	Lgig	Lpol	Mcal	Mcor	Mdom	Muni	Myes	Npar	Nvec	OG00	Oana	Pann	Paus	Pcau	Pesc	Pmeg	Ppel	Psin	Pwal	Rbiv	Rtem	Saro	Sbom	Skow	Spur	Tgut	Ttru	Xlae	Xtro
HG_54526 	Dapu	Dgal	Dmag	Dpul	Gmae	OG00
HG_47759 	Dpul	Hhan	OG00
HG_54493 	Dapu	Dgal	Dmag	Dpul	OG00	Pred
HG_16064 	Ctel	Dpul	Gmae	Hhol	Hman	Nstr	Nvec	OG00
HG_47485 	Dgal	Dmag	OG00	Rsor
HG_40635 	Aric	Dcar	Dmag	Hhol	OG00	Rota	Rsor
HG_37660 	Dpul	Hexe	OG00
HG_82005 	Dpul	OG00	Pcro
HG_80004 	Dapu	Dpul	Hexe	OG00
HG_30882 	Dmag	OG00	Pchi
HG_30641 	Cqua	Dapu	Dgal	Dmag	Dpul	Hame	Hazt	OG00	Pchi	Pcla
HG_22994 	Aque	Dmag	Hhan	OG00	Rimm
HG_23569 	Dmag	OG00	Ppac
HG_20857 	Anja	Dapu	Dgal	Dmag	Dpul	OG00
HG_426 	Acar	Ajap	Aste	Bbom	Bbuf	Clup	Cpic	Cpor	Dpul	Emac	Hhan	Hsap	Lcha	Leri	Lgig	Mdom	OG00	Olat	Onil	Paus	Pesc	Pmod	Pwal	Rsoc	Rtem	Sorb	Trub	Xlae	Xtro
HG_19473 	Ctel	Dmag	Echl	Gmae	Hhol	Nstr	OG00	Pcro	Tuco
HG_23223 	Aric	Cowc	Dmag	Gmae	Hhol	Hvul	Nstr	OG00	Pcau	Tuco
HG_16456 	Cfra	Cowc	Ctel	Dpul	Dste	Gmae	Hhol	Nvec	OG00	Pesc	Saro	Tuco
HG_60193 	Aful	Dapu	Dpul	Lpol	OG00
HG_15166 	Aequ	Dapu	Dgal	Dmag	Dpul	Hvul	Nvec	OG00
HG_54370 	Ctel	Dpul	OG00
HG_11502 	Aque	Bbom	Dapu	Dste	Echl	Emue	OG00	Rsoc	Rvar
HG_41979 	Dgal	Dmag	Dpul	OG00	Pcla
HG_11333 	Acar	Ajap	Amis	Asin	Care	Clup	Cmil	Cmyd	Cpic	Cpla	Cser	Ctig	Dapu	Deco	Emac	Ggal	Gser	Hman	Hsap	Lcha	Leri	Mdom	Muni	OG00	Oana	Pann	Pesc	Pmeg	Pred	Psin	Pwal	Rbiv	Rsor	Tcar	Ttru
HG_10148 	Aful	Anan	Aque	Aric	Cscu	Ctel	Dcar	Dmag	Dste	Eaff	Echl	Gmae	Hhol	Hman	Nstr	Nvec	OG00	Saro	Tuco
HG_44650 	Amis	Dpul	OG00
HG_991 	Acal	Acar	Aequ	Aful	Ajap	Amis	Anas	Anja	Aque	Aric	Arub	Asin	Aste	Bbom	Bbuf	Bcal	Bgla	Blan	Bner	Bpec	Care	Cgig	Cint	Clup	Cmil	Cmyd	Cpic	Cpla	Cpor	Cqua	Cscu	Cser	Ctel	Ctig	Cuni	Dapu	Dcar	Deco	Dgal	Dgyr	Dmag	Dpol	Dpte	Dpul	Drer	Dsil	Dste	Eand	Ebro	Ebur	Echl	Emac	Emue	Gaeg	Ggal	Ggan	Gmae	Gmag	Gser	Hame	Hazt	Hexe	Hhan	Hhol	Hman	Hmed	Hmia	Hrob	Hrub	Hsap	Hvul	Lana	Leri	Lgig	Llon	Lluy	Lpol	Mcal	Mcor	Mdom	Mlei	Mlig	Mmer	Muni	Mvul	Myes	Npar	Nvec	OG00	Oana	Obim	Oida	Olat	Onil	Pann	Paus	Pcau	Pchi	Pcla	Pcro	Pech	Pesc	Pmag	Pmeg	Pmod	Popi	Ppel	Ppol	Psam	Psin	Ptep	Pwal	Rbiv	Rimm	Rota	Rsoc	Rsor	Rtem	Rvar	Sbom	Skow	Smar	Smed	Sorb	Spha	Spur	Tadh	Tcar	Tgut	Trub	Ttru	Xlae	Xtro
HG_42175 	Dpul	Hexe	OG00	Rvar
HG_31985 	Aful	Dgal	Dpul	Gmae	Hame	OG00	Obim	Pchi	Pcla	Smar
HG_37232 	Cscu	Dapu	Dgal	Dmag	Dpul	Dste	OG00	Pchi
HG_35336 	Ajap	Dcar	Dmag	Dpul	Lpol	OG00	Rsoc	Tcar
HG_32350 	Anas	Cqua	Dpul	Eaff	Hazt	OG00	Pchi	Pcla	Tcal
HG_65057 	Dapu	Dgal	Dmag	OG00	Tcal
HG_64410 	Ctel	Dmag	Gmae	Hhol	OG00
HG_7875 	Acal	Acar	Aful	Amis	Asin	Bbom	Bbuf	Blan	Bpec	Care	Cfra	Clup	Cmil	Cmyd	Cowc	Cpic	Cpla	Cpor	Cscu	Cser	Ctig	Cuni	Deco	Dpol	Dpul	Drer	Eaff	Ebur	Echl	Emac	Gaeg	Ggal	Ggan	Gmag	Gser	Hhan	Hhol	Hrub	Hsap	Hvul	Lana	Lcha	Leri	Lgig	Lluy	Lpol	Mcal	Mcor	Mmer	Muni	Mvul	Myes	Npar	OG00	Oana	Oida	Olat	Onil	Pann	Paus	Pech	Pmag	Pmod	Ppel	Psin	Ptep	Pwal	Rbiv	Rtem	Saro	Sbom	Skow	Smar	Sorb	Tadh	Tcar	Tgut	Trub	Ttru	Xlae	Xtro
HG_54457 	Dapu	Dgal	Dmag	Dpul	Eaff	OG00
HG_51914 	Aque	Dmag	OG00	Psam
HG_16333 	Anan	Ctel	Dmag	Dste	Gmae	Hhol	Hman	Hmed	Nstr	OG00
HG_47754 	Dpul	OG00	Paus
HG_13621 	Aric	Aste	Ctel	Dcar	Dmag	Gmae	Hhol	Nstr	Nvec	OG00	Pesc	Rota	Rsoc	Tuco
HG_81940 	Dpul	Hazt	OG00
HG_37286 	Ctel	Dmag	Nstr	OG00
HG_31967 	Aful	Cuni	Dpul	Echl	OG00	Oida	Pesc	Saro
HG_28446 	Dmag	Emue	Gmae	Hhol	Nstr	Nvec	OG00	Popi	Tuco
HG_24854 	Cscu	Ctig	Dgal	Ebro	Lcha	Mdom	Muni	Nvec	OG00	Obim	Pchi	Pmeg	Pwal
HG_32332 	Anas	Cqua	Dgal	Eaff	Hame	Hazt	OG00	Pchi	Pcla
HG_64633 	Dapu	Dgal	Dpul	OG00	Obim
HG_28100 	Bner	Cqua	Ctel	Dapu	Dpul	Hhan	OG00	Rimm
HG_22379 	Dpul	Mmer	OG00
HG_20852 	Anja	Dmag	Dpul	Lgig	Lluy	OG00
HG_54913 	Dgal	Dmag	Dpul	Ebro	OG00	Pcro
HG_15676 	Cfra	Cowc	Dmag	Dpul	Dste	Gmae	Hhol	Nstr	Nvec	OG00	Saro	Tadh	Tuco
HG_21258 	Ctel	Dmag	Gmae	Hhol	Nstr	OG00	Pesc
HG_60462 	Ajap	Dmag	Dpul	OG00	Skow
HG_55286 	Dpul	OG00	Pmod
HG_16282 	Aequ	Cgig	Dcar	Dmag	Hhan	Llon	Mmer	OG00	Pesc	Ptep
HG_46856 	Cqua	Dapu	Dgal	Dmag	Hazt	OG00	Pchi
HG_54334 	Ctel	Dmag	Hhol	Hmed	Nstr	OG00
HG_11369 	Aful	Anan	Cscu	Dmag	Dste	Echl	Emue	Gmae	Hhol	Nstr	Nvec	OG00	Pcro	Pesc	Popi	Tadh	Tuco
HG_37573 	Dmag	Gmae	Hhol	Nvec	OG00	Tadh	Tuco
HG_33676 	Dapu	Dgal	Dmag	Dpul	Hhan	Hvul	OG00
HG_75592 	Aque	Dmag	OG00
HG_65872 	Dmag	Gmae	Hhol	Hman	OG00
HG_9185 	Acal	Aful	Aric	Aste	Bcal	Bgla	Blan	Cgig	Cscu	Cuni	Dapu	Dcar	Dgal	Dgyr	Dmag	Dpol	Dpul	Dsil	Eand	Ebro	Echl	Gaeg	Gmag	Hhan	Hhol	Hrub	Lana	Lgig	Llon	Lluy	Lpol	Mcal	Mmer	Mvul	Myes	OG00	Obim	Oida	Paus	Pchi	Pcro	Pesc	Ppel	Psam	Rimm	Rota	Rsoc	Rsor	Smar
HG_32450 	Aque	Dapu	Dgal	Dmag	Dpul	OG00	Spur
HG_24900 	Ctel	Dmag	Dste	Echl	Gmae	Hhol	Nstr	Nvec	OG00	Pesc
HG_14706 	Dgal	Dpul	OG00	Rimm	Smar
HG_61019 	Anas	Cqua	Dpul	OG00
HG_64100 	Cqua	Dmag	OG00
HG_21271 	Dapu	Dmag	Dpul	OG00	Pwal
HG_47549 	Dmag	Gmae	Hhol	Nstr	OG00
HG_7803 	Acal	Acar	Aequ	Aful	Ajap	Amis	Anja	Arub	Asin	Bbom	Bbuf	Bgla	Blan	Bpec	Care	Cfra	Cgig	Clup	Cmil	Cmyd	Cpic	Cpla	Cser	Ctel	Ctig	Cuni	Dapu	Deco	Dgal	Dgyr	Dmag	Dpol	Dpul	Drer	Dste	Eand	Ebro	Ebur	Echl	Emac	Gaeg	Gmae	Gmag	Gser	Hhan	Hhol	Hman	Hmed	Hmia	Hrub	Hsap	Hvul	Lana	Lcha	Leri	Lgig	Llon	Lluy	Mcal	Mcor	Mdom	Mlig	Mmer	Muni	Mvul	Myes	Npar	Nstr	Nvec	OG00	Oana	Obim	Oida	Olat	Onil	Pann	Paus	Pcau	Pech	Pesc	Pmag	Pmeg	Pmod	Popi	Ppel	Pwal	Rbiv	Rimm	Rtem	Saro	Sbom	Skow	Smar	Smed	Sorb	Spha	Spur	Tcar	Trub	Ttru	Xlae	Xtro
HG_47139 	Dapu	Dgal	Dmag	Dpul	Eaff	OG00
HG_6960 	Acar	Amis	Asin	Bbom	Bbuf	Blan	Bpec	Care	Clup	Cmil	Cmyd	Cpic	Cpla	Cpor	Cser	Ctig	Deco	Dmag	Drer	Ebro	Emac	Ggal	Ggan	Gser	Hsap	Leri	Mdom	Muni	Npar	OG00	Oana	Olat	Onil	Pann	Pcau	Pmag	Pmeg	Pmod	Psin	Pwal	Rbiv	Rtem	Sbom	Skow	Sorb	Tcar	Tgut	Trub	Ttru	Tuco	Xlae	Xtro
HG_81976 	Dpul	Hman	Nstr	OG00
HG_35828 	Aque	Dmag	Gmag	OG00	Paus	Pwal	Smar
HG_47170 	Dapu	Dpul	Hman	OG00
HG_37555 	Dmag	Dste	Gmae	Hhol	Nstr	OG00	Tuco
HG_33899 	Dpul	Dste	Gmae	Hhol	Nstr	OG00	Tadh
HG_36603 	Aste	Cowc	Dmag	Dpul	Hhol	Nstr	OG00
HG_6702 	Acal	Acar	Aequ	Aful	Ajap	Amis	Anan	Anas	Anja	Aric	Arub	Asin	Aste	Bbom	Bbuf	Bcal	Bgla	Bner	Bpec	Care	Cfra	Cgig	Cint	Clup	Cmil	Cmyd	Cowc	Cpic	Cpla	Cpor	Cqua	Cscu	Cser	Ctig	Cuni	Dapu	Deco	Dgal	Dmag	Dpol	Dpul	Drer	Dsil	Eaff	Ebro	Ebur	Echl	Emac	Gaeg	Ggal	Ggan	Gmae	Gmag	Gser	Hame	Hazt	Hhan	Hhol	Hrub	Hsap	Hvul	Lana	Lcha	Leri	Lgig	Llon	Lluy	Lpol	Mcal	Mcor	Mdom	Mlei	Mlig	Mmer	Muni	Mvul	Myes	Npar	Nvec	OG00	Oana	Obim	Oida	Olat	Onil	Pann	Paus	Pchi	Pcla	Pech	Pesc	Pmag	Pmeg	Pmod	Popi	Ppel	Psam	Psin	Ptep	Pwal	Rbiv	Rhab	Rimm	Rota	Rsoc	Rsor	Rtem	Rvar	Saro	Sbom	Skow	Sorb	Spha	Spur	Tadh	Tcar	Tgut	Trub	Ttru	Tuco	Xlae	Xtro
HG_6438 	Acal	Acar	Aequ	Aful	Ajap	Amis	Anja	Aric	Asin	Aste	Bbom	Bbuf	Bgla	Blan	Bpec	Care	Cfra	Cgig	Cint	Clup	Cmil	Cmyd	Cpic	Cpla	Cpor	Cscu	Cser	Ctel	Ctig	Cuni	Dapu	Dcar	Deco	Dgal	Dmag	Dpol	Dpul	Drer	Dsil	Eaff	Eand	Ebro	Ebur	Echl	Emac	Gaeg	Ggal	Ggan	Gmae	Gmag	Gser	Hexe	Hhan	Hhol	Hmia	Hrub	Hsap	Hvul	Lana	Lcha	Leri	Lgig	Llon	Lluy	Lpol	Mcal	Mcor	Mdom	Mlei	Mmer	Muni	Mvul	Myes	Npar	Nvec	OG00	Oana	Obim	Oida	Olat	Onil	Pann	Paus	Pcau	Pech	Pesc	Pmag	Pmeg	Pmod	Ppel	Ppol	Psin	Ptep	Pwal	Rbiv	Rimm	Rota	Rsoc	Rsor	Rtem	Rvar	Saro	Sbom	Sorb	Spha	Spur	Tadh	Tcal	Tcar	Tgut	Trub	Ttru	Tuco	Xlae	Xtro
HG_30946 	Dpul	OG00	Ptep	Smar
HG_65718 	Dgal	Dste	Mmer	OG00
HG_65854 	Dmag	Gmae	Hhol	OG00	Tuco
HG_19842 	Aful	Dmag	Dste	Gmae	Hhol	Hman	Nstr	Nvec	OG00	Tuco
HG_18657 	Cfra	Ctel	Dmag	Dste	Gmae	Hhol	Hman	Hrob	Hvul	Nstr	OG00	Pmeg	Saro	Tuco
HG_24680 	Bcal	Dmag	Dpul	OG00	Ptep
HG_16487 	Dapu	Dgal	Dmag	Dpul	OG00	Pchi	Pcla
HG_22302 	Ctig	Dapu	Dgal	Dmag	Dpul	Drer	OG00	Obim	Ptep	Rtem
HG_12244 	Dmag	Mcor	OG00	Pcau
HG_55040 	Dmag	Hame	Mlig	OG00
HG_7354 	Cscu	Dapu	Dgal	Dmag	Dpul	Gmae	Lpol	OG00	Popi	Smed
HG_10412 	Acar	Amis	Anja	Aric	Asin	Aste	Bbuf	Blan	Cgig	Clup	Cmil	Cowc	Cpic	Cpor	Cscu	Ctig	Dgal	Dmag	Dpol	Ebro	Ggal	Hame	Hhan	Hhol	Hrub	Hsap	Lana	Lluy	Mdom	Myes	OG00	Oana	Obim	Oida	Olat	Onil	Paus	Pesc	Pmag	Pmeg	Pmod	Ppol	Psam	Rbiv	Rsoc	Rsor	Sorb	Spur	Tcar	Tgut	Trub	Ttru
HG_111290 	Dpul	Hman	OG01
HG_37537 	Dgal	Dpul	OG00	Pesc
HG_33809 	Dmag	Gmae	Hhol	Hman	Hmed	Nstr	OG00
HG_74981 	Anas	Dpul	OG00	Rsoc
HG_109739 	Dmag	OG01	Pcla
HG_64956 	Dapu	Dmag	Dpul	OG00	Pchi
HG_65836 	Dmag	Echl	Hhol	OG00	Pcau
HG_28495 	Dpul	OG00	Popi
HG_8955 	Dapu	Dgal	Dmag	Dpul	Dsil	Ebur	Gaeg	OG00
HG_66273 	Dpul	OG00	Pmeg	Rota	Rsoc
HG_54898 	Dcor	Dpul	Llon	Mlei	OG00
HG_54488 	Dapu	Dgal	Dmag	Dpul	OG00	Tcal
HG_17380 	Bgla	Ctel	Dapu	Dgal	Dmag	Dpul	Echl	Gmag	Hhan	Hrob	Lana	Lgig	Mcor	Mvul	OG00	Obim	Paus	Pesc
HG_3547 	Acal	Acar	Aful	Ajap	Amis	Anas	Anja	Aric	Arub	Asin	Aste	Bbom	Bbuf	Bgla	Blan	Bpec	Care	Cgig	Cint	Clup	Cmil	Cmyd	Cpic	Cpla	Cpor	Cqua	Cscu	Cser	Ctel	Ctig	Cuni	Dapu	Dcar	Deco	Dgal	Dmag	Dpol	Dpul	Drer	Dste	Eand	Ebro	Ebur	Emac	Gaeg	Ggal	Ggan	Gmae	Gmag	Gser	Hame	Hazt	Hhan	Hrob	Hrub	Hsap	Lana	Lcha	Leri	Lgig	Llon	Lluy	Lpol	Mcal	Mcor	Mdom	Mmer	Muni	Mvul	Npar	OG00	Oana	Obim	Oida	Olat	Onil	Pann	Paus	Pcau	Pchi	Pcla	Pech	Pmag	Pmeg	Pmod	Popi	Ppel	Psin	Ptep	Pwal	Rbiv	Rimm	Rota	Rsoc	Rsor	Rtem	Saro	Sbom	Skow	Sorb	Spur	Tcar	Tgut	Ttru	Tuco	Xlae	Xtro
HG_53262 	Bpec	Dgal	OG00	Pmod
HG_80955 	Dgal	Dste	OG00
HG_10361 	Cscu	Dpul	Nstr	OG00	Rimm
HG_42188 	Dpul	Lana	OG00	Paus	Popi
HG_81392 	Dmag	OG00	Rimm
HG_27597 	Anas	Cqua	Dapu	Dgal	Dmag	Dpul	Hame	Hazt	OG00	Pchi	Pcla
HG_21289 	Dmag	Gmae	Hhol	Hmed	Nstr	OG00	Spha
HG_16410 	Aric	Cfra	Cowc	Dcar	Dmag	Hhol	OG00	Pcau	Pesc
HG_10994 	Aric	Aste	Cfra	Dcar	Dmag	Dpul	Dste	Gmae	Hhol	Nstr	OG00	Rota	Rsoc	Rsor	Tuco
HG_46951 	Cscu	Dapu	Dpul	OG00	Ptep
HG_11633 	Aric	Aste	Bcal	Bpec	Dapu	Dcar	Hexe	Mlei	OG00	Onil	Pann	Paus	Pmag	Pmod	Psam	Rvar	Sorb	Trub
HG_14104 	Aric	Aste	Cfra	Ctel	Dcar	Dmag	Hazt	Hhol	Nstr	OG00	Rota	Rsoc	Rsor	Rvar	Tuco
HG_11328 	Acal	Aful	Ajap	Anja	Bgla	Blan	Cfra	Cscu	Ctel	Cuni	Dmag	Dsil	Ebro	Echl	Gaeg	Hexe	Hhol	Lana	Lgig	Lluy	Lpol	Mcal	Mcor	Mmer	Myes	Nstr	Nvec	OG00	Obim	Oida	Pcau	Pech	Pesc	Popi	Ppel	Ptep	Rvar	Skow	Spha	Spur	Tuco
HG_80494 	Dcar	Dpul	OG00	Rsor
HG_37363 	Dapu	Dgal	Dgyr	Dpol	Dpul	Dste	Hexe	OG00
HG_29644 	Anan	Bner	Dpul	Dste	Echl	Hrob	Lana	Llon	OG00	Pesc
HG_27643 	Aque	Dapu	Dgal	Dmag	Dpul	Eaff	Hazt	OG00	Tcal
HG_1716 	Acar	Aequ	Amis	Asin	Bbom	Bbuf	Blan	Bner	Bpec	Care	Cint	Clup	Cmil	Cmyd	Cpic	Cpla	Cpor	Cser	Ctel	Ctig	Dapu	Deco	Dgyr	Dpol	Drer	Ebro	Ebur	Emac	Ggal	Ggan	Gser	Hhan	Hsap	Hvul	Lcha	Leri	Mcal	Mdom	Mlei	Muni	Npar	Nvec	OG00	Oana	Olat	Onil	Pann	Pmag	Pmeg	Pmod	Popi	Psin	Pwal	Rbiv	Rsoc	Rtem	Sbom	Sorb	Tadh	Tcar	Tgut	Trub	Ttru	Xlae	Xtro
HG_20729 	Aful	Cscu	Ctel	Dpul	Dste	Echl	Gmae	Hhol	Hman	Nstr	OG00	Pesc
HG_54998 	Dmag	OG00	Pcro
HG_8192 	Dapu	Dste	Eand	Ebro	Hhan	Hrob	Mvul	OG00	Popi	Ppol	Rimm	Smar
HG_19104 	Anas	Cqua	Cscu	Dapu	Dgal	Dmag	Dpul	Eaff	Gmae	Hame	Hhol	Lpol	OG00	Pcla	Ptep	Rimm	Tcal
HG_18360 	Aful	Cuni	Dmag	Dsil	Dste	Eand	Ebro	Echl	Hame	Hhan	OG00	Obim	Oida	Tcal
HG_54516 	Dapu	Dgal	Dmag	Dpul	Llon	OG00
HG_20286 	Cqua	Dapu	Dgal	Dmag	Dpul	Eaff	Hame	OG00	Pchi	Pcla	Tcal
HG_53700 	Cgig	Dmag	Myes	OG00	Pesc	Pmod
HG_11615 	Anan	Aric	Aste	Cfra	Cowc	Cscu	Ctel	Dcar	Dmag	Dste	Emue	Gmae	Hhol	Hman	Hmed	Nstr	Nvec	OG00	Rota	Rsoc	Rsor	Saro	Tadh	Tuco
HG_16054 	Cscu	Ctel	Dmag	Dpul	Dste	Gmae	Hhol	Nstr	OG00	Tadh	Tuco
HG_11277 	Dmag	Gmae	Hhol	Hmed	Nstr	Nvec	OG00	Tuco
HG_14053 	Aequ	Aric	Aste	Cowc	Dmag	Dste	Emue	Gmae	Hhol	Nstr	Nvec	OG00	Pmeg	Rota	Rsoc	Rsor	Saro	Tadh	Tuco
HG_12293 	Acal	Aful	Bgla	Cgig	Cuni	Dmag	Dpol	Echl	Gmag	Hhan	Hrub	Lgig	Mcor	Mmer	Myes	OG00	Obim	Oida	Pesc	Ppel	Psam	Spha	Tuco
HG_76928 	Bcal	Dgal	Dpul	OG00
HG_35449 	Anan	Dpul	OG00	Pmod	Psam
HG_42047 	Dmag	Echl	Gmae	Hhol	Nstr	OG00
HG_29762 	Anas	Aric	Dpul	Mmer	OG00	Pesc
HG_25865 	Anja	Dapu	Dmag	Dpul	Dsil	Lluy	OG00
HG_30872 	Dmag	OG00	Rimm
HG_28336 	Cuni	Dmag	Echl	Emue	Gmae	Hhol	Hmia	OG00	Pcro	Spha
HG_24913 	Dapu	Dgal	Dmag	Dpul	Dste	Hame	Lpol	OG00	Tcal
HG_27592 	Anas	Aric	Aste	Dapu	OG00	Rota	Rsoc	Rsor
HG_9359 	Acal	Bgla	Cgig	Ctel	Dgyr	Dmag	Eand	Gmag	Hhan	Hman	Hmed	Hrob	Lluy	Mvul	OG00	Rsoc
HG_8563 	Acar	Amis	Asin	Bbom	Bbuf	Bpec	Care	Clup	Cmil	Cmyd	Cpic	Cpla	Cpor	Cser	Ctig	Deco	Dmag	Drer	Emac	Ggal	Ggan	Hsap	Lcha	Leri	Mdom	Muni	Npar	OG00	Oana	Olat	Pann	Pmag	Pmeg	Pmod	Psin	Pwal	Rbiv	Rtem	Sbom	Sorb	Tcar	Tgut	Trub	Ttru	Xlae	Xtro
HG_22269 	Cscu	Ctel	Dcar	Dpul	Dste	Gmae	Hhol	Nstr	OG00	Pmeg	Rsor	Tuco
HG_22333 	Dcar	Dpul	Gmae	Hhol	Nstr	OG00	Tadh
HG_8258 	Anan	Asin	Aste	Blan	Care	Cmyd	Cser	Dapu	Deco	Dgal	Dmag	Dpul	Drer	Emac	Hexe	Llon	OG00	Pesc	Pmeg	Ppac	Psam	Pwal	Rota	Rsoc	Rsor	Rvar	Smar	Smed
HG_21284 	Dgal	Dmag	Dpul	OG00	Obim
HG_51689 	Anas	Cqua	Dmag	Hame	OG00	Pchi
HG_54465 	Dapu	Dgal	Dmag	Ebur	OG00	Pchi
HG_20163 	Aste	Dapu	Dcar	OG00	Rota	Rsoc	Rsor
HG_47762 	Dpul	Ebro	Gaeg	Gmae	OG00
HG_41969 	Dgal	Dmag	Dpul	Dste	Hrob	Lpol	OG00	Rimm
HG_81989 	Dpul	Gmag	Hrub	OG00
HG_47521 	Dmag	Dpul	OG00	Rsoc
HG_111284 	Dpul	Hhol	OG01
HG_41728 	Dapu	Dgal	Dpul	OG00	Trub
HG_79653 	Ctel	Dpul	Hhol	OG00
HG_42029 	Dmag	Drer	Hhol	OG00	Pmod
HG_42165 	Dpul	OG00	Pchi	Pcla
HG_5769 	Acal	Acar	Aequ	Ajap	Amis	Anas	Anja	Arub	Asin	Bbom	Bbuf	Bgla	Blan	Bpec	Care	Clup	Cmil	Cmyd	Cpic	Cpla	Cpor	Cqua	Cscu	Cser	Ctig	Cuni	Dapu	Deco	Dgal	Dmag	Dpol	Drer	Dsil	Ebro	Ebur	Emac	Gaeg	Ggal	Ggan	Gmag	Gser	Hame	Hazt	Hhan	Hsap	Lana	Lcha	Leri	Lgig	Llon	Lpol	Mcor	Mdom	Mmer	Muni	Npar	OG00	Oana	Obim	Olat	Onil	Pann	Paus	Pchi	Pcla	Pesc	Pmag	Pmeg	Pmod	Ppel	Ppol	Psin	Ptep	Pwal	Rbiv	Rtem	Sbom	Skow	Smar	Sorb	Spha	Spur	Tcar	Tgut	Trub	Ttru	Xlae	Xtro
HG_31903 	Aequ	Dpul	OG00
HG_65867 	Dmag	Hman	OG00
HG_30854 	Dgal	Dmag	Dpul	Gmae	OG00
HG_26389 	Cowc	Ctel	Dmag	Dste	Hman	Nstr	OG00	Pcau	Saro
HG_111093 	Dpul	Nstr	OG01
HG_26453 	Ctel	Dmag	Gmae	Nstr	OG00	Pesc
HG_64641 	Dapu	Dpul	Hhol	Nvec	OG00
HG_63456 	Cfra	Dapu	Dgal	Dpul	OG00
HG_16974 	Dmag	Dpul	Hvul	OG00
HG_17444 	Ctel	Dgal	Dmag	Dpul	Mlei	OG00
HG_54921 	Dgal	Hexe	OG00	Rvar
HG_54583 	Dapu	Dgal	Dmag	Dpul	Hvul	OG00
HG_55294 	Dpul	OG00	Tcal
HG_13378 	Aful	Cscu	Ctel	Dcar	Dmag	Dste	Echl	Gmae	Hhol	Nstr	Nvec	OG00	Popi	Rota	Rsoc	Tadh	Tuco
HG_6990 	Aequ	Blan	Cgig	Dpol	Dpul	Emue	Gaeg	Gmag	Hexe	Hhan	Hrub	Lana	Mcal	Mlig	Mmer	Nvec	OG00	Pesc	Ppel	Rvar	Skow
HG_12562 	Cowc	Dpul	Eand	Gaeg	Mvul	OG00	Ppel	Ptep
HG_55053 	Dmag	Hhol	Nstr	Nvec	OG00
HG_13273 	Ctel	Dmag	Dpul	Dste	Gmae	Hhol	Hman	Nstr	OG00	Popi
HG_340 	Acal	Aequ	Aful	Ajap	Anja	Aric	Arub	Aste	Bcal	Bgla	Blan	Bner	Cgig	Cint	Ctel	Cuni	Dcar	Dgyr	Dpol	Dpul	Eand	Echl	Gaeg	Gmag	Hhan	Hman	Hmed	Hmia	Hrob	Hrub	Hvul	Lana	Lcha	Lgig	Llon	Lluy	Mcal	Mcor	Mlei	Mlig	Mmer	Mvul	Myes	Nvec	OG00	Obim	Oida	Pann	Paus	Pcro	Pech	Pesc	Ppel	Rota	Rsoc	Rsor	Saro	Skow	Smed	Spha	Spur	Tadh	Tuco
HG_33684 	Dapu	Dgal	Dmag	Dpul	Mmer	OG00
HG_32017 	Ajap	Arub	Blan	Dpul	Gmae	Gmag	Llon	Lluy	Mcor	OG00
HG_66286 	Dpul	Eaff	OG00	Tcal
HG_26161 	Arub	Ctig	Dapu	Dgal	Dmag	Emac	Mcal	Nvec	OG00	Obim
HG_8444 	Anan	Dapu	Dgal	Dmag	Dpul	OG00	Saro
HG_52974 	Bgla	Dapu	Dgal	Dpul	OG00
HG_22023 	Aric	Dmag	Dpul	Hmia	OG00
HG_10784 	Dapu	Dgal	Dmag	Dpul	Hvul	OG00
HG_14271 	Acal	Ctel	Cuni	Dgal	Dmag	Dpul	Dste	Echl	Gmae	Gmag	Hame	Hazt	Hhan	Lana	Lgig	Llon	Lluy	Lpol	OG00	Oida	Paus	Pcau	Ppol	Rimm	Smar
HG_12375 	Bcal	Cfra	Cowc	Cscu	Ctel	Dmag	Dste	Ebro	Gmae	Hhol	Hman	Nstr	OG00	Pesc	Saro	Tadh	Tuco
HG_47147 	Dapu	Dmag	Dpul	Hhan	OG00
HG_37668 	Dpul	Mmer	OG00
HG_111032 	Dpul	Emue	OG01
HG_1689 	Acal	Acar	Aful	Ajap	Amis	Anja	Aque	Aric	Arub	Asin	Aste	Bbom	Bgla	Bpec	Care	Cfra	Clup	Cmil	Cmyd	Cpic	Cpla	Cpor	Cser	Ctel	Ctig	Cuni	Dcar	Deco	Dgyr	Dmag	Drer	Dste	Eand	Echl	Emac	Emue	Gaeg	Ggal	Ggan	Gmae	Gmag	Hhol	Hman	Hmed	Hmia	Hrob	Hrub	Hsap	Lcha	Leri	Lluy	Mcor	Mdom	Mlig	Mvul	Npar	Nstr	Nvec	OG00	Oana	Oida	Olat	Onil	Pann	Pcro	Pech	Pesc	Pmag	Pmeg	Pmod	Psin	Pwal	Rbiv	Rota	Rsoc	Rsor	Rtem	Sbom	Skow	Smed	Sorb	Spur	Tadh	Tcar	Tgut	Trub	Ttru	Tuco	Xlae	Xtro
HG_37153 	Cmil	Dapu	Dgal	Dmag	Dpul	Gaeg	OG00	Olat	Rtem
HG_65798 	Dmag	Nvec	OG00	Pcro	Tuco
HG_8985 	Ajap	Anja	Ctel	Dpul	Hhan	Lana	Lcha	Lluy	Mmer	Nstr	OG00	Pesc	Pwal	Spha	Tuco
HG_27602 	Anas	Cscu	Cuni	Dmag	OG00	Pcau	Rsor	Skow
HG_9272 	Acal	Acar	Aequ	Ajap	Amis	Anas	Arub	Asin	Bbom	Bbuf	Bgla	Blan	Care	Clup	Cmil	Cmyd	Cowc	Cpic	Cpor	Cqua	Cscu	Cser	Ctel	Ctig	Dapu	Deco	Dpol	Dpul	Echl	Emac	Ggan	Gmag	Gser	Hame	Hexe	Hhan	Hrub	Hsap	Llon	Lpol	Mdom	Mmer	Muni	Myes	Npar	Nvec	OG00	Oana	Pann	Pchi	Pcla	Pcro	Pmeg	Popi	Psin	Pwal	Rbiv	Rimm	Rtem	Sbom	Spur	Tcar	Ttru	Xlae	Xtro
HG_66268 	Dpul	Dste	OG00	Tuco
HG_61314 	Aque	Dcar	Dmag	OG00
HG_17303 	Aric	Aste	Dcar	Dmag	Dste	Hman	OG00	Rota	Rsoc	Rsor
HG_22310 	Dapu	Dmag	Dpul	Mvul	OG00
HG_16423 	Aste	Dcar	Dpul	Emue	Hexe	OG00	Pwal	Rota	Rsoc
HG_47539 	Dmag	Hman	Nstr	OG00
HG_8130 	Acal	Acar	Aequ	Aful	Ajap	Amis	Anas	Anja	Aque	Arub	Asin	Bbom	Bbuf	Bgla	Blan	Bpec	Care	Clup	Cmil	Cmyd	Cowc	Cpic	Cpla	Cpor	Cqua	Ctel	Ctig	Cuni	Dapu	Deco	Dgal	Dgyr	Dmag	Dpol	Dpul	Drer	Eaff	Eand	Ebro	Emac	Gaeg	Ggal	Gmae	Gmag	Gser	Hazt	Hhan	Hman	Hmed	Hmia	Hrub	Hsap	Hvul	Lana	Lcha	Leri	Lgig	Llon	Lpol	Mcor	Mdom	Mmer	Muni	Mvul	Npar	Nvec	OG00	Oana	Obim	Oida	Olat	Onil	Pann	Paus	Pchi	Pcla	Pmag	Pmeg	Pmod	Ppel	Ppol	Psin	Pwal	Rimm	Rtem	Sbom	Skow	Smar	Sorb	Spur	Tadh	Tcal	Tcar	Tgut	Trub	Ttru	Xlae	Xtro
HG_81315 	Dmag	Hhol	OG00	Rota
HG_33648 	Dapu	Dgal	Dmag	Dpul	Nstr	OG00
HG_33784 	Dgal	Dmag	Dpul	Hame	Hexe	OG00	Ppol	Ptep	Rvar
HG_35375 	Ajap	Dpul	Hhan	Lgig	OG00	Psam	Rimm
HG_81041 	Dgal	Dpul	OG00	Smed
HG_63843 	Cmil	Dpul	OG00
HG_54939 	Dgal	Dmag	Dpul	Dsil	OG00
HG_66281 	Dpul	Hmia	OG00
HG_21822 	Aque	Blan	Cint	Dmag	Dpul	Emue	Nstr	OG00	Saro	Skow
HG_18711 	Dapu	Dcar	Dgal	Dpul	OG00
HG_25004 	Dpul	Lluy	OG00	Popi
HG_54970 	Dmag	Gmae	OG00	Smar
HG_11628 	Aric	Aste	Blan	Bner	Dcar	Dmag	Eaff	Hhol	Mcal	Nstr	OG00	Paus	Pesc	Rota	Rsoc	Rsor	Skow
HG_54424 	Dapu	Dgal	Dmag	Dpul	Dste	OG00
HG_55271 	Dpul	Hhan	OG00
HG_47552 	Dmag	Dpul	Hame	Hhol	OG00	Rimm
HG_10169 	Dpul	Mvul	OG00	Sorb	Tgut
HG_29775 	Anja	Ctel	Dmag	Lluy	OG00	Sorb
HG_30885 	Dmag	Gmae	Hhol	Hman	Nstr	OG00
HG_33661 	Dapu	Dgal	Dmag	Dpul	OG00	Ppol
HG_27228 	Acal	Dmag	Echl	Hhan	Mmer	Mvul	Nvec	OG00	Rsoc	Smar
HG_110037 	Dmag	OG01	Rimm
HG_16764 	Anas	Dgal	Dmag	Dpul	OG00
HG_13916 	Dmag	OG00	Rvar
HG_16490 	Dapu	Dgal	Dmag	Dpul	Emue	OG00	Pcro	Popi
HG_11882 	Aequ	Aful	Aric	Bgla	Cuni	Dcor	Dgal	Dpol	Dste	Eand	Echl	Gaeg	Gmag	Hman	Hmed	Hrob	Hrub	Hvul	Mvul	OG00	Pdav	Ppac	Ppel	Psam	Rota	Rsoc	Tcal
HG_51597 	Anan	Dapu	Dgal	Dmag	Dpul	OG00
HG_44927 	Anas	Dmag	Lluy	OG00	Obim
HG_54301 	Ctel	Dmag	Dste	Gmae	Nstr	OG00
HG_6793 	Acal	Aequ	Aful	Anja	Aque	Aric	Arub	Aste	Bbom	Bbuf	Bcal	Bgla	Blan	Bner	Cgig	Cint	Ctel	Cuni	Dcar	Dgyr	Dpol	Dpul	Eand	Echl	Gaeg	Gmag	Hhan	Hmia	Hrub	Lana	Lcha	Lgig	Llon	Lluy	Mcal	Mcor	Mlei	Mlig	Mmer	Npar	Nvec	OG00	Obim	Oida	Pann	Paus	Pcro	Pech	Pesc	Ppel	Pwal	Rbiv	Rota	Rsoc	Rsor	Rtem	Saro	Sbom	Skow	Smed	Spur	Tadh	Xlae	Xtro
HG_47196 	Dapu	Dgal	Dmag	Dpul	Eand	OG00
HG_47124 	Dapu	Dgal	Dmag	Dpul	Eaff	OG00	Tcal
HG_41636 	Ctel	Dmag	Gmae	Hhol	OG00	Tadh	Tuco
HG_111320 	Dpul	OG01	Pred
HG_41700 	Dapu	Dgal	Dmag	Dpul	OG00	Ptep
HG_37540 	Dgal	Dmag	Dpul	Gmae	Mcor	Mvul	OG00	Popi	Smar
HG_37235 	Cscu	Dpul	Gmae	Hhol	Nstr	OG00	Tuco
HG_81382 	Dmag	Mvul	OG00
HG_35780 	Aque	Dpul	OG00	Rimm
HG_75423 	Aque	Dapu	Dpul	OG00
HG_109775 	Dmag	Nstr	OG01
HG_64928 	Dapu	Dgal	Dpul	OG00	Pcro
HG_30762 	Dapu	Dgal	Dpul	Lpol	OG00	Pwal
HG_26466 	Ctel	Dmag	Dste	Gmae	Hhol	Nstr	OG00	Pesc
HG_21689 	Aequ	Amis	Dmag	Leri	Lluy	Lpol	OG00	Pmeg	Pmod	Ppel	Pwal	Rimm	Saro	Skow
HG_19458 	Cscu	Ctel	Dmag	Dste	Echl	Emue	Gmae	Hhol	Hmed	Nstr	Nvec	OG00	Spha	Tuco
HG_110059 	Dmag	Nvec	OG01
HG_54934 	Dgal	Hazt	OG00	Ppol
HG_54629 	Dcar	Dmag	OG00	Rsoc
HG_61363 	Aque	Dmag	OG00
HG_54524 	Dapu	Dgal	Dmag	Dpul	Dste	OG00
HG_20294 	Cscu	Dapu	Dpul	Gmag	Hhan	Nstr	OG00	Rvar
HG_47757 	Dpul	Hrob	OG00
HG_15215 	Anja	Ctel	Dpul	Hhan	OG00	Paus	Pwal
HG_54355 	Ctel	Dpul	OG00
HG_45756 	Aric	Dapu	Dgal	Dpul	OG00	Rsor
HG_7146 	Acar	Aequ	Aful	Amis	Arub	Asin	Bbom	Bbuf	Bgla	Blan	Bpec	Care	Clup	Cmil	Cmyd	Cpic	Cpla	Cpor	Cscu	Cser	Ctel	Ctig	Cuni	Dapu	Deco	Dmag	Drer	Eand	Ebro	Ebur	Echl	Emac	Gaeg	Ggal	Ggan	Gmag	Gser	Hhan	Hrub	Hsap	Lana	Lcha	Leri	Llon	Mcor	Mdom	Muni	Npar	OG00	Oana	Oida	Olat	Onil	Pann	Pcau	Pchi	Pesc	Pmag	Pmeg	Pmod	Popi	Psin	Pwal	Rbiv	Rtem	Sbom	Sorb	Spur	Tcar	Tgut	Trub	Ttru	Xlae	Xtro
HG_41754 	Dapu	Dgal	Dmag	Hrub	OG00	Ppol
HG_81364 	Dmag	Nstr	OG00
HG_9848 	Aequ	Dgal	Llon	OG00	Pcau	Pcla
HG_82003 	Dpul	Gmag	OG00
HG_9292 	Acar	Dapu	Dmag	Dpul	OG00
HG_24857 	Cscu	Dmag	Dste	Ebro	Hvul	Lana	OG00	Obim	Pdav	Psam	Ptep
HG_30880 	Dmag	Dste	Hmia	OG00	Pcau
HG_29360 	Aequ	Dmag	Hhol	Hvul	Nvec	OG00	Pdav
HG_16969 	Dgal	Dmag	Dpul	Eand	Gmae	Hvul	OG00
HG_111151 	Dpul	OG01	Psam
HG_18350 	Aequ	Anan	Dapu	Dgal	Dpul	OG00
HG_14694 	Cscu	Dapu	Dsil	Lpol	OG00	Popi
HG_55289 	Dpul	Hhol	Hman	OG00
HG_52505 	Aric	Aste	Dmag	OG00	Rota
HG_11436 	Acal	Aful	Anja	Aric	Aste	Bgla	Cowc	Ctel	Dcar	Dpol	Dpul	Echl	Gaeg	Gmag	Hhan	Hrub	Lgig	Mcal	Mcor	Mmer	Myes	OG00	Oida	Pesc	Ppel	Rota	Rsoc	Rsor	Saro	Skow
HG_11500 	Aque	Bbom	Dmag	Drer	Eand	Hrob	Hvul	Mvul	OG00
HG_47191 	Dapu	Dgal	Dpul	Emue	Mlei	OG00
HG_37576 	Dmag	Dsil	Hame	Lana	Llon	OG00	Rsor
HG_31983 	Aful	Dpul	Hhol	OG00	Tuco
HG_9399 	Dmag	Dpul	Emue	Hhan	OG00
HG_81000 	Dgal	Dmag	OG00	Rimm
HG_28052 	Bcal	Cint	Dapu	Dgal	Dmag	Dpol	Dpul	Gmag	Hrob	Llon	OG00	Rimm
HG_8386 	Acal	Aequ	Aful	Ajap	Anja	Aque	Aric	Arub	Bgla	Blan	Cgig	Cint	Cqua	Ctel	Cuni	Dgyr	Dpol	Dpul	Eaff	Eand	Ebro	Echl	Emue	Gaeg	Gmag	Hhan	Hrub	Hvul	Lana	Lgig	Llon	Lluy	Mcal	Mcor	Mlei	Mmer	Mvul	Myes	Nvec	OG00	Oida	Paus	Pcro	Pesc	Ppel	Rota	Rsoc	Rsor	Saro	Skow	Smed	Spur	Tcal
HG_110123 	Dmag	Gmae	OG01
HG_20732 	Ajap	Anan	Aque	Dcor	Dpul	Hexe	OG00	Paus	Ppac	Pred	Rsoc
HG_54455 	Dapu	Dgal	Dmag	Dpul	OG00	Rimm
HG_81874 	Dpul	OG00	Pcro
HG_81223 	Dmag	Gmae	OG00
HG_30844 	Dcor	Dpol	Dpul	Gmag	Hrub	OG00
HG_25563 	Acar	Cmil	Ctel	Dpul	Ebro	Hexe	Hrub	Mvul	OG00	Rimm	Rota
HG_16795 	Aque	Bcal	Dpul	Eand	Emue	Hhan	Mvul	OG00	Pcro	Pesc	Pwal	Rimm
HG_16723 	Aful	Cscu	Ctel	Dmag	Dpul	Dste	Gmae	Hhol	Hman	Nstr	OG00	Popi	Tuco
HG_54911 	Dgal	OG00	Popi
HG_61340 	Aque	Dgal	Dpul	OG00
HG_54501 	Dapu	Dgal	Dmag	Dpul	OG00	Rvar
HG_55284 	Dpul	Eaff	OG00
HG_13368 	Aequ	Anja	Bner	Cint	Cmil	Cpor	Cser	Ctel	Cuni	Dpul	Dste	Eaff	Ebro	Echl	Hhan	Hvul	Lluy	Mmer	OG00	Oida	Pcau	Psin	Skow	Spha	Spur	Tcar	Tuco
HG_12721 	Dapu	Dgal	Dpul	Hmia	OG00
HG_47565 	Dmag	Dsil	Hman	Hmed	Mvul	OG00
HG_3613 	Acar	Aequ	Amis	Anan	Aque	Aric	Arub	Asin	Aste	Bbom	Bbuf	Bcal	Blan	Bpec	Care	Cele	Cfra	Clup	Cmil	Cmyd	Cowc	Cpic	Cpor	Cser	Ctel	Ctig	Dcar	Dcor	Deco	Dgyr	Dmag	Dste	Eand	Emac	Emue	Ggal	Ggan	Gmae	Gser	Hali	Hhol	Hman	Hmed	Hrob	Hsap	Lana	Lcha	Leri	Lluy	Mcal	Mdom	Muni	Mvul	Npar	Nstr	Nvec	OG00	Oana	Obim	Olat	Onil	Pann	Pcau	Pdav	Pech	Pesc	Pmag	Pmeg	Pmod	Pred	Psam	Psin	Pwal	Rbiv	Rhab	Rota	Rsoc	Rsor	Rtem	Rvar	Saro	Sbom	Skow	Sorb	Spha	Tadh	Tcar	Tgut	Trub	Ttru	Tuco	Xlae	Xtro
HG_41972 	Dgal	Dpul	Ebro	OG00
HG_110156 	Dmag	Echl	OG01
HG_2641 	Acal	Acar	Aequ	Aful	Ajap	Amis	Anas	Anja	Aque	Arub	Asin	Bbom	Bbuf	Bgla	Blan	Bner	Bpec	Care	Cfra	Cgig	Cint	Clup	Cmil	Cmyd	Cowc	Cpic	Cpla	Cpor	Cqua	Cser	Ctel	Cuni	Dapu	Deco	Dgal	Dgyr	Dmag	Dpol	Dpul	Drer	Dste	Eaff	Eand	Ebro	Ebur	Echl	Emac	Emue	Gaeg	Ggal	Ggan	Gmae	Gmag	Gser	Hame	Hhan	Hman	Hmed	Hmia	Hrob	Hrub	Hsap	Hvul	Lana	Lcha	Leri	Lgig	Llon	Lluy	Mcal	Mcor	Mdom	Mlei	Mlig	Mmer	Muni	Mvul	Myes	Npar	Nstr	Nvec	OG00	Oana	Oida	Olat	Onil	Pann	Paus	Pcau	Pchi	Pcla	Pcro	Pech	Pesc	Pmag	Pmeg	Pmod	Ppel	Ppol	Psam	Psin	Pwal	Rbiv	Rota	Rsor	Rtem	Saro	Sbom	Skow	Sorb	Spur	Tadh	Tcal	Tcar	Tgut	Trub	Ttru	Tuco	Xlae	Xtro
HG_33674 	Dapu	Dgal	Dpul	Ebur	Gmag	OG00	Pcau	Tuco
HG_65839 	Dmag	Dpul	Hame	OG00	Tcal
HG_524 	Dpul	Eaff	OG00	Pcro
HG_25786 	Anan	Dapu	Dgal	Dpul	Hvul	OG00
HG_24970 	Dmag	Echl	Gmae	Hhol	Hmed	Nstr	OG00	Tuco
HG_66276 	Dpul	OG00	Pdav	Tcal
HG_111123 	Dpul	Gmae	OG01
HG_61394 	Aque	Dpul	Nvec	OG00
HG_54419 	Dapu	Dgal	Dmag	Dpul	Hmed	OG00
HG_8226 	Anas	Cqua	Dapu	Dgal	Dpul	Dste	Eaff	Hame	Hazt	OG00	Pchi	Pcla	Ppol
HG_54040 	Cqua	Dapu	Dgal	OG00	Pchi	Pcla
HG_10059 	Ajap	Cgig	Dgyr	Dmag	Dpol	Dsil	Gaeg	Hhan	Lgig	Mcor	Mmer	OG00	Obim	Olat	Pann	Pesc
HG_47201 	Dapu	Dgal	Dmag	Dpul	OG00	Pcro
HG_44425 	Aequ	Dapu	Dpul	OG00
HG_2836 	Aequ	Anan	Aque	Aric	Aste	Bcal	Cgig	Dapu	Dcar	Dcor	Dgal	Dgyr	Dmag	Dpol	Dpul	Dste	Gaeg	Gmag	Hali	Hhan	Hhol	Hmia	Hrub	Lana	Lgig	Llon	Lluy	Mcal	Mcor	Mlig	Mmer	Myes	Nvec	OG00	Paus	Pcro	Pdav	Pech	Pesc	Ppac	Ppel	Rota	Rsoc	Rsor	Skow
HG_33897 	Dpul	OG00	Ppol
HG_80138 	Dapu	Dpul	OG00	Rimm
HG_5913 	Acal	Acar	Aequ	Aful	Ajap	Amis	Anan	Anas	Anja	Aque	Arub	Asin	Bbom	Bbuf	Bgla	Blan	Bner	Bpec	Care	Cele	Cgig	Cint	Clup	Cmil	Cmyd	Cowc	Cpic	Cpla	Cpor	Cqua	Cscu	Cser	Ctel	Ctig	Cuni	Dapu	Deco	Dgal	Dmag	Dpol	Dpul	Drer	Dsil	Dste	Eaff	Eand	Ebro	Ebur	Echl	Emac	Emue	Gaeg	Ggal	Ggan	Gmae	Gmag	Gser	Hali	Hazt	Hexe	Hhan	Hhol	Hman	Hmed	Hrob	Hrub	Hsap	Lana	Lcha	Leri	Lgig	Llon	Lluy	Lpol	Mcal	Mcor	Mdom	Mlei	Muni	Mvul	Myes	Npar	Nvec	OG00	Oana	Obim	Oida	Olat	Onil	Pann	Paus	Pcau	Pchi	Pcla	Pdav	Pech	Pesc	Pmag	Pmeg	Pmod	Ppac	Ppel	Ppol	Pred	Psam	Psin	Ptep	Pwal	Rbiv	Rimm	Rtem	Rvar	Saro	Sbom	Skow	Smar	Sorb	Spha	Spur	Tadh	Tcar	Tgut	Trub	Ttru	Tuco	Xlae	Xtro
HG_19945 	Aque	Dapu	Dgal	Dmag	Dpul	Eand	Emue	Mcal	Mmer	Mvul	OG00
HG_24783 	Cfra	Dmag	Dste	Ebro	Gmae	Hhol	Hmed	Nstr	OG00	Saro	Tuco
HG_28270 	Cqua	Dapu	Dgal	Dmag	Dpul	OG00
HG_7883 	Ajap	Anja	Bbom	Dgal	Dmag	Dpul	Ebur	Gaeg	Hame	Hhan	Lgig	Lluy	Nstr	OG00	Pcau	Pcro	Pech	Pesc	Ppel	Rimm	Spur
HG_13468 	Dapu	Dgal	Dmag	Dpul	OG00	Popi
HG_11941 	Dapu	Dgal	Dmag	Dpul	OG00	Pcro	Pwal	Tcal
HG_105924 	Ctel	Dmag	OG01
HG_37366 	Dapu	Dgal	Dmag	Dpul	Eaff	Hrob	OG00
HG_37125 	Cint	Dgal	Dpul	OG00
HG_32822 	Aric	Aste	Dapu	OG00	Rota	Rsoc	Rsor
HG_30757 	Dapu	Dgal	Dmag	Dpul	Hrob	OG00
HG_32412 	Aque	Dapu	Dcar	OG00	Pesc
HG_111281 	Dpul	Hrub	OG01
HG_20868 	Aque	Dgal	Dmag	Dpul	OG00
HG_63664 	Cint	Dapu	Ebro	OG00
HG_66271 	Dpul	OG00	Rhab
HG_65086 	Dapu	Dgal	Dmag	Gmae	OG00
HG_19412 	Cfra	Ctel	Dmag	Dste	Gmae	Hhol	Nstr	Nvec	OG00	Pesc	Tuco
HG_16772 	Anas	Arub	Blan	Cmil	Cqua	Cuni	Dmag	Dpul	Echl	Gmag	Hazt	Hhan	Hrub	Lgig	Mcor	Myes	OG00	Obim	Pchi	Ppol	Spha
HG_17483 	Dpul	Eaff	Gaeg	Hhan	Mvul	OG00	Oida	Pred
HG_8324 	Acal	Aequ	Aful	Ajap	Anja	Arub	Bbuf	Bcal	Blan	Bner	Bpec	Cgig	Cint	Cowc	Cqua	Cscu	Ctel	Cuni	Dgal	Dmag	Dpol	Dpul	Drer	Dsil	Eaff	Eand	Ebro	Echl	Emue	Gaeg	Gmae	Gmag	Hame	Hhan	Hhol	Hmia	Hrub	Hvul	Lana	Lgig	Llon	Lluy	Lpol	Mcal	Mcor	Mlei	Mmer	Myes	Npar	Nstr	Nvec	OG00	Obim	Oida	Olat	Onil	Paus	Pchi	Pcla	Pcro	Pech	Pesc	Pmag	Pmod	Popi	Ppel	Ptep	Pwal	Rimm	Rtem	Sbom	Skow	Smar	Sorb	Spha	Spur	Tadh	Tcal	Trub	Xlae	Xtro
HG_11103 	Amis	Aque	Cpic	Cpor	Ctel	Dmag	Dpul	Ebro	Ebur	Ggal	Hhan	Hrob	Lgig	Mvul	Nvec	OG00	Pcro	Pmod	Rimm	Spha
HG_47132 	Dapu	OG00	Oida	Pmag	Xtro
HG_41780 	Dapu	Mlig	Nstr	OG00	Ppol
HG_33892 	Dpul	Hame	OG00
HG_81085 	Dgal	OG00	Psam
HG_65816 	Dmag	Dpul	Eaff	OG00
HG_27459 	Anan	Dmag	Hexe	Hrob	OG00	Pcau	Pcro
HG_30770 	Dapu	Dgal	Dmag	Dpul	Dste	OG00	Ppol	Smar
HG_9708 	Dpul	Leri	OG00	Pwal
HG_65711 	Dgal	Ebro	OG00	Pdav
HG_64526 	Cuni	Dmag	OG00	Oida
HG_8736 	Acal	Acar	Aric	Arub	Aste	Bbom	Bbuf	Bgla	Blan	Bpec	Care	Cele	Cfra	Cgig	Clup	Cmil	Cmyd	Cpic	Cpor	Cser	Ctel	Cuni	Dapu	Deco	Dgal	Dmag	Dpul	Drer	Eand	Emac	Ggal	Gmae	Hame	Hazt	Hhan	Hrob	Hrub	Hsap	Lana	Lcha	Lluy	Lpol	Mcal	Mcor	Mdom	Mlig	Mmer	Muni	Mvul	Myes	Npar	Nvec	OG00	Olat	Onil	Paus	Pchi	Pesc	Pmag	Pmeg	Pmod	Psam	Pwal	Rbiv	Rimm	Rota	Rsoc	Rsor	Rtem	Sbom	Skow	Sorb	Tcar	Trub	Ttru	Xlae	Xtro
HG_16513 	Dpul	OG00	Pwal
HG_20335 	Dapu	Dgal	Dmag	Dpul	Drer	OG00
HG_18104 	Dpul	Lluy	Nvec	OG00	Tadh
HG_53516 	Cele	Dapu	Dmag	OG00	Ppel
HG_16480 	Ctel	Dmag	Gmae	Hhol	Nvec	OG00	Pesc	Tuco
HG_47524 	Dmag	Mcor	OG00	Pesc	Psam	Rsoc
HG_6792 	Acal	Acar	Aequ	Aful	Ajap	Amis	Anan	Anas	Anja	Aque	Aric	Asin	Bbom	Bbuf	Bgla	Blan	Bpec	Care	Cele	Cgig	Cint	Clup	Cmil	Cmyd	Cowc	Cpic	Cpla	Cpor	Cqua	Cser	Ctel	Ctig	Cuni	Dapu	Dcor	Deco	Dgal	Dgyr	Dpol	Dpul	Drer	Eaff	Eand	Ebro	Echl	Emac	Emue	Gaeg	Ggal	Ggan	Gmag	Gser	Hali	Hame	Hhan	Hman	Hmed	Hrob	Hrub	Hsap	Hvul	Lana	Lcha	Leri	Lgig	Lluy	Mcal	Mcor	Mdom	Mlei	Mlig	Mmer	Muni	Mvul	Myes	Npar	Nvec	OG00	Obim	Oida	Olat	Onil	Pann	Paus	Pcau	Pchi	Pcla	Pdav	Pech	Pesc	Pmag	Pmeg	Pmod	Ppac	Ppel	Ppol	Pred	Psam	Psin	Pwal	Rbiv	Rhab	Rimm	Rota	Rsoc	Rsor	Rtem	Rvar	Saro	Sbom	Skow	Smar	Sorb	Spha	Spur	Tcar	Tgut	Trub	Ttru	Tuco	Xlae	Xtro
HG_47219 	Dapu	Dgal	Dmag	OG00	Popi
HG_14102 	Aric	Aste	Dcar	Dpul	Gmae	Hhol	OG00	Rota	Rsoc	Rsor
HG_39877 	Aque	Dpul	OG00
HG_51105 	Aful	Dapu	Dgal	Dmag	Dpul	OG00
HG_7506 	Acar	Ajap	Amis	Cpic	Cpor	Cscu	Cser	Dpul	Lcha	Mcor	Mmer	OG00	Olat	Onil	Pesc	Pwal	Rimm	Rvar	Skow	Trub
HG_81405 	Dmag	Hhol	Nstr	OG00
HG_27577 	Anan	Dpul	Gmae	Hhol	Nstr	Nvec	OG00	Tuco
HG_73243 	Aequ	Dpul	OG00
HG_21848 	Aque	Dmag	Dste	Emue	Gmae	Hhol	Hman	Nstr	Nvec	OG00	Tuco
HG_65491 	Dcar	Dcor	Dpul	OG00	Pcro
HG_23575 	Dmag	Dsil	OG00	Popi	Rimm
HG_111319 	Dpul	OG01	Saro
HG_54996 	Dmag	Emue	OG00	Popi
HG_22318 	Dapu	Dgal	Dmag	Dpul	Gmae	Hame	Hazt	Hhol	OG00	Pchi	Ppol
HG_54924 	Dgal	Gmae	OG00	Obim	Rimm
HG_21269 	Dapu	Dgal	Dmag	Dpul	Eaff	OG00
HG_7959 	Acal	Acar	Aequ	Aful	Ajap	Amis	Aric	Arub	Asin	Aste	Bbom	Bbuf	Bgla	Blan	Bpec	Cgig	Clup	Cmil	Cmyd	Cpic	Cpla	Cpor	Cqua	Cser	Ctel	Ctig	Cuni	Dapu	Deco	Dgal	Dgyr	Dmag	Dpol	Dpul	Drer	Echl	Emac	Gaeg	Ggal	Ggan	Gser	Hame	Hhan	Hrub	Hsap	Lana	Lcha	Leri	Lgig	Llon	Lluy	Lpol	Mcal	Mcor	Mdom	Mlei	Mlig	Mmer	Muni	Mvul	Myes	Npar	Nvec	OG00	Oana	Obim	Oida	Pann	Paus	Pchi	Pcla	Pcro	Pesc	Pmag	Pmeg	Pmod	Ppel	Psam	Psin	Ptep	Pwal	Rbiv	Rota	Rsoc	Rtem	Saro	Sbom	Skow	Sorb	Spha	Spur	Tcal	Tcar	Tgut	Trub	Ttru	Xlae	Xtro
HG_15510 	Aequ	Ctel	Dgal	Dpul	Gmag	Lluy	OG00	Pesc	Pwal
HG_47747 	Dpul	Hexe	OG00
HG_15341 	Dmag	Hmia	Hvul	OG00	Pcro
HG_3360 	Anan	Blan	Cqua	Cscu	Dapu	Dgal	Dmag	Dpul	Dsil	Gaeg	Hame	Hazt	Hhan	Hhol	Hrub	Lluy	Lpol	Nstr	OG00	Pchi	Pcla	Ppac	Psam	Ptep	Rvar
HG_39923 	Aque	Bcal	Dpul	Emue	Muni	OG00	Pcro
HG_81354 	Dmag	Gmae	Hhol	OG00
HG_28439 	Dmag	Hvul	Llon	OG00	Pcro
HG_30870 	Dmag	Gmae	Hhol	Nstr	OG00
HG_16959 	Dapu	Dpul	OG00	Paus	Pmod	Psam	Rsoc
HG_110095 	Dmag	Hman	OG01
HG_18686 	Cscu	Dapu	Dmag	Dpul	Dsil	OG00
HG_62456 	Bcal	Dgal	Dmag	OG00
HG_24163 	Aful	Ajap	Anja	Cgig	Dgal	Dpul	Ebro	Hhan	Lluy	OG00	Ppel
HG_16275 	Aequ	Cfra	Ctel	Dmag	Hhol	Hvul	Nstr	Nvec	OG00	Pesc	Tadh	Tuco
HG_47760 	Dpul	Gmae	Hhol	OG00
HG_13017 	Anas	Aric	Aste	Bcal	Dapu	Dcar	Dpul	Eaff	Eand	Ebro	Hame	Hrob	Lana	Lluy	Mvul	OG00	Pcla	Pech	Ppac	Rota	Rsoc	Rsor	Tcal
HG_7516 	Anan	Cfra	Cowc	Ctel	Dcar	Dmag	Dpul	Dste	Gmae	Hhol	Hman	Nstr	Nvec	OG00	Pesc	Saro	Tadh	Tuco
HG_39872 	Aque	Dmag	Hhan	Hvul	OG00	Pmag
HG_47181 	Dapu	Dgal	Dmag	Dpul	OG00	Rimm
HG_41388 	Cgig	Dapu	Dgal	Dpul	OG00
HG_81400 	Dmag	Emue	OG00
HG_42163 	Dpul	OG00	Pdav
HG_79072 	Cqua	Dmag	Dpul	OG00
HG_9750 	Aric	Aste	Dcar	Dmag	Gmae	Hexe	Hhol	OG00	Rota	Rsoc	Rsor	Rvar
HG_33564 	Cscu	Dapu	Dgal	Dmag	Dpul	Gmae	Hame	Lpol	OG00	Rimm
HG_2237 	Acal	Acar	Aequ	Aful	Ajap	Amis	Anas	Anja	Aque	Arub	Asin	Bbom	Bbuf	Bgla	Blan	Bner	Bpec	Care	Cele	Cgig	Cint	Clup	Cmil	Cmyd	Cpic	Cpla	Cpor	Cqua	Cser	Ctig	Cuni	Dapu	Deco	Dgal	Dmag	Dpul	Drer	Dste	Eand	Ebro	Ebur	Echl	Emac	Gaeg	Ggal	Ggan	Gmae	Gmag	Gser	Hame	Hazt	Hexe	Hhan	Hrub	Hsap	Hvul	Lana	Lcha	Leri	Llon	Mcal	Mdom	Mmer	Muni	Npar	OG00	Oana	Obim	Oida	Olat	Onil	Pann	Pchi	Pcla	Pesc	Pmag	Pmeg	Pmod	Popi	Ppel	Psam	Psin	Pwal	Rbiv	Rimm	Rtem	Sbom	Skow	Sorb	Spha	Spur	Tcar	Tgut	Trub	Ttru	Xlae	Xtro
HG_80110 	Dapu	OG00	Smed
HG_23539 	Dcar	Dpul	Eaff	Gmae	Hhol	Mlei	Nstr	Nvec	OG00	Pmeg	Tadh	Tcal	Tuco
HG_1177 	Acar	Aequ	Ajap	Amis	Anan	Anas	Anja	Arub	Asin	Bbom	Bbuf	Bcal	Bgla	Blan	Bpec	Care	Cfra	Cgig	Clup	Cmil	Cmyd	Cowc	Cpic	Cpla	Cpor	Cqua	Cscu	Cser	Ctig	Dapu	Dcor	Deco	Dgal	Dmag	Dpol	Dpte	Dpul	Drer	Dsil	Dste	Eand	Ebro	Ebur	Emac	Gaeg	Ggal	Ggan	Gmag	Gser	Hali	Hame	Hazt	Hhan	Hhol	Hman	Hmed	Hrob	Hrub	Hsap	Hvul	Lcha	Leri	Lgig	Llon	Lpol	Mcor	Mdom	Mlig	Mmer	Muni	Mvul	Npar	Nstr	Nvec	OG00	Oana	Olat	Onil	Pann	Paus	Pchi	Pcla	Pdav	Pmag	Pmeg	Pmod	Ppac	Ppel	Ppol	Pred	Psam	Psin	Ptep	Pwal	Rbiv	Rhab	Rtem	Sbom	Skow	Smed	Sorb	Spha	Tcar	Tgut	Trub	Ttru	Xlae	Xtro
HG_26451 	Ctel	Dmag	Dpul	Dste	Gmae	Hhol	Nstr	Nvec	OG00	Pmeg
HG_17852 	Aric	Aste	Bcal	Dapu	Dcar	OG00	Rota	Rsoc	Rsor
HG_18089 	Dcar	Dmag	Nstr	OG00	Rota	Rsoc	Rsor
HG_46967 	Cser	Dpul	Eand	Hrob	OG00
HG_21095 	Arub	Dapu	Dgal	Dmag	Dpul	Hali	OG00	Pdav	Rimm
HG_11785 	Aric	Aste	Cfra	Ctel	Dmag	Dste	Echl	Gmae	Hhol	Hman	Nstr	OG00	Pcau	Pesc	Pmeg	Rota	Rsoc	Rsor	Tadh	Tuco
HG_14561 	Aequ	Aric	Aste	Cfra	Cowc	Dcar	Dmag	Dpte	Eaff	Gmae	Hvul	Lana	Nstr	Nvec	OG00	Saro
HG_55292 	Dpul	Hmed	OG00	Rsoc	Rsor
HG_41708 	Dapu	Dgal	Dmag	Dpul	Hhol	OG00
HG_81285 	Dmag	Dpul	Nstr	OG00
HG_74920 	Anas	Dpul	OG00
HG_81213 	Dmag	Dste	Hhol	OG00
HG_64798 	Dapu	Dpul	Llon	OG00
HG_66284 	Dpul	OG00	Pdav
HG_14889 	Anas	Blan	Cqua	Cscu	Dapu	Dgal	Dmag	Dpul	Dsil	Dste	Eaff	Gmae	Hazt	Lpol	Nstr	OG00	Pchi	Pcla	Pesc	Ppol	Ptep
HG_8627 	Aequ	Anja	Aque	Aric	Arub	Aste	Blan	Cfra	Cgig	Dcar	Dgal	Dgyr	Dmag	Dpol	Dpul	Eaff	Ebro	Gaeg	Gmag	Hexe	Hhan	Hmia	Hrub	Lana	Lgig	Lluy	Mcal	Mlei	Mmer	Nvec	OG00	Paus	Pcau	Pech	Pesc	Ppel	Ppol	Psam	Rota	Rsoc	Rsor	Skow	Tadh	Tcal	Tuco
HG_18440 	Anas	Dmag	Ebro	Gmae	Mvul	OG00	Paus	Pmod	Popi	Psam	Tuco
HG_61025 	Anas	Cuni	Dmag	Mvul	OG00
HG_54322 	Ctel	Dmag	Dste	Hhol	Nstr	OG00
HG_13189 	Aful	Ctel	Dcar	Dmag	Dste	Eand	Gmae	Hhol	Hman	Nstr	OG00	Pmeg	Tuco
HG_10646 	Aric	Aste	Cfra	Dmag	Gmae	Hhol	Hman	Hmed	Nvec	OG00	Rota	Rsoc	Rsor	Saro	Tuco
HG_55033 	Dmag	Hhan	Hrub	OG00
HG_15013 	Dapu	Dgal	Dmag	Dpul	Echl	OG00
HG_7702 	Acal	Acar	Aequ	Aful	Ajap	Amis	Anja	Aque	Aric	Arub	Asin	Aste	Bbom	Bbuf	Bgla	Bner	Bpec	Care	Cgig	Cint	Clup	Cmil	Cmyd	Cpic	Cpla	Cpor	Cscu	Cser	Ctel	Ctig	Cuni	Deco	Dgal	Dgyr	Dmag	Dpol	Dpul	Drer	Dste	Eand	Ebro	Ebur	Echl	Emac	Gaeg	Ggal	Gmag	Gser	Hame	Hhan	Hhol	Hman	Hmed	Hrub	Hsap	Hvul	Lana	Lcha	Leri	Lgig	Llon	Lluy	Mcal	Mcor	Mdom	Mlig	Mmer	Muni	Myes	Npar	Nvec	OG00	Oana	Obim	Oida	Olat	Onil	Pann	Pchi	Pcro	Pech	Pesc	Pmag	Pmeg	Pmod	Ppel	Ptep	Pwal	Rbiv	Rimm	Rota	Rsor	Rtem	Sbom	Skow	Sorb	Spha	Spur	Tcar	Tgut	Trub	Ttru	Tuco	Xlae	Xtro
HG_12068 	Ctel	Dmag	Dste	Gmae	Hhol	Hman	Nstr	Nvec	OG00	Tuco
HG_47145 	Dapu	Dmag	Dpul	Hame	OG00	Pchi
HG_41657 	Ctel	Dmag	OG00	Pesc	Tuco
HG_225 	Acar	Aful	Ajap	Amis	Anja	Aque	Asin	Bbom	Bbuf	Bner	Bpec	Care	Cint	Clup	Cmil	Cmyd	Cpic	Cpla	Cpor	Cqua	Cser	Ctig	Deco	Dgal	Dpol	Dpte	Drer	Dsil	Eaff	Ebur	Emac	Ggal	Ggan	Gmae	Gmag	Gser	Hame	Hazt	Hhan	Hman	Hmia	Hrob	Hsap	Lcha	Leri	Llon	Lpol	Mcal	Mcor	Mdom	Mmer	Muni	Mvul	Npar	Nvec	OG00	Oana	Oida	Olat	Onil	Pann	Paus	Pchi	Pcla	Pcro	Pmag	Pmeg	Pmod	Ppol	Psam	Psin	Pwal	Rbiv	Rtem	Rvar	Sbom	Skow	Sorb	Tcal	Tcar	Tgut	Trub	Ttru	Xlae	Xtro
HG_39321 	Aequ	Aque	Dpul	Mmer	OG00	Pesc
HG_37320 	Ctel	Dmag	Gmae	Hhol	Nstr	OG00
HG_65829 	Dmag	Dpul	Ebro	Hhol	OG00
HG_30647 	Cqua	Dapu	Dgal	Dmag	Dpul	Hame	Hazt	OG00	Pcla
HG_65796 	Dmag	Dpul	OG00	Popi
HG_9367 	Acal	Ajap	Anas	Anja	Arub	Bgla	Blan	Bner	Cgig	Cqua	Cscu	Ctel	Cuni	Dapu	Dgal	Dgyr	Dmag	Dpol	Dpul	Dsil	Dste	Eaff	Ebro	Echl	Gaeg	Gmag	Hame	Hhan	Hrub	Lana	Lgig	Llon	Lluy	Lpol	Mcal	Mcor	Mmer	Myes	OG00	Obim	Oida	Paus	Pcau	Pchi	Pcla	Pcro	Pech	Pesc	Ppel	Ptep	Rimm	Spha	Spur	Tcal
HG_8571 	Aric	Aste	Cfra	Dcar	Dmag	Gmae	Hhol	Hman	Nstr	OG00	Rota	Rsoc	Rsor
HG_98631 	Anas	Dmag	OG00
HG_17132 	Acal	Aful	Dapu	Dgal	Dpul	OG00	Obim	Oida
HG_16252 	Acar	Aful	Bner	Cuni	Dgal	Dmag	Dpul	Ebro	Hrob	Mdom	OG00	Oida	Pmeg	Pmod	Ppol	Psam	Pwal	Rsor	Smar	Sorb	Tcar
HG_54304 	Ctel	Dmag	Hhol	Nvec	OG00
HG_44897 	Anan	Cfra	Cowc	Dmag	Hhol	OG00	Saro
HG_6878 	Aric	Aste	Ctel	Dcar	Dpul	Eand	Emue	Hman	Hmed	Hrob	Lana	Lluy	Mvul	OG00	Pech	Pesc	Rota	Rsoc	Rsor
HG_47199 	Dapu	Dgal	Dmag	Dpul	Dsil	OG00	Popi
HG_110078 	Dmag	Hhol	OG01
HG_41775 	Dapu	Dgal	Dmag	Dpul	Dsil	OG00
HG_33782 	Dgal	Dmag	Dpul	OG00	Paus
HG_6064 	Acal	Acar	Aequ	Aful	Ajap	Amis	Anan	Anas	Anja	Aque	Arub	Asin	Bbom	Bbuf	Bcal	Bgla	Blan	Bner	Bpec	Care	Cele	Cfra	Cgig	Cint	Clup	Cmil	Cmyd	Cpic	Cpla	Cpor	Cqua	Cscu	Cser	Ctel	Ctig	Cuni	Dapu	Deco	Dgal	Dgyr	Dmag	Dpol	Dpte	Dpul	Drer	Dsil	Eand	Ebro	Ebur	Echl	Emac	Emue	Gaeg	Ggal	Ggan	Gmae	Gmag	Gser	Hali	Hame	Hhan	Hman	Hmed	Hrob	Hrub	Hsap	Hvul	Lana	Lcha	Leri	Lgig	Llon	Lluy	Lpol	Mcal	Mcor	Mdom	Mlig	Mmer	Muni	Mvul	Myes	Npar	Nstr	Nvec	OG00	Oana	Obim	Oida	Olat	Onil	Pann	Paus	Pcau	Pchi	Pcla	Pcro	Pech	Pesc	Pmag	Pmeg	Pmod	Popi	Ppac	Ppel	Pred	Psin	Ptep	Pwal	Rbiv	Rhab	Rimm	Rtem	Saro	Sbom	Skow	Smar	Smed	Sorb	Spur	Tadh	Tcar	Tgut	Trub	Ttru	Tuco	Xlae	Xtro
HG_1910 	Aequ	Aque	Dpul	Dsil	Ebur	Hame	Hhol	Hmia	Hrob	Hvul	Lana	Leri	Mlig	Nvec	OG00	Obim	Pcro	Psam	Smed	Spur	Tadh	Xtro
HG_64898 	Dapu	Dmag	Dpul	Eaff	OG00
HG_109913 	Dmag	Hman	OG01
HG_19935 	Anja	Bgla	Cgig	Cscu	Ctel	Dgal	Echl	Hhan	Lana	Lpol	OG00	Paus	Pcau	Ppel	Ppol	Spur
HG_106547 	Dapu	OG01	Ptep
HG_66248 	Dpul	OG00	Rsoc
HG_26533 	Dgal	Dmag	Dpte	Dpul	Ebro	OG00	Ppac
HG_864 	Aequ	Anan	Aric	Aste	Bcal	Bner	Cele	Cfra	Cgig	Cint	Ctel	Dcar	Dcor	Dgyr	Dpol	Dpul	Eand	Gaeg	Gmag	Hali	Hhan	Hman	Hmed	Hmia	Hrob	Hrub	Hvul	Lana	Lgig	Llon	Lluy	Mcal	Mcor	Mlei	Mlig	Mmer	Mvul	Myes	Nvec	OG00	Paus	Pcro	Pdav	Pech	Pesc	Ppac	Ppel	Pred	Psam	Rhab	Rota	Rsoc	Rsor	Rvar	Smed
HG_110089 	Dmag	Dste	OG01
HG_20876 	Aque	Dmag	Ebro	Emue	Hmia	Hvul	Nstr	OG00
HG_32010 	Ajap	Dmag	OG00	Rimm
HG_17765 	Aful	Ctel	Cuni	Dpul	Ebro	Gaeg	Lgig	Mvul	OG00	Onil	Pcro	Ppel
HG_19356 	Bcal	Dmag	OG00
HG_19492 	Dapu	Dgal	Dmag	Dpul	Dsil	Eaff	Ebro	OG00
HG_16780 	Anja	Aste	Dpul	Echl	Lana	Lluy	OG00	Rhab	Rota	Rsor
HG_18066 	Ctel	Dpul	Hhol	Hman	Nstr	OG00	Pesc	Tuco
HG_54358 	Ctel	Dmag	Dpul	OG00
HG_47519 	Dmag	Gmae	Hmia	OG00
HG_8040 	Dmag	Ebro	Mlei	OG00	Pwal	Rimm
HG_41998 	Dgal	Dmag	Dpul	Hame	OG00
HG_47550 	Dmag	Gmae	Hhol	Nstr	OG00
HG_41652 	Ctel	Dmag	Dpul	Eand	Lluy	Mvul	OG00
HG_9594 	Acar	Amis	Anan	Asin	Bbom	Bbuf	Bpec	Care	Cfra	Clup	Cmil	Cmyd	Cpic	Cpla	Cpor	Cser	Ctel	Ctig	Dapu	Deco	Drer	Ebro	Emac	Ggal	Ggan	Gmag	Gser	Hazt	Hrob	Hrub	Hsap	Hvul	Lcha	Leri	Mcal	Mdom	Muni	Npar	OG00	Oana	Olat	Onil	Pann	Pmag	Pmeg	Pmod	Ppel	Psin	Pwal	Rbiv	Rtem	Sbom	Sorb	Spur	Tcar	Tgut	Trub	Ttru	Xlae	Xtro
HG_30883 	Dmag	Gmae	Hhol	Nstr	OG00	Tuco
HG_109935 	Dmag	Hhol	OG01
HG_35250 	Aequ	Bpec	Dapu	Dgal	Dmag	Dpul	OG00	Skow
HG_1197 	Acal	Aequ	Aful	Ajap	Anja	Aque	Aric	Arub	Aste	Bbom	Bbuf	Bcal	Bgla	Blan	Bner	Bpec	Cfra	Cgig	Cint	Clup	Cmil	Cpla	Cscu	Ctel	Ctig	Cuni	Dapu	Dcar	Dgyr	Dmag	Dpol	Dpul	Drer	Eand	Ebro	Echl	Emac	Gaeg	Gmae	Gmag	Gser	Hhan	Hman	Hmed	Hmia	Hrob	Hrub	Hsap	Lana	Lcha	Lgig	Llon	Lluy	Lpol	Mcal	Mcor	Mdom	Mlei	Mlig	Mmer	Muni	Mvul	Myes	Npar	Nvec	OG00	Obim	Oida	Olat	Onil	Pann	Paus	Pchi	Pcro	Pech	Pesc	Pmag	Pmod	Ppel	Psam	Ptep	Pwal	Rbiv	Rota	Rsoc	Rsor	Rtem	Sbom	Skow	Smed	Sorb	Spha	Spur	Tadh	Tcal	Trub	Ttru	Tuco	Xlae	Xtro
HG_33185 	Bcal	Dpul	OG00	Rimm
HG_17988 	Bcal	Bgla	Dpul	Eand	Mvul	OG00	Ptep
HG_111269 	Dpul	Hhol	OG01
HG_14625 	Aque	Bcal	Dmag	Emue	Hhan	OG00
HG_51933 	Aque	Dmag	OG00
HG_8411 	Aque	Bcal	Cgig	Cscu	Dpul	Mlig	Mmer	Nvec	OG00	Pesc	Rimm	Rvar
HG_50748 	Acar	Dapu	Dgal	Dmag	Hame	OG00
HG_55010 	Dmag	Dpul	OG00	Pcro	Smed
HG_12045 	Aric	Aste	Cowc	Dcar	Dpul	Ebro	Hhan	Hman	OG00	Rota	Rsoc	Rsor
HG_110028 	Dmag	Dpol	OG01
HG_65773 	Dmag	Nstr	OG00
HG_9707 	Dmag	Dpul	OG00	Ptep
HG_65701 	Dgal	Dpte	Hmia	OG00	Pmod
HG_65194 	Dcar	Dmag	OG00
HG_4428 	Acal	Acar	Aequ	Aful	Ajap	Amis	Anas	Anja	Aque	Arub	Asin	Bbuf	Bcal	Bgla	Blan	Bpec	Care	Cgig	Cint	Clup	Cmil	Cmyd	Cpic	Cpla	Cpor	Cqua	Cscu	Cser	Ctel	Ctig	Cuni	Dapu	Deco	Dgal	Dgyr	Dmag	Dpol	Dpul	Drer	Dsil	Dste	Eaff	Eand	Ebro	Ebur	Echl	Emac	Emue	Gaeg	Ggal	Ggan	Gmae	Gmag	Gser	Hame	Hazt	Hexe	Hhan	Hhol	Hmia	Hrob	Hrub	Hsap	Hvul	Lana	Lcha	Leri	Lgig	Llon	Lluy	Lpol	Mcal	Mcor	Mdom	Mlei	Mlig	Mmer	Muni	Mvul	Myes	Npar	Nstr	Nvec	OG00	Oana	Obim	Oida	Olat	Onil	Pann	Paus	Pcau	Pchi	Pcla	Pcro	Pesc	Pmag	Pmeg	Pmod	Popi	Ppel	Ppol	Psin	Pwal	Rbiv	Rimm	Rtem	Sbom	Skow	Smar	Smed	Sorb	Spha	Spur	Tadh	Tcal	Tcar	Tgut	Trub	Ttru	Xlae	Xtro
HG_10436 	Anas	Cqua	Dmag	Hame	Hazt	OG00	Pchi	Pcla	Ppol
HG_41993 	Dgal	Dpul	Llon	OG00
HG_111322 	Dpul	Ebro	OG01
HG_2443 	Aequ	Aque	Arub	Blan	Cgig	Dapu	Dgal	Dmag	Dpol	Dpul	Eaff	Emue	Gmag	Hhan	Hrub	Lana	Lgig	Mcal	Mmer	Nvec	OG00	Pesc	Ppel	Psam	Skow	Spur	Tcal
HG_33695 	Dapu	Dpul	Ebur	Nvec	OG00	Pred	Ptep
HG_9299 	Aequ	Bcal	Dpul	Hhan	Hman	Hrob	Llon	Lluy	Mmer	OG00	Paus	Pcau	Pech	Pwal
HG_24855 	Cscu	Dmag	Ebro	Echl	Gmag	Hexe	Hhan	Lana	Mcor	Myes	OG00	Pmod	Ptep
HG_32333 	Anas	Dapu	Dgal	Dmag	Dpul	OG00
HG_28342 	Dapu	Dgal	Dmag	Dpul	Eaff	Hame	OG00	Tcal
HG_28101 	Bner	Dpul	Mlig	OG00
HG_19502 	Dgal	Dpul	Ebur	Hhol	Hmia	OG00	Pcro
HG_22308 	Dapu	Dgal	Dpul	Mcal	OG00
HG_20853 	Anja	Dpul	Eaff	OG00	Pdav
HG_15677 	Cgig	Dmag	Mmer	OG00
HG_23019 	Aque	Cser	Dpul	Gmag	OG00	Pwal	Rbiv
HG_20307 	Ctel	Dpul	Gmae	Hhol	Hman	Nstr	Nvec	OG00	Pesc	Tuco
HG_13676 	Dapu	Dgal	Dpte	Dpul	OG00
HG_12724 	Dmag	Dpul	Ebro	OG00
HG_46857 	Cqua	Dgal	Dmag	OG00
HG_21290 	Dmag	Gaeg	Gmag	Hhan	Mvul	OG00	Pchi	Pcla	Pesc	Rimm
HG_15331 	Ctel	Dapu	Dgal	Dmag	Dpul	OG00
HG_55046 	Dmag	Dpul	Hhol	OG00	Rimm
HG_14146 	Blan	Cgig	Cqua	Cscu	Ctel	Dapu	Dgal	Dgyr	Dmag	Dpul	Dsil	Eaff	Gmae	Hame	Hazt	Hhan	Hrub	Lluy	Lpol	Mmer	Myes	OG00	Pcau	Pcla	Pech	Ppel	Ppol	Ptep	Rimm	Smar	Tcal
HG_10008 	Dapu	Dpul	Eaff	OG00
HG_37574 	Dmag	Gmae	Hhol	Nstr	Nvec	OG00	Tuco
HG_81344 	Dmag	Emue	OG00
HG_3013 	Aequ	Bner	Bpec	Dapu	Dgal	Dmag	Dpul	Drer	Llon	Nvec	OG00	Pcau	Pcla	Spur
HG_42035 	Dmag	Dpol	OG00
HG_37164 	Cpic	Dapu	Dgal	Dpul	Eaff	OG00
HG_29445 	Ajap	Dpul	Hame	Lana	OG00
HG_24973 	Dmag	Dpol	Hhan	OG00	Pesc	Popi	Ppol
HG_32451 	Aque	Dmag	Dpul	OG00	Popi
HG_65801 	Dmag	OG00	Rota
HG_66279 	Dpul	OG00	Popi
HG_111153 	Dpul	OG01	Tuco
HG_20835 	Anas	Dpul	Echl	OG00	Ppol
HG_64101 	Cqua	Dmag	Dpul	OG00
HG_20730 	Aful	Aque	Blan	Cuni	Dcor	Dpul	Echl	Myes	Nvec	OG00	Pred
HG_54558 	Dapu	Dgal	Dmag	Dpul	Dste	OG00
HG_15554 	Anan	Cscu	Dmag	Dste	Gmae	Hhol	Hman	Nstr	OG00	Pcau	Pchi	Tuco
HG_55269 	Dpul	OG00	Pann
HG_11657 	Dapu	Dgal	Dpul	Hazt	OG00	Ppac
HG_20320 	Ctel	Dmag	Dste	Gmae	Hhol	Nstr	OG00
HG_81977 	Dpul	OG00	Spur
HG_81398 	Dmag	OG00	Pcro
HG_33828 	Dmag	Dpul	Dste	Gmae	Hhol	Lpol	OG00	Rimm
HG_30947 	Dpul	Mvul	OG00
HG_9444 	Dapu	Dpul	OG00	Skow
HG_28273 	Cscu	Dapu	Dgal	Dmag	Dpul	Dsil	Dste	Lpol	OG00	Pcau	Rimm
HG_24850 	Cscu	Dmag	Dste	Gmae	Hhol	Nstr	OG00	Tadh	Tuco
HG_16488 	Dapu	Dgal	Dpul	Mmer	OG00
HG_16721 	Aful	Blan	Ctel	Dmag	Gmae	Hhol	Mvul	Nvec	OG00	Spha
HG_1006 	Acal	Acar	Aequ	Aful	Ajap	Amis	Anas	Anja	Aque	Aric	Arub	Asin	Aste	Bbom	Bbuf	Bgla	Blan	Bner	Bpec	Care	Cgig	Cint	Clup	Cmil	Cmyd	Cowc	Cpic	Cpla	Cpor	Cqua	Cscu	Cser	Ctel	Ctig	Cuni	Dapu	Dcar	Deco	Dgyr	Dmag	Dpol	Dpul	Drer	Dste	Eaff	Eand	Ebro	Ebur	Echl	Emac	Emue	Gaeg	Ggan	Gmag	Gser	Hame	Hazt	Hhan	Hhol	Hman	Hmia	Hrob	Hrub	Hsap	Hvul	Lana	Leri	Lgig	Llon	Lluy	Mcal	Mcor	Mdom	Mlei	Mlig	Mmer	Muni	Mvul	Myes	Npar	Nstr	Nvec	OG00	Oana	Obim	Oida	Olat	Onil	Pann	Paus	Pchi	Pcla	Pcro	Pech	Pesc	Pmag	Pmeg	Pmod	Popi	Ppel	Ppol	Psam	Psin	Pwal	Rbiv	Rimm	Rota	Rsoc	Rsor	Rtem	Saro	Sbom	Skow	Smed	Sorb	Spha	Spur	Tadh	Tcal	Tcar	Tgut	Trub	Ttru	Xlae	Xtro
HG_20302 	Ctel	Dapu	Dmag	Dpul	OG00
HG_10759 	Anas	Anja	Blan	Cgig	Dapu	Dgal	Dmag	Dpul	Gaeg	Gmag	Hazt	Hhan	Lgig	Lluy	Mcor	Mmer	Myes	OG00	Obim	Tadh
HG_47563 	Dmag	Gmae	Hhol	Nstr	OG00	Tuco
HG_47153 	Dapu	Dgal	Dmag	Dpul	Eaff	OG00	Rimm
HG_76847 	Bbuf	Dpul	OG00	Rtem
HG_81990 	Dpul	Myes	OG00
HG_37674 	Dpul	OG00	Rota	Rsor
HG_37369 	Dapu	Dmag	Dpul	Hmia	OG00
HG_28496 	Dpul	OG00	Popi
HG_65668 	Dgal	Gmag	OG00
HG_27375 	Ajap	Aque	Dcar	Dmag	Dpul	Emue	OG00
HG_26495 	Dapu	Dgal	Dmag	Dpul	Hrub	OG00
HG_28391 	Dcar	Dmag	Dpul	OG00	Popi	Sorb
HG_65153 	Dapu	Dmag	Dpul	OG00	Popi
HG_60409 	Ajap	Dmag	OG00	Tuco
HG_20830 	Anas	Cqua	Dapu	Dgal	Dmag	Dpul	Dste	Eaff	Hame	Hazt	Hhol	OG00	Pcla	Ppol	Tcal
HG_17486 	Dpul	Emue	OG00	Pcro
HG_17245 	Anas	Aque	Cqua	Dgal	Dpul	Hhol	OG00	Rimm
HG_15485 	Acal	Aful	Ctel	Cuni	Dmag	Dpol	Dpul	Dste	Ebro	Echl	Gmae	Gmag	Hhan	Lgig	Lluy	Lpol	Mcor	OG00	Obim	Oida	Pchi	Pcla	Pech
HG_11516 	Aste	Bcal	Bgla	Dapu	Dcor	Dgal	Dmag	Dpol	Dpul	Eand	Mcal	Mlig	Mmer	OG00	Pdav	Psam	Ptep	Rsoc	Rsor	Rvar
HG_15003 	Ctel	Dmag	Dste	Gmae	Hhol	Hman	Nstr	Nvec	OG00	Pesc	Psam
HG_35824 	Aque	Bner	Dmag	Dpul	Hrob	OG00
HG_41542 	Cscu	Dapu	Dmag	Dpul	OG00
HG_37415 	Dapu	Dgal	Dmag	Dpul	Hhol	OG00
HG_37382 	Dapu	Dpul	Myes	OG00	Psam
HG_37077 	Cgig	Dapu	Dpul	Hhan	Lana	Lgig	OG00	Ppel
HG_29832 	Aque	Ctel	Dmag	Gmag	Hhan	OG00	Pwal	Rimm
HG_30806 	Dcar	Dgal	Dpul	OG00
HG_30942 	Dpul	Mvul	OG00
HG_35076 	Acal	Cmil	Dgal	Dmag	OG00
HG_24886 	Ctel	Dmag	Hazt	Hman	Nstr	Nvec	OG00	Tadh	Tuco
HG_9542 	Ajap	Anan	Cgig	Dpul	Eand	Emue	Gaeg	Gmag	Hhan	Hrub	Lgig	Llon	Lluy	Mmer	OG00	Pesc	Pwal
HG_25830 	Anan	Cuni	Dgal	Dpul	Ebro	Lpol	Mcor	OG00	Oida	Pmod	Ppol	Smed
HG_28301 	Ctel	Dpul	Dste	Gmae	Hhol	Nstr	Nvec	OG00	Tuco
HG_9501 	Acar	Ajap	Amis	Asin	Aste	Bbom	Bbuf	Bpec	Care	Cfra	Clup	Cmil	Cmyd	Cpic	Cpla	Cser	Ctel	Ctig	Cuni	Deco	Dgal	Dpul	Drer	Eaff	Ebro	Ebur	Emac	Gser	Hexe	Hman	Hmed	Hrob	Hsap	Hvul	Lcha	Leri	Lluy	Mdom	Mlig	Muni	Mvul	Myes	Npar	Nvec	OG00	Oana	Obim	Oida	Olat	Onil	Pcro	Pech	Pesc	Pmag	Pmeg	Pmod	Pwal	Rbiv	Rtem	Rvar	Sbom	Sorb	Tcar	Trub	Ttru	Xlae	Xtro
HG_8570 	Aric	Aste	Bcal	Blan	Dapu	Dcar	Dgal	Dmag	Dpol	Dpul	Gaeg	Gmag	Hali	Hame	Hhan	Hrub	Lgig	Lluy	Mcal	Mmer	Myes	OG00	Pchi	Pcla	Pech	Pesc	Ppel	Rota	Rsoc	Rsor
HG_16821 	Aric	Aste	Cfra	Cowc	Ctel	Dcar	Dmag	Gmae	Hhol	Nstr	OG00	Pesc	Rota	Rsoc	Rsor
HG_17194 	Aful	Cscu	Dmag	Dste	Gmae	Hhol	Hman	Nstr	OG00	Tadh	Tuco
HG_55005 	Dmag	Dsil	OG00	Pcau
HG_46783 	Cmil	Dpul	OG00
HG_13225 	Aric	Aste	Bcal	Dapu	Dcar	Dgal	Dmag	Hazt	Hrob	Hrub	Mlig	OG00	Obim	Olat	Pesc	Ptep	Rota	Rsoc	Rsor
HG_47494 	Dgal	Dmag	Dpul	Eaff	Lpol	OG00	Tcal
HG_110092 	Dmag	Emue	OG01
HG_81239 	Dmag	Hman	Nstr	OG00
HG_39124 	Acal	Bner	Dpul	Lana	OG00	Rsoc
HG_33805 	Dmag	Dpul	OG00	Rimm
HG_35701 	Anas	Cgig	Cqua	Dapu	Dgal	Dmag	Dpul	OG00	Pchi
HG_41491 	Cqua	Dapu	Dgal	Dmag	Dpul	Hazt	OG00
HG_65832 	Dmag	Hame	OG00	Rimm
HG_19925 	Anas	Dapu	Dgal	Dmag	Dpul	Dsil	Dste	Lpol	OG00	Pchi
HG_19515 	Dpul	Hhan	Lluy	Mmer	OG00	Paus	Pesc
HG_23401 	Cfra	Cowc	Dmag	Gmae	Hhol	Hman	Nstr	OG00	Tadh	Tuco
HG_10977 	Amis	Asin	Bbom	Bbuf	Bpec	Care	Cmyd	Cpic	Cser	Ctig	Deco	Dmag	Dpul	Drer	Emac	Ggal	Ggan	Gser	Hame	Llon	Npar	OG00	Obim	Olat	Onil	Pann	Pmag	Pmeg	Pmod	Pwal	Rbiv	Rtem	Sbom	Sorb	Xlae	Xtro
HG_14328 	Ajap	Anas	Dapu	Dcor	Dgal	Dpol	Dpul	Hazt	Hexe	Hhan	Mcal	Mlei	Mmer	OG00	Rvar	Skow	Tcal
HG_12568 	Dapu	Dgal	Dmag	Dpul	OG00	Tcal
HG_41916 	Dcar	Dmag	Dpul	OG00	Rota
HG_110108 	Dmag	Nstr	OG01
HG_42184 	Dpul	Ebro	OG00
HG_9552 	Blan	Ctel	Dapu	Dgal	Dmag	Dpul	Hhan	Mmer	OG00
HG_64219 	Cqua	Dpul	OG00
HG_26231 	Bgla	Dapu	Dpul	Eaff	OG00
HG_66251 	Dpul	Nstr	OG00	Tuco
HG_20679 	Acar	Ajap	Amis	Cint	Cuni	Dpol	Dpul	Dsil	Lgig	Lpol	Mdom	Npar	OG00	Oida	Pmeg	Skow	Xtro
HG_53924 	Cqua	Cuni	Dpul	Llon	OG00
HG_54940 	Dgal	Hhan	Hrob	Lana	OG00
HG_52739 	Aste	Dcar	Dpul	OG00
HG_12719 	Dapu	Dgal	Dmag	Dpul	Eaff	Hame	Hazt	OG00	Pchi	Ppol	Tcal
HG_11396 	Cqua	Dgal	Dmag	Hame	OG00	Pchi	Pcla	Ppol
HG_55000 	Dmag	Nstr	OG00
HG_81065 	Dgal	Dpul	Hman	OG00
HG_5921 	Acar	Aequ	Amis	Aque	Aric	Asin	Aste	Bbom	Bbuf	Bgla	Blan	Bner	Bpec	Care	Cele	Cfra	Cgig	Clup	Cmil	Cmyd	Cpic	Cpor	Cser	Ctel	Ctig	Cuni	Dapu	Dcor	Deco	Dgal	Dmag	Dpol	Dpul	Drer	Ebur	Emac	Gaeg	Ggal	Ggan	Gmae	Gser	Hazt	Hhan	Hman	Hmia	Hrub	Hsap	Hvul	Lana	Lcha	Leri	Llon	Lpol	Mcal	Mcor	Mdom	Mlig	Mmer	Muni	Myes	Nvec	OG00	Oana	Olat	Onil	Pann	Paus	Pchi	Pcla	Pcro	Pech	Pesc	Pmag	Pmeg	Pmod	Ppac	Ppel	Psam	Psin	Pwal	Rbiv	Rota	Rsoc	Rsor	Rtem	Saro	Sbom	Smar	Sorb	Tcar	Tgut	Trub	Ttru	Xlae	Xtro
HG_9923 	Ajap	Anja	Arub	Cgig	Cqua	Cscu	Ctel	Dapu	Dgal	Dgyr	Dmag	Dpte	Dpul	Dsil	Dste	Eand	Ebro	Gaeg	Gmae	Gmag	Hexe	Hhan	Hhol	Hman	Hrub	Lgig	Llon	Lluy	Lpol	Mcor	Mmer	Mvul	OG00	Paus	Pchi	Pcla	Pech	Pesc	Ppel	Ptep	Rvar	Skow	Spur
HG_65868 	Dmag	Dste	Hhol	OG00	Tuco
HG_24968 	Dmag	Hmed	Nstr	OG00
HG_74057 	Ajap	Dapu	Dpul	OG00
HG_9618 	Dpul	Dste	OG00
HG_28350 	Dapu	Dgal	Dpul	Dste	OG00
HG_19446 	Cqua	Dapu	Dmag	Dpul	Hame	Hazt	OG00	Pchi	Pcla	Ppol
HG_24148 	Aequ	Dmag	Eaff	Echl	Lluy	OG00	Smed
HG_23573 	Dmag	Emue	Gmae	Hhol	Nstr	Nvec	OG00	Tuco
HG_8734 	Acal	Acar	Aequ	Aful	Ajap	Amis	Anja	Arub	Asin	Bbom	Bbuf	Bgla	Blan	Bpec	Care	Cele	Cgig	Cmil	Cmyd	Cpic	Cpla	Cpor	Cser	Ctel	Ctig	Cuni	Deco	Dgyr	Dmag	Drer	Echl	Emac	Gaeg	Ggal	Gmag	Gser	Hhan	Hhol	Hman	Hrub	Lana	Lcha	Leri	Llon	Mcal	Mcor	Mdom	Mmer	Muni	Myes	Npar	Nstr	Nvec	OG00	Oida	Olat	Onil	Pann	Pesc	Pmag	Pmeg	Psin	Pwal	Rbiv	Rtem	Sbom	Skow	Sorb	Spur	Tcar	Trub	Ttru	Xlae	Xtro
HG_54994 	Dmag	Dpul	Hrob	OG00
HG_54448 	Dapu	Dgal	Dmag	Dpul	OG00	Pred
HG_7762 	Acal	Acar	Aful	Ajap	Amis	Aque	Arub	Asin	Bbom	Bbuf	Bgla	Blan	Bner	Bpec	Care	Cfra	Clup	Cmil	Cmyd	Cowc	Cpic	Cpla	Cpor	Cser	Ctel	Ctig	Cuni	Deco	Dpul	Drer	Eand	Ebro	Ebur	Echl	Emac	Emue	Gaeg	Ggal	Ggan	Gmag	Gser	Hexe	Hhan	Hman	Hmed	Hrub	Hsap	Lana	Lcha	Leri	Lgig	Llon	Lluy	Mcor	Mdom	Muni	Npar	OG00	Oana	Oida	Olat	Onil	Pann	Paus	Pcau	Pech	Pesc	Pmag	Pmod	Ppel	Psin	Pwal	Rbiv	Rtem	Rvar	Sbom	Skow	Sorb	Spur	Tadh	Tcar	Tgut	Ttru	Tuco	Xlae	Xtro
HG_55295 	Dpul	Eaff	OG00	Tcal
HG_44969 	Anas	Dpul	Gmae	Hazt	OG00	Pchi
HG_15203 	Anan	Cscu	Ctel	Dpul	Gmae	Hhol	Nstr	OG00	Pesc	Tuco
HG_47504 	Dgyr	Dmag	Dpul	OG00
HG_51631 	Anan	Dmag	Gmae	Hhol	Hman	OG00
HG_7457 	Aric	Aste	Bcal	Dcar	Dpul	Hexe	Hhol	Hmia	OG00	Rota	Rsoc	Rsor
HG_110064 	Dmag	Nvec	OG01
HG_10152 	Anan	Dapu	Dmag	Dpul	Mmer	Nvec	OG00	Pcro	Pdav	Ptep	Spha
HG_39511 	Amis	Asin	Dpul	Hsap	Mdom	OG00	Oana	Ttru
HG_36735 	Bcal	Dmag	Dpul	OG00
HG_40388 	Aric	Dmag	OG00	Rota	Rsoc	Rsor
HG_37205 	Cqua	Dgal	Dmag	Hame	Nstr	OG00	Pcau	Ppol
HG_42043 	Dmag	Dpul	OG00	Rimm
HG_6227 	Aequ	Cfra	Dapu	Dgal	Dmag	Dpul	Eand	Gaeg	Gmag	Hhan	Hrub	OG00	Rsoc
HG_9257 	Dmag	Dpul	Hexe	OG00
HG_19902 	Anan	Dmag	Lluy	Nstr	OG00	Obim	Popi	Tcal
HG_26500 	Dapu	Dgal	Dmag	Dpul	Hame	OG00	Ppol
HG_8373 	Aequ	Cint	Dmag	Dpul	OG00	Pwal	Rimm
HG_23009 	Aque	Dmag	OG00
HG_21249 	Ctel	Dapu	Dgal	Dmag	Dpul	OG00
HG_53719 	Cgig	Dpul	Hhan	Lgig	OG00	Psam
HG_13835 	Anja	Dmag	Dpul	Ebro	Gmag	OG00	Pcau	Pdav	Psam
HG_60453 	Ajap	Dgal	OG00
HG_55277 	Dpul	Llon	OG00
HG_16273 	Aequ	Anja	Dapu	Dgal	Dmag	Dpul	Emue	Hhan	OG00
HG_11529 	Cint	Dapu	Dste	Hexe	Hrob	Npar	OG00	Pech	Psam	Tcal
HG_47558 	Dmag	Gmae	Hhol	Nstr	OG00
HG_44982 	Anas	Dpul	Dsil	OG00	Ppol
HG_39734 	Anan	Anas	Dgal	Dste	Eaff	Gmae	OG00	Smar
HG_47212 	Dapu	Dgal	Dmag	Dpul	Hhol	OG00	Smar
HG_44436 	Aequ	Dpul	Ebro	Lluy	OG00
HG_40708 	Asin	Dpul	Mvul	Nvec	OG00	Pdav	Rota
HG_39155 	Acal	Dmag	Dste	Gmae	Hhol	Nstr	OG00	Tuco
HG_1577 	Aque	Aric	Aste	Bcal	Dapu	Dcar	Dgal	Dmag	Eaff	Hhan	Mlig	OG00	Obim	Pesc	Rota	Rsoc	Rsor
HG_6042 	Acal	Acar	Aful	Ajap	Amis	Anja	Aque	Aric	Arub	Asin	Aste	Bbom	Bbuf	Bcal	Bgla	Blan	Bner	Bpec	Care	Cgig	Cint	Clup	Cmil	Cmyd	Cpic	Cpla	Cpor	Cqua	Cscu	Cser	Ctel	Ctig	Cuni	Dapu	Dcar	Deco	Dgal	Dgyr	Dmag	Dpol	Dpul	Drer	Dste	Eaff	Ebur	Echl	Emac	Emue	Gaeg	Ggal	Ggan	Gmae	Gmag	Gser	Hame	Hazt	Hhan	Hhol	Hman	Hmed	Hrob	Hrub	Hsap	Hvul	Lana	Lcha	Leri	Lgig	Llon	Lluy	Lpol	Mcal	Mcor	Mdom	Mlei	Mlig	Mmer	Muni	Mvul	Myes	Npar	Nstr	Nvec	OG00	Oana	Obim	Oida	Olat	Onil	Pann	Paus	Pcau	Pchi	Pcla	Pcro	Pech	Pesc	Pmag	Pmeg	Pmod	Ppel	Ppol	Psam	Psin	Ptep	Pwal	Rbiv	Rimm	Rota	Rsoc	Rsor	Rtem	Saro	Sbom	Skow	Smar	Smed	Sorb	Spha	Spur	Tadh	Tcal	Tcar	Tgut	Trub	Ttru	Xlae	Xtro
HG_24963 	Dmag	Hame	OG00
HG_9031 	Ajap	Bcal	Cgig	Dpol	Dpul	Gaeg	Gmag	Hrub	Mcal	Mmer	Mvul	Myes	OG00	Obim	Skow	Spha
HG_22383 	Dpul	Gmae	Hhol	Hman	Hmed	Nstr	Nvec	OG00	Tadh
HG_13374 	Aequ	Anja	Arub	Blan	Bner	Cfra	Cowc	Ctel	Dmag	Hhol	Lana	Llon	Nvec	OG00	Paus	Skow	Spur
HG_55290 	Dpul	Gmae	Hame	Hazt	OG00	Pcla
HG_10526 	Ajap	Bgla	Cgig	Cuni	Dapu	Dgal	Dmag	Dpol	Dpul	Dste	Echl	Gaeg	Gmae	Gmag	Hrub	Lgig	Mcal	Mcor	Mmer	Myes	OG00	Oida	Pcau	Pesc	Ppel	Skow	Spur	Tcal	Tuco
HG_47435 	Dcor	Dpul	Ebro	Gmae	OG00	Spha
HG_41706 	Dapu	Dgal	Dmag	Dpul	Eaff	OG00	Tcal
HG_81388 	Dmag	OG00	Psam
HG_33818 	Dmag	Dste	Gmae	Hhol	Hman	Nstr	OG00	Tuco
HG_33649 	Dapu	Dgal	Dpul	Hrub	OG00
HG_1263 	Aequ	Anan	Aque	Aric	Aste	Bner	Cele	Cfra	Cowc	Dapu	Dcar	Dcor	Dpol	Dpul	Hali	Hmia	Hvul	Mlig	Mmer	Nvec	OG00	Pdav	Ppac	Pred	Psam	Rhab	Rsor	Saro
HG_111277 	Dpul	Ebro	OG01
HG_66282 	Dpul	OG00	Rimm	Rsoc
HG_18712 	Dapu	Dgal	Dmag	Dpul	Hrub	OG00	Ppac
HG_16952 	Ctel	Dmag	Dste	Gmae	Hhol	Nstr	Nvec	OG00	Tuco
HG_16478 	Ctel	Dmag	Dpul	Emue	Gmae	Hhol	Hman	Nstr	OG00	Tuco
HG_7967 	Acar	Ajap	Anas	Anja	Asin	Aste	Bbom	Bbuf	Bpec	Care	Cgig	Cmil	Cmyd	Cpic	Cpla	Cpor	Cqua	Cser	Ctig	Dapu	Dcor	Deco	Dgal	Dgyr	Dmag	Dpul	Drer	Emac	Ggal	Ggan	Gser	Hame	Hazt	Hrob	Hsap	Lana	Lcha	Leri	Lgig	Mdom	Mmer	Muni	Myes	Npar	OG00	Olat	Onil	Pann	Pchi	Pcla	Pesc	Pmag	Pmeg	Pmod	Psam	Psin	Pwal	Rbiv	Rtem	Sbom	Sorb	Tcar	Tgut	Trub	Ttru	Xlae	Xtro
HG_15526 	Ajap	Aque	Dgal	Dpul	Hazt	Llon	Mvul	OG00	Pesc	Rsor	Spha
HG_19085 	Anan	Cowc	Dmag	Echl	Gmae	Hhol	Hman	Nstr	Nvec	OG00	Pmeg	Tadh	Tuco
HG_8430 	Acal	Aequ	Ajap	Amis	Anja	Arub	Asin	Bbom	Bbuf	Bgla	Blan	Bpec	Care	Cgig	Clup	Cmil	Cmyd	Cpic	Cpla	Cpor	Cser	Ctig	Cuni	Dapu	Deco	Dmag	Dpol	Drer	Dsil	Eaff	Ebro	Ebur	Echl	Emac	Gaeg	Ggal	Ggan	Gmag	Gser	Hhan	Hhol	Hrub	Hsap	Hvul	Lana	Lcha	Leri	Lgig	Llon	Lpol	Mcal	Mcor	Mdom	Muni	Myes	Npar	Nvec	OG00	Oana	Obim	Olat	Onil	Pann	Paus	Pcau	Pcro	Pesc	Pmag	Pmeg	Pmod	Popi	Ppel	Psam	Psin	Pwal	Rbiv	Rtem	Sbom	Skow	Sorb	Spha	Spur	Tadh	Tcar	Tgut	Trub	Ttru	Xlae	Xtro
HG_22260 	Cqua	Dapu	Dgal	Dmag	Dpul	OG00	Pchi	Pcla
HG_20364 	Dmag	Dpul	Dste	Gaeg	Hhan	Hmia	Hrub	OG00	Pesc
HG_46947 	Cscu	Dmag	Hazt	Lpol	OG00
HG_47553 	Dmag	Mmer	OG00	Pesc
HG_29535 	Anan	Dpul	Hhan	OG00	Pdav	Psam
HG_5900 	Acal	Acar	Aequ	Aful	Ajap	Amis	Anja	Aque	Aric	Arub	Asin	Aste	Bbom	Bbuf	Bcal	Bgla	Blan	Bner	Bpec	Care	Cfra	Cgig	Cint	Clup	Cmil	Cmyd	Cowc	Cpic	Cpla	Cpor	Cqua	Cscu	Cser	Ctel	Ctig	Cuni	Dapu	Dcar	Deco	Dgal	Dgyr	Dmag	Dpol	Dpul	Drer	Dsil	Dste	Eaff	Eand	Ebro	Ebur	Echl	Emac	Gaeg	Ggal	Ggan	Gmae	Gmag	Gser	Hame	Hazt	Hhan	Hman	Hmed	Hmia	Hrob	Hrub	Hsap	Hvul	Lana	Lcha	Leri	Lgig	Llon	Lluy	Lpol	Mcal	Mcor	Mdom	Mlei	Mlig	Mmer	Muni	Mvul	Myes	Npar	Nstr	Nvec	OG00	Oana	Obim	Oida	Olat	Onil	Paus	Pcau	Pchi	Pcla	Pcro	Pesc	Pmag	Pmeg	Pmod	Popi	Ppel	Ppol	Psin	Ptep	Pwal	Rbiv	Rimm	Rota	Rsoc	Rsor	Rtem	Saro	Sbom	Skow	Smar	Smed	Sorb	Spur	Tadh	Tcal	Tcar	Tgut	Trub	Ttru	Xlae	Xtro
HG_65417 	Dcar	Dmag	Gmae	Hhol	OG00
HG_64673 	Dapu	Dgal	Dmag	Echl	OG00
HG_22347 	Dgal	Dmag	Dpul	Hhan	Nstr	OG00	Paus	Tcal
HG_8449 	Dapu	Dpul	Gmag	Hhan	OG00	Pchi	Pcro	Rimm
HG_97203 	Ajap	Dmag	OG00
HG_7741 	Acal	Aequ	Ajap	Amis	Aric	Arub	Asin	Aste	Bbom	Bbuf	Bgla	Blan	Bpec	Care	Cfra	Cgig	Clup	Cmil	Cmyd	Cpic	Cpla	Cpor	Cqua	Cscu	Cser	Ctel	Ctig	Cuni	Dapu	Deco	Dgal	Dmag	Dpol	Dpul	Drer	Eaff	Ebro	Emac	Emue	Ggal	Ggan	Gmag	Gser	Hame	Hexe	Hhan	Hhol	Hrub	Hsap	Hvul	Lana	Lcha	Leri	Lgig	Llon	Mcal	Mcor	Mdom	Mlei	Mmer	Muni	Npar	Nstr	Nvec	OG00	Oana	Oida	Olat	Onil	Pann	Paus	Pchi	Pcla	Pcro	Pesc	Pmag	Pmeg	Pmod	Popi	Ppel	Ppol	Psin	Pwal	Rbiv	Rsor	Rtem	Rvar	Saro	Sbom	Skow	Sorb	Spur	Tadh	Tcal	Tcar	Tgut	Ttru	Tuco	Xlae	Xtro
HG_79836 	Dapu	Dpul	Hmia	OG00
HG_47197 	Dapu	Dmag	Dpul	Gmae	OG00
HG_39952 	Aque	Bner	Cscu	Dpul	Mvul	OG00	Pdav
HG_46245 	Bner	Dpul	Hmia	OG00	Psam
HG_78305 	Cfra	Cowc	Dpul	OG00
HG_33885 	Dpul	OG00	Popi
HG_81383 	Dmag	Dpul	OG00	Pchi
HG_30627 	Cqua	Dapu	Dgal	Dmag	Dpul	Hame	Hazt	OG00	Pchi	Pcla
HG_32354 	Anas	Cqua	Dapu	Dgal	Dmag	Dpul	OG00	Pchi
HG_26531 	Dgal	Dmag	Dpul	OG00	Tcal
HG_53919 	Cqua	Dmag	Dpul	OG00
HG_15521 	Aful	Blan	Cuni	Dmag	Dpul	Echl	Hrob	Lgig	Lluy	Mvul	Nvec	OG00	Pmeg	Ppel	Psam	Pwal	Spha	Tadh
HG_19080 	Anan	Dmag	Dste	Gmae	Hhol	Nstr	Nvec	OG00	Popi	Tuco
HG_47107 	Cuni	Dpul	Eaff	Hazt	OG00	Pcla
HG_41996 	Dgal	Hhol	OG00	Ppol	Rimm
HG_45178 	Aque	Dmag	Dpul	OG00
HG_111036 	Dpul	Lpol	OG01
HG_36812 	Bner	Dpul	OG00
HG_33698 	Dapu	Dmag	Dpul	Gaeg	OG00
HG_82004 	Dpul	OG00	Rsor
HG_74116 	Ajap	Dgal	OG00
HG_30881 	Dmag	Gmae	Hhol	Hman	Nstr	OG00	Tuco
HG_28345 	Dapu	OG00	Pdav	Pred
HG_26585 	Dpul	OG00	Tcal
HG_28104 	Bner	Ctel	Dmag	Dsil	Ebro	Hhan	Mmer	OG00	Paus
HG_26480 	Dapu	Dgal	Dpul	Lluy	OG00	Ppol	Rota
HG_4674 	Acal	Acar	Aequ	Aful	Ajap	Amis	Anja	Aque	Aric	Arub	Asin	Aste	Bbom	Bbuf	Bcal	Bgla	Blan	Bner	Bpec	Care	Cgig	Cint	Cmil	Cmyd	Cpic	Cpla	Cpor	Cqua	Cser	Ctel	Ctig	Cuni	Dapu	Dcar	Deco	Dmag	Dpol	Dpul	Drer	Dste	Eaff	Ebro	Echl	Emac	Emue	Gaeg	Ggal	Ggan	Gmae	Gmag	Gser	Hame	Hhan	Hhol	Hman	Hmia	Hrob	Hrub	Hsap	Hvul	Lana	Lcha	Leri	Lgig	Llon	Lluy	Mcal	Mcor	Mdom	Mlei	Mlig	Mmer	Muni	Myes	Npar	Nvec	OG00	Oana	Obim	Oida	Onil	Pann	Paus	Pcau	Pchi	Pcla	Pcro	Pech	Pesc	Pmag	Pmeg	Pmod	Ppel	Ppol	Psin	Pwal	Rbiv	Rimm	Rota	Rsoc	Rsor	Rtem	Rvar	Saro	Sbom	Skow	Smar	Smed	Sorb	Spha	Spur	Tadh	Tcal	Tcar	Tgut	Trub	Ttru	Xlae	Xtro
HG_54989 	Dmag	OG00	Pmeg	Rhab	Rimm
HG_16696 	Aequ	Cfra	Dmag	Eaff	Gmae	Hhol	Mlig	Nstr	Nvec	OG00	Pcro	Tadh	Tuco
HG_13912 	Dapu	Dmag	Dpul	Hhan	Nstr	OG00	Pcro
HG_54507 	Dapu	Dmag	Dpul	Hazt	OG00	Pcla
HG_17471 	Dmag	Dpte	Dpul	Emue	Mvul	OG00	Pesc	Rsoc
HG_55049 	Dmag	Hhol	Nstr	OG00
HG_39747 	Anas	Cqua	Dpul	Hame	OG00	Pchi	Pcla
HG_79526 	Ctel	Dmag	OG00
HG_39168 	Acar	Dmag	OG00
HG_18679 	Cqua	Dgal	Dmag	Dpte	Dpul	Dsil	Eaff	Ebro	Gmae	Hame	Hazt	Hexe	Hhol	OG00	Pchi	Pcla	Ppol	Ptep	Rimm	Rvar
HG_73080 	Acal	Dpul	Gmae	OG00
HG_26157 	Arub	Cgig	Dgal	Dpul	OG00
HG_18743 	Dpul	OG00	Oana	Ppac
HG_66241 	Dpul	Gmae	OG00
HG_8186 	Anan	Aric	Aste	Bcal	Ctel	Dcar	Dcor	Dgal	Dmag	Dpul	Eand	Hman	Hmed	Hrob	Lluy	Mmer	Mvul	Nstr	OG00	Pdav	Pech	Pred	Psam	Rota	Rsoc	Rsor
HG_16268 	Aequ	Dpul	Hvul	Mlei	Nvec	OG00	Rimm	Smed
HG_47753 	Dpul	Myes	OG00	Pesc
HG_46873 	Cqua	Dapu	Dgal	Dmag	Dpul	OG00	Pchi
HG_4014 	Aful	Anja	Cgig	Dpol	Dpul	Gaeg	Gmag	Hrub	Hvul	Lgig	Llon	Mmer	Myes	Nvec	OG00	Obim	Oida	Pcau	Pcro	Ppel	Rimm	Smed	Spha
HG_81875 	Dpul	Ebro	OG00
HG_65858 	Dmag	Gmae	Hhol	Nstr	OG00
HG_26549 	Dmag	Dpul	Hmia	OG00
HG_28445 	Dmag	Hhol	Nstr	OG00
HG_30740 	Cuni	Dmag	Ebro	Gmag	Hame	Hhan	Mvul	OG00	Paus	Smar
HG_28340 	Dapu	Dgal	Dmag	Dpul	OG00	Ptep
HG_63447 	Cfra	Cowc	Dmag	Nvec	OG00
HG_18725 	Dgal	Dmag	Dpul	Hhan	Nstr	OG00
HG_64158 	Cqua	Dpul	OG00
HG_22306 	Dapu	Dgal	Dmag	Dpul	OG00	Oida
HG_17435 	Cscu	Dcar	Dpul	Dste	Gmae	Hhol	Nstr	Nvec	OG00	Tuco
HG_54912 	Dgal	Dmag	Dpul	Hame	OG00	Pchi
HG_7673 	Acal	Acar	Aequ	Ajap	Amis	Anas	Anja	Aque	Arub	Asin	Bbom	Bbuf	Bgla	Blan	Bner	Bpec	Care	Cgig	Cint	Clup	Cmil	Cmyd	Cpic	Cpla	Cpor	Cscu	Cser	Ctig	Cuni	Deco	Dgal	Dmag	Dpol	Dpul	Drer	Eaff	Ebro	Ebur	Echl	Emac	Gaeg	Ggal	Ggan	Gser	Hhan	Hrub	Hsap	Lana	Lcha	Leri	Llon	Lpol	Mcal	Mcor	Mdom	Mlig	Mmer	Muni	Myes	Npar	Nvec	OG00	Oana	Olat	Onil	Pann	Paus	Pcau	Pchi	Pcla	Pcro	Pmag	Pmeg	Pmod	Ppel	Ppol	Psin	Ptep	Pwal	Rbiv	Rimm	Rtem	Sbom	Skow	Sorb	Spur	Tadh	Tcar	Tgut	Trub	Ttru	Tuco	Xlae	Xtro
HG_3671 	Acal	Acar	Aequ	Aful	Amis	Anan	Anas	Anja	Aque	Asin	Bbom	Bbuf	Bgla	Blan	Bpec	Care	Cele	Cgig	Cint	Clup	Cmyd	Cowc	Cpic	Cqua	Cscu	Cser	Ctel	Ctig	Cuni	Dapu	Dcor	Deco	Dgal	Dgyr	Dmag	Dpol	Dpte	Dpul	Drer	Dsil	Dste	Eaff	Eand	Ebur	Echl	Emac	Emue	Gaeg	Ggal	Gmag	Gser	Hali	Hhan	Hman	Hmed	Hrob	Hrub	Hsap	Hvul	Lana	Lgig	Lluy	Lpol	Mcal	Mcor	Mdom	Mlei	Mlig	Mmer	Muni	Mvul	Myes	Npar	Nvec	OG00	Oana	Obim	Oida	Onil	Pann	Paus	Pcau	Pchi	Pcla	Pcro	Pdav	Pech	Pesc	Pmag	Pmeg	Pmod	Ppac	Ppel	Pred	Psam	Psin	Ptep	Pwal	Rbiv	Rhab	Rimm	Rtem	Saro	Sbom	Skow	Sorb	Spha	Tadh	Tcal	Tcar	Tgut	Trub	Ttru	Tuco	Xlae	Xtro
HG_47735 	Dpul	OG00	Pcro	Smed
HG_12722 	Dgal	Dste	Hhol	OG00	Rimm	Smar
HG_47566 	Dmag	Dpul	Gmae	Hhol	Hman	OG00	Pmeg
HG_51388 	Anan	Dpul	OG00	Pdav	Pred
HG_13023 	Aque	Bner	Dmag	Emue	Hhan	Mvul	Nstr	OG00	Pcro	Tcal
HG_2441 	Acal	Acar	Aequ	Aful	Ajap	Amis	Anan	Anas	Anja	Aque	Aric	Arub	Asin	Aste	Bbom	Bbuf	Bcal	Bgla	Blan	Bner	Bpec	Care	Cele	Cfra	Cgig	Cint	Clup	Cmil	Cmyd	Cowc	Cpic	Cpla	Cpor	Cqua	Cscu	Cser	Ctel	Ctig	Cuni	Dapu	Dcar	Dcor	Deco	Dgal	Dgyr	Dmag	Dpol	Dpte	Dpul	Drer	Dsil	Dste	Eaff	Eand	Ebro	Ebur	Echl	Emac	Emue	Gaeg	Ggal	Ggan	Gmae	Gmag	Gser	Hali	Hame	Hazt	Hexe	Hhan	Hhol	Hman	Hmed	Hmia	Hrob	Hrub	Hsap	Hvul	Lana	Lcha	Leri	Lgig	Llon	Lluy	Lpol	Mcal	Mcor	Mdom	Mlei	Mlig	Mmer	Muni	Mvul	Myes	Npar	Nstr	Nvec	OG00	Oana	Obim	Oida	Olat	Onil	Pann	Paus	Pcau	Pchi	Pcla	Pcro	Pdav	Pech	Pesc	Pmag	Pmeg	Pmod	Popi	Ppac	Ppel	Ppol	Pred	Psam	Psin	Ptep	Pwal	Rbiv	Rhab	Rimm	Rota	Rsoc	Rsor	Rtem	Rvar	Saro	Sbom	Skow	Smar	Smed	Sorb	Spha	Spur	Tcal	Tcar	Tgut	Trub	Ttru	Tuco	Xlae	Xtro
HG_42033 	Dmag	Dpul	Eaff	Gmae	Hame	Hazt	OG00
HG_9561 	Ctel	Dapu	Dgal	Dmag	Dpul	Emue	OG00	Pdav	Pred	Psam	Rsoc	Rsor
HG_27611 	Anja	Ctel	Dmag	Hrob	Lana	OG00	Pchi	Rhab	Spur	Xlae	Xtro
HG_24971 	Dmag	Echl	Gmae	Hhol	Nstr	OG00	Tuco
HG_66277 	Dpul	Ebro	OG00	Pdav	Psam
HG_9256 	Dapu	Dgal	Dmag	Dpul	OG00	Rimm
HG_64309 	Cscu	Dpul	OG00
HG_63396 	Cfra	Dmag	Gmae	Nvec	OG00
HG_111133 	Dpul	OG01	Pwal
HG_12776 	Acal	Ctel	Dapu	Dgal	Dmag	Dpul	Gaeg	OG00
HG_15247 	Aric	Aste	Cowc	Dcar	Dpul	Dste	Hexe	Hhol	Hman	Lana	OG00	Psam	Rota	Rsoc	Rsor
HG_51980 	Aque	Dapu	Dgal	Dmag	OG00	Pesc
HG_54451 	Dapu	Dgal	Dmag	Dpul	OG00	Pesc
HG_55026 	Dmag	Gmae	OG00
HG_11655 	Ctel	Dgal	Dpol	Dpul	Hrob	Lgig	OG00	Popi
HG_15006 	Ctel	Dmag	Hhol	Hman	Nstr	Nvec	OG00	Tuco
HG_109810 	Dmag	OG01	Ppol
HG_8026 	Acal	Acar	Aequ	Ajap	Amis	Anja	Aque	Aric	Arub	Asin	Aste	Bbom	Bbuf	Bcal	Bgla	Blan	Bner	Bpec	Care	Cgig	Cint	Clup	Cmil	Cmyd	Cpla	Cser	Ctel	Ctig	Cuni	Dapu	Dcar	Deco	Dgyr	Dpol	Drer	Eand	Echl	Emac	Emue	Gaeg	Gmag	Gser	Hhan	Hmia	Hrob	Hsap	Lana	Lcha	Leri	Lgig	Llon	Lluy	Mcal	Mcor	Mlei	Mlig	Mmer	Muni	Mvul	Myes	Npar	OG00	Obim	Oida	Onil	Pann	Paus	Pcro	Pech	Pesc	Pmag	Pmeg	Pmod	Ppel	Psin	Pwal	Rbiv	Rota	Rsoc	Rsor	Rtem	Sbom	Skow	Smed	Spha	Spur	Tcar	Trub	Ttru	Xlae	Xtro
HG_39796 	Anas	Dpul	Dste	Lpol	OG00	Rimm
HG_11245 	Aric	Aste	Dcar	Dmag	Dste	Gmae	Hhol	Hman	OG00	Rota	Rsoc	Rsor
HG_41786 	Dapu	Dgal	Dmag	Dpul	Mvul	OG00	Tadh
HG_37418 	Dapu	Dgal	Dmag	Dpul	Lpol	OG00
HG_33898 	Dpul	Hhan	OG00
HG_33826 	Dmag	Hhan	Lcha	Mvul	OG00	Pmeg	Psam	Psin	Pwal
HG_80308 	Dcar	Dpul	OG00
HG_81019 	Dgal	Eaff	OG00
HG_1488 	Acal	Aequ	Ajap	Amis	Anja	Aric	Arub	Asin	Aste	Bbom	Bbuf	Bcal	Blan	Bner	Bpec	Care	Cgig	Cint	Cmyd	Cowc	Cpla	Cser	Ctel	Ctig	Dcar	Deco	Dpol	Dpul	Drer	Echl	Gaeg	Ggan	Gmag	Gser	Hhan	Hrub	Hvul	Lana	Lcha	Leri	Lgig	Llon	Lluy	Mcal	Mcor	Mlei	Mlig	Mmer	Muni	Myes	Nvec	OG00	Pann	Paus	Pcro	Pech	Pesc	Pmag	Pmeg	Pmod	Ppel	Pwal	Rbiv	Rota	Rsoc	Rsor	Rtem	Saro	Sbom	Skow	Spur	Tadh	Xlae	Xtro
HG_24953 	Dgal	Dmag	Dpul	OG00	Psam
HG_66259 	Dpul	Nstr	OG00	Tuco
HG_18656 	Cfra	Dmag	Dpul	Eaff	Echl	Gmae	Hhol	Nstr	Nvec	OG00	Tuco
HG_16486 	Dapu	Dcar	Dgal	Dmag	Dpul	Mlig	OG00	Rota
HG_14823 	Acal	Anan	Bner	Cint	Cmil	Cscu	Dcor	Dgal	Ebro	Ebur	Echl	Emue	Hali	Hazt	Hhan	Lgig	Lpol	Mcor	OG00	Pcro	Pred	Psam	Smar
HG_54538 	Dapu	Dgal	Dpul	Nstr	OG00
HG_55008 	Dmag	Mvul	OG00
HG_55280 	Dpul	Hman	Hmed	Nstr	OG00
HG_44954 	Anas	Dapu	Dpul	Gmae	OG00	Pchi
HG_45665 	Aric	Cint	Dpul	Lluy	OG00
HG_47561 	Dmag	Dste	Ebro	Nstr	OG00	Pwal
HG_111280 	Dpul	Nvec	OG01
HG_45119 	Aque	Dmag	OG00
HG_41599 	Ctel	Dmag	Dste	Hhol	OG00
HG_12002 	Aequ	Aque	Aric	Aste	Cfra	Dcar	Dmag	Emue	Gmae	Hhol	Hman	Mlig	Nvec	OG00	Pcro	Rota	Rsoc	Rsor	Saro	Tuco
HG_81378 	Dmag	Gmae	Nstr	OG00
HG_33808 	Dmag	Dpul	OG00	Psam
HG_81306 	Dmag	OG00	Pwal	Rimm
HG_41494 	Cqua	Dapu	Dgal	Dmag	Hame	Hazt	OG00	Pcla
HG_29479 	Amis	Bcal	Dmag	Dpul	Dsil	Hhol	OG00	Obim	Pmod	Rvar
HG_28358 	Dapu	Dgal	Dmag	Dpul	Ebro	OG00
HG_5908 	Acal	Acar	Aequ	Aful	Ajap	Amis	Anas	Anja	Aque	Aric	Arub	Asin	Aste	Bbom	Bbuf	Bcal	Bgla	Blan	Bner	Bpec	Care	Cfra	Cgig	Cint	Clup	Cmyd	Cowc	Cpic	Cpla	Cqua	Cser	Ctel	Ctig	Cuni	Dapu	Dcar	Dcor	Deco	Dgal	Dgyr	Dmag	Dpol	Dpul	Drer	Dsil	Eand	Ebro	Ebur	Echl	Emac	Emue	Gaeg	Gmae	Gmag	Gser	Hame	Hazt	Hhan	Hhol	Hman	Hmed	Hmia	Hrob	Hrub	Hsap	Hvul	Lana	Lcha	Leri	Lgig	Llon	Lluy	Lpol	Mcal	Mcor	Mdom	Mlig	Mmer	Muni	Mvul	Myes	Npar	Nstr	Nvec	OG00	Oana	Obim	Oida	Olat	Onil	Pann	Paus	Pcau	Pchi	Pcla	Pcro	Pech	Pesc	Pmag	Pmeg	Pmod	Popi	Ppac	Ppel	Psam	Ptep	Rbiv	Rimm	Rota	Rsoc	Rsor	Rtem	Saro	Sbom	Skow	Smar	Smed	Sorb	Spha	Spur	Tadh	Tcar	Trub	Ttru	Tuco	Xlae	Xtro
HG_33091 	Aste	Cuni	Dmag	OG00	Pwal	Rimm	Rota	Rsor	Rvar
HG_66272 	Dpul	Hhan	OG00
HG_16942 	Cscu	Dapu	Dmag	Dpul	Dsil	Gmae	Hhol	OG00	Ptep	Rimm
HG_110127 	Dmag	Lpol	OG01
HG_24251 	Anan	Cele	Dgal	Hali	OG00	Pdav	Pred	Rhab
HG_7878 	Acar	Amis	Arub	Asin	Bbom	Bbuf	Bpec	Care	Clup	Cmil	Cmyd	Cpic	Cpla	Cpor	Cser	Ctig	Dapu	Deco	Dgal	Dmag	Dpul	Drer	Dsil	Eaff	Ebur	Emac	Ggal	Ggan	Gmae	Gser	Hexe	Hrub	Hsap	Lcha	Leri	Mdom	Muni	Npar	Nvec	OG00	Oana	Olat	Onil	Pann	Pcau	Pmag	Pmeg	Pmod	Ppel	Psin	Ptep	Pwal	Rbiv	Rimm	Rtem	Sbom	Skow	Smar	Sorb	Tadh	Tcar	Tgut	Trub	Ttru	Xlae	Xtro
HG_16299 	Ajap	Anja	Arub	Cqua	Dapu	Dgal	Dmag	Dpul	Dsil	Eand	Gmae	Hame	Hazt	Hhol	Llon	Lpol	Mvul	OG00	Pchi	Pcla	Ptep	Rimm	Spur
HG_54551 	Dapu	Dmag	Dpul	Hhol	OG00	Tcal
HG_15242 	Aric	Aste	Cfra	Ctel	Dmag	Dste	Nstr	Nvec	OG00	Pesc	Pred	Rota	Rsoc	Rsor
HG_10634 	Anan	Cele	Dcor	Dgal	Hali	OG00	Pdav	Ppac	Pred	Psam
HG_51670 	Anas	Dmag	Dpul	Hame	OG00	Pchi
HG_47543 	Dmag	Dpul	Dste	OG00
HG_81939 	Dpul	Lpol	OG00
HG_11481 	Ajap	Anas	Bcal	Bner	Cgig	Dgal	Dmag	Dpol	Dpul	Eaff	Ebro	Gmae	Hali	Hexe	Hhan	Hrub	Lana	Lpol	Mmer	Mvul	OG00	Pdav	Ppol	Ptep	Rvar	Spha
HG_7240 	Acal	Acar	Aful	Amis	Anan	Anja	Aque	Aric	Arub	Asin	Aste	Bbom	Bbuf	Bcal	Bgla	Blan	Bner	Bpec	Care	Cele	Cgig	Cint	Cmil	Cmyd	Cowc	Cpic	Cpla	Cpor	Cser	Ctel	Ctig	Cuni	Dapu	Dcar	Dcor	Deco	Dgal	Dgyr	Dmag	Dpol	Dpul	Drer	Eand	Ebro	Ebur	Echl	Emac	Emue	Gaeg	Ggal	Ggan	Gmae	Gmag	Gser	Hali	Hhan	Hhol	Hman	Hmed	Hrob	Hrub	Hsap	Lana	Lcha	Leri	Lgig	Llon	Lluy	Mcal	Mcor	Mdom	Mlig	Mmer	Muni	Mvul	Myes	Npar	OG00	Oana	Obim	Oida	Olat	Onil	Pann	Paus	Pech	Pesc	Pmag	Pmeg	Pmod	Ppac	Ppel	Pred	Psam	Psin	Pwal	Rbiv	Rhab	Rota	Rsoc	Rsor	Rtem	Sbom	Skow	Smed	Sorb	Spha	Spur	Tcar	Tgut	Trub	Ttru	Tuco	Xlae	Xtro
HG_46253 	Bner	Dmag	OG00	Pdav	Rota	Rsoc	Rsor
HG_41509 	Cqua	Dapu	Dgal	Dmag	Dpul	Hame	Hazt	OG00
HG_37244 	Cscu	Dmag	Gmag	Lpol	OG00	Ptep	Rimm
HG_33652 	Dapu	Dgal	Dmag	Dpul	Eaff	OG00
HG_65817 	Dmag	Gmae	Hhol	Nstr	OG00
HG_30771 	Dapu	Dgal	Dmag	Dpul	OG00	Rvar
HG_19941 	Aque	Dpul	Lpol	OG00	Rota	Rsor
HG_23522 	Dapu	Dpul	Lpol	OG00
HG_15875 	Aequ	Aque	Dgal	Dmag	Dpul	Nvec	OG00
HG_21288 	Dmag	Hrob	OG00	Obim	Tadh
HG_13874 	Bcal	Dmag	Dpul	Hazt	Hhan	OG00
HG_16071 	Ctel	Dcar	Dmag	Gmae	Hhol	Hmed	Nstr	OG00	Pesc	Tuco
HG_54123 	Cqua	Dmag	Hazt	OG00	Pchi	Pcla
HG_50772 	Aequ	Dpul	OG00
HG_47492 	Dgal	Dmag	Dpul	OG00	Ptep
HG_13054 	Bcal	Dmag	Emue	Gmae	OG00	Pcro	Pesc	Psam
HG_111318 	Dpul	OG01	Pcla
HG_41763 	Dapu	Dgal	Dmag	Dpul	OG00	Tcal
HG_81406 	Dmag	Hhol	OG00
HG_37467 	Dcar	Dgal	Dmag	Dpul	OG00
HG_32859 	Aric	Aste	Dcar	Dmag	Gmae	OG00	Rota	Rsoc	Rsor
HG_81237 	Dmag	Nstr	OG00	Spha
HG_37362 	Dapu	Dgal	Dmag	Dpul	OG00	Pcau	Tuco
HG_30617 	Cqua	Ctel	Dcar	Dmag	OG00	Psam	Rota	Rsor
HG_65766 	Dmag	Gmag	Lluy	Mvul	OG00
HG_915 	Acal	Acar	Aequ	Aful	Ajap	Amis	Anan	Anja	Aque	Aric	Arub	Asin	Aste	Bbom	Bbuf	Bcal	Bgla	Blan	Bner	Bpec	Care	Cele	Cgig	Cint	Clup	Cmil	Cmyd	Cpic	Cpla	Cpor	Cqua	Cscu	Cser	Ctel	Ctig	Cuni	Dapu	Dcar	Dcor	Deco	Dgal	Dgyr	Dmag	Dpol	Dpul	Drer	Dste	Eand	Ebro	Ebur	Echl	Emac	Emue	Gaeg	Ggal	Ggan	Gmag	Gser	Hali	Hazt	Hhan	Hhol	Hrob	Hrub	Hsap	Hvul	Lana	Lcha	Leri	Lgig	Llon	Lluy	Lpol	Mcal	Mcor	Mdom	Mlig	Mmer	Muni	Mvul	Myes	Npar	Nvec	OG00	Oana	Obim	Oida	Olat	Onil	Pann	Paus	Pcau	Pchi	Pcla	Pcro	Pdav	Pech	Pesc	Pmag	Pmeg	Pmod	Popi	Ppac	Ppel	Ppol	Pred	Psam	Psin	Ptep	Pwal	Rbiv	Rhab	Rimm	Rota	Rsoc	Rsor	Rtem	Sbom	Skow	Smar	Sorb	Spur	Tadh	Tcar	Tgut	Trub	Ttru	Tuco	Xlae	Xtro
HG_65830 	Dmag	OG00	Rvar
HG_23576 	Dmag	Dste	Gmae	Hhol	Nstr	OG00	Pmeg
HG_17753 	Aequ	Ajap	Blan	Bpec	Cscu	Dpul	Hhan	Nstr	OG00	Rimm	Xlae
HG_20318 	Ctel	Dmag	Gmae	Hhol	Hman	Nstr	OG00	Tuco
HG_8263 	Dapu	Echl	Gser	Llon	Muni	Nvec	OG00
HG_17343 	Aric	Cqua	Dapu	Dgal	Dmag	Dpul	Eaff	Hame	Hazt	OG00	Pchi	Pcla	Rota
HG_20285 	Cqua	Dapu	Dgal	Dmag	Dpul	Eaff	Gmae	Hhol	Lpol	OG00	Pchi	Pcla	Tcal
HG_54515 	Dapu	Dpul	Mlig	OG00
HG_15342 	Dmag	Dpul	OG00	Rimm
HG_10429 	Aequ	Aque	Arub	Aste	Bcal	Dapu	Dcar	Dgal	Dmag	Dpul	Emue	Hhan	Hvul	Mlei	OG00	Rota
HG_11276 	Dapu	Dpul	Emue	Hhan	Lgig	Llon	OG00
HG_111252 	Dpul	Gmae	OG01
HG_74998 	Anas	Dmag	OG00	Pcla
HG_42046 	Dmag	Gmae	Hhol	Nstr	OG00	Tadh
HG_27319 	Aful	Anas	Cpic	Dpol	Dpul	Lluy	Mcor	OG00	Pred	Rimm	Tuco
HG_63883 	Cowc	Dpul	OG00	Tcal
HG_9606 	Aque	Aric	Aste	Blan	Cint	Cscu	Dapu	Dcar	Dcor	Dgal	Dmag	Dpul	Gmae	Hazt	Hhol	Hmia	Mvul	OG00	Ppac	Ppol	Rimm	Rota	Rsoc	Rsor	Smar	Tuco
HG_1426 	Anas	Cqua	Cscu	Ctel	Dapu	Dgal	Dmag	Dpul	Dsil	Dste	Eaff	Ebro	Gmae	Hame	Hazt	Hhan	Hmia	Llon	Lpol	Nstr	OG00	Pcau	Pchi	Pcla	Popi	Ptep	Rimm	Smar	Tcal
HG_64289 	Cscu	Dmag	OG00	Rimm
HG_111149 	Dpul	Hhol	OG01
HG_21283 	Dgal	OG00	Popi	Ppol
HG_327 	Acal	Acar	Aequ	Aful	Ajap	Amis	Anan	Anja	Aric	Arub	Asin	Aste	Bbom	Bbuf	Bcal	Bgla	Blan	Bner	Bpec	Care	Cele	Cfra	Cgig	Cint	Clup	Cmil	Cmyd	Cowc	Cpic	Cpla	Cpor	Cser	Ctel	Ctig	Cuni	Dcar	Dcor	Deco	Dgyr	Dpol	Dpul	Drer	Eand	Ebro	Echl	Emac	Gaeg	Ggal	Ggan	Gmae	Gmag	Gser	Hali	Hexe	Hhan	Hhol	Hman	Hmed	Hmia	Hrob	Hrub	Hsap	Lana	Lcha	Leri	Lgig	Llon	Lluy	Mcal	Mcor	Mdom	Mlei	Mlig	Mmer	Muni	Mvul	Myes	Npar	Nvec	OG00	Oana	Obim	Oida	Olat	Onil	Pann	Paus	Pcro	Pech	Pesc	Pmag	Pmeg	Pmod	Ppac	Ppel	Pred	Psam	Psin	Pwal	Rbiv	Rhab	Rota	Rsoc	Rsor	Rtem	Rvar	Saro	Sbom	Skow	Smed	Sorb	Spha	Spur	Tcar	Tgut	Trub	Ttru	Xlae	Xtro
HG_109826 	Dmag	Hhol	OG01
HG_13395 	Anan	Bcal	Ctel	Dmag	Dste	Gmae	Hhol	Hmed	Hmia	Nstr	Nvec	OG00	Pcro	Tadh	Tuco
HG_47761 	Dpul	OG00	Pesc	Rtem
HG_53174 	Bner	Cmil	Dpul	OG00
HG_10273 	Dgal	Hali	Llon	Lluy	OG00	Onil	Pcro
HG_110022 	Dmag	OG01	Rimm
HG_81401 	Dmag	Gmae	Hman	OG00
HG_8999 	Dapu	Dgal	Dmag	Dpul	Gaeg	OG00
HG_80111 	Dapu	Hvul	OG00	Rsoc
HG_65866 	Dmag	OG00	Pwal
HG_30684 	Ctel	Dmag	Dste	Hman	OG00	Pesc	Tuco
HG_9245 	Ajap	Anja	Ctel	Dpul	Echl	Gmag	Lluy	OG00	Pesc	Pmod	Pwal	Rtem
HG_15957 	Aric	Aste	Dcar	Dmag	Nstr	Nvec	OG00	Rota	Rsoc	Rsor
HG_110033 	Dmag	Gmae	OG01
HG_23571 	Dmag	OG00	Rimm
HG_19034 	Ajap	Bner	Dapu	Dgal	Dmag	Dpul	Hhan	OG00	Ppac
HG_22281 	Ctel	Dmag	Gmae	Hhol	Nstr	Nvec	OG00	Pesc	Tuco
HG_13851 	Aric	Aste	Blan	Cgig	Dapu	Dcar	Dgal	Dmag	Dpol	Dpul	Eaff	Echl	Gmag	Hame	Hazt	Hrub	Lana	Lgig	Mcal	Mmer	Myes	OG00	Pchi	Pesc	Ppol	Rota	Rsoc	Saro	Tcal
HG_54582 	Dapu	Dgal	Dpul	OG00	Pdav
HG_61180 	Aque	Dpul	OG00
HG_55293 	Dpul	Gmae	Hhol	Nvec	OG00	Tuco
HG_14016 	Acal	Bgla	Cgig	Dapu	Dmag	Dpol	Eaff	Echl	Gmag	Hrub	Lana	Lgig	Llon	Mcal	Mcor	Mlig	Mmer	Myes	OG00	Obim	Paus	Pcro	Pesc	Ppel	Ppol	Psam
HG_55052 	Dmag	OG00	Pcro
HG_47028 	Ctel	Dmag	Dste	Gmae	Nstr	OG00	Pesc
HG_81865 	Dpul	Hhan	OG00
HG_11271 	Ctel	Dmag	Dpul	Gmae	Hhol	Hman	Nvec	OG00	Pesc	Tuco
HG_39309 	Aequ	Dapu	Dgal	Dmag	Dpul	Hvul	OG00
HG_41740 	Dapu	Dgal	Dmag	Dpul	Dste	Eaff	OG00	Pchi
HG_32836 	Aric	Dpul	Hman	OG00	Rota
HG_81350 	Dmag	Gmae	Hmia	OG00
HG_109973 	Dmag	Hhol	OG01
HG_9745 	Aric	Aste	Dcar	Dpul	OG00	Rota	Rsoc	Rsor
HG_24779 	Cfra	Ctel	Dpul	Gmae	Hhol	Nstr	Nvec	OG00	Pesc	Tuco
HG_30425 	Bner	Cqua	Cscu	Ctel	Dmag	Emue	OG00	Pcro	Smar
HG_66285 	Dpul	Hman	Nstr	OG00
HG_62862 	Bner	Cmil	Dpul	Hhan	OG00
HG_62452 	Bbuf	Dgal	Mvul	OG00
HG_18441 	Anas	Cscu	Dapu	Dmag	Dpul	Hhan	Mlei	Mmer	OG00
HG_54902 	Dgal	Dmag	Dpul	Hazt	OG00	Pcla
HG_12889 	Dapu	Dgal	Dpul	Hhol	OG00	Spha
HG_11937 	Cscu	Dapu	Dgal	Dmag	Dpul	OG00
HG_47725 	Dpul	Emue	OG00
HG_10647 	Aric	Aste	Ctel	Dcar	Dmag	Dpul	Dste	Gmae	Hhol	Hmed	OG00	Pesc	Rota	Rsoc	Rsor	Tadh	Tuco
HG_47556 	Dmag	Dpul	Dste	Gmae	Lpol	OG00	Pcla
HG_55034 	Dmag	Hhol	OG00	Pcau	Pchi	Smar
HG_46097 	Bgla	Dpul	Myes	OG00
HG_81268 	Dmag	Ebro	Lpol	OG00
HG_37562 	Dmag	Mvul	OG00
HG_37321 	Ctel	Dmag	Hhol	Hman	Nstr	OG00
HG_42023 	Dmag	Emue	Hmia	Nstr	OG00
HG_33496 	Cowc	Dpul	Hhan	Hmia	OG00
HG_30648 	Cqua	Dapu	Dgal	Dmag	Dpul	Lpol	OG00
HG_24825 	Cowc	Ctel	Dpul	Dste	Gmae	Hhol	Hmed	Nstr	Nvec	OG00	Saro	Tuco
HG_64981 	Dapu	Dmag	Dste	Hexe	OG00
HG_24720 	Bner	Dapu	Dgal	Dmag	Dpol	Dpul	Dsil	Hhol	OG00
HG_17407 	Cfra	Cowc	Ctel	Dmag	Dpul	Dste	Gmae	Hhol	Nstr	Nvec	OG00	Saro	Tuco
HG_24310 	Anas	Dcor	Dmag	Dpul	Hhan	Lluy	Mcor	OG00	Pcau	Pech	Pred	Tuco
HG_20790 	Anan	Cele	Dapu	Dcor	Hali	Hrob	OG00	Pdav	Pred	Psam
HG_16494 	Dcar	Dmag	Hexe	Nstr	OG00	Rota	Rsor	Rvar	Saro
HG_12661 	Aequ	Aque	Bcal	Dapu	Dgal	Dmag	Dpul	Hhol	OG00	Rimm
HG_81386 	Dmag	Hazt	OG00
HG_29792 	Aque	Dpul	OG00	Pmod	Ppel	Skow
HG_29415 	Aful	Dgal	Gmag	Llon	Mvul	OG00	Oida	Pech	Ppol
HG_109721 	Dmag	Hhol	OG01
HG_30525 	Cfra	Dmag	Gmae	Hhol	Nstr	OG00	Tuco
HG_66249 	Dpul	OG00	Pcau
HG_32252 	Anan	Cscu	Cuni	Dpul	OG00	Pred
HG_32083 	Anan	Cele	Dcor	Dpul	OG00	Pdav	Ppac	Pred
HG_54938 	Dgal	Dsil	OG00
HG_66280 	Dpul	Emue	OG00
HG_25003 	Dpul	Emue	OG00
HG_54359 	Ctel	Dpul	Gmae	Hhol	Nvec	OG00
HG_17420 	Cint	Dmag	OG00	Popi
HG_21242 	Cscu	Dapu	Dgal	Dmag	Dpul	OG00	Popi
HG_20362 	Dmag	Dpul	Mcal	OG00	Rhab
HG_51711 	Anas	Cqua	Dgal	Dpul	Hame	OG00
HG_47487 	Dgal	Dmag	Dpul	Emue	OG00
HG_79957 	Dapu	Dpul	Hvul	OG00
HG_11522 	Blan	Dmag	Emue	Hmia	Lgig	Mmer	OG00	Popi	Ptep
HG_47551 	Dmag	Hali	OG00	Pdav	Pred
HG_13080 	Dgal	Mlei	OG00
HG_110130 	Dmag	Gmae	OG01
HG_37357 	Dapu	Dmag	Dpul	OG00	Tcal
HG_45140 	Aque	Dpul	Emue	OG00
HG_21803 	Anas	Cqua	Dapu	Dgal	Dmag	Dpul	Hame	Hazt	OG00	Pchi	Pcla	Ppol
HG_17474 	Dmag	Gmae	Hhol	Hman	Nstr	OG00	Tuco
HG_14352 	Anan	Aque	Cmil	Dmag	Hmia	Hvul	OG00	Pech	Popi	Psam	Rimm
HG_106610 	Dapu	Nvec	OG01
HG_7151 	Dpul	Lgig	Mvul	OG00	Smed
HG_2557 	Acar	Amis	Anan	Aric	Asin	Aste	Cmil	Cmyd	Cpic	Cpla	Cser	Ctig	Dapu	Dcar	Dcor	Deco	Dgal	Dmag	Dpul	Drer	Emac	Gmag	Hexe	Hrub	Lana	Lcha	Leri	Lpol	Mcal	OG00	Olat	Pann	Pdav	Pmeg	Psam	Psin	Pwal	Rbiv	Rota	Rsoc	Rsor	Trub
HG_32762 	Aric	Aste	Dcar	Dpul	OG00	Rota	Rsoc	Rsor
HG_27345 	Ajap	Anas	Dpul	Hrub	OG00	Tcal
HG_18746 	Dpul	Gmag	Lluy	OG00	Pesc
HG_24328 	Anja	Ctel	Dgal	Ebro	Gmag	Hhan	OG00
HG_64179 	Cqua	Dgal	Dpul	OG00	Pcla
HG_111321 	Dpul	Eand	OG01
HG_24295 	Anan	Dpul	Gmae	Hhol	Hman	Nstr	OG00	Tadh	Tuco
HG_16504 	Dmag	Emue	Llon	OG00	Pcro	Rimm
HG_14880 	Anan	Dmag	Dpul	Dste	Echl	Gmae	Hhol	Hmed	Nstr	Nvec	OG00	Popi	Tuco
HG_54523 	Dapu	Dgal	Dmag	Dpul	OG00	Tcal
HG_47515 	Dmag	Echl	Gmae	Hhol	Nstr	OG00
HG_40978 	Bgla	Cqua	Dgal	Hame	OG00	Pchi	Pcla	Ppac
HG_41994 	Dgal	Dpul	Gmag	Lana	Lpol	OG00
HG_41922 	Dcar	Dmag	Gmae	Hmia	OG00
HG_51063 	Aequ	Dmag	Llon	Nvec	OG00
HG_78357 	Cfra	Dmag	Hhol	OG00
HG_81363 	Dmag	Emue	OG00
HG_79132 	Cqua	Dmag	OG00
HG_81194 	Dmag	Emue	OG00
HG_24920 	Dapu	Dgal	Dmag	Dpul	Eaff	OG00
HG_18728 	Dmag	Dpul	Eaff	Hhan	Hmia	Hvul	OG00
HG_16968 	Dcar	Dmag	OG00	Popi	Rimm
HG_19439 	Clup	Cmil	Ctel	Dapu	Dpul	Ebro	Emue	Mdom	OG00
HG_22309 	Dapu	Dgal	Dmag	Dpul	OG00	Tcal
HG_24341 	Aque	Dgal	Dmag	Dpul	Hmia	OG00	Rimm
HG_7799 	Acal	Acar	Aful	Amis	Anas	Asin	Bbom	Bbuf	Bcal	Bgla	Blan	Bner	Bpec	Care	Cgig	Clup	Cmil	Cmyd	Cpic	Cpla	Cpor	Cqua	Cscu	Cser	Ctel	Ctig	Cuni	Deco	Dgal	Dmag	Dpol	Dpul	Drer	Eand	Ebro	Echl	Emac	Gaeg	Ggal	Ggan	Gmae	Gmag	Gser	Hame	Hazt	Hhan	Hman	Hmed	Hmia	Hrob	Hrub	Hsap	Hvul	Lana	Lcha	Leri	Lgig	Llon	Lpol	Mcal	Mcor	Mdom	Mlei	Mlig	Mmer	Muni	Mvul	Myes	Npar	Nvec	OG00	Oana	Obim	Oida	Olat	Onil	Pann	Paus	Pcau	Pchi	Pcla	Pesc	Pmag	Pmeg	Pmod	Ppel	Psam	Psin	Ptep	Pwal	Rbiv	Rimm	Rtem	Saro	Sbom	Skow	Smar	Smed	Sorb	Tcar	Tgut	Trub	Ttru	Tuco	Xlae	Xtro
HG_13677 	Dapu	Dgal	Dpul	OG00	Rimm
HG_53697 	Cgig	Dpte	Dpul	Hazt	OG00
HG_18044 	Cowc	Dapu	Dpul	Gmag	Mcor	OG00
HG_109394 	Dgal	OG01	Smar
HG_55047 	Dmag	Hhol	Nstr	OG00
HG_46922 	Cscu	Dpul	OG00
HG_47464 	Dgal	Dmag	Dpul	OG00	Popi
HG_41976 	Dgal	Dpul	Gmae	OG00	Pesc
HG_7032 	Dapu	Dmag	Dpul	Hame	OG00	Pchi	Tcal
HG_81240 	Dmag	Hmia	OG00
HG_29751 	Anas	Cqua	Dapu	Dgal	Dmag	Dpul	Hame	OG00	Pchi	Pcla
HG_23548 	Dcar	Dmag	Dste	Gmae	Hhol	Hmia	Nstr	OG00	Pcau	Tadh	Tcal
HG_1337 	Acar	Ajap	Amis	Aque	Arub	Asin	Bbuf	Bcal	Bner	Bpec	Care	Cgig	Clup	Cmil	Cmyd	Cpic	Cpla	Cpor	Cscu	Cser	Ctig	Dapu	Dcar	Dcor	Deco	Dgal	Dmag	Dpol	Dpul	Drer	Eand	Ebur	Emac	Emue	Gaeg	Ggal	Ggan	Gmag	Gser	Hman	Hrub	Hsap	Lana	Lcha	Leri	Lgig	Llon	Lpol	Mcal	Mdom	Mlei	Mlig	Mmer	Muni	Mvul	Myes	OG00	Oana	Olat	Onil	Pann	Paus	Pmag	Pmeg	Pmod	Popi	Ppac	Ppel	Psin	Ptep	Pwal	Rbiv	Rota	Rsoc	Rsor	Rtem	Sbom	Skow	Sorb	Tcar	Trub	Ttru	Xlae	Xtro
HG_54969 	Dmag	OG00	Pcro
HG_110113 	Dmag	Nstr	OG01
HG_22089 	Aric	Aste	Dcar	Dpul	Gmae	Hhol	OG00	Pdav	Psam	Rota	Rsor
HG_54559 	Dapu	Dgal	Dmag	Dpul	Eaff	OG00
HG_64102 	Cqua	Dpul	Dste	OG00	Pcla
HG_12707 	Cele	Dapu	Dmag	Dpul	OG00	Pred	Rimm	Smar
HG_13280 	Dmag	Dpul	Nstr	OG00	Tcal
HG_41789 	Dapu	Dpul	OG00	Pdav
HG_11143 	Dmag	Dpul	OG00	Rimm
HG_41717 	Dapu	Dgal	Dmag	Dpul	Eaff	OG00
HG_40973 	Bgla	Dmag	Dsil	Echl	Hazt	OG00	Obim
HG_81399 	Dmag	Eaff	Gmae	OG00
HG_33829 	Dmag	Dste	Gmae	Hhol	Nstr	Nvec	OG00
HG_33691 	Dapu	Dgal	Dmag	Dpul	OG00	Tadh
HG_32434 	Aque	Dpul	OG00	Paus
HG_26547 	Dmag	Hvul	OG00	Popi
HG_28443 	Dmag	Hhol	Hman	Nstr	Nvec	OG00
HG_8957 	Dapu	Dmag	Dpul	Hhan	Lgig	Mmer	OG00	Paus	Pcro	Pesc	Ppol	Tcal	Tuco
HG_470 	Acar	Aequ	Amis	Anja	Aque	Aric	Arub	Asin	Aste	Bbom	Bbuf	Bcal	Blan	Bner	Care	Cgig	Cint	Clup	Cmil	Cmyd	Cowc	Cpic	Cpla	Cpor	Cser	Ctel	Ctig	Dapu	Dcar	Deco	Dgal	Dgyr	Dmag	Dpol	Dpul	Drer	Eand	Ebur	Emac	Emue	Gaeg	Ggal	Ggan	Gmag	Gser	Hhan	Hman	Hmed	Hmia	Hrob	Hrub	Hsap	Hvul	Lana	Lcha	Leri	Lgig	Llon	Lluy	Lpol	Mcal	Mcor	Mdom	Mlei	Mlig	Mmer	Muni	Mvul	Myes	Npar	Nvec	OG00	Oana	Olat	Onil	Pann	Paus	Pech	Pesc	Pmag	Pmeg	Pmod	Ppel	Psin	Pwal	Rbiv	Rota	Rsoc	Rsor	Rtem	Saro	Sbom	Skow	Sorb	Tcar	Tgut	Trub	Ttru	Tuco	Xlae	Xtro
HG_20649 	Acal	Cuni	Dpul	Echl	Gmag	Hhan	Lluy	OG00	Pcau	Ppac	Spur
HG_16489 	Dapu	Dgal	Dmag	Dpul	Hman	OG00	Pcro
HG_16722 	Aful	Anas	Cscu	Ctel	Dpul	Eand	Gmae	Hhol	Hrob	Lgig	Lluy	Lpol	Mcor	OG00	Oida	Ppol	Tuco
HG_3942 	Acal	Acar	Aequ	Aful	Ajap	Amis	Anan	Anas	Anja	Aque	Arub	Asin	Bbom	Bbuf	Bgla	Blan	Bner	Bpec	Care	Cele	Cgig	Clup	Cmil	Cmyd	Cowc	Cpic	Cpla	Cpor	Cqua	Cscu	Cser	Ctel	Ctig	Cuni	Dapu	Dcor	Deco	Dgal	Dgyr	Dmag	Dpol	Dpul	Drer	Dsil	Dste	Eand	Ebro	Ebur	Echl	Emac	Emue	Gaeg	Ggal	Ggan	Gmag	Gser	Hali	Hame	Hazt	Hhan	Hmia	Hrub	Hsap	Hvul	Lana	Lcha	Leri	Lgig	Llon	Lluy	Lpol	Mcal	Mcor	Mdom	Mlig	Mmer	Muni	Myes	Npar	Nvec	OG00	Oana	Obim	Oida	Olat	Onil	Pann	Paus	Pchi	Pcla	Pcro	Pech	Pesc	Pmag	Pmeg	Pmod	Popi	Ppac	Ppel	Pred	Psam	Psin	Ptep	Pwal	Rbiv	Rimm	Rtem	Saro	Sbom	Skow	Smar	Sorb	Spha	Spur	Tcar	Tgut	Trub	Ttru	Xlae	Xtro
HG_55283 	Dpul	Ebro	Gmae	OG00	Pcau	Pech
HG_47733 	Dpul	Dsil	OG00
HG_12720 	Dapu	Dgal	Dmag	Dpul	OG00	Obim
HG_13431 	Aric	Aste	Cfra	Cowc	Dcar	Dmag	Dste	Hexe	Nstr	OG00	Rota	Rsoc	Rsor	Saro
HG_15022 	Dgal	Dmag	Dpul	Emue	Hali	OG00
HG_12246 	Dpul	OG00	Rvar
HG_104288 	Cfra	Dmag	OG01
HG_47154 	Dapu	Dgal	Dmag	Dpul	Hhol	OG00	Pesc
HG_37675 	Dpul	Ebro	Gmae	Nvec	OG00	Rsoc
HG_35369 	Ajap	Dmag	Emue	Hhan	Mmer	OG00	Pesc
HG_37570 	Dmag	Mvul	OG00	Pdav	Pmod	Rsor
HG_41392 	Cgig	Dpul	OG00	Olat	Pmod
HG_36690 	Bbom	Bcal	Blan	Dmag	Dpul	OG00	Pesc
HG_42031 	Dmag	Emue	OG00
HG_9703 	Cfra	Cowc	Ctel	Dmag	Dste	Emue	Gmae	Hhol	Hman	Nstr	Nvec	OG00	Saro	Tuco
HG_65428 	Dcar	Dmag	OG00	Rsoc
HG_19488 	Dapu	Dgal	Dpul	Hame	OG00
HG_16945 	Cscu	Dapu	Dgal	Dmag	Dpte	Dpul	Dsil	Eaff	Hazt	Hhol	Lpol	OG00	Pchi	Ptep	Tcal
HG_111315 	Dpul	OG01	Saro
HG_17487 	Dpul	Ggal	OG00	Popi
HG_20831 	Anas	Cqua	Dapu	Dgal	Dmag	Dpul	Eaff	Hame	Hazt	OG00	Pchi	Pcla	Tcal
HG_61257 	Aque	Dpul	OG00
HG_14703 	Ctel	Dgyr	Dpul	Dste	Gmae	Hhol	Nstr	Nvec	OG00	Pcau	Pesc	Tadh	Tuco
HG_15004 	Ctel	Dmag	Gmae	Hhol	Hman	Nstr	Nvec	OG00	Pesc
HG_44529 	Ajap	Aque	Dpul	OG00
HG_10363 	Dapu	Dgal	Dpol	Dpul	OG00
HG_47200 	Dapu	Dmag	Dpul	Gmae	Hhol	OG00
HG_33896 	Dpul	Hvul	Mcal	Mmer	OG00
HG_2222 	Aequ	Ajap	Anja	Aque	Blan	Cgig	Dpol	Dpul	Dste	Emue	Gmag	Hhan	Hmia	Hrub	Llon	Mcal	Mmer	Nvec	OG00	Paus	Pcau	Pdav	Pesc	Ppac	Skow	Spur
HG_65787 	Dmag	Gmae	Nstr	OG00
HG_26406 	Cqua	Dapu	Dgal	Dmag	Dpul	Dste	Hazt	OG00	Pchi	Pcla	Ppol	Rimm
HG_17807 	Anan	Dcar	Dmag	Dste	Ebro	Gmae	Nstr	OG00	Pcro	Tuco
HG_22950 	Anan	Arub	Cqua	Dpul	Dsil	Ebro	Gmae	Hman	Hrob	Mvul	Myes	OG00
