HG_51109	
Cuni_tr|A0A8S4A7K6|A0A8S4A7K6_9EUPU	
HG_44478	
This group of homology does not contain any annotated genome
HG_51140	
This group of homology does not contain any annotated genome
HG_73898	
This group of homology does not contain any annotated genome
HG_60236	
This group of homology does not contain any annotated genome
HG_44491	
Cuni_tr|A0A8S3ZE15|A0A8S3ZE15_9EUPU	
HG_96826	
This group of homology does not contain any annotated genome
HG_24167	
This group of homology does not contain any annotated genome
HG_96793	
Cuni_tr|A0A8S3Z4U6|A0A8S3Z4U6_9EUPU	
HG_73998	
This group of homology does not contain any annotated genome
HG_73926	
This group of homology does not contain any annotated genome
HG_96808	
This group of homology does not contain any annotated genome
HG_60231	
This group of homology does not contain any annotated genome
HG_96926	
Cuni_tr|A0A8S3Z7V9|A0A8S3Z7V9_9EUPU	
HG_96821	
This group of homology does not contain any annotated genome
HG_60213	
Cuni_tr|A0A8S4AA15|A0A8S4AA15_9EUPU	
HG_73857	
This group of homology does not contain any annotated genome
HG_73993	
This group of homology does not contain any annotated genome
HG_73921	
Cuni_tr|A0A8S3YFV6|A0A8S3YFV6_9EUPU	
HG_27330	
Cuni_tr|A0A8S3YHW7|A0A8S3YHW7_9EUPU	Cuni_tr|A0A8S3Z4K3|A0A8S3Z4K3_9EUPU	Cuni_tr|A0A8S3Z9F3|A0A8S3Z9F3_9EUPU	Cuni_tr|A0A8S4A165|A0A8S4A165_9EUPU	Cuni_tr|A0A8S4A193|A0A8S4A193_9EUPU	Cuni_tr|A0A8S4A2S6|A0A8S4A2S6_9EUPU	
HG_96875	
This group of homology does not contain any annotated genome
HG_96803	
This group of homology does not contain any annotated genome
HG_96770	
Cuni_tr|A0A8S3Z0E5|A0A8S3Z0E5_9EUPU	
HG_39379	
This group of homology does not contain any annotated genome
HG_51135	
Cuni_tr|A0A8S3Z5X8|A0A8S3Z5X8_9EUPU	
HG_73957	
This group of homology does not contain any annotated genome
HG_96839	
This group of homology does not contain any annotated genome
HG_51084	
This group of homology does not contain any annotated genome
HG_73970	
This group of homology does not contain any annotated genome
HG_96852	
This group of homology does not contain any annotated genome
HG_73952	
Cuni_tr|A0A8S3YBT0|A0A8S3YBT0_9EUPU	
HG_96834	
This group of homology does not contain any annotated genome
HG_60226	
Cuni_tr|A0A8S4A0S3|A0A8S4A0S3_9EUPU	
HG_14319	
Cuni_tr|A0A8S3YIB6|A0A8S3YIB6_9EUPU	
HG_73934	
Cuni_tr|A0A8S3Z2H8|A0A8S3Z2H8_9EUPU	
HG_27343	
This group of homology does not contain any annotated genome
HG_96783	
This group of homology does not contain any annotated genome
HG_73988	
This group of homology does not contain any annotated genome
HG_73916	
Cuni_tr|A0A8S3ZQW8|A0A8S3ZQW8_9EUPU	
HG_96934	
This group of homology does not contain any annotated genome
HG_60221	
Cuni_tr|A0A8S3YSV3|A0A8S3YSV3_9EUPU	Cuni_tr|A0A8S4A1L4|A0A8S4A1L4_9EUPU	Cuni_tr|A0A8S4A5T1|A0A8S4A5T1_9EUPU	
HG_96916	
This group of homology does not contain any annotated genome
HG_96811	
This group of homology does not contain any annotated genome
HG_51097	
This group of homology does not contain any annotated genome
HG_73983	
This group of homology does not contain any annotated genome
HG_73911	
This group of homology does not contain any annotated genome
HG_35280	
Cuni_tr|A0A8S4A3U6|A0A8S4A3U6_9EUPU	
HG_96865	
This group of homology does not contain any annotated genome
HG_96760	
This group of homology does not contain any annotated genome
HG_19022	
Cuni_tr|A0A8S3YQ34|A0A8S3YQ34_9EUPU	Cuni_tr|A0A8S3YYE7|A0A8S3YYE7_9EUPU	
HG_73965	
Cuni_tr|A0A8S3ZBL7|A0A8S3ZBL7_9EUPU	
HG_73947	
Cuni_tr|A0A8S3ZKI8|A0A8S3ZKI8_9EUPU	
HG_29421	
This group of homology does not contain any annotated genome
HG_96829	
This group of homology does not contain any annotated genome
HG_96796	
This group of homology does not contain any annotated genome
HG_60188	
This group of homology does not contain any annotated genome
HG_73896	
Cuni_tr|A0A8S3ZHZ7|A0A8S3ZHZ7_9EUPU	
HG_96947	
This group of homology does not contain any annotated genome
HG_96778	
This group of homology does not contain any annotated genome
HG_44458	
This group of homology does not contain any annotated genome
HG_73878	
This group of homology does not contain any annotated genome
HG_74002	
This group of homology does not contain any annotated genome
HG_96929	
This group of homology does not contain any annotated genome
HG_96896	
This group of homology does not contain any annotated genome
HG_96824	
This group of homology does not contain any annotated genome
HG_96791	
This group of homology does not contain any annotated genome
HG_60288	
Cuni_tr|A0A8S3YUC2|A0A8S3YUC2_9EUPU	
HG_60216	
Cuni_tr|A0A8S3ZYC3|A0A8S3ZYC3_9EUPU	
HG_51102	
Cuni_tr|A0A8S3YY75|A0A8S3YY75_9EUPU	
HG_73891	
This group of homology does not contain any annotated genome
HG_96806	
Cuni_tr|A0A8S4A6K9|A0A8S4A6K9_9EUPU	
HG_44453	
This group of homology does not contain any annotated genome
HG_73906	
This group of homology does not contain any annotated genome
HG_96924	
This group of homology does not contain any annotated genome
HG_96891	
This group of homology does not contain any annotated genome
HG_60283	
This group of homology does not contain any annotated genome
HG_73991	
Cuni_tr|A0A8S3ZET1|A0A8S3ZET1_9EUPU	
HG_96906	
This group of homology does not contain any annotated genome
HG_96737	
This group of homology does not contain any annotated genome
HG_96873	
This group of homology does not contain any annotated genome
HG_96801	
This group of homology does not contain any annotated genome
HG_44489	
Cuni_tr|A0A8S3ZPX7|A0A8S3ZPX7_9EUPU	
HG_73973	
This group of homology does not contain any annotated genome
HG_73901	
This group of homology does not contain any annotated genome
HG_35270	
Cuni_tr|A0A8S3Z9B9|A0A8S3Z9B9_9EUPU	Cuni_tr|A0A8S4A5Z7|A0A8S4A5Z7_9EUPU	
HG_96750	
This group of homology does not contain any annotated genome
HG_51133	
Cuni_tr|A0A8S3Z161|A0A8S3Z161_9EUPU	
HG_96837	
Cuni_tr|A0A8S3ZUE9|A0A8S3ZUE9_9EUPU	
HG_96901	
This group of homology does not contain any annotated genome
HG_60196	
Cuni_tr|A0A8S3YFW6|A0A8S3YFW6_9EUPU	
HG_44517	
This group of homology does not contain any annotated genome
HG_44484	
Cuni_tr|A0A8S3ZLD9|A0A8S3ZLD9_9EUPU	Cuni_tr|A0A8S3ZW55|A0A8S3ZW55_9EUPU	
HG_73937	
Cuni_tr|A0A8S3YW26|A0A8S3YW26_9EUPU	
HG_25650	
This group of homology does not contain any annotated genome
HG_96819	
This group of homology does not contain any annotated genome
HG_96850	
This group of homology does not contain any annotated genome
HG_73886	
Cuni_tr|A0A8S3YRC3|A0A8S3YRC3_9EUPU	
HG_96937	
This group of homology does not contain any annotated genome
HG_96832	
This group of homology does not contain any annotated genome
HG_60191	
This group of homology does not contain any annotated genome
HG_73868	
This group of homology does not contain any annotated genome
HG_39400	
Cuni_tr|A0A8S3Z722|A0A8S3Z722_9EUPU	
HG_96886	
This group of homology does not contain any annotated genome
HG_96814	
This group of homology does not contain any annotated genome
HG_96781	
This group of homology does not contain any annotated genome
HG_96868	
This group of homology does not contain any annotated genome
HG_96932	
Cuni_tr|A0A8S3ZME2|A0A8S3ZME2_9EUPU	
HG_73968	
This group of homology does not contain any annotated genome
HG_73863	
Cuni_tr|A0A8S3YPV5|A0A8S3YPV5_9EUPU	
HG_60273	
Cuni_tr|A0A8S3YDG3|A0A8S3YDG3_9EUPU	
HG_73981	
This group of homology does not contain any annotated genome
HG_73963	
This group of homology does not contain any annotated genome
HG_96845	
This group of homology does not contain any annotated genome
HG_15892	
Cuni_tr|A0A8S3ZZK1|A0A8S3ZZK1_9EUPU	Cuni_tr|A0A8S4A213|A0A8S4A213_9EUPU	Cuni_tr|A0A8S4A7S6|A0A8S4A7S6_9EUPU	
HG_73945	
Cuni_tr|A0A8S3Z0K1|A0A8S3Z0K1_9EUPU	
HG_96899	
This group of homology does not contain any annotated genome
HG_96827	
This group of homology does not contain any annotated genome
HG_21697	
Cuni_tr|A0A8S3ZCQ8|A0A8S3ZCQ8_9EUPU	Cuni_tr|A0A8S3ZDV4|A0A8S3ZDV4_9EUPU	Cuni_tr|A0A8S3ZEH4|A0A8S3ZEH4_9EUPU	Cuni_tr|A0A8S3ZMA5|A0A8S3ZMA5_9EUPU	Cuni_tr|A0A8S3ZMH3|A0A8S3ZMH3_9EUPU	Cuni_tr|A0A8S3ZRJ0|A0A8S3ZRJ0_9EUPU	Cuni_tr|A0A8S3ZW00|A0A8S3ZW00_9EUPU	
HG_73999	
This group of homology does not contain any annotated genome
HG_73927	
This group of homology does not contain any annotated genome
HG_96809	
This group of homology does not contain any annotated genome
HG_96840	
This group of homology does not contain any annotated genome
HG_44520	
Cuni_tr|A0A8S4A7Q5|A0A8S4A7Q5_9EUPU	Cuni_tr|A0A8S4A834|A0A8S4A834_9EUPU	Cuni_tr|A0A8S4AF90|A0A8S4AF90_9EUPU	
HG_73909	
Cuni_tr|A0A8S4A0F3|A0A8S4A0F3_9EUPU	
HG_73940	
This group of homology does not contain any annotated genome
HG_96758	
This group of homology does not contain any annotated genome
HG_16718	
This group of homology does not contain any annotated genome
HG_96894	
This group of homology does not contain any annotated genome
HG_96822	
This group of homology does not contain any annotated genome
HG_51100	
This group of homology does not contain any annotated genome
HG_73858	
This group of homology does not contain any annotated genome
HG_73922	
Cuni_tr|A0A8S3YLW7|A0A8S3YLW7_9EUPU	
HG_96876	
This group of homology does not contain any annotated genome
HG_96804	
This group of homology does not contain any annotated genome
HG_96940	
This group of homology does not contain any annotated genome
HG_60268	
Cuni_tr|A0A8S3ZBU9|A0A8S3ZBU9_9EUPU	
HG_73976	
Cuni_tr|A0A8S3ZQ50|A0A8S3ZQ50_9EUPU	Cuni_tr|A0A8S3ZSL6|A0A8S3ZSL6_9EUPU	
HG_73871	
Cuni_tr|A0A8S3ZD49|A0A8S3ZD49_9EUPU	
HG_96858	
This group of homology does not contain any annotated genome
HG_96922	
This group of homology does not contain any annotated genome
HG_60281	
Cuni_tr|A0A8S3YPB8|A0A8S3YPB8_9EUPU	
HG_51136	
This group of homology does not contain any annotated genome
HG_73958	
Cuni_tr|A0A8S3ZEQ4|A0A8S3ZEQ4_9EUPU	
HG_51085	
This group of homology does not contain any annotated genome
HG_35301	
This group of homology does not contain any annotated genome
HG_60245	
This group of homology does not contain any annotated genome
HG_73889	
Cuni_tr|A0A8S3ZP86|A0A8S3ZP86_9EUPU	
HG_73953	
Cuni_tr|A0A8S3ZGQ8|A0A8S3ZGQ8_9EUPU	
HG_96835	
Cuni_tr|A0A8S3ZJ00|A0A8S3ZJ00_9EUPU	
HG_60194	
This group of homology does not contain any annotated genome
HG_10864	
Cuni_tr|A0A8S3YZ29|A0A8S3YZ29_9EUPU	Cuni_tr|A0A8S3ZA83|A0A8S3ZA83_9EUPU	
HG_51113	
Cuni_tr|A0A8S3Z7K3|A0A8S3Z7K3_9EUPU	
HG_73935	
This group of homology does not contain any annotated genome
HG_96889	
This group of homology does not contain any annotated genome
HG_96817	
This group of homology does not contain any annotated genome
HG_96784	
This group of homology does not contain any annotated genome
HG_73917	
Cuni_tr|A0A8S3ZVG3|A0A8S3ZVG3_9EUPU	
HG_96935	
This group of homology does not contain any annotated genome
HG_96830	
This group of homology does not contain any annotated genome
HG_73866	
This group of homology does not contain any annotated genome
HG_96917	
This group of homology does not contain any annotated genome
HG_96812	
This group of homology does not contain any annotated genome
HG_73984	
Cuni_tr|A0A8S3ZDB7|A0A8S3ZDB7_9EUPU	
HG_31963	
Cuni_tr|A0A8S3ZAM0|A0A8S3ZAM0_9EUPU	Cuni_tr|A0A8S3ZQX2|A0A8S3ZQX2_9EUPU	
HG_19843	
This group of homology does not contain any annotated genome
HG_96866	
This group of homology does not contain any annotated genome
HG_96930	
This group of homology does not contain any annotated genome
HG_51144	
Cuni_tr|A0A8S3ZRQ5|A0A8S3ZRQ5_9EUPU	
HG_73861	
Cuni_tr|A0A8S3ZLB9|A0A8S3ZLB9_9EUPU	
HG_96743	
This group of homology does not contain any annotated genome
HG_60271	
Cuni_tr|A0A8S3YYA8|A0A8S3YYA8_9EUPU	
HG_51126	
Cuni_tr|A0A8S3ZGD5|A0A8S3ZGD5_9EUPU	
HG_51093	
Cuni_tr|A0A8S3YPX2|A0A8S3YPX2_9EUPU	Cuni_tr|A0A8S3ZV00|A0A8S3ZV00_9EUPU	
HG_44477	
This group of homology does not contain any annotated genome
HG_27339	
This group of homology does not contain any annotated genome
HG_96843	
This group of homology does not contain any annotated genome
HG_73879	
This group of homology does not contain any annotated genome
HG_73943	
This group of homology does not contain any annotated genome
HG_74003	
Cuni_tr|A0A8S3YQ07|A0A8S3YQ07_9EUPU	
HG_96825	
This group of homology does not contain any annotated genome
HG_96792	
This group of homology does not contain any annotated genome
HG_96943	
This group of homology does not contain any annotated genome
HG_96925	
This group of homology does not contain any annotated genome
HG_96756	
This group of homology does not contain any annotated genome
HG_96892	
This group of homology does not contain any annotated genome
HG_60284	
This group of homology does not contain any annotated genome
HG_44500	
Cuni_tr|A0A8S3ZSA5|A0A8S3ZSA5_9EUPU	
HG_73992	
Cuni_tr|A0A8S3ZBF6|A0A8S3ZBF6_9EUPU	
HG_73920	
Cuni_tr|A0A8S3YKD3|A0A8S3YKD3_9EUPU	
HG_96907	
This group of homology does not contain any annotated genome
HG_60266	
Cuni_tr|A0A8S3ZNE6|A0A8S3ZNE6_9EUPU	
HG_73902	
This group of homology does not contain any annotated genome
HG_96751	
This group of homology does not contain any annotated genome
HG_60248	
Cuni_tr|A0A8S3YFZ6|A0A8S3YFZ6_9EUPU	Cuni_tr|A0A8S3YL40|A0A8S3YL40_9EUPU	
HG_51134	
Cuni_tr|A0A8S3YTQ7|A0A8S3YTQ7_9EUPU	
HG_73851	
Cuni_tr|A0A8S3YNE8|A0A8S3YNE8_9EUPU	
HG_96838	
This group of homology does not contain any annotated genome
HG_96902	
This group of homology does not contain any annotated genome
HG_44518	
Cuni_tr|A0A8S3Z8H1|A0A8S3Z8H1_9EUPU	Cuni_tr|A0A8S3ZDK3|A0A8S3ZDK3_9EUPU	
HG_51083	
This group of homology does not contain any annotated genome
HG_96787	
This group of homology does not contain any annotated genome
HG_73887	
Cuni_tr|A0A8S3YGR8|A0A8S3YGR8_9EUPU	
HG_96938	
Cuni_tr|A0A8S3YXS5|A0A8S3YXS5_9EUPU	
HG_96769	
This group of homology does not contain any annotated genome
HG_96833	
This group of homology does not contain any annotated genome
HG_14318	
This group of homology does not contain any annotated genome
HG_44480	
Cuni_tr|A0A8S3Z9B5|A0A8S3Z9B5_9EUPU	Cuni_tr|A0A8S3ZAN0|A0A8S3ZAN0_9EUPU	
HG_39401	
This group of homology does not contain any annotated genome
HG_96815	
This group of homology does not contain any annotated genome
HG_60279	
Cuni_tr|A0A8S4A1P2|A0A8S4A1P2_9EUPU	
HG_73882	
Cuni_tr|A0A8S3ZPG6|A0A8S3ZPG6_9EUPU	
HG_96869	
This group of homology does not contain any annotated genome
HG_96933	
This group of homology does not contain any annotated genome
HG_60292	
This group of homology does not contain any annotated genome
HG_73969	
This group of homology does not contain any annotated genome
HG_96915	
This group of homology does not contain any annotated genome
HG_96746	
This group of homology does not contain any annotated genome
HG_96810	
This group of homology does not contain any annotated genome
HG_44498	
This group of homology does not contain any annotated genome
HG_39386	
Cuni_tr|A0A8S4A6E3|A0A8S4A6E3_9EUPU	
HG_73910	
Cuni_tr|A0A8S3YHQ8|A0A8S3YHQ8_9EUPU	Cuni_tr|A0A8S4A540|A0A8S4A540_9EUPU	
HG_51142	
Cuni_tr|A0A8S3YCR3|A0A8S3YCR3_9EUPU	Cuni_tr|A0A8S3Z066|A0A8S3Z066_9EUPU	
HG_18364	
This group of homology does not contain any annotated genome
HG_60238	
This group of homology does not contain any annotated genome
HG_44508	
This group of homology does not contain any annotated genome
HG_51106	
This group of homology does not contain any annotated genome
HG_51073	
This group of homology does not contain any annotated genome
HG_96777	
This group of homology does not contain any annotated genome
HG_96841	
This group of homology does not contain any annotated genome
HG_60233	
This group of homology does not contain any annotated genome
HG_73877	
Cuni_tr|A0A8S3YYL5|A0A8S3YYL5_9EUPU	
HG_96759	
This group of homology does not contain any annotated genome
HG_96823	
This group of homology does not contain any annotated genome
HG_96790	
This group of homology does not contain any annotated genome
HG_44503	
Cuni_tr|A0A8S4A6C9|A0A8S4A6C9_9EUPU	
HG_73995	
Cuni_tr|A0A8S3ZKA9|A0A8S3ZKA9_9EUPU	
HG_73923	
Cuni_tr|A0A8S3YLF9|A0A8S3YLF9_9EUPU	
HG_96805	
This group of homology does not contain any annotated genome
HG_96941	
This group of homology does not contain any annotated genome
HG_60269	
This group of homology does not contain any annotated genome
HG_73905	
Cuni_tr|A0A8S3ZSU9|A0A8S3ZSU9_9EUPU	
HG_73872	
Cuni_tr|A0A8S3YPA7|A0A8S3YPA7_9EUPU	
HG_96859	
This group of homology does not contain any annotated genome
HG_96923	
This group of homology does not contain any annotated genome
HG_51137	
Cuni_tr|A0A8S3ZBY8|A0A8S3ZBY8_9EUPU	
HG_73990	
Cuni_tr|A0A8S3ZHI0|A0A8S3ZHI0_9EUPU	
HG_96736	
This group of homology does not contain any annotated genome
HG_96800	
This group of homology does not contain any annotated genome
HG_51119	
Cuni_tr|A0A8S3ZQ83|A0A8S3ZQ83_9EUPU	Cuni_tr|A0A8S4A0G7|A0A8S4A0G7_9EUPU	
HG_51086	
Cuni_tr|A0A8S3YS24|A0A8S3YS24_9EUPU	
HG_73900	
Cuni_tr|A0A8S4A494|A0A8S4A494_9EUPU	Cuni_tr|A0A8S4AA05|A0A8S4AA05_9EUPU	
HG_51132	
Cuni_tr|A0A8S3ZEN0|A0A8S3ZEN0_9EUPU	Cuni_tr|A0A8S4A2J7|A0A8S4A2J7_9EUPU	
HG_96818	
This group of homology does not contain any annotated genome
HG_44465	
Cuni_tr|A0A8S3YGZ8|A0A8S3YGZ8_9EUPU	
HG_96767	
This group of homology does not contain any annotated genome
HG_96831	
This group of homology does not contain any annotated genome
HG_60223	
This group of homology does not contain any annotated genome
HG_73931	
This group of homology does not contain any annotated genome
HG_35269	
Cuni_tr|A0A8S3ZLE5|A0A8S3ZLE5_9EUPU	
HG_96918	
Cuni_tr|A0A8S3Z5L0|A0A8S3Z5L0_9EUPU	
HG_96885	
This group of homology does not contain any annotated genome
HG_96813	
This group of homology does not contain any annotated genome
HG_96780	
Cuni_tr|A0A8S3YXD1|A0A8S3YXD1_9EUPU	
HG_60277	
Cuni_tr|A0A8S3YJX9|A0A8S3YJX9_9EUPU	Cuni_tr|A0A8S3YLY7|A0A8S3YLY7_9EUPU	
HG_51099	
Cuni_tr|A0A8S3ZUX8|A0A8S3ZUX8_9EUPU	
HG_35282	
Cuni_tr|A0A8S3YU66|A0A8S3YU66_9EUPU	Cuni_tr|A0A8S3YV46|A0A8S3YV46_9EUPU	Cuni_tr|A0A8S3YWQ7|A0A8S3YWQ7_9EUPU	Cuni_tr|A0A8S3YYE5|A0A8S3YYE5_9EUPU	Cuni_tr|A0A8S3Z1Z4|A0A8S3Z1Z4_9EUPU	
HG_96867	
This group of homology does not contain any annotated genome
HG_96931	
This group of homology does not contain any annotated genome
HG_96762	
This group of homology does not contain any annotated genome
HG_51145	
This group of homology does not contain any annotated genome
HG_96849	
Cuni_tr|A0A8S3YDW6|A0A8S3YDW6_9EUPU	
HG_96913	
Cuni_tr|A0A8S3YKT6|A0A8S3YKT6_9EUPU	
HG_15896	
Cuni_tr|A0A8S3ZJM4|A0A8S3ZJM4_9EUPU	Cuni_tr|A0A8S3ZJW7|A0A8S3ZJW7_9EUPU	Cuni_tr|A0A8S3ZQY4|A0A8S3ZQY4_9EUPU	
HG_96744	
This group of homology does not contain any annotated genome
HG_60272	
Cuni_tr|A0A8S3YDH6|A0A8S3YDH6_9EUPU	
HG_73949	
This group of homology does not contain any annotated genome
HG_39384	
Cuni_tr|A0A8S3YBI4|A0A8S3YBI4_9EUPU	Cuni_tr|A0A8S3ZBM5|A0A8S3ZBM5_9EUPU	Cuni_tr|A0A8S3ZEU6|A0A8S3ZEU6_9EUPU	Cuni_tr|A0A8S3ZYU8|A0A8S3ZYU8_9EUPU	
