HG_51109	OG0051108: Aful_Afu003530 Aful_Afu016470 Cuni_tr|A0A8S4A7K6|A0A8S4A7K6_9EUPU Oida_KGH48_08139-RA Oida_KGH48_08139-RB
HG_44478	OG0044477: Aful_Afu012129 Aful_Afu019950 Oida_KGH48_06179-RA Oida_KGH48_09135-RA Oida_KGH48_09135-RB Oida_KGH48_09135-RC
HG_51140	OG0051139: Aful_Afu005829 Aful_Afu005830 Aful_Afu005831 Aful_Afu005832 Oida_KGH48_03085-RE
HG_73898	OG0073897: Aful_Afu012123 Oida_KGH48_02495-RA Oida_KGH48_09138-RA
HG_60236	OG0060235: Aful_Afu003496 Aful_Afu003497 Aful_Afu016407 Oida_KGH48_21421-RA
HG_44491	OG0044490: Aful_Afu017984 Aful_Afu017985 Cuni_tr|A0A8S3ZE15|A0A8S3ZE15_9EUPU Oida_KGH48_15750-RA Oida_KGH48_19904-RA Oida_KGH48_22130-RA
HG_96826	OG0096825: Aful_Afu016020 Oida_KGH48_21091-RA
HG_24167	OG0024166: Aful_Afu003504 Aful_Afu003505 Aful_Afu003506 Aful_Afu003509 Oida_KGH48_14638-RA Oida_KGH48_14638-RB Oida_KGH48_14638-RC Oida_KGH48_14638-RD Oida_KGH48_16147-RA Oida_KGH48_16147-RB Oida_KGH48_16147-RC Oida_KGH48_16147-RE Oida_KGH48_16147-RI
HG_96793	OG0096792: Aful_Afu012914 Cuni_tr|A0A8S3Z4U6|A0A8S3Z4U6_9EUPU
HG_73998	OG0073997: Aful_Afu006917 Oida_KGH48_19021-RB Oida_KGH48_19021-RC
HG_73926	OG0073925: Aful_Afu017434 Oida_KGH48_12343-RA Oida_KGH48_19169-RA
HG_96808	OG0096807: Aful_Afu012453 Oida_KGH48_01723-RA
HG_60231	OG0060230: Aful_Afu004735 Aful_Afu015298 Oida_KGH48_12265-RA Oida_KGH48_26518-RA
HG_96926	OG0096925: Aful_Afu003837 Cuni_tr|A0A8S3Z7V9|A0A8S3Z7V9_9EUPU
HG_96821	OG0096820: Aful_Afu015161 Oida_KGH48_27285-RA
HG_60213	OG0060212: Aful_Afu011517 Cuni_tr|A0A8S4AA15|A0A8S4AA15_9EUPU Oida_KGH48_22562-RA Oida_KGH48_23531-RA
HG_73857	OG0073856: Aful_Afu008447 Aful_Afu017327 Oida_KGH48_12786-RA
HG_73993	OG0073992: Aful_Afu006220 Oida_KGH48_02124-RA Oida_KGH48_02124-RB
HG_73921	OG0073920: Aful_Afu017067 Cuni_tr|A0A8S3YFV6|A0A8S3YFV6_9EUPU Oida_KGH48_11094-RA
HG_27330	OG0027329: Aful_Afu003657 Aful_Afu017388 Aful_Afu021721 Cuni_tr|A0A8S3YHW7|A0A8S3YHW7_9EUPU Cuni_tr|A0A8S3Z4K3|A0A8S3Z4K3_9EUPU Cuni_tr|A0A8S3Z9F3|A0A8S3Z9F3_9EUPU Cuni_tr|A0A8S4A165|A0A8S4A165_9EUPU Cuni_tr|A0A8S4A193|A0A8S4A193_9EUPU Cuni_tr|A0A8S4A2S6|A0A8S4A2S6_9EUPU Oida_KGH48_06877-RA Oida_KGH48_17558-RA
HG_96875	OG0096874: Aful_Afu019544 Oida_KGH48_16254-RA
HG_96803	OG0096802: Aful_Afu012322 Oida_KGH48_26615-RA
HG_96770	OG0096769: Aful_Afu009920 Cuni_tr|A0A8S3Z0E5|A0A8S3Z0E5_9EUPU
HG_39379	OG0039378: Aful_Afu009907 Oida_KGH48_00382-RA Oida_KGH48_12889-RA Oida_KGH48_12890-RA Oida_KGH48_12891-RA Oida_KGH48_12891-RB Oida_KGH48_12891-RC
HG_51135	OG0051134: Aful_Afu023593 Cuni_tr|A0A8S3Z5X8|A0A8S3Z5X8_9EUPU Oida_KGH48_15361-RA Oida_KGH48_15361-RB Oida_KGH48_21563-RA
HG_73957	OG0073956: Aful_Afu021559 Aful_Afu021560 Oida_KGH48_07660-RF
HG_96839	OG0096838: Aful_Afu002343 Oida_KGH48_05732-RA
HG_51084	OG0051083: Aful_Afu009938 Oida_KGH48_15718-RA Oida_KGH48_15718-RB Oida_KGH48_15719-RA Oida_KGH48_15719-RB
HG_73970	OG0073969: Aful_Afu023290 Oida_KGH48_25416-RA Oida_KGH48_25416-RB
HG_96852	OG0096851: Aful_Afu017336 Oida_KGH48_27335-RA
HG_73952	OG0073951: Aful_Afu020948 Cuni_tr|A0A8S3YBT0|A0A8S3YBT0_9EUPU Oida_KGH48_18742-RA
HG_96834	OG0096833: Aful_Afu001878 Oida_KGH48_26706-RA
HG_60226	OG0060225: Aful_Afu012648 Cuni_tr|A0A8S4A0S3|A0A8S4A0S3_9EUPU Oida_KGH48_21839-RA Oida_KGH48_21839-RB
HG_14319	OG0014318: Aful_Afu001322 Aful_Afu002769 Aful_Afu002770 Aful_Afu002771 Aful_Afu002772 Aful_Afu002773 Aful_Afu002775 Aful_Afu002776 Aful_Afu002777 Aful_Afu002778 Aful_Afu002779 Aful_Afu002780 Aful_Afu002781 Aful_Afu002782 Aful_Afu002783 Aful_Afu002784 Aful_Afu002785 Cuni_tr|A0A8S3YIB6|A0A8S3YIB6_9EUPU Oida_KGH48_12581-RA Oida_KGH48_12581-RB Oida_KGH48_12581-RC Oida_KGH48_12581-RD Oida_KGH48_12581-RF Oida_KGH48_12581-RH Oida_KGH48_12581-RJ Oida_KGH48_17481-RB Oida_KGH48_17482-RB Oida_KGH48_17483-RA Oida_KGH48_17484-RA
HG_73934	OG0073933: Aful_Afu018370 Cuni_tr|A0A8S3Z2H8|A0A8S3Z2H8_9EUPU Oida_KGH48_10596-RA
HG_27343	OG0027342: Aful_Afu005642 Oida_KGH48_13153-RA Oida_KGH48_13153-RB Oida_KGH48_13153-RC Oida_KGH48_13153-RD Oida_KGH48_13153-RE Oida_KGH48_13153-RG Oida_KGH48_13153-RH Oida_KGH48_13153-RJ Oida_KGH48_13154-RA Oida_KGH48_13154-RC
HG_96783	OG0096782: Aful_Afu010263 Oida_KGH48_09595-RA
HG_73988	OG0073987: Aful_Afu005543 Oida_KGH48_14797-RC Oida_KGH48_14797-RE
HG_73916	OG0073915: Aful_Afu001780 Aful_Afu001781 Cuni_tr|A0A8S3ZQW8|A0A8S3ZQW8_9EUPU
HG_96934	OG0096933: Aful_Afu005096 Oida_KGH48_20492-RA
HG_60221	OG0060220: Aful_Afu013245 Cuni_tr|A0A8S3YSV3|A0A8S3YSV3_9EUPU Cuni_tr|A0A8S4A1L4|A0A8S4A1L4_9EUPU Cuni_tr|A0A8S4A5T1|A0A8S4A5T1_9EUPU
HG_96916	OG0096915: Aful_Afu023458 Oida_KGH48_08620-RA
HG_96811	OG0096810: Aful_Afu014385 Oida_KGH48_24125-RA
HG_51097	OG0051096: Aful_Afu013226 Oida_KGH48_13254-RA Oida_KGH48_16829-RD Oida_KGH48_19571-RA Oida_KGH48_26125-RA
HG_73983	OG0073982: Aful_Afu005143 Oida_KGH48_00166-RB Oida_KGH48_00166-RC
HG_73911	OG0073910: Aful_Afu004099 Aful_Afu015977 Oida_KGH48_27271-RA
HG_35280	OG0035279: Aful_Afu015098 Aful_Afu015099 Aful_Afu019849 Cuni_tr|A0A8S4A3U6|A0A8S4A3U6_9EUPU Oida_KGH48_14938-RA Oida_KGH48_14939-RA Oida_KGH48_23489-RC Oida_KGH48_23489-RD
HG_96865	OG0096864: Aful_Afu018724 Oida_KGH48_16328-RA
HG_96760	OG0096759: Aful_Afu008887 Oida_KGH48_24014-RA
HG_19022	OG0019021: Aful_Afu001063 Aful_Afu004101 Aful_Afu005497 Aful_Afu005498 Aful_Afu009176 Aful_Afu009674 Aful_Afu010633 Aful_Afu011110 Aful_Afu013520 Aful_Afu014045 Aful_Afu015090 Aful_Afu018193 Aful_Afu019283 Aful_Afu021369 Aful_Afu021588 Aful_Afu023042 Cuni_tr|A0A8S3YQ34|A0A8S3YQ34_9EUPU Cuni_tr|A0A8S3YYE7|A0A8S3YYE7_9EUPU
HG_73965	OG0073964: Aful_Afu014353 Cuni_tr|A0A8S3ZBL7|A0A8S3ZBL7_9EUPU Oida_KGH48_15287-RA
HG_73947	OG0073946: Aful_Afu020589 Cuni_tr|A0A8S3ZKI8|A0A8S3ZKI8_9EUPU Oida_KGH48_21540-RA
HG_29421	OG0029420: Aful_Afu006378 Aful_Afu006379 Aful_Afu006380 Oida_KGH48_16233-RA Oida_KGH48_20539-RA Oida_KGH48_20540-RA Oida_KGH48_20748-RA Oida_KGH48_20749-RA Oida_KGH48_21983-RB Oida_KGH48_23840-RA
HG_96829	OG0096828: Aful_Afu016409 Oida_KGH48_15513-RB
HG_96796	OG0096795: Aful_Afu013184 Oida_KGH48_27507-RA
HG_60188	OG0060187: Aful_Afu000670 Oida_KGH48_21511-RA Oida_KGH48_21511-RB Oida_KGH48_21511-RC
HG_73896	OG0073895: Aful_Afu013592 Cuni_tr|A0A8S3ZHZ7|A0A8S3ZHZ7_9EUPU Oida_KGH48_01453-RA
HG_96947	OG0096946: Aful_Afu007138 Oida_KGH48_19893-RA
HG_96778	OG0096777: Aful_Afu010997 Oida_KGH48_10548-RA
HG_44458	OG0044457: Aful_Afu001297 Oida_KGH48_04950-RA Oida_KGH48_11074-RA Oida_KGH48_11074-RB Oida_KGH48_11074-RC Oida_KGH48_22687-RA
HG_73878	OG0073877: Aful_Afu010195 Oida_KGH48_24940-RA Oida_KGH48_24940-RB
HG_74002	OG0074001: Aful_Afu007590 Oida_KGH48_07337-RA Oida_KGH48_09589-RA
HG_96929	OG0096928: Aful_Afu004304 Oida_KGH48_26151-RA
HG_96896	OG0096895: Aful_Afu021778 Oida_KGH48_08972-RA
HG_96824	OG0096823: Aful_Afu015354 Oida_KGH48_21778-RA
HG_96791	OG0096790: Aful_Afu011883 Oida_KGH48_24407-RA
HG_60288	OG0060287: Aful_Afu006850 Cuni_tr|A0A8S3YUC2|A0A8S3YUC2_9EUPU Oida_KGH48_26957-RA Oida_KGH48_27293-RA
HG_60216	OG0060215: Aful_Afu012871 Cuni_tr|A0A8S3ZYC3|A0A8S3ZYC3_9EUPU Oida_KGH48_14816-RA Oida_KGH48_14817-RA
HG_51102	OG0051101: Aful_Afu012851 Aful_Afu020266 Cuni_tr|A0A8S3YY75|A0A8S3YY75_9EUPU Oida_KGH48_14786-RA Oida_KGH48_16251-RA
HG_73891	OG0073890: Aful_Afu012910 Oida_KGH48_19937-RA Oida_KGH48_23137-RA
HG_96806	OG0096805: Aful_Afu012360 Cuni_tr|A0A8S4A6K9|A0A8S4A6K9_9EUPU
HG_44453	OG0044452: Aful_Afu001046 Aful_Afu006018 Aful_Afu015589 Aful_Afu016328 Aful_Afu018735 Oida_KGH48_00815-RF
HG_73906	OG0073905: Aful_Afu015073 Aful_Afu022320 Oida_KGH48_04246-RA
HG_96924	OG0096923: Aful_Afu003709 Oida_KGH48_19257-RA
HG_96891	OG0096890: Aful_Afu021609 Oida_KGH48_25014-RA
HG_60283	OG0060282: Aful_Afu005184 Oida_KGH48_08767-RA Oida_KGH48_08767-RB Oida_KGH48_08767-RC
HG_73991	OG0073990: Aful_Afu006158 Cuni_tr|A0A8S3ZET1|A0A8S3ZET1_9EUPU Oida_KGH48_04361-RA
HG_96906	OG0096905: Aful_Afu013968 Oida_KGH48_24418-RA
HG_96737	OG0096736: Aful_Afu000556 Oida_KGH48_16001-RA
HG_96873	OG0096872: Aful_Afu019484 Oida_KGH48_19375-RC
HG_96801	OG0096800: Aful_Afu013509 Oida_KGH48_24141-RA
HG_44489	OG0044488: Aful_Afu017384 Aful_Afu017385 Aful_Afu021439 Cuni_tr|A0A8S3ZPX7|A0A8S3ZPX7_9EUPU Oida_KGH48_20189-RB Oida_KGH48_22962-RA
HG_73973	OG0073972: Aful_Afu003456 Aful_Afu003458 Oida_KGH48_09265-RA
HG_73901	OG0073900: Aful_Afu014664 Oida_KGH48_08512-RA Oida_KGH48_27570-RA
HG_35270	OG0035269: Aful_Afu009617 Aful_Afu014136 Cuni_tr|A0A8S3Z9B9|A0A8S3Z9B9_9EUPU Cuni_tr|A0A8S4A5Z7|A0A8S4A5Z7_9EUPU Oida_KGH48_20713-RA Oida_KGH48_20714-RA Oida_KGH48_23903-RA Oida_KGH48_23903-RB
HG_96750	OG0096749: Aful_Afu001432 Oida_KGH48_20537-RA
HG_51133	OG0051132: Aful_Afu023490 Aful_Afu023491 Aful_Afu023492 Cuni_tr|A0A8S3Z161|A0A8S3Z161_9EUPU Oida_KGH48_19586-RA
HG_96837	OG0096836: Aful_Afu002174 Cuni_tr|A0A8S3ZUE9|A0A8S3ZUE9_9EUPU
HG_96901	OG0096900: Aful_Afu022284 Oida_KGH48_12573-RA
HG_60196	OG0060195: Aful_Afu008894 Aful_Afu017256 Cuni_tr|A0A8S3YFW6|A0A8S3YFW6_9EUPU Oida_KGH48_27272-RA
HG_44517	OG0044516: Aful_Afu006634 Oida_KGH48_05238-RA Oida_KGH48_05241-RC Oida_KGH48_05241-RD Oida_KGH48_05241-RF Oida_KGH48_05241-RG
HG_44484	OG0044483: Aful_Afu015063 Cuni_tr|A0A8S3ZLD9|A0A8S3ZLD9_9EUPU Cuni_tr|A0A8S3ZW55|A0A8S3ZW55_9EUPU Oida_KGH48_18904-RA Oida_KGH48_18904-RB Oida_KGH48_22200-RA
HG_73937	OG0073936: Aful_Afu018727 Cuni_tr|A0A8S3YW26|A0A8S3YW26_9EUPU Oida_KGH48_08681-RA
HG_25650	OG0025649: Aful_Afu006926 Aful_Afu006927 Aful_Afu006929 Aful_Afu006930 Aful_Afu006931 Oida_KGH48_13542-RA Oida_KGH48_13542-RB Oida_KGH48_13542-RD Oida_KGH48_13542-RE Oida_KGH48_13542-RF Oida_KGH48_18131-RA Oida_KGH48_19226-RA
HG_96819	OG0096818: Aful_Afu015087 Oida_KGH48_07751-RA
HG_96850	OG0096849: Aful_Afu017082 Oida_KGH48_01422-RA
HG_73886	OG0073885: Aful_Afu011669 Cuni_tr|A0A8S3YRC3|A0A8S3YRC3_9EUPU Oida_KGH48_06368-RA
HG_96937	OG0096936: Aful_Afu005265 Oida_KGH48_00440-RA
HG_96832	OG0096831: Aful_Afu001807 Oida_KGH48_11753-RA
HG_60191	OG0060190: Aful_Afu001412 Aful_Afu002502 Oida_KGH48_18785-RA Oida_KGH48_18785-RB
HG_73868	OG0073867: Aful_Afu009700 Aful_Afu009701 Oida_KGH48_19376-RA
HG_39400	OG0039399: Aful_Afu021620 Aful_Afu021621 Aful_Afu021622 Aful_Afu021623 Aful_Afu021624 Cuni_tr|A0A8S3Z722|A0A8S3Z722_9EUPU Oida_KGH48_08290-RA
HG_96886	OG0096885: Aful_Afu021273 Oida_KGH48_05699-RA
HG_96814	OG0096813: Aful_Afu014766 Oida_KGH48_19789-RA
HG_96781	OG0096780: Aful_Afu011208 Oida_KGH48_22858-RA
HG_96868	OG0096867: Aful_Afu018863 Oida_KGH48_25261-RA
HG_96932	OG0096931: Aful_Afu004526 Cuni_tr|A0A8S3ZME2|A0A8S3ZME2_9EUPU
HG_73968	OG0073967: Aful_Afu022749 Oida_KGH48_10990-RA Oida_KGH48_14965-RA
HG_73863	OG0073862: Aful_Afu009214 Cuni_tr|A0A8S3YPV5|A0A8S3YPV5_9EUPU Oida_KGH48_23320-RA
HG_60273	OG0060272: Aful_Afu014087 Aful_Afu014088 Cuni_tr|A0A8S3YDG3|A0A8S3YDG3_9EUPU Oida_KGH48_12004-RA
HG_73981	OG0073980: Aful_Afu004848 Aful_Afu004849 Oida_KGH48_22345-RA
HG_73963	OG0073962: Aful_Afu014086 Oida_KGH48_12005-RA Oida_KGH48_12005-RB
HG_96845	OG0096844: Aful_Afu002790 Oida_KGH48_08326-RA
HG_15892	OG0015891: Aful_Afu017598 Aful_Afu021120 Aful_Afu021121 Cuni_tr|A0A8S3ZZK1|A0A8S3ZZK1_9EUPU Cuni_tr|A0A8S4A213|A0A8S4A213_9EUPU Cuni_tr|A0A8S4A7S6|A0A8S4A7S6_9EUPU Oida_KGH48_03547-RA Oida_KGH48_03547-RB Oida_KGH48_12584-RA Oida_KGH48_12584-RB Oida_KGH48_12584-RF Oida_KGH48_12584-RN Oida_KGH48_13387-RA Oida_KGH48_13387-RB Oida_KGH48_13387-RC Oida_KGH48_13387-RD Oida_KGH48_13387-RE Oida_KGH48_13387-RF Oida_KGH48_13387-RG Oida_KGH48_13387-RH Oida_KGH48_13387-RI Oida_KGH48_13387-RJ Oida_KGH48_13387-RK Oida_KGH48_13387-RL
HG_73945	OG0073944: Aful_Afu020144 Cuni_tr|A0A8S3Z0K1|A0A8S3Z0K1_9EUPU Oida_KGH48_27638-RA
HG_96899	OG0096898: Aful_Afu022187 Oida_KGH48_05113-RA
HG_96827	OG0096826: Aful_Afu016169 Oida_KGH48_22520-RA
HG_21697	OG0021696: Aful_Afu009279 Aful_Afu013122 Aful_Afu013123 Aful_Afu022853 Aful_Afu022854 Aful_Afu022855 Aful_Afu022974 Cuni_tr|A0A8S3ZCQ8|A0A8S3ZCQ8_9EUPU Cuni_tr|A0A8S3ZDV4|A0A8S3ZDV4_9EUPU Cuni_tr|A0A8S3ZEH4|A0A8S3ZEH4_9EUPU Cuni_tr|A0A8S3ZMA5|A0A8S3ZMA5_9EUPU Cuni_tr|A0A8S3ZMH3|A0A8S3ZMH3_9EUPU Cuni_tr|A0A8S3ZRJ0|A0A8S3ZRJ0_9EUPU Cuni_tr|A0A8S3ZW00|A0A8S3ZW00_9EUPU Oida_KGH48_14464-RA
HG_73999	OG0073998: Aful_Afu006968 Oida_KGH48_01186-RA Oida_KGH48_01186-RB
HG_73927	OG0073926: Aful_Afu017847 Oida_KGH48_09378-RE Oida_KGH48_09378-RF
HG_96809	OG0096808: Aful_Afu012466 Oida_KGH48_08870-RC
HG_96840	OG0096839: Aful_Afu002426 Oida_KGH48_06845-RA
HG_44520	OG0044519: Aful_Afu006916 Aful_Afu006918 Cuni_tr|A0A8S4A7Q5|A0A8S4A7Q5_9EUPU Cuni_tr|A0A8S4A834|A0A8S4A834_9EUPU Cuni_tr|A0A8S4AF90|A0A8S4AF90_9EUPU Oida_KGH48_22276-RA
HG_73909	OG0073908: Aful_Afu015461 Cuni_tr|A0A8S4A0F3|A0A8S4A0F3_9EUPU Oida_KGH48_16926-RA
HG_73940	OG0073939: Aful_Afu019551 Aful_Afu023486 Oida_KGH48_15085-RA
HG_96758	OG0096757: Aful_Afu008737 Oida_KGH48_08791-RA
HG_16718	OG0016717: Aful_Afu005078 Aful_Afu005079 Aful_Afu005080 Aful_Afu005081 Aful_Afu015350 Oida_KGH48_10579-RA Oida_KGH48_10579-RB Oida_KGH48_10579-RC Oida_KGH48_10579-RD Oida_KGH48_10579-RE Oida_KGH48_10579-RF Oida_KGH48_10579-RG Oida_KGH48_10579-RH Oida_KGH48_10579-RI Oida_KGH48_10579-RJ Oida_KGH48_10579-RK Oida_KGH48_10579-RL Oida_KGH48_10579-RM Oida_KGH48_10579-RN Oida_KGH48_10579-RO Oida_KGH48_10579-RP Oida_KGH48_10579-RR
HG_96894	OG0096893: Aful_Afu021739 Oida_KGH48_13527-RA
HG_96822	OG0096821: Aful_Afu015213 Oida_KGH48_03662-RI
HG_51100	OG0051099: Aful_Afu012614 Oida_KGH48_11872-RA Oida_KGH48_11872-RB Oida_KGH48_11872-RC Oida_KGH48_24697-RA
HG_73858	OG0073857: Aful_Afu008637 Oida_KGH48_24252-RA Oida_KGH48_24252-RB
HG_73922	OG0073921: Aful_Afu017103 Cuni_tr|A0A8S3YLW7|A0A8S3YLW7_9EUPU Oida_KGH48_07172-RA
HG_96876	OG0096875: Aful_Afu019649 Oida_KGH48_21582-RA
HG_96804	OG0096803: Aful_Afu012323 Oida_KGH48_25549-RA
HG_96940	OG0096939: Aful_Afu005753 Oida_KGH48_14727-RA
HG_60268	OG0060267: Aful_Afu021520 Cuni_tr|A0A8S3ZBU9|A0A8S3ZBU9_9EUPU Oida_KGH48_19945-RB Oida_KGH48_19945-RC
HG_73976	OG0073975: Aful_Afu003761 Cuni_tr|A0A8S3ZQ50|A0A8S3ZQ50_9EUPU Cuni_tr|A0A8S3ZSL6|A0A8S3ZSL6_9EUPU
HG_73871	OG0073870: Aful_Afu010660 Cuni_tr|A0A8S3ZD49|A0A8S3ZD49_9EUPU Oida_KGH48_16599-RA
HG_96858	OG0096857: Aful_Afu017683 Oida_KGH48_11659-RA
HG_96922	OG0096921: Aful_Afu003524 Oida_KGH48_19509-RA
HG_60281	OG0060280: Aful_Afu004882 Cuni_tr|A0A8S3YPB8|A0A8S3YPB8_9EUPU Oida_KGH48_21672-RA Oida_KGH48_25124-RA
HG_51136	OG0051135: Aful_Afu003507 Oida_KGH48_21679-RA Oida_KGH48_21679-RB Oida_KGH48_21679-RC Oida_KGH48_21679-RD
HG_73958	OG0073957: Aful_Afu021592 Cuni_tr|A0A8S3ZEQ4|A0A8S3ZEQ4_9EUPU Oida_KGH48_27585-RA
HG_51085	OG0051084: Aful_Afu009958 Aful_Afu013874 Oida_KGH48_15106-RA Oida_KGH48_15106-RB Oida_KGH48_16477-RA
HG_35301	OG0035300: Aful_Afu023137 Aful_Afu023138 Oida_KGH48_15657-RA Oida_KGH48_20634-RC Oida_KGH48_21054-RC Oida_KGH48_21055-RA Oida_KGH48_21055-RB Oida_KGH48_25041-RC
HG_60245	OG0060244: Aful_Afu018179 Oida_KGH48_24263-RA Oida_KGH48_24263-RB Oida_KGH48_25635-RA
HG_73889	OG0073888: Aful_Afu011871 Cuni_tr|A0A8S3ZP86|A0A8S3ZP86_9EUPU Oida_KGH48_27123-RA
HG_73953	OG0073952: Aful_Afu021182 Cuni_tr|A0A8S3ZGQ8|A0A8S3ZGQ8_9EUPU Oida_KGH48_09367-RA
HG_96835	OG0096834: Aful_Afu002032 Cuni_tr|A0A8S3ZJ00|A0A8S3ZJ00_9EUPU
HG_60194	OG0060193: Aful_Afu008590 Oida_KGH48_20790-RA Oida_KGH48_20790-RB Oida_KGH48_20790-RC
HG_10864	OG0010863: Aful_Afu010410 Cuni_tr|A0A8S3YZ29|A0A8S3YZ29_9EUPU Cuni_tr|A0A8S3ZA83|A0A8S3ZA83_9EUPU Oida_KGH48_02572-RA Oida_KGH48_02572-RB Oida_KGH48_02572-RC Oida_KGH48_02572-RD Oida_KGH48_02572-RE Oida_KGH48_02572-RF Oida_KGH48_02572-RH Oida_KGH48_10320-RA Oida_KGH48_10320-RB Oida_KGH48_10321-RE Oida_KGH48_10322-RA Oida_KGH48_10322-RB Oida_KGH48_10505-RA Oida_KGH48_12834-RA Oida_KGH48_15359-RB Oida_KGH48_15359-RC Oida_KGH48_15359-RD Oida_KGH48_15359-RE Oida_KGH48_15359-RF Oida_KGH48_15359-RH Oida_KGH48_15360-RA Oida_KGH48_15360-RB Oida_KGH48_17267-RA Oida_KGH48_17268-RA Oida_KGH48_17269-RB Oida_KGH48_17335-RA Oida_KGH48_17335-RB Oida_KGH48_17335-RC Oida_KGH48_17335-RD Oida_KGH48_17335-RF Oida_KGH48_17335-RG Oida_KGH48_17363-RA Oida_KGH48_17363-RB Oida_KGH48_17363-RD Oida_KGH48_17363-RE Oida_KGH48_17364-RE Oida_KGH48_19483-RA Oida_KGH48_19484-RC Oida_KGH48_19589-RA Oida_KGH48_19589-RB Oida_KGH48_19589-RD Oida_KGH48_19589-RE Oida_KGH48_19677-RA Oida_KGH48_23519-RC Oida_KGH48_23519-RD Oida_KGH48_23591-RC Oida_KGH48_23591-RD
HG_51113	OG0051112: Aful_Afu017150 Cuni_tr|A0A8S3Z7K3|A0A8S3Z7K3_9EUPU Oida_KGH48_14735-RA Oida_KGH48_26685-RA Oida_KGH48_27166-RA
HG_73935	OG0073934: Aful_Afu018420 Oida_KGH48_26302-RA Oida_KGH48_26334-RA
HG_96889	OG0096888: Aful_Afu021438 Oida_KGH48_06875-RA
HG_96817	OG0096816: Aful_Afu015075 Oida_KGH48_17087-RA
HG_96784	OG0096783: Aful_Afu010355 Oida_KGH48_27578-RA
HG_73917	OG0073916: Aful_Afu002162 Cuni_tr|A0A8S3ZVG3|A0A8S3ZVG3_9EUPU Oida_KGH48_02594-RA
HG_96935	OG0096934: Aful_Afu005171 Oida_KGH48_07028-RA
HG_96830	OG0096829: Aful_Afu016447 Oida_KGH48_09264-RA
HG_73866	OG0073865: Aful_Afu009318 Aful_Afu013746 Oida_KGH48_22980-RA
HG_96917	OG0096916: Aful_Afu003169 Oida_KGH48_19855-RA
HG_96812	OG0096811: Aful_Afu014584 Oida_KGH48_14829-RA
HG_73984	OG0073983: Aful_Afu005312 Cuni_tr|A0A8S3ZDB7|A0A8S3ZDB7_9EUPU Oida_KGH48_24869-RA
HG_31963	OG0031962: Aful_Afu003782 Aful_Afu003783 Aful_Afu003784 Aful_Afu003785 Aful_Afu003786 Aful_Afu003787 Aful_Afu009505 Cuni_tr|A0A8S3ZAM0|A0A8S3ZAM0_9EUPU Cuni_tr|A0A8S3ZQX2|A0A8S3ZQX2_9EUPU
HG_19843	OG0019842: Aful_Afu005101 Aful_Afu005103 Aful_Afu005105 Oida_KGH48_13028-RA Oida_KGH48_13028-RB Oida_KGH48_13028-RC Oida_KGH48_13028-RD Oida_KGH48_13028-RE Oida_KGH48_13028-RF Oida_KGH48_16289-RA Oida_KGH48_16289-RB Oida_KGH48_16289-RC Oida_KGH48_16289-RD Oida_KGH48_16289-RE Oida_KGH48_16289-RF Oida_KGH48_16289-RH Oida_KGH48_16289-RI
HG_96866	OG0096865: Aful_Afu018768 Oida_KGH48_24353-RA
HG_96930	OG0096929: Aful_Afu004411 Oida_KGH48_22805-RA
HG_51144	OG0051143: Aful_Afu006485 Cuni_tr|A0A8S3ZRQ5|A0A8S3ZRQ5_9EUPU Oida_KGH48_16757-RA Oida_KGH48_16757-RB Oida_KGH48_16757-RC
HG_73861	OG0073860: Aful_Afu008881 Cuni_tr|A0A8S3ZLB9|A0A8S3ZLB9_9EUPU Oida_KGH48_13308-RA
HG_96743	OG0096742: Aful_Afu000808 Oida_KGH48_16890-RA
HG_60271	OG0060270: Aful_Afu013677 Cuni_tr|A0A8S3YYA8|A0A8S3YYA8_9EUPU Oida_KGH48_14284-RA Oida_KGH48_14284-RB
HG_51126	OG0051125: Aful_Afu021539 Cuni_tr|A0A8S3ZGD5|A0A8S3ZGD5_9EUPU Oida_KGH48_19921-RA Oida_KGH48_19921-RB Oida_KGH48_24495-RA
HG_51093	OG0051092: Aful_Afu011667 Cuni_tr|A0A8S3YPX2|A0A8S3YPX2_9EUPU Cuni_tr|A0A8S3ZV00|A0A8S3ZV00_9EUPU Oida_KGH48_06364-RA Oida_KGH48_18605-RA
HG_44477	OG0044476: Aful_Afu012102 Oida_KGH48_08889-RA Oida_KGH48_08889-RB Oida_KGH48_08889-RC Oida_KGH48_13416-RC Oida_KGH48_13416-RE
HG_27339	OG0027338: Aful_Afu023022 Oida_KGH48_15203-RB Oida_KGH48_15203-RD Oida_KGH48_15203-RE Oida_KGH48_21195-RB Oida_KGH48_21195-RC Oida_KGH48_22110-RA Oida_KGH48_22110-RB Oida_KGH48_22539-RA Oida_KGH48_22539-RC Oida_KGH48_26367-RA
HG_96843	OG0096842: Aful_Afu002684 Oida_KGH48_03483-RA
HG_73879	OG0073878: Aful_Afu010281 Aful_Afu011673 Oida_KGH48_24277-RA
HG_73943	OG0073942: Aful_Afu020120 Oida_KGH48_01226-RA Oida_KGH48_14626-RA
HG_74003	OG0074002: Aful_Afu007725 Cuni_tr|A0A8S3YQ07|A0A8S3YQ07_9EUPU Oida_KGH48_08953-RA
HG_96825	OG0096824: Aful_Afu015744 Oida_KGH48_25997-RA
HG_96792	OG0096791: Aful_Afu011907 Oida_KGH48_09379-RA
HG_96943	OG0096942: Aful_Afu006310 Oida_KGH48_02984-RA
HG_96925	OG0096924: Aful_Afu003741 Oida_KGH48_02674-RB
HG_96756	OG0096755: Aful_Afu008329 Oida_KGH48_25895-RA
HG_96892	OG0096891: Aful_Afu021632 Oida_KGH48_02799-RA
HG_60284	OG0060283: Aful_Afu005923 Oida_KGH48_17990-RA Oida_KGH48_17990-RB Oida_KGH48_17990-RC
HG_44500	OG0044499: Aful_Afu021594 Aful_Afu021596 Aful_Afu021597 Aful_Afu021598 Aful_Afu021599 Cuni_tr|A0A8S3ZSA5|A0A8S3ZSA5_9EUPU
HG_73992	OG0073991: Aful_Afu006219 Cuni_tr|A0A8S3ZBF6|A0A8S3ZBF6_9EUPU Oida_KGH48_02123-RA
HG_73920	OG0073919: Aful_Afu017026 Cuni_tr|A0A8S3YKD3|A0A8S3YKD3_9EUPU Oida_KGH48_16779-RA
HG_96907	OG0096906: Aful_Afu014078 Oida_KGH48_24267-RB
HG_60266	OG0060265: Aful_Afu021237 Cuni_tr|A0A8S3ZNE6|A0A8S3ZNE6_9EUPU Oida_KGH48_06063-RA Oida_KGH48_22467-RA
HG_73902	OG0073901: Aful_Afu014711 Oida_KGH48_09269-RB Oida_KGH48_09269-RC
HG_96751	OG0096750: Aful_Afu001461 Oida_KGH48_25276-RA
HG_60248	OG0060247: Aful_Afu018376 Cuni_tr|A0A8S3YFZ6|A0A8S3YFZ6_9EUPU Cuni_tr|A0A8S3YL40|A0A8S3YL40_9EUPU Oida_KGH48_10405-RA
HG_51134	OG0051133: Aful_Afu023584 Cuni_tr|A0A8S3YTQ7|A0A8S3YTQ7_9EUPU Oida_KGH48_03889-RA Oida_KGH48_03889-RB Oida_KGH48_03889-RC
HG_73851	OG0073850: Aful_Afu000407 Cuni_tr|A0A8S3YNE8|A0A8S3YNE8_9EUPU Oida_KGH48_25547-RA
HG_96838	OG0096837: Aful_Afu002207 Oida_KGH48_08688-RA
HG_96902	OG0096901: Aful_Afu022305 Oida_KGH48_23543-RA
HG_44518	OG0044517: Aful_Afu006695 Cuni_tr|A0A8S3Z8H1|A0A8S3Z8H1_9EUPU Cuni_tr|A0A8S3ZDK3|A0A8S3ZDK3_9EUPU Oida_KGH48_11627-RA Oida_KGH48_18703-RA Oida_KGH48_18703-RB
HG_51083	OG0051082: Aful_Afu009870 Oida_KGH48_19379-RA Oida_KGH48_19379-RB Oida_KGH48_19379-RC Oida_KGH48_19379-RD
HG_96787	OG0096786: Aful_Afu010541 Oida_KGH48_07210-RA
HG_73887	OG0073886: Aful_Afu011672 Cuni_tr|A0A8S3YGR8|A0A8S3YGR8_9EUPU Oida_KGH48_20413-RA
HG_96938	OG0096937: Aful_Afu005340 Cuni_tr|A0A8S3YXS5|A0A8S3YXS5_9EUPU
HG_96769	OG0096768: Aful_Afu009772 Oida_KGH48_12901-RA
HG_96833	OG0096832: Aful_Afu001825 Oida_KGH48_21400-RA
HG_14318	OG0014317: Aful_Afu000669 Aful_Afu002262 Aful_Afu002266 Aful_Afu002268 Aful_Afu002270 Aful_Afu002271 Aful_Afu002273 Aful_Afu002274 Aful_Afu002275 Aful_Afu002276 Oida_KGH48_06491-RA Oida_KGH48_06491-RB Oida_KGH48_06494-RA Oida_KGH48_06494-RB Oida_KGH48_06494-RC Oida_KGH48_06494-RD Oida_KGH48_06494-RE Oida_KGH48_06494-RF Oida_KGH48_06494-RG Oida_KGH48_06494-RH Oida_KGH48_06494-RI Oida_KGH48_06494-RJ Oida_KGH48_06494-RK Oida_KGH48_06494-RL Oida_KGH48_06494-RM Oida_KGH48_06494-RN Oida_KGH48_06494-RP Oida_KGH48_25523-RA Oida_KGH48_25523-RB
HG_44480	OG0044479: Aful_Afu014443 Aful_Afu014445 Cuni_tr|A0A8S3Z9B5|A0A8S3Z9B5_9EUPU Cuni_tr|A0A8S3ZAN0|A0A8S3ZAN0_9EUPU Oida_KGH48_17573-RB Oida_KGH48_27665-RA
HG_39401	OG0039400: Aful_Afu021722 Oida_KGH48_06878-RA Oida_KGH48_06878-RB Oida_KGH48_06878-RC Oida_KGH48_06878-RD Oida_KGH48_06878-RE Oida_KGH48_06878-RF
HG_96815	OG0096814: Aful_Afu014867 Oida_KGH48_25926-RA
HG_60279	OG0060278: Aful_Afu003827 Cuni_tr|A0A8S4A1P2|A0A8S4A1P2_9EUPU Oida_KGH48_06532-RA Oida_KGH48_06532-RC
HG_73882	OG0073881: Aful_Afu011525 Cuni_tr|A0A8S3ZPG6|A0A8S3ZPG6_9EUPU Oida_KGH48_17005-RA
HG_96869	OG0096868: Aful_Afu018893 Oida_KGH48_13546-RA
HG_96933	OG0096932: Aful_Afu004988 Oida_KGH48_02739-RA
HG_60292	OG0060291: Aful_Afu008114 Oida_KGH48_06197-RA Oida_KGH48_09688-RA Oida_KGH48_18398-RA
HG_73969	OG0073968: Aful_Afu023056 Oida_KGH48_12828-RB Oida_KGH48_12828-RD
HG_96915	OG0096914: Aful_Afu023432 Oida_KGH48_18665-RA
HG_96746	OG0096745: Aful_Afu000937 Oida_KGH48_16426-RA
HG_96810	OG0096809: Aful_Afu012588 Oida_KGH48_16397-RA
HG_44498	OG0044497: Aful_Afu020553 Oida_KGH48_18638-RA Oida_KGH48_18638-RB Oida_KGH48_18638-RC Oida_KGH48_18638-RD Oida_KGH48_18638-RF
HG_39386	OG0039385: Aful_Afu015544 Cuni_tr|A0A8S4A6E3|A0A8S4A6E3_9EUPU Oida_KGH48_09013-RA Oida_KGH48_09013-RB Oida_KGH48_09982-RB Oida_KGH48_09982-RC Oida_KGH48_09982-RD
HG_73910	OG0073909: Aful_Afu015856 Cuni_tr|A0A8S3YHQ8|A0A8S3YHQ8_9EUPU Cuni_tr|A0A8S4A540|A0A8S4A540_9EUPU
HG_51142	OG0051141: Aful_Afu006267 Cuni_tr|A0A8S3YCR3|A0A8S3YCR3_9EUPU Cuni_tr|A0A8S3Z066|A0A8S3Z066_9EUPU Oida_KGH48_04770-RA Oida_KGH48_25399-RB
HG_18364	OG0018363: Aful_Afu022276 Oida_KGH48_10740-RB Oida_KGH48_10740-RC Oida_KGH48_11499-RA Oida_KGH48_11499-RB Oida_KGH48_11499-RC Oida_KGH48_11499-RD Oida_KGH48_11499-RE Oida_KGH48_11499-RF Oida_KGH48_11499-RG Oida_KGH48_11499-RH Oida_KGH48_11499-RI Oida_KGH48_11499-RJ Oida_KGH48_11499-RK Oida_KGH48_11499-RL Oida_KGH48_11499-RM Oida_KGH48_11499-RN Oida_KGH48_11500-RA Oida_KGH48_11500-RB
HG_60238	OG0060237: Aful_Afu001861 Oida_KGH48_26596-RA Oida_KGH48_26887-RA Oida_KGH48_26890-RA
HG_44508	OG0044507: Aful_Afu003449 Oida_KGH48_03699-RN Oida_KGH48_06387-RI Oida_KGH48_06389-RD Oida_KGH48_09717-RC Oida_KGH48_25292-RA
HG_51106	OG0051105: Aful_Afu015351 Oida_KGH48_19785-RC Oida_KGH48_19785-RD Oida_KGH48_19785-RE Oida_KGH48_19785-RF
HG_51073	OG0051072: Aful_Afu000707 Oida_KGH48_10401-RA Oida_KGH48_13205-RA Oida_KGH48_13844-RA Oida_KGH48_26350-RA
HG_96777	OG0096776: Aful_Afu010927 Oida_KGH48_17567-RA
HG_96841	OG0096840: Aful_Afu002454 Oida_KGH48_22770-RA
HG_60233	OG0060232: Aful_Afu015470 Oida_KGH48_16702-RA Oida_KGH48_16702-RB Oida_KGH48_16702-RC
HG_73877	OG0073876: Aful_Afu011105 Cuni_tr|A0A8S3YYL5|A0A8S3YYL5_9EUPU Oida_KGH48_11915-RA
HG_96759	OG0096758: Aful_Afu008868 Oida_KGH48_19458-RA
HG_96823	OG0096822: Aful_Afu015246 Oida_KGH48_06456-RA
HG_96790	OG0096789: Aful_Afu011696 Oida_KGH48_26610-RA
HG_44503	OG0044502: Aful_Afu013980 Cuni_tr|A0A8S4A6C9|A0A8S4A6C9_9EUPU Oida_KGH48_02794-RA Oida_KGH48_02794-RB Oida_KGH48_02795-RA Oida_KGH48_02937-RA
HG_73995	OG0073994: Aful_Afu006696 Cuni_tr|A0A8S3ZKA9|A0A8S3ZKA9_9EUPU Oida_KGH48_11628-RA
HG_73923	OG0073922: Aful_Afu017130 Cuni_tr|A0A8S3YLF9|A0A8S3YLF9_9EUPU Oida_KGH48_04565-RA
HG_96805	OG0096804: Aful_Afu012328 Oida_KGH48_23266-RA
HG_96941	OG0096940: Aful_Afu006091 Oida_KGH48_03176-RB
HG_60269	OG0060268: Aful_Afu021682 Oida_KGH48_05444-RA Oida_KGH48_11288-RA Oida_KGH48_12648-RA
HG_73905	OG0073904: Aful_Afu015028 Cuni_tr|A0A8S3ZSU9|A0A8S3ZSU9_9EUPU Oida_KGH48_05864-RA
HG_73872	OG0073871: Aful_Afu010765 Cuni_tr|A0A8S3YPA7|A0A8S3YPA7_9EUPU Oida_KGH48_03084-RA
HG_96859	OG0096858: Aful_Afu017765 Oida_KGH48_05189-RB
HG_96923	OG0096922: Aful_Afu003599 Oida_KGH48_23256-RA
HG_51137	OG0051136: Aful_Afu003675 Cuni_tr|A0A8S3ZBY8|A0A8S3ZBY8_9EUPU Oida_KGH48_00935-RA Oida_KGH48_07444-RA Oida_KGH48_07444-RB
HG_73990	OG0073989: Aful_Afu005820 Cuni_tr|A0A8S3ZHI0|A0A8S3ZHI0_9EUPU Oida_KGH48_08693-RA
HG_96736	OG0096735: Aful_Afu000272 Oida_KGH48_03408-RA
HG_96800	OG0096799: Aful_Afu013332 Oida_KGH48_01333-RA
HG_51119	OG0051118: Aful_Afu018975 Cuni_tr|A0A8S3ZQ83|A0A8S3ZQ83_9EUPU Cuni_tr|A0A8S4A0G7|A0A8S4A0G7_9EUPU Oida_KGH48_02066-RA Oida_KGH48_02066-RB
HG_51086	OG0051085: Aful_Afu010935 Aful_Afu010936 Cuni_tr|A0A8S3YS24|A0A8S3YS24_9EUPU Oida_KGH48_16458-RA Oida_KGH48_16459-RA
HG_73900	OG0073899: Aful_Afu014423 Cuni_tr|A0A8S4A494|A0A8S4A494_9EUPU Cuni_tr|A0A8S4AA05|A0A8S4AA05_9EUPU
HG_51132	OG0051131: Aful_Afu023451 Cuni_tr|A0A8S3ZEN0|A0A8S3ZEN0_9EUPU Cuni_tr|A0A8S4A2J7|A0A8S4A2J7_9EUPU Oida_KGH48_10113-RA Oida_KGH48_10113-RB
HG_96818	OG0096817: Aful_Afu015084 Oida_KGH48_07755-RA
HG_44465	OG0044464: Aful_Afu010655 Cuni_tr|A0A8S3YGZ8|A0A8S3YGZ8_9EUPU Oida_KGH48_02377-RA Oida_KGH48_11479-RA Oida_KGH48_11480-RA Oida_KGH48_15243-RA
HG_96767	OG0096766: Aful_Afu009635 Oida_KGH48_18813-RA
HG_96831	OG0096830: Aful_Afu001768 Oida_KGH48_10307-RA
HG_60223	OG0060222: Aful_Afu013627 Oida_KGH48_11918-RA Oida_KGH48_13080-RA Oida_KGH48_14032-RC
HG_73931	OG0073930: Aful_Afu018054 Oida_KGH48_19273-RA Oida_KGH48_19273-RB
HG_35269	OG0035268: Aful_Afu001614 Aful_Afu002100 Aful_Afu002670 Cuni_tr|A0A8S3ZLE5|A0A8S3ZLE5_9EUPU Oida_KGH48_01530-RA Oida_KGH48_01928-RA Oida_KGH48_26731-RA Oida_KGH48_26935-RA
HG_96918	OG0096917: Aful_Afu003292 Cuni_tr|A0A8S3Z5L0|A0A8S3Z5L0_9EUPU
HG_96885	OG0096884: Aful_Afu021158 Oida_KGH48_09130-RC
HG_96813	OG0096812: Aful_Afu014752 Oida_KGH48_19700-RA
HG_96780	OG0096779: Aful_Afu011172 Cuni_tr|A0A8S3YXD1|A0A8S3YXD1_9EUPU
HG_60277	OG0060276: Aful_Afu003446 Cuni_tr|A0A8S3YJX9|A0A8S3YJX9_9EUPU Cuni_tr|A0A8S3YLY7|A0A8S3YLY7_9EUPU Oida_KGH48_23118-RA
HG_51099	OG0051098: Aful_Afu012225 Cuni_tr|A0A8S3ZUX8|A0A8S3ZUX8_9EUPU Oida_KGH48_14012-RA Oida_KGH48_25757-RA Oida_KGH48_25758-RA
HG_35282	OG0035281: Aful_Afu005102 Aful_Afu005109 Aful_Afu015339 Cuni_tr|A0A8S3YU66|A0A8S3YU66_9EUPU Cuni_tr|A0A8S3YV46|A0A8S3YV46_9EUPU Cuni_tr|A0A8S3YWQ7|A0A8S3YWQ7_9EUPU Cuni_tr|A0A8S3YYE5|A0A8S3YYE5_9EUPU Cuni_tr|A0A8S3Z1Z4|A0A8S3Z1Z4_9EUPU
HG_96867	OG0096866: Aful_Afu018774 Oida_KGH48_18019-RB
HG_96931	OG0096930: Aful_Afu004438 Oida_KGH48_10657-RA
HG_96762	OG0096761: Aful_Afu009088 Oida_KGH48_07257-RA
HG_51145	OG0051144: Aful_Afu007675 Oida_KGH48_10185-RA Oida_KGH48_20934-RA Oida_KGH48_25114-RA Oida_KGH48_25829-RA
HG_96849	OG0096848: Aful_Afu017068 Cuni_tr|A0A8S3YDW6|A0A8S3YDW6_9EUPU
HG_96913	OG0096912: Aful_Afu023331 Cuni_tr|A0A8S3YKT6|A0A8S3YKT6_9EUPU
HG_15896	OG0015895: Aful_Afu005842 Aful_Afu005849 Cuni_tr|A0A8S3ZJM4|A0A8S3ZJM4_9EUPU Cuni_tr|A0A8S3ZJW7|A0A8S3ZJW7_9EUPU Cuni_tr|A0A8S3ZQY4|A0A8S3ZQY4_9EUPU Oida_KGH48_03085-RD Oida_KGH48_03326-RA Oida_KGH48_03327-RA Oida_KGH48_03328-RA Oida_KGH48_03329-RA Oida_KGH48_03329-RB Oida_KGH48_03329-RC Oida_KGH48_03329-RD Oida_KGH48_03329-RF Oida_KGH48_03330-RA Oida_KGH48_03331-RB Oida_KGH48_03332-RA Oida_KGH48_03888-RB Oida_KGH48_15096-RA Oida_KGH48_19459-RA Oida_KGH48_24956-RA Oida_KGH48_26137-RB Oida_KGH48_26143-RB Oida_KGH48_26803-RA
HG_96744	OG0096743: Aful_Afu000876 Oida_KGH48_23744-RA
HG_60272	OG0060271: Aful_Afu014077 Cuni_tr|A0A8S3YDH6|A0A8S3YDH6_9EUPU Oida_KGH48_21443-RA Oida_KGH48_25519-RA
HG_73949	OG0073948: Aful_Afu020688 Oida_KGH48_22534-RC Oida_KGH48_24851-RA
HG_39384	OG0039383: Aful_Afu012853 Cuni_tr|A0A8S3YBI4|A0A8S3YBI4_9EUPU Cuni_tr|A0A8S3ZBM5|A0A8S3ZBM5_9EUPU Cuni_tr|A0A8S3ZEU6|A0A8S3ZEU6_9EUPU Cuni_tr|A0A8S3ZYU8|A0A8S3ZYU8_9EUPU Oida_KGH48_23309-RA Oida_KGH48_24136-RA
