HG_7681 	Acar	Mdom	OG00	Rtem
HG_44629 	Amis	Cpor	OG00	Oana	Pmeg	Pwal	Tcar
HG_15906 	Amis	OG00	Pwal
HG_19770 	Acar	Asin	Care	Clup	Cmyd	Ctig	Deco	Emac	Gser	Hsap	Mdom	Muni	OG00	Oana	Pmeg	Pwal	Rbiv	Ttru
HG_97432 	Amis	OG00	Pwal
HG_40881 	Bbom	Bbuf	Muni	OG00	Pmeg	Sbom	Xtro
HG_29472 	Amis	Asin	Bbuf	Care	Cmyd	Cser	Deco	OG00	Rtem	Xlae	Xtro
HG_58072 	OG00	Pmeg	Pwal	Tcar
HG_50752 	Acar	Bbom	Clup	OG00
HG_10017 	Mdom	Npar	OG00	Rtem
HG_39174 	Acar	Gser	Muni	OG00	Pwal	Rbiv
HG_27389 	Amis	Care	Clup	Cmyd	Cpor	Cser	Deco	Hsap	Mdom	OG00	Pwal	Rbiv
HG_28028 	Bbuf	Cser	Gser	Npar	OG00	Pmeg	Pwal	Rtem	Sbom	Xlae	Xtro
HG_26163 	Asin	Clup	Cmyd	Cser	Ctig	Deco	Ggal	Gser	Hsap	Mdom	OG00	Oana	Rbiv
HG_16684 	Acar	Amis	Asin	Care	Cmyd	Cpic	Cpor	Cser	Ctig	Deco	Emac	Ggal	Ggan	Hsap	Mdom	Muni	OG00	Oana	Psin	Rbiv	Tcar	Tgut	Ttru
HG_23282 	Bbom	Care	Clup	Cmyd	Ctig	Deco	Gser	Hsap	Muni	OG00	Rtem	Sbom	Ttru	Xlae	Xtro
HG_17154 	Acar	Amis	Asin	Bbuf	Care	Clup	Cmyd	Cpic	Cser	Ctig	Deco	Emac	Gser	Hsap	Mdom	OG00	Oana	Pmeg	Psin	Rbiv	Tcar	Ttru
HG_15153 	Acar	Amis	Asin	Care	Clup	Cmyd	Cpic	Cpor	Cser	Ctig	Deco	Emac	Ggal	Ggan	Gser	Hsap	Mdom	OG00	Oana	Pmeg	Pwal	Tcar	Tgut	Ttru	Xlae	Xtro
HG_14032 	Acar	Asin	Bbom	Bbuf	Care	Clup	Cmyd	Cpic	Cpor	Cser	Ctig	Deco	Emac	Ggal	Ggan	Gser	Hsap	Mdom	Muni	OG00	Oana	Pmeg	Psin	Pwal	Rbiv	Sbom	Tcar	Tgut	Ttru
HG_79481 	Cser	OG00	Pwal
HG_35395 	Amis	Ctig	Deco	OG00	Pmeg	Pwal	Rbiv	Xlae	Xtro
HG_18972 	Acar	Asin	Clup	Cmyd	Cpic	Cpor	Cser	Deco	Ggal	Ggan	Hsap	Muni	OG00	Pmeg	Pwal	Rbiv	Tcar	Tgut	Ttru
HG_22248 	Cmyd	Cpic	Cser	OG00	Pwal
HG_90800 	OG00	Pmeg	Pwal
HG_11374 	Amis	Asin	Bbom	Bbuf	Care	Clup	Cmyd	Cpic	Ctig	Deco	Emac	Gser	Hsap	Mdom	Muni	OG00	Oana	Pmeg	Pwal	Rbiv	Rtem	Ttru
HG_22197 	Care	Clup	Cmyd	Cpic	Cser	Deco	Ggal	Hsap	Mdom	OG00	Pmeg	Pwal	Rbiv	Tcar	Ttru
HG_24093 	Acar	Cpic	Ctig	Ggal	OG00	Pwal
HG_13598 	Amis	Asin	Care	Cmyd	Cpic	Cser	Deco	Emac	OG00	Pmeg	Psin	Tcar	Xlae	Xtro
HG_129456 	OG01	Pmeg	Pwal
HG_123464 	Mdom	OG01	Pwal
HG_39497 	Amis	Cmyd	Ctig	Hsap	OG00	Pwal	Rbiv
HG_10130 	Acar	Asin	Cpic	Cpor	Cser	Ctig	Gser	Hsap	Muni	OG00	Rbiv	Tcar	Tgut
HG_59731 	Acar	Bbuf	OG00
HG_17782 	Amis	Asin	Bbom	Bbuf	Care	Clup	Cmyd	Cpic	Cser	Deco	Emac	Ggal	Hsap	Mdom	OG00	Oana	Pmeg	Psin	Pwal	Tcar	Ttru
HG_15540 	Amis	Asin	Bbom	Bbuf	Care	Clup	Cmyd	Cpor	Cser	Ctig	Deco	Emac	Ggal	Ggan	Gser	Hsap	Muni	OG00	Pwal	Rbiv	Rtem	Sbom	Ttru	Xlae	Xtro
HG_18011 	Care	Clup	Cmyd	Cpic	Cpor	Cser	Ctig	Deco	Hsap	Mdom	OG00	Oana	Psin	Pwal	Rtem	Sbom	Tcar	Ttru	Xtro
HG_30459 	Care	Clup	Cpic	Ctig	Emac	Hsap	Mdom	OG00	Oana	Pwal	Ttru
HG_62960 	Care	OG00	Pmeg	Pwal
HG_60518 	Amis	Ggan	OG00	Xtro
HG_20770 	Amis	Clup	Cpic	Cser	OG00	Pmeg	Psin	Pwal	Tcar
HG_106357 	Ctig	Npar	OG01
HG_21737 	Amis	Bbuf	Clup	Cpic	Cpor	Cser	Ctig	Ggal	Hsap	Mdom	OG00	Oana	Pwal	Tcar	Ttru
HG_134646 	OG01	Pwal	Ttru
HG_78952 	Cmyd	OG00	Pwal
HG_29480 	Amis	Asin	Care	Cmyd	Cser	Deco	Ggan	OG00	Pmeg	Psin	Pwal
HG_24631 	Asin	Care	Cmyd	Cpor	Cser	Ctig	Deco	Ggal	Ggan	OG00	Pmeg	Pwal	Xtro
HG_12982 	Acar	Amis	Asin	Bbom	Bbuf	Care	Clup	Cmyd	Cpic	Cser	Ctig	Deco	Emac	Ggal	Ggan	Gser	Hsap	Mdom	Muni	Npar	OG00	Oana	Pmeg	Psin	Pwal	Rbiv	Rtem	Sbom	Tcar	Tgut	Ttru	Xlae	Xtro
HG_60480 	Amis	OG00	Psin	Xtro
HG_14332 	Amis	Asin	Bbom	Cser	Deco	Ggan	OG00
HG_14163 	Cser	OG00	Rtem
HG_21732 	Amis	Asin	Care	Clup	Cmyd	Cser	Ctig	Deco	Ggan	Hsap	Mdom	OG00	Oana	Pmeg	Rbiv	Ttru
HG_105900 	Cser	OG01	Pwal
HG_27379 	Amis	Bbom	Bbuf	Cmyd	Deco	Ggan	OG00	Rtem	Sbom	Xlae	Xtro
HG_63904 	Cpic	Cpor	OG00	Sbom	Tcar
HG_26376 	Clup	Cmyd	Cpic	Cser	Ctig	Deco	Hsap	Mdom	OG00	Oana	Pmeg	Pwal	Ttru
HG_15535 	Amis	Asin	Care	Cmyd	Cpic	Cpor	Cser	Ctig	Deco	Emac	Ggal	Ggan	OG00	Pmeg	Psin	Pwal	Tcar
HG_24662 	Bbom	Clup	Gser	Hsap	Mdom	Muni	OG00	Pwal	Rbiv	Rtem	Ttru	Xlae	Xtro
HG_20219 	Care	Clup	Cmyd	Cpic	Cser	Deco	Hsap	Mdom	OG00	Oana	Rtem	Tcar	Ttru
HG_95147 	OG00	Ttru	Xlae	Xtro
HG_114968 	Ggal	OG01	Pwal
HG_33484 	Clup	Gser	Hsap	Mdom	OG00	Oana	Pwal	Rbiv	Ttru
HG_15909 	Amis	Asin	Bbuf	Care	Clup	Cmyd	Cpic	Cser	Deco	Ggal	Ggan	Gser	Hsap	Muni	Npar	OG00	Oana	Psin	Pwal	Rbiv	Rtem	Sbom	Ttru	Xtro
HG_60493 	Amis	Asin	OG00	Pwal
HG_78842 	Clup	OG00	Rtem
HG_29475 	Amis	Care	Clup	Cmyd	Ctig	Deco	Hsap	OG00	Pwal	Ttru
HG_22866 	Amis	Asin	Bbuf	Care	Clup	Cmyd	Cser	Deco	Ggan	Hsap	OG00	Pwal	Rbiv	Ttru
HG_18329 	Acar	Amis	Asin	Care	Clup	Cmyd	Cpic	Cser	Ctig	Deco	Emac	Hsap	Mdom	Muni	OG00	Oana	Psin	Rbiv	Tcar	Ttru
HG_104872 	Clup	OG01	Pwal
HG_39515 	Amis	Care	Cmyd	Deco	Hsap	OG00	Pwal	Ttru
HG_53859 	Clup	Mdom	OG00	Pwal
HG_23285 	Bbom	Bbuf	Care	Cmyd	Cser	Deco	Npar	OG00	Pmeg	Pwal	Rbiv	Rtem	Sbom	Xlae	Xtro
HG_129442 	OG01	Pmeg	Pwal
HG_79484 	Cser	Emac	OG00	Pwal
HG_18975 	Acar	Amis	Asin	Clup	Cmyd	Cpic	Deco	Emac	Gser	Hsap	Mdom	Muni	OG00	Pmeg	Pwal	Rbiv	Ttru	Xlae	Xtro
HG_13788 	Acar	Amis	Asin	Bbuf	Care	Clup	Cpic	Cpor	Cser	Ctig	Deco	Emac	Ggal	Ggan	Gser	Hsap	Mdom	Muni	Npar	OG00	Oana	Pmeg	Psin	Pwal	Rbiv	Rtem	Sbom	Tcar	Ttru	Xlae	Xtro
HG_74279 	Amis	OG00	Pwal	Rbiv
HG_33307 	Care	Clup	Ctig	Gser	Hsap	OG00	Rbiv	Rtem	Ttru
HG_29316 	Acar	Bbom	Care	Clup	Emac	Ggal	Hsap	OG00	Oana	Sbom	Tcar
HG_63848 	Cmyd	OG00	Pwal
HG_27387 	Amis	Asin	Bbom	Bbuf	Cpor	Npar	OG00	Rtem	Sbom	Xlae	Xtro
HG_25691 	Amis	Asin	Bbom	Npar	OG00	Pmeg	Pwal
HG_51307 	Amis	Asin	Ctig	Ggan	OG00	Rbiv
HG_14030 	Acar	Amis	Asin	Bbom	Bbuf	Care	Clup	Cmyd	Cpic	Cser	Ctig	Deco	Emac	Ggal	Ggan	Gser	Hsap	Mdom	Muni	Npar	OG00	Oana	Psin	Rbiv	Rtem	Sbom	Tgut	Ttru	Xlae	Xtro
HG_77616 	Care	OG00	Rtem
HG_16254 	Acar	Asin	Bbuf	Care	Clup	Cpic	Ctig	Deco	Emac	Gser	Hsap	Muni	OG00	Oana	Pmeg	Pwal	Rbiv	Rtem	Sbom	Ttru	Xlae	Xtro
HG_41431 	Clup	Gser	Hsap	Mdom	OG00	Oana	Ttru
HG_28126 	Care	Cser	OG00	Pwal
HG_19599 	Hsap	OG00	Pwal
HG_27382 	Amis	Asin	Care	Cmyd	Cser	Ctig	Deco	Emac	Ggan	OG00	Pmeg	Pwal
HG_24196 	Amis	Asin	Bbuf	Cmyd	Cser	Npar	OG00	Pmeg	Pwal	Rbiv	Sbom	Xlae	Xtro
HG_63897 	Cpic	OG00	Oana	Pwal	Tcar
HG_8866 	Acar	Amis	Asin	Care	Clup	Cmyd	Cpic	Cser	Deco	Ggal	Ggan	Hsap	Npar	OG00	Pmeg	Psin	Rtem	Tcar	Tgut	Ttru
HG_15866 	Acar	Asin	Bbom	Bbuf	Care	Clup	Cmyd	Cser	Ctig	Deco	Emac	Gser	Hsap	Muni	OG00	Oana	Pwal	Rbiv	Rtem	Sbom	Tcar	Ttru	Xlae	Xtro
HG_60516 	Amis	Asin	Cser	OG00	Rtem
HG_91768 	OG00	Psin	Pwal	Tcar
HG_109382 	Deco	Npar	OG01
HG_11864 	Acar	Amis	Asin	Bbom	Bbuf	Care	Clup	Cmyd	Cpic	Ctig	Deco	Emac	Gser	Hsap	Muni	Npar	OG00	Oana	Pmeg	Pwal	Rbiv	Rtem	Sbom	Tcar	Tgut	Ttru	Xlae	Xtro
HG_44192 	Acar	OG00	Xlae
HG_14863 	Amis	Asin	Care	Clup	Cmyd	Cpic	Cpor	Cser	Ctig	Deco	Emac	Gser	Hsap	Mdom	Muni	OG00	Oana	Pmeg	Rbiv	Tcar	Ttru
HG_9751 	Asin	Bbuf	OG00	Rtem	Xlae	Xtro
HG_73112 	Acar	OG00	Pwal
HG_19863 	Amis	Asin	Care	Clup	Ctig	Deco	Emac	Gser	Hsap	Mdom	OG00	Oana	Pmeg	Pwal	Sbom	Ttru	Xlae
HG_16741 	Amis	Asin	Bbuf	Care	Clup	Cmyd	Cpic	Cpor	Cser	Ctig	Deco	Ggan	Hsap	Muni	OG00	Pmeg	Pwal	Rbiv	Tcar	Ttru	Xlae	Xtro
HG_18332 	Acar	Amis	Asin	Care	Clup	Cmyd	Cpic	Cser	Deco	Emac	Hsap	Mdom	OG00	Oana	Pmeg	Pwal	Tcar	Ttru
HG_126178 	Npar	OG01	Ttru
HG_27395 	Amis	Asin	Cser	Ctig	Ggan	Gser	Muni	OG00	Pmeg	Pwal	Rbiv
HG_17962 	Asin	Care	Clup	Cmyd	Cpic	Cpor	Cser	Deco	Emac	Ggal	Ggan	Gser	Hsap	Mdom	Muni	OG00	Oana	Pwal	Rbiv	Tcar	Ttru
HG_13076 	Ctig	Npar	OG00	Rbiv	Rtem	Xlae	Xtro
HG_64321 	Cser	OG00	Pwal
HG_29478 	Amis	Cser	OG00	Pwal
HG_9642 	Acar	Amis	Asin	Bbom	Care	Clup	Cmyd	Cpic	Cpor	Cser	Ctig	Deco	Emac	Ggan	Gser	Hsap	Mdom	Muni	OG00	Oana	Pmeg	Psin	Pwal	Rbiv	Tcar	Ttru
HG_14297 	Acar	Amis	Asin	Bbuf	Care	Clup	Cmyd	Cpic	Cpor	Cser	Ctig	Deco	Emac	Ggal	Ggan	Gser	Hsap	Mdom	Muni	Npar	OG00	Pmeg	Psin	Pwal	Rbiv	Rtem	Tcar	Tgut	Ttru
HG_33482 	Clup	Cpic	Ggal	Hsap	Mdom	Muni	OG00	Oana	Tgut	Ttru
HG_58365 	OG00	Psin	Xlae	Xtro
HG_140636 	OG01	Tcar	Xtro
HG_73107 	Acar	Cpic	OG00	Pwal
HG_46762 	Clup	Hsap	OG00	Pwal	Ttru
HG_51295 	Amis	Ctig	Ggan	OG00	Pwal
HG_25694 	Amis	Clup	Ctig	Emac	Ggal	Hsap	Mdom	OG00	Pwal	Ttru
HG_24742 	Care	Cmyd	Cpic	Cser	Ctig	Deco	Emac	Gser	Muni	OG00	Pmeg	Psin
HG_13668 	Clup	OG00	Pwal
HG_13786 	Acar	Amis	Asin	Bbom	Bbuf	Care	Clup	Cmyd	Cpic	Cser	Ctig	Deco	Emac	Ggal	Ggan	Gser	Hsap	Mdom	Muni	Npar	OG00	Oana	Pmeg	Psin	Pwal	Rbiv	Rtem	Sbom	Tcar	Tgut	Ttru	Xlae
HG_46726 	Clup	Hsap	Mdom	Muni	OG00	Rbiv	Ttru
HG_123452 	Mdom	OG01	Pwal
HG_74277 	Amis	OG00	Pwal
HG_59719 	Acar	OG00	Rtem
HG_38305 	Mdom	OG00	Pwal
HG_35119 	Acar	Care	Cmyd	Deco	OG00	Rbiv	Tcar
HG_17783 	Amis	Asin	Care	Cmyd	Cpic	Cpor	Cser	Deco	Emac	Gser	Hsap	Mdom	Muni	OG00	Oana	Pmeg	Psin	Pwal	Tcar	Tgut	Ttru
HG_14830 	Acar	Amis	Asin	Bbuf	Care	Cpic	Cpor	Cser	Ctig	Deco	Emac	Ggal	Ggan	Muni	OG00	Pmeg	Psin	Pwal	Rbiv	Rtem	Sbom	Tcar	Tgut	Xlae	Xtro
HG_35406 	Amis	Clup	Cpic	Ggal	Hsap	OG00	Pwal	Tcar	Ttru
HG_74305 	Amis	OG00	Pwal	Sbom
HG_22877 	Amis	Cser	Mdom	OG00	Pwal	Sbom
HG_22121 	Asin	Care	Clup	Cmyd	Cpic	Cser	Ctig	Deco	Emac	Hsap	Mdom	OG00	Oana	Pmeg	Pwal	Ttru
HG_14866 	Amis	Asin	Bbom	Bbuf	Care	Cmyd	Cpic	Cser	Ctig	Deco	Emac	Ggal	Gser	Mdom	Muni	Npar	OG00	Oana	Pmeg	Pwal	Rbiv	Rtem	Sbom	Tgut	Xlae	Xtro
HG_57252 	Mdom	OG00	Rbiv
HG_14287 	Acar	Amis	Asin	Care	Clup	Cmyd	Cpic	Cpor	Ctig	Deco	Emac	Ggal	Ggan	Hsap	Mdom	OG00	Oana	Pmeg	Psin	Pwal	Tcar	Ttru
HG_20174 	Bbom	Bbuf	Gser	Mdom	Muni	Npar	OG00	Rtem	Xlae	Xtro
HG_105240 	Cpic	OG01	Rtem
HG_39508 	Amis	Asin	Cpic	Cser	Ggan	OG00	Pwal	Tgut
HG_19866 	Amis	Asin	Bbom	Bbuf	Care	Cmyd	Cpic	Cpor	Cser	Deco	Emac	Mdom	OG00	Pmeg	Sbom	Tgut	Xlae	Xtro
HG_63772 	Clup	Ggal	OG00	Pwal
HG_18640 	Care	Clup	Cmyd	Cpic	Cpor	Cser	Deco	Ggal	Hsap	Mdom	OG00	Oana	Psin	Rbiv	Sbom	Tcar	Ttru	Xlae	Xtro
HG_21100 	Asin	Bbuf	Care	Clup	Cmyd	Ctig	Deco	Emac	Ggal	Ggan	Hsap	Muni	OG00	Oana	Pwal	Rbiv	Ttru
HG_20220 	Care	Clup	Cmyd	Cpic	Cser	Deco	Hsap	Mdom	OG00	Oana	Pmeg	Psin	Rbiv	Tcar	Ttru
HG_39521 	Amis	Cmyd	Cser	Deco	Gser	OG00	Pmeg	Pwal
HG_27398 	Amis	Care	Cmyd	Cser	Deco	Gser	Muni	OG00	Pmeg	Pwal	Rbiv	Tcar
HG_49633 	OG00	Pmeg	Pwal
HG_39165 	Acar	OG00	Xtro
HG_41155 	Care	Cmyd	Cser	Npar	OG00	Pmeg	Tcar
HG_62446 	Bbuf	Emac	OG00	Rbiv
HG_60499 	Amis	Ctig	OG00	Pwal
HG_13809 	Amis	Asin	Care	Cmyd	Cpic	Cser	Deco	Gser	Muni	OG00	Pmeg	Tcar
HG_22270 	Cser	OG00	Pwal
HG_33777 	Deco	OG00	Pwal
HG_41150 	Care	Cmyd	Cpic	Cser	Deco	OG00	Pmeg	Rtem
HG_36704 	Bbuf	Deco	Muni	OG00	Xlae
HG_35381 	Amis	Asin	Cmyd	Cser	Deco	Ggal	Ggan	OG00	Pwal
HG_32059 	Amis	Bbom	Muni	Npar	OG00	Pwal	Rtem	Sbom	Xtro
HG_97436 	Amis	OG00	Pwal
HG_53824 	Clup	Hsap	Mdom	OG00	Rbiv	Ttru
HG_90794 	OG00	Pmeg	Pwal
HG_89138 	Muni	OG00	Pmeg	Xtro
HG_79723 	Ctig	OG00	Pwal
HG_60509 	Amis	Cser	OG00	Pmeg	Sbom
HG_12327 	Amis	Asin	Bbom	Bbuf	Care	Clup	Cmyd	Cpic	Cpor	Cser	Ctig	Deco	Ggal	Ggan	Hsap	Mdom	Muni	OG00	Oana	Pmeg	Psin	Pwal	Rbiv	Rtem	Sbom	Tcar	Tgut	Ttru	Xlae	Xtro
HG_101940 	Bbom	OG01	Pmeg
HG_19874 	Amis	Asin	Care	Clup	Cmyd	Cpic	Cser	Deco	Ggal	Ggan	Hsap	Muni	OG00	Oana	Pmeg	Pwal	Ttru	Xlae
HG_129452 	OG01	Pmeg	Pwal
HG_13566 	Acar	Amis	Asin	Bbuf	Care	Clup	Cmyd	Cpic	Cser	Ctig	Deco	Emac	Gser	Hsap	Mdom	Muni	OG00	Oana	Pwal	Rbiv	Rtem	Tcar	Ttru	Xlae	Xtro
HG_14036 	Acar	Amis	Asin	Care	Clup	Cpic	Cpor	Ctig	Deco	Ggal	Ggan	Hsap	Mdom	OG00	Oana	Pwal	Tcar	Ttru
HG_78943 	Cmyd	OG00	Pmeg	Pwal
HG_67080 	Emac	OG00	Pwal
HG_14290 	Acar	Asin	Bbom	Care	Clup	Cmyd	Cpic	Cpor	Cser	Ctig	Deco	Emac	Ggal	Ggan	Hsap	Mdom	Muni	Npar	OG00	Oana	Pmeg	Psin	Pwal	Rbiv	Sbom	Tcar	Tgut	Ttru	Xlae	Xtro
HG_10257 	Asin	Care	Cmyd	Cser	Deco	Emac	OG00	Pmeg	Rbiv
HG_69883 	Npar	OG00	Tcar
HG_33139 	Bbom	Bbuf	Ctig	Hsap	OG00	Rtem	Sbom	Ttru	Xlae	Xtro
HG_15152 	Acar	Amis	Asin	Care	Clup	Cmyd	Cpic	Cpor	Cser	Ctig	Deco	Emac	Ggan	Gser	Hsap	Mdom	Muni	OG00	Oana	Pmeg	Psin	Pwal	Rbiv	Tcar	Ttru
HG_14031 	Acar	Amis	Asin	Bbom	Bbuf	Care	Clup	Cmyd	Cpic	Cpor	Cser	Ctig	Deco	Emac	Ggal	Ggan	Gser	Hsap	Mdom	Muni	OG00	Oana	Pmeg	Pwal	Rbiv	Rtem	Sbom	Tgut	Ttru	Xlae	Xtro
HG_35394 	Amis	Care	Cmyd	Cser	Ctig	Deco	Emac	OG00	Pwal
HG_105909 	Cser	OG01	Pwal
HG_23263 	Asin	Care	Cmyd	Cpor	Cser	Deco	Ggan	Gser	Hsap	Mdom	Muni	OG00	Tcar	Tgut	Ttru
HG_14833 	Acar	Care	Cmyd	Cpic	Cser	Deco	OG00	Psin	Sbom	Tcar
HG_18392 	Amis	Asin	Care	Clup	Cpic	Ggal	Ggan	Hsap	Mdom	Muni	OG00	Oana	Pmeg	Psin	Pwal	Rbiv	Sbom	Tcar	Tgut	Xlae
HG_46314 	Care	Cmyd	Cser	Ctig	Deco	OG00	Pwal
HG_79462 	Cser	Npar	OG00	Psin
HG_129435 	OG01	Pmeg	Pwal
HG_27247 	Acar	Amis	Clup	Ctig	Hsap	Mdom	OG00	Pwal	Tcar	Ttru
HG_100989 	Asin	OG01	Sbom
HG_19390 	Care	Clup	Cmyd	Cpic	Cpor	Cser	Ctig	Deco	Gser	Hsap	Mdom	Muni	OG00	Oana	Pmeg	Rbiv	Tcar	Ttru
HG_39496 	Amis	Asin	Cser	Ctig	OG00	Pmeg	Xlae
HG_59730 	Acar	Bbom	Ctig	Emac	OG00
HG_35404 	Amis	Asin	Cmyd	Ctig	Deco	Gser	OG00	Pmeg
HG_9494 	Acar	OG00	Pwal
HG_19869 	Amis	Asin	Care	Clup	Cpic	Ctig	Deco	Emac	Gser	Hsap	Muni	OG00	Pmeg	Rbiv	Ttru	Xlae	Xtro
HG_32049 	Amis	Care	Cmyd	Cpic	Cser	Ggal	OG00	Pmeg	Rbiv	Tcar
HG_22875 	Amis	Asin	Care	Cmyd	Cser	Ctig	Deco	Emac	Ggan	Gser	Muni	OG00	Pwal	Xlae
HG_134445 	OG01	Pwal	Ttru
HG_73113 	Acar	Bbuf	Mdom	OG00
HG_32044 	Amis	Cser	Deco	OG00	Pwal
HG_16742 	Amis	Asin	Care	Clup	Cmyd	Cpic	Cpor	Deco	Gser	Hsap	Mdom	Muni	OG00	Oana	Pmeg	Psin	Pwal	Rbiv	Tcar	Tgut	Ttru
HG_97421 	Amis	OG00	Pwal
HG_62103 	Asin	Ggan	OG00	Pwal
HG_11860 	Acar	Amis	Asin	Bbom	Bbuf	Care	Clup	Cmyd	Cpor	Cser	Ctig	Deco	Emac	Ggal	Ggan	Gser	Hsap	Mdom	Muni	Npar	OG00	Oana	Pmeg	Psin	Pwal	Rbiv	Rtem	Sbom	Tcar	Tgut	Ttru	Xlae	Xtro
HG_30604 	Cpic	OG00	Pwal
HG_97508 	Amis	OG00	Pwal
HG_18387 	Amis	Care	Clup	Cmyd	Cpic	Cser	Ctig	Deco	Ggan	Hsap	Mdom	OG00	Oana	Pmeg	Tcar	Ttru	Xlae
HG_16314 	Amis	Asin	Care	Clup	Cmyd	Cpic	Cser	Ctig	Deco	Emac	Ggal	Ggan	Gser	Hsap	Muni	OG00	Oana	Pmeg	Psin	Pwal	Sbom	Ttru	Xtro
HG_24087 	Acar	OG00	Xlae	Xtro
HG_14841 	Acar	Npar	OG00	Rtem	Sbom
HG_76799 	Bbom	Cpic	Ctig	OG00
HG_53827 	Clup	OG00	Pwal	Tcar
HG_114216 	Emac	OG01	Pwal
HG_132547 	OG01	Psin	Pwal
HG_27237 	Acar	Amis	Bbom	Bbuf	Ggal	Hsap	OG00	Pmeg	Pwal	Rbiv	Sbom	Ttru
HG_53809 	Clup	Hsap	Mdom	OG00	Pwal	Ttru
HG_14772 	OG00	Pmeg	Rtem	Xlae	Xtro
HG_45783 	Asin	Cmyd	OG00	Psin	Rbiv	Tcar
HG_133312 	OG01	Pwal	Ttru
HG_46012 	Bbuf	Clup	Hsap	OG00	Rtem	Ttru
HG_74311 	Amis	OG00	Pmeg	Pwal
HG_19772 	Acar	Amis	Asin	Care	Cmyd	Cser	Ctig	Deco	Emac	Hsap	Mdom	OG00	Oana	Pmeg	Psin	Pwal	Ttru
HG_60525 	Amis	Emac	Gser	OG00	Pwal
HG_78946 	Cmyd	Deco	Muni	OG00
HG_84359 	Gser	Mdom	OG00
HG_19344 	Bbom	Care	OG00	Rtem	Sbom	Xlae	Xtro
HG_87599 	Mdom	OG00	Rbiv
HG_25695 	Amis	Cser	Ctig	OG00	Pmeg	Pwal	Rtem	Sbom	Xlae	Xtro
HG_129432 	OG01	Pmeg	Pwal
HG_37157 	Cmyd	Cser	Ctig	Deco	Emac	Gser	Muni	OG00	Rbiv
HG_18974 	Acar	Bbom	Care	Clup	Cmyd	Cpic	Deco	Ggal	Gser	Hsap	Mdom	Muni	OG00	Oana	Pmeg	Pwal	Rbiv	Tcar	Ttru
HG_46968 	Cser	Muni	OG00	Pwal	Xlae	Xtro
HG_13441 	Bbuf	Cpic	Muni	OG00	Pwal
HG_46317 	Care	Cmyd	Deco	Ggal	Gser	OG00	Psin
HG_6030 	Cser	OG00	Pwal
HG_10542 	Asin	Gser	Muni	OG00	Rbiv	Sbom	Xtro
HG_74291 	Amis	OG00	Pmeg	Pwal
HG_17784 	Amis	Asin	Cmyd	Cser	Ctig	Deco	Emac	OG00	Pmeg	Pwal
HG_95446 	Acar	OG00	Xlae
HG_11371 	Amis	Asin	Care	Cmyd	Cser	Deco	OG00	Pmeg	Psin	Pwal	Rbiv
HG_126163 	Npar	OG01	Pmeg
HG_74273 	Amis	Cser	OG00	Pwal
HG_28125 	Care	Cmyd	Cpic	Ctig	Emac	Hsap	Mdom	OG00	Oana	Pwal	Tcar	Ttru
HG_62962 	Care	OG00	Pmeg	Pwal
HG_3705 	Acar	Bbom	Bbuf	Ctig	Emac	Gser	Mdom	Muni	OG00	Oana	Rbiv	Rtem	Sbom	Xlae	Xtro
HG_33578 	Cser	OG00	Pwal
HG_19867 	Amis	Asin	Clup	Cmyd	Cpic	Cser	Ctig	Deco	Ggal	Ggan	Hsap	Mdom	OG00	Oana	Pmeg	Pwal	Rbiv	Ttru
HG_32047 	Amis	Care	Cmyd	Cpic	Cser	Deco	Muni	OG00	Pmeg	Pwal
HG_8664 	Acar	Amis	Asin	Bbom	Bbuf	Care	Clup	Cmyd	Cpic	Cpor	Cser	Ctig	Deco	Emac	Ggal	Ggan	Gser	Hsap	Mdom	Muni	Npar	OG00	Oana	Pmeg	Psin	Pwal	Rbiv	Rtem	Sbom	Tcar	Tgut	Xlae	Xtro
HG_18336 	Acar	Amis	Asin	Care	Clup	Cmyd	Cpor	Ctig	Emac	Ggan	Gser	Hsap	Mdom	Muni	OG00	Pwal	Rbiv	Ttru
HG_20221 	Care	Clup	Cmyd	Cpic	Cser	Ctig	Deco	Emac	Gser	Hsap	Mdom	Muni	OG00	Oana	Pmeg	Rbiv	Tcar	Ttru
HG_46804 	Cpic	OG00	Pwal	Tcar
HG_43449 	OG00	Pmeg	Pwal
HG_13910 	Ctig	OG00	Xlae	Xtro
HG_50744 	Acar	OG00	Tcar	Xlae	Xtro
HG_26429 	Cser	OG00	Xlae	Xtro
HG_32042 	Amis	Asin	Cser	OG00	Pmeg	Psin	Rbiv
HG_18331 	Acar	Care	Clup	Cmyd	Cpic	Cser	Deco	Hsap	OG00	Oana	Pmeg	Pwal	Rbiv	Tcar	Ttru
HG_12264 	OG00	Oana	Pwal
HG_120813 	Hsap	OG01	Pwal
HG_24200 	Amis	Asin	Bbuf	Cser	Gser	Muni	Npar	OG00	Pmeg	Pwal	Rbiv	Rtem	Sbom	Xtro
HG_14657 	Asin	Bbom	Bbuf	Care	Clup	Cmyd	Cpic	Cpor	Cser	Ctig	Deco	Emac	Ggal	Ggan	Hsap	Mdom	Muni	OG00	Oana	Pmeg	Psin	Pwal	Tcar	Tgut	Ttru	Xlae	Xtro
HG_14552 	Acar	Amis	Asin	Care	Clup	Cmyd	Cpic	Cpor	Cser	Ctig	Deco	Emac	Ggal	Ggan	Gser	Hsap	Mdom	Muni	OG00	Oana	Pmeg	Psin	Rbiv	Tcar	Tgut	Ttru
HG_79729 	Ctig	OG00	Pwal	Rbiv
HG_63901 	Cpic	Cser	OG00	Pmeg	Rbiv
HG_16125 	Ggal	Gser	OG00	Rbiv	Tgut
HG_724 	Bbom	Bbuf	Emac	OG00	Pwal	Rbiv	Rtem	Xlae	Xtro
HG_63714 	Clup	OG00	Pwal	Tcar
HG_105903 	Cser	OG01	Pwal
