HG_48303	OG0048302: Gmae_Gma_011885-T1 Gmae_Gma_019997-T1 Hhol_Hho_009856-T1 Hhol_Hho_020769-T1 Smar_SMAR007961-RA Smar_SMAR007962-RA
HG_67424	OG0067423: Gmae_Gma_007227-T1 Hhol_Hho_014009-T1 Rimm_Rim_002796-T1 Smar_SMAR002566-RA
HG_83969	OG0083968: Gmae_Gma_016827-T1 Hhol_Hho_002301-T1 Smar_SMAR008776-RA
HG_83982	OG0083981: Gmae_Gma_020441-T1 Rimm_Rim_023895-T1 Smar_SMAR012230-RA
HG_37934	OG0037933: Gmae_Gma_011582-T1 Hhol_Hho_002269-T1 Rimm_Rim_033767-T1 Rimm_Rim_033768-T1 Rimm_Rim_033773-T1 Smar_SMAR011254-RA Smar_SMAR011255-RA Smar_SMAR011256-RA
HG_56048	OG0056047: Gmae_Gma_000972-T1 Rimm_Rim_016201-T1 Rimm_Rim_016201-T2 Smar_SMAR014843-RA Smar_SMAR015222-RA
HG_56112	OG0056111: Gmae_Gma_020113-T1 Hhol_Hho_005778-T1 Hhol_Hho_005947-T1 Hhol_Hho_005948-T1 Rimm_Rim_047125-T1
HG_48306	OG0048305: Gmae_Gma_018996-T1 Rimm_Rim_020393-T1 Rimm_Rim_035690-T1 Rimm_Rim_039165-T1 Rimm_Rim_044901-T1 Smar_SMAR008849-RA
HG_67376	OG0067375: Gmae_Gma_001277-T1 Rimm_Rim_016739-T1 Rimm_Rim_016739-T2 Smar_SMAR015076-RA
HG_31106	OG0031105: Gmae_Gma_009355-T1 Gmae_Gma_020156-T1 Hhol_Hho_005762-T1 Hhol_Hho_010685-T1 Hhol_Hho_018227-T1 Rimm_Rim_006377-T1 Rimm_Rim_029418-T1 Rimm_Rim_038747-T1 Smar_SMAR009152-RA Smar_SMAR009797-RA
HG_83954	OG0083953: Gmae_Gma_013213-T1 Hhol_Hho_022551-T1 Rimm_Rim_034683-T1
HG_83918	OG0083917: Gmae_Gma_007463-T1 Hhol_Hho_003522-T1 Rimm_Rim_035962-T1
HG_83980	OG0083979: Gmae_Gma_020119-T1 Hhol_Hho_018936-T1 Rimm_Rim_007725-T1
HG_56661	OG0056660: Hhol_Hho_015125-T1 Rimm_Rim_022562-T1 Rimm_Rim_022562-T2 Rimm_Rim_022562-T4 Smar_SMAR014135-RA
HG_67425	OG0067424: Gmae_Gma_007337-T1 Hhol_Hho_014575-T1 Rimm_Rim_046178-T1 Smar_SMAR014631-RA
HG_85661	OG0085660: Hhol_Hho_003341-T1 Rimm_Rim_027694-T1 Smar_SMAR013266-RA
HG_56100	OG0056099: Gmae_Gma_010834-T1 Hhol_Hho_010095-T1 Hhol_Hho_010103-T1 Rimm_Rim_036531-T1 Smar_SMAR000898-RA
HG_11544	OG0011543: Gmae_Gma_020492-T1 Hhol_Hho_003941-T1 Hhol_Hho_012798-T1 Hhol_Hho_012799-T1 Hhol_Hho_012801-T1 Hhol_Hho_012803-T1 Hhol_Hho_012804-T1 Hhol_Hho_012805-T1 Hhol_Hho_012806-T1 Hhol_Hho_012807-T1 Hhol_Hho_012808-T1 Hhol_Hho_012809-T1 Hhol_Hho_016156-T1 Hhol_Hho_018782-T1 Hhol_Hho_018783-T1 Hhol_Hho_018784-T1 Hhol_Hho_020552-T1 Hhol_Hho_020553-T1 Hhol_Hho_021318-T1 Hhol_Hho_021319-T1 Hhol_Hho_021791-T1 Hhol_Hho_021819-T1 Hhol_Hho_021820-T1 Hhol_Hho_021976-T1 Hhol_Hho_021981-T1 Hhol_Hho_021986-T1 Hhol_Hho_022041-T1 Hhol_Hho_022055-T1 Hhol_Hho_022057-T1 Hhol_Hho_022058-T1 Hhol_Hho_022059-T1 Hhol_Hho_022060-T1 Hhol_Hho_022064-T1 Hhol_Hho_022066-T1 Hhol_Hho_022067-T1 Hhol_Hho_022068-T1 Hhol_Hho_022071-T1 Hhol_Hho_022076-T1 Hhol_Hho_022077-T1 Hhol_Hho_022078-T1 Hhol_Hho_022079-T1 Hhol_Hho_022080-T1 Hhol_Hho_022081-T1 Hhol_Hho_022082-T1 Rimm_Rim_025494-T1
HG_83965	OG0083964: Gmae_Gma_015495-T1 Hhol_Hho_003725-T1 Rimm_Rim_019491-T1
HG_67454	OG0067453: Gmae_Gma_018576-T1 Hhol_Hho_015294-T2 Rimm_Rim_050375-T1 Rimm_Rim_050375-T2
HG_56088	OG0056087: Gmae_Gma_006654-T1 Hhol_Hho_015968-T1 Hhol_Hho_015969-T1 Rimm_Rim_043871-T1 Rimm_Rim_043873-T1
HG_42566	OG0042565: Gmae_Gma_013448-T1 Hhol_Hho_012404-T1 Hhol_Hho_012867-T1 Hhol_Hho_018216-T1 Rimm_Rim_036756-T1 Rimm_Rim_039001-T1 Smar_SMAR000153-RA
HG_67449	OG0067448: Gmae_Gma_015337-T1 Hhol_Hho_006489-T1 Hhol_Hho_019822-T1 Rimm_Rim_004248-T1
HG_67462	OG0067461: Gmae_Gma_021914-T1 Hhol_Hho_017519-T1 Rimm_Rim_050559-T1 Smar_SMAR013264-RA
HG_83958	OG0083957: Gmae_Gma_013641-T1 Rimm_Rim_016357-T1 Smar_SMAR010642-RA
HG_67457	OG0067456: Gmae_Gma_021027-T1 Hhol_Hho_013387-T1 Hhol_Hho_013388-T1 Rimm_Rim_023357-T1
HG_56101	OG0056100: Gmae_Gma_011669-T1 Hhol_Hho_009696-T2 Rimm_Rim_051115-T1 Rimm_Rim_051115-T2 Smar_SMAR001690-RA
HG_34135	OG0034134: Gmae_Gma_020668-T1 Gmae_Gma_020669-T1 Hhol_Hho_013671-T1 Rimm_Rim_046775-T1 Rimm_Rim_046779-T1 Smar_SMAR004794-RA Smar_SMAR014327-RA Smar_SMAR015014-RA Smar_SMAR015782-RA
HG_83966	OG0083965: Gmae_Gma_016009-T1 Hhol_Hho_015462-T1 Rimm_Rim_004238-T1
HG_67447	OG0067446: Gmae_Gma_014519-T1 Hhol_Hho_003247-T1 Hhol_Hho_003247-T2 Rimm_Rim_020043-T1
