HG_48303 	Gmae	Hhol	OG00	Smar
HG_67424 	Gmae	Hhol	OG00	Rimm	Smar
HG_83969 	Gmae	Hhol	OG00	Smar
HG_83982 	Gmae	OG00	Rimm	Smar
HG_37934 	Gmae	Hhol	OG00	Rimm	Smar
HG_56048 	Gmae	OG00	Rimm	Smar
HG_56112 	Gmae	Hhol	OG00	Rimm
HG_48306 	Gmae	OG00	Rimm	Smar
HG_67376 	Gmae	OG00	Rimm	Smar
HG_31106 	Gmae	Hhol	OG00	Rimm	Smar
HG_83954 	Gmae	Hhol	OG00	Rimm
HG_83918 	Gmae	Hhol	OG00	Rimm
HG_83980 	Gmae	Hhol	OG00	Rimm
HG_56661 	Hhol	OG00	Rimm	Smar
HG_67425 	Gmae	Hhol	OG00	Rimm	Smar
HG_85661 	Hhol	OG00	Rimm	Smar
HG_56100 	Gmae	Hhol	OG00	Rimm	Smar
HG_11544 	Gmae	Hhol	OG00	Rimm
HG_83965 	Gmae	Hhol	OG00	Rimm
HG_67454 	Gmae	Hhol	OG00	Rimm
HG_56088 	Gmae	Hhol	OG00	Rimm
HG_42566 	Gmae	Hhol	OG00	Rimm	Smar
HG_67449 	Gmae	Hhol	OG00	Rimm
HG_67462 	Gmae	Hhol	OG00	Rimm	Smar
HG_83958 	Gmae	OG00	Rimm	Smar
HG_67457 	Gmae	Hhol	OG00	Rimm
HG_56101 	Gmae	Hhol	OG00	Rimm	Smar
HG_34135 	Gmae	Hhol	OG00	Rimm	Smar
HG_83966 	Gmae	Hhol	OG00	Rimm
HG_67447 	Gmae	Hhol	OG00	Rimm
